;  LST file generated by mikroListExporter - v.2.0 
; Date/Time: 10/1/2020 3:57:18 AM
;----------------------------------------------

;Address Opcode 	ASM
0x0000	0xF002EFD7  	GOTO        1454
0x0004	0x0000      	NOP
0x0006	0x0000      	NOP
0x0008	0xF000EF00  	GOTO        0
0x000C	0x0000      	NOP
0x000E	0x0000      	NOP
0x0010	0x0000      	NOP
0x0012	0x0000      	NOP
0x0014	0x0000      	NOP
0x0016	0x0000      	NOP
0x0018	0xD7F3      	BRA         0
_Delay_50us:
;__Lib_Delays.c,19 :: 		void Delay_50us() {
;__Lib_Delays.c,20 :: 		Delay_us(50);
0x001C	0x0E21      	MOVLW       33
0x001E	0x6E0D      	MOVWF       R13, 0
L_Delay_50us2:
0x0020	0x2E0D      	DECFSZ      R13, 1, 0
0x0022	0xD7FE      	BRA         L_Delay_50us2
;__Lib_Delays.c,21 :: 		}
L_end_Delay_50us:
0x0024	0x0012      	RETURN      0
; end of _Delay_50us
_Delay_5500us:
;__Lib_Delays.c,31 :: 		void Delay_5500us() {
;__Lib_Delays.c,32 :: 		Delay_us(5500);
0x0026	0x0E0F      	MOVLW       15
0x0028	0x6E0C      	MOVWF       R12, 0
0x002A	0x0E47      	MOVLW       71
0x002C	0x6E0D      	MOVWF       R13, 0
L_Delay_5500us5:
0x002E	0x2E0D      	DECFSZ      R13, 1, 0
0x0030	0xD7FE      	BRA         L_Delay_5500us5
0x0032	0x2E0C      	DECFSZ      R12, 1, 0
0x0034	0xD7FC      	BRA         L_Delay_5500us5
0x0036	0x0000      	NOP
0x0038	0x0000      	NOP
;__Lib_Delays.c,33 :: 		}
L_end_Delay_5500us:
0x003A	0x0012      	RETURN      0
; end of _Delay_5500us
_Delay_1us:
;__Lib_Delays.c,7 :: 		void Delay_1us() {
;__Lib_Delays.c,8 :: 		Delay_us(1);
0x003C	0x0000      	NOP
0x003E	0x0000      	NOP
;__Lib_Delays.c,9 :: 		}
L_end_Delay_1us:
0x0040	0x0012      	RETURN      0
; end of _Delay_1us
_Lcd_Cmd:
;__Lib_Lcd.c,18 :: 		
;__Lib_Lcd.c,20 :: 		
0x0042	0x0100      	MOVLB       0
0x0044	0xBF80      	BTFSC       FARG_Lcd_Cmd_out_char, 7, 1
0x0046	0xD002      	BRA         L__Lcd_Cmd21
0x0048	0x9682      	BCF         LCD_D7, BitPos(LCD_D7+0) 
0x004A	0xD001      	BRA         L__Lcd_Cmd22
L__Lcd_Cmd21:
0x004C	0x8682      	BSF         LCD_D7, BitPos(LCD_D7+0) 
L__Lcd_Cmd22:
;__Lib_Lcd.c,21 :: 		
0x004E	0xBD80      	BTFSC       FARG_Lcd_Cmd_out_char, 6, 1
0x0050	0xD002      	BRA         L__Lcd_Cmd23
0x0052	0x9482      	BCF         LCD_D6, BitPos(LCD_D6+0) 
0x0054	0xD001      	BRA         L__Lcd_Cmd24
L__Lcd_Cmd23:
0x0056	0x8482      	BSF         LCD_D6, BitPos(LCD_D6+0) 
L__Lcd_Cmd24:
;__Lib_Lcd.c,22 :: 		
0x0058	0xBB80      	BTFSC       FARG_Lcd_Cmd_out_char, 5, 1
0x005A	0xD002      	BRA         L__Lcd_Cmd25
0x005C	0x9282      	BCF         LCD_D5, BitPos(LCD_D5+0) 
0x005E	0xD001      	BRA         L__Lcd_Cmd26
L__Lcd_Cmd25:
0x0060	0x8282      	BSF         LCD_D5, BitPos(LCD_D5+0) 
L__Lcd_Cmd26:
;__Lib_Lcd.c,23 :: 		
0x0062	0xB980      	BTFSC       FARG_Lcd_Cmd_out_char, 4, 1
0x0064	0xD002      	BRA         L__Lcd_Cmd27
0x0066	0x9082      	BCF         LCD_D4, BitPos(LCD_D4+0) 
0x0068	0xD001      	BRA         L__Lcd_Cmd28
L__Lcd_Cmd27:
0x006A	0x8082      	BSF         LCD_D4, BitPos(LCD_D4+0) 
L__Lcd_Cmd28:
;__Lib_Lcd.c,25 :: 		
0x006C	0xB059      	BTFSC       __Lib_Lcd_cmd_status, BitPos(__Lib_Lcd_cmd_status+0) 
0x006E	0xD002      	BRA         L__Lcd_Cmd29
0x0070	0x8882      	BSF         LCD_RS, BitPos(LCD_RS+0) 
0x0072	0xD001      	BRA         L__Lcd_Cmd30
L__Lcd_Cmd29:
0x0074	0x9882      	BCF         LCD_RS, BitPos(LCD_RS+0) 
L__Lcd_Cmd30:
;__Lib_Lcd.c,28 :: 		
0x0076	0x8A82      	BSF         LCD_EN, BitPos(LCD_EN+0) 
;__Lib_Lcd.c,29 :: 		
0x0078	0xDFE1      	RCALL       _Delay_1us
;__Lib_Lcd.c,30 :: 		
0x007A	0x9A82      	BCF         LCD_EN, BitPos(LCD_EN+0) 
;__Lib_Lcd.c,33 :: 		
0x007C	0xB780      	BTFSC       FARG_Lcd_Cmd_out_char, 3, 1
0x007E	0xD002      	BRA         L__Lcd_Cmd31
0x0080	0x9682      	BCF         LCD_D7, BitPos(LCD_D7+0) 
0x0082	0xD001      	BRA         L__Lcd_Cmd32
L__Lcd_Cmd31:
0x0084	0x8682      	BSF         LCD_D7, BitPos(LCD_D7+0) 
L__Lcd_Cmd32:
;__Lib_Lcd.c,34 :: 		
0x0086	0xB580      	BTFSC       FARG_Lcd_Cmd_out_char, 2, 1
0x0088	0xD002      	BRA         L__Lcd_Cmd33
0x008A	0x9482      	BCF         LCD_D6, BitPos(LCD_D6+0) 
0x008C	0xD001      	BRA         L__Lcd_Cmd34
L__Lcd_Cmd33:
0x008E	0x8482      	BSF         LCD_D6, BitPos(LCD_D6+0) 
L__Lcd_Cmd34:
;__Lib_Lcd.c,35 :: 		
0x0090	0xB380      	BTFSC       FARG_Lcd_Cmd_out_char, 1, 1
0x0092	0xD002      	BRA         L__Lcd_Cmd35
0x0094	0x9282      	BCF         LCD_D5, BitPos(LCD_D5+0) 
0x0096	0xD001      	BRA         L__Lcd_Cmd36
L__Lcd_Cmd35:
0x0098	0x8282      	BSF         LCD_D5, BitPos(LCD_D5+0) 
L__Lcd_Cmd36:
;__Lib_Lcd.c,36 :: 		
0x009A	0xB180      	BTFSC       FARG_Lcd_Cmd_out_char, 0, 1
0x009C	0xD002      	BRA         L__Lcd_Cmd37
0x009E	0x9082      	BCF         LCD_D4, BitPos(LCD_D4+0) 
0x00A0	0xD001      	BRA         L__Lcd_Cmd38
L__Lcd_Cmd37:
0x00A2	0x8082      	BSF         LCD_D4, BitPos(LCD_D4+0) 
L__Lcd_Cmd38:
;__Lib_Lcd.c,38 :: 		
0x00A4	0xB059      	BTFSC       __Lib_Lcd_cmd_status, BitPos(__Lib_Lcd_cmd_status+0) 
0x00A6	0xD002      	BRA         L__Lcd_Cmd39
0x00A8	0x8882      	BSF         LCD_RS, BitPos(LCD_RS+0) 
0x00AA	0xD001      	BRA         L__Lcd_Cmd40
L__Lcd_Cmd39:
0x00AC	0x9882      	BCF         LCD_RS, BitPos(LCD_RS+0) 
L__Lcd_Cmd40:
;__Lib_Lcd.c,40 :: 		
0x00AE	0x8A82      	BSF         LCD_EN, BitPos(LCD_EN+0) 
;__Lib_Lcd.c,41 :: 		
0x00B0	0xDFC5      	RCALL       _Delay_1us
;__Lib_Lcd.c,42 :: 		
0x00B2	0x9A82      	BCF         LCD_EN, BitPos(LCD_EN+0) 
;__Lib_Lcd.c,44 :: 		
0x00B4	0xA059      	BTFSS       __Lib_Lcd_cmd_status, BitPos(__Lib_Lcd_cmd_status+0) 
0x00B6	0xD002      	BRA         L_Lcd_Cmd0
;__Lib_Lcd.c,45 :: 		
0x00B8	0xDFB6      	RCALL       _Delay_5500us
0x00BA	0xD001      	BRA         L_Lcd_Cmd1
L_Lcd_Cmd0:
;__Lib_Lcd.c,47 :: 		
0x00BC	0xDFAF      	RCALL       _Delay_50us
L_Lcd_Cmd1:
;__Lib_Lcd.c,48 :: 		
L_end_Lcd_Cmd:
0x00BE	0x0012      	RETURN      0
; end of _Lcd_Cmd
_strchr:
;__Lib_CString.c,102 :: 		
;__Lib_CString.c,103 :: 		
L_strchr26:
;__Lib_CString.c,104 :: 		
0x00C0	0xFFE9C07B  	MOVFF       FARG_strchr_ptr, FSR0L
0x00C4	0xFFEAC07C  	MOVFF       FARG_strchr_ptr+1, FSR0H
0x00C8	0x50EE      	MOVF        POSTINC0, 0 
0x00CA	0x187D      	XORWF       FARG_strchr_chr, 0 
0x00CC	0xE105      	BNZ         L_strchr29
;__Lib_CString.c,105 :: 		
0x00CE	0xF000C07B  	MOVFF       FARG_strchr_ptr, R0
0x00D2	0xF001C07C  	MOVFF       FARG_strchr_ptr+1, R1
0x00D6	0xD010      	BRA         L_end_strchr
L_strchr29:
;__Lib_CString.c,106 :: 		
0x00D8	0xF000C07B  	MOVFF       FARG_strchr_ptr, R0
0x00DC	0xF001C07C  	MOVFF       FARG_strchr_ptr+1, R1
0x00E0	0x4A7B      	INFSNZ      FARG_strchr_ptr, 1 
0x00E2	0x2A7C      	INCF        FARG_strchr_ptr+1, 1 
0x00E4	0xFFE9C000  	MOVFF       R0, FSR0L
0x00E8	0xFFEAC001  	MOVFF       R1, FSR0H
0x00EC	0xF000CFEE  	MOVFF       POSTINC0, R0
0x00F0	0x5200      	MOVF        R0, 1 
0x00F2	0xE1E6      	BNZ         L_strchr26
;__Lib_CString.c,108 :: 		
0x00F4	0x6A00      	CLRF        R0 
0x00F6	0x6A01      	CLRF        R1 
;__Lib_CString.c,109 :: 		
L_end_strchr:
0x00F8	0x0012      	RETURN      0
; end of _strchr
_strncmp:
;__Lib_CString.c,219 :: 		
;__Lib_CString.c,221 :: 		
L_strncmp58:
0x00FA	0xF000C07F  	MOVFF       FARG_strncmp_len, R0
0x00FE	0x067F      	DECF        FARG_strncmp_len, 1 
0x0100	0x5200      	MOVF        R0, 1 
0x0102	0xE027      	BZ          L_strncmp59
;__Lib_CString.c,222 :: 		
0x0104	0xFFE9C07B  	MOVFF       FARG_strncmp_s1, FSR0L
0x0108	0xFFEAC07C  	MOVFF       FARG_strncmp_s1+1, FSR0H
0x010C	0x50EE      	MOVF        POSTINC0, 0 
0x010E	0x0A00      	XORLW       0
0x0110	0xE00C      	BZ          L__strncmp86
0x0112	0xFFE9C07B  	MOVFF       FARG_strncmp_s1, FSR0L
0x0116	0xFFEAC07C  	MOVFF       FARG_strncmp_s1+1, FSR0H
0x011A	0xFFD9C07D  	MOVFF       FARG_strncmp_s2, FSR2L
0x011E	0xFFDAC07E  	MOVFF       FARG_strncmp_s2+1, FSR2H
0x0122	0x50EE      	MOVF        POSTINC0, 0 
0x0124	0x18DE      	XORWF       POSTINC2, 0 
0x0126	0xE101      	BNZ         L__strncmp86
0x0128	0xD00F      	BRA         L_strncmp62
L__strncmp86:
;__Lib_CString.c,223 :: 		
0x012A	0xFFE9C07B  	MOVFF       FARG_strncmp_s1, FSR0L
0x012E	0xFFEAC07C  	MOVFF       FARG_strncmp_s1+1, FSR0H
0x0132	0xFFD9C07D  	MOVFF       FARG_strncmp_s2, FSR2L
0x0136	0xFFDAC07E  	MOVFF       FARG_strncmp_s2+1, FSR2H
0x013A	0x50DE      	MOVF        POSTINC2, 0 
0x013C	0x5CEE      	SUBWF       POSTINC0, 0 
0x013E	0x6E00      	MOVWF       R0 
0x0140	0x6A01      	CLRF        R1 
0x0142	0x0E00      	MOVLW       0
0x0144	0x5A01      	SUBWFB      R1, 1 
0x0146	0xD007      	BRA         L_end_strncmp
L_strncmp62:
;__Lib_CString.c,224 :: 		
0x0148	0x4A7B      	INFSNZ      FARG_strncmp_s1, 1 
0x014A	0x2A7C      	INCF        FARG_strncmp_s1+1, 1 
;__Lib_CString.c,225 :: 		
0x014C	0x4A7D      	INFSNZ      FARG_strncmp_s2, 1 
0x014E	0x2A7E      	INCF        FARG_strncmp_s2+1, 1 
;__Lib_CString.c,226 :: 		
0x0150	0xD7D4      	BRA         L_strncmp58
L_strncmp59:
;__Lib_CString.c,227 :: 		
0x0152	0x6A00      	CLRF        R0 
0x0154	0x6A01      	CLRF        R1 
;__Lib_CString.c,228 :: 		
L_end_strncmp:
0x0156	0x0012      	RETURN      0
; end of _strncmp
_Lcd_Chr_CP:
;__Lib_Lcd.c,50 :: 		
;__Lib_Lcd.c,52 :: 		
0x0158	0x9059      	BCF         __Lib_Lcd_cmd_status, BitPos(__Lib_Lcd_cmd_status+0) 
;__Lib_Lcd.c,53 :: 		
0x015A	0xF080C07B  	MOVFF       FARG_Lcd_Chr_CP_out_char, FARG_Lcd_Cmd_out_char
0x015E	0xDF71      	RCALL       _Lcd_Cmd
;__Lib_Lcd.c,54 :: 		
0x0160	0x8059      	BSF         __Lib_Lcd_cmd_status, BitPos(__Lib_Lcd_cmd_status+0) 
;__Lib_Lcd.c,55 :: 		
L_end_Lcd_Chr_CP:
0x0162	0x0012      	RETURN      0
; end of _Lcd_Chr_CP
_strlen:
;__Lib_CString.c,136 :: 		
;__Lib_CString.c,139 :: 		
0x0164	0xF002C07B  	MOVFF       FARG_strlen_s, R2
0x0168	0xF003C07C  	MOVFF       FARG_strlen_s+1, R3
;__Lib_CString.c,140 :: 		
L_strlen36:
0x016C	0xF000C002  	MOVFF       R2, R0
0x0170	0xF001C003  	MOVFF       R3, R1
0x0174	0x4A02      	INFSNZ      R2, 1 
0x0176	0x2A03      	INCF        R3, 1 
0x0178	0xFFE9C000  	MOVFF       R0, FSR0L
0x017C	0xFFEAC001  	MOVFF       R1, FSR0H
0x0180	0x52EE      	MOVF        POSTINC0, 1 
0x0182	0xE001      	BZ          L_strlen37
;__Lib_CString.c,141 :: 		
0x0184	0xD7F3      	BRA         L_strlen36
L_strlen37:
;__Lib_CString.c,142 :: 		
0x0186	0x507B      	MOVF        FARG_strlen_s, 0 
0x0188	0x5C02      	SUBWF       R2, 0 
0x018A	0x6E00      	MOVWF       R0 
0x018C	0x507C      	MOVF        FARG_strlen_s+1, 0 
0x018E	0x5803      	SUBWFB      R3, 0 
0x0190	0x6E01      	MOVWF       R1 
0x0192	0x0E01      	MOVLW       1
0x0194	0x5E00      	SUBWF       R0, 1 
0x0196	0x0E00      	MOVLW       0
0x0198	0x5A01      	SUBWFB      R1, 1 
;__Lib_CString.c,143 :: 		
L_end_strlen:
0x019A	0x0012      	RETURN      0
; end of _strlen
_Lcd_Init:
;__Lib_Lcd.c,84 :: 		
;__Lib_Lcd.c,86 :: 		
0x019C	0x9A94      	BCF         LCD_EN_Direction, BitPos(LCD_EN_Direction+0) 
;__Lib_Lcd.c,87 :: 		
0x019E	0x9894      	BCF         LCD_RS_Direction, BitPos(LCD_RS_Direction+0) 
;__Lib_Lcd.c,88 :: 		
0x01A0	0x9094      	BCF         LCD_D4_Direction, BitPos(LCD_D4_Direction+0) 
;__Lib_Lcd.c,89 :: 		
0x01A2	0x9294      	BCF         LCD_D5_Direction, BitPos(LCD_D5_Direction+0) 
;__Lib_Lcd.c,90 :: 		
0x01A4	0x9494      	BCF         LCD_D6_Direction, BitPos(LCD_D6_Direction+0) 
;__Lib_Lcd.c,91 :: 		
0x01A6	0x9694      	BCF         LCD_D7_Direction, BitPos(LCD_D7_Direction+0) 
;__Lib_Lcd.c,93 :: 		
0x01A8	0x9A82      	BCF         LCD_EN, BitPos(LCD_EN+0) 
;__Lib_Lcd.c,94 :: 		
0x01AA	0x9882      	BCF         LCD_RS, BitPos(LCD_RS+0) 
;__Lib_Lcd.c,95 :: 		
0x01AC	0x9682      	BCF         LCD_D7, BitPos(LCD_D7+0) 
;__Lib_Lcd.c,96 :: 		
0x01AE	0x9482      	BCF         LCD_D6, BitPos(LCD_D6+0) 
;__Lib_Lcd.c,97 :: 		
0x01B0	0x9282      	BCF         LCD_D5, BitPos(LCD_D5+0) 
;__Lib_Lcd.c,98 :: 		
0x01B2	0x9082      	BCF         LCD_D4, BitPos(LCD_D4+0) 
;__Lib_Lcd.c,100 :: 		
0x01B4	0xDF38      	RCALL       _Delay_5500us
;__Lib_Lcd.c,101 :: 		
0x01B6	0xDF37      	RCALL       _Delay_5500us
;__Lib_Lcd.c,102 :: 		
0x01B8	0xDF36      	RCALL       _Delay_5500us
;__Lib_Lcd.c,105 :: 		
0x01BA	0x8282      	BSF         LCD_D5, BitPos(LCD_D5+0) 
;__Lib_Lcd.c,106 :: 		
0x01BC	0x8082      	BSF         LCD_D4, BitPos(LCD_D4+0) 
;__Lib_Lcd.c,107 :: 		
0x01BE	0x8A82      	BSF         LCD_EN, BitPos(LCD_EN+0) 
;__Lib_Lcd.c,108 :: 		
0x01C0	0xDF3D      	RCALL       _Delay_1us
;__Lib_Lcd.c,109 :: 		
0x01C2	0x9A82      	BCF         LCD_EN, BitPos(LCD_EN+0) 
;__Lib_Lcd.c,110 :: 		
0x01C4	0xDF30      	RCALL       _Delay_5500us
;__Lib_Lcd.c,112 :: 		
0x01C6	0x8A82      	BSF         LCD_EN, BitPos(LCD_EN+0) 
;__Lib_Lcd.c,113 :: 		
0x01C8	0xDF39      	RCALL       _Delay_1us
;__Lib_Lcd.c,114 :: 		
0x01CA	0x9A82      	BCF         LCD_EN, BitPos(LCD_EN+0) 
;__Lib_Lcd.c,115 :: 		
0x01CC	0xDF2C      	RCALL       _Delay_5500us
;__Lib_Lcd.c,117 :: 		
0x01CE	0x8A82      	BSF         LCD_EN, BitPos(LCD_EN+0) 
;__Lib_Lcd.c,118 :: 		
0x01D0	0xDF35      	RCALL       _Delay_1us
;__Lib_Lcd.c,119 :: 		
0x01D2	0x9A82      	BCF         LCD_EN, BitPos(LCD_EN+0) 
;__Lib_Lcd.c,120 :: 		
0x01D4	0xDF28      	RCALL       _Delay_5500us
;__Lib_Lcd.c,123 :: 		
0x01D6	0x9082      	BCF         LCD_D4, BitPos(LCD_D4+0) 
;__Lib_Lcd.c,124 :: 		
0x01D8	0x8A82      	BSF         LCD_EN, BitPos(LCD_EN+0) 
;__Lib_Lcd.c,125 :: 		
0x01DA	0xDF30      	RCALL       _Delay_1us
;__Lib_Lcd.c,126 :: 		
0x01DC	0x9A82      	BCF         LCD_EN, BitPos(LCD_EN+0) 
;__Lib_Lcd.c,127 :: 		
0x01DE	0xDF23      	RCALL       _Delay_5500us
;__Lib_Lcd.c,130 :: 		
0x01E0	0x8A82      	BSF         LCD_EN, BitPos(LCD_EN+0) 
;__Lib_Lcd.c,131 :: 		
0x01E2	0xDF2C      	RCALL       _Delay_1us
;__Lib_Lcd.c,132 :: 		
0x01E4	0x9A82      	BCF         LCD_EN, BitPos(LCD_EN+0) 
;__Lib_Lcd.c,134 :: 		
0x01E6	0x9282      	BCF         LCD_D5, BitPos(LCD_D5+0) 
;__Lib_Lcd.c,135 :: 		
0x01E8	0x8682      	BSF         LCD_D7, BitPos(LCD_D7+0) 
;__Lib_Lcd.c,136 :: 		
0x01EA	0x8A82      	BSF         LCD_EN, BitPos(LCD_EN+0) 
;__Lib_Lcd.c,137 :: 		
0x01EC	0xDF27      	RCALL       _Delay_1us
;__Lib_Lcd.c,138 :: 		
0x01EE	0x9A82      	BCF         LCD_EN, BitPos(LCD_EN+0) 
;__Lib_Lcd.c,139 :: 		
0x01F0	0xDF1A      	RCALL       _Delay_5500us
;__Lib_Lcd.c,142 :: 		
0x01F2	0x9682      	BCF         LCD_D7, BitPos(LCD_D7+0) 
;__Lib_Lcd.c,143 :: 		
0x01F4	0x8082      	BSF         LCD_D4, BitPos(LCD_D4+0) 
;__Lib_Lcd.c,144 :: 		
0x01F6	0x8A82      	BSF         LCD_EN, BitPos(LCD_EN+0) 
;__Lib_Lcd.c,145 :: 		
0x01F8	0xDF21      	RCALL       _Delay_1us
;__Lib_Lcd.c,146 :: 		
0x01FA	0x9A82      	BCF         LCD_EN, BitPos(LCD_EN+0) 
;__Lib_Lcd.c,148 :: 		
0x01FC	0x9082      	BCF         LCD_D4, BitPos(LCD_D4+0) 
;__Lib_Lcd.c,149 :: 		
0x01FE	0x8A82      	BSF         LCD_EN, BitPos(LCD_EN+0) 
;__Lib_Lcd.c,150 :: 		
0x0200	0xDF1D      	RCALL       _Delay_1us
;__Lib_Lcd.c,151 :: 		
0x0202	0x9A82      	BCF         LCD_EN, BitPos(LCD_EN+0) 
;__Lib_Lcd.c,152 :: 		
0x0204	0xDF10      	RCALL       _Delay_5500us
;__Lib_Lcd.c,155 :: 		
0x0206	0x8A82      	BSF         LCD_EN, BitPos(LCD_EN+0) 
;__Lib_Lcd.c,156 :: 		
0x0208	0xDF19      	RCALL       _Delay_1us
;__Lib_Lcd.c,157 :: 		
0x020A	0x9A82      	BCF         LCD_EN, BitPos(LCD_EN+0) 
;__Lib_Lcd.c,159 :: 		
0x020C	0x8082      	BSF         LCD_D4, BitPos(LCD_D4+0) 
;__Lib_Lcd.c,160 :: 		
0x020E	0x8A82      	BSF         LCD_EN, BitPos(LCD_EN+0) 
;__Lib_Lcd.c,161 :: 		
0x0210	0xDF15      	RCALL       _Delay_1us
;__Lib_Lcd.c,162 :: 		
0x0212	0x9A82      	BCF         LCD_EN, BitPos(LCD_EN+0) 
;__Lib_Lcd.c,163 :: 		
0x0214	0xDF08      	RCALL       _Delay_5500us
;__Lib_Lcd.c,166 :: 		
0x0216	0x9082      	BCF         LCD_D4, BitPos(LCD_D4+0) 
;__Lib_Lcd.c,167 :: 		
0x0218	0x8A82      	BSF         LCD_EN, BitPos(LCD_EN+0) 
;__Lib_Lcd.c,168 :: 		
0x021A	0xDF10      	RCALL       _Delay_1us
;__Lib_Lcd.c,169 :: 		
0x021C	0x9A82      	BCF         LCD_EN, BitPos(LCD_EN+0) 
;__Lib_Lcd.c,171 :: 		
0x021E	0x8682      	BSF         LCD_D7, BitPos(LCD_D7+0) 
;__Lib_Lcd.c,172 :: 		
0x0220	0x8482      	BSF         LCD_D6, BitPos(LCD_D6+0) 
;__Lib_Lcd.c,173 :: 		
0x0222	0x8282      	BSF         LCD_D5, BitPos(LCD_D5+0) 
;__Lib_Lcd.c,174 :: 		
0x0224	0x8082      	BSF         LCD_D4, BitPos(LCD_D4+0) 
;__Lib_Lcd.c,175 :: 		
0x0226	0x8A82      	BSF         LCD_EN, BitPos(LCD_EN+0) 
;__Lib_Lcd.c,176 :: 		
0x0228	0xDF09      	RCALL       _Delay_1us
;__Lib_Lcd.c,177 :: 		
0x022A	0x9A82      	BCF         LCD_EN, BitPos(LCD_EN+0) 
;__Lib_Lcd.c,179 :: 		
0x022C	0xDEFC      	RCALL       _Delay_5500us
;__Lib_Lcd.c,181 :: 		
0x022E	0x8059      	BSF         __Lib_Lcd_cmd_status, BitPos(__Lib_Lcd_cmd_status+0) 
;__Lib_Lcd.c,182 :: 		
L_end_Lcd_Init:
0x0230	0x0012      	RETURN      0
; end of _Lcd_Init
_UART1_Read:
;__Lib_UART_c67.c,39 :: 		
;__Lib_UART_c67.c,42 :: 		
0x0232	0xF001CFAE  	MOVFF       RCREG, R1
;__Lib_UART_c67.c,43 :: 		
0x0236	0xA2AB      	BTFSS       RCSTA, 1 
0x0238	0xD002      	BRA         L_UART1_Read2
;__Lib_UART_c67.c,44 :: 		
0x023A	0x98AB      	BCF         RCSTA, 4 
;__Lib_UART_c67.c,45 :: 		
0x023C	0x88AB      	BSF         RCSTA, 4 
;__Lib_UART_c67.c,46 :: 		
L_UART1_Read2:
;__Lib_UART_c67.c,47 :: 		
0x023E	0xF000C001  	MOVFF       R1, R0
;__Lib_UART_c67.c,48 :: 		
L_end_UART1_Read:
0x0242	0x0012      	RETURN      0
; end of _UART1_Read
_strncpy:
;__Lib_CString.c,166 :: 		
;__Lib_CString.c,169 :: 		
0x0244	0xF004C075  	MOVFF       FARG_strncpy_to, R4
0x0248	0xF005C076  	MOVFF       FARG_strncpy_to+1, R5
;__Lib_CString.c,170 :: 		
L_strncpy45:
0x024C	0x5079      	MOVF        FARG_strncpy_size, 0 
0x024E	0x107A      	IORWF       FARG_strncpy_size+1, 0 
0x0250	0xE024      	BZ          L_strncpy46
;__Lib_CString.c,171 :: 		
0x0252	0x0E01      	MOVLW       1
0x0254	0x5E79      	SUBWF       FARG_strncpy_size, 1 
0x0256	0x0E00      	MOVLW       0
0x0258	0x5A7A      	SUBWFB      FARG_strncpy_size+1, 1 
;__Lib_CString.c,173 :: 		
0x025A	0xF002C004  	MOVFF       R4, R2
0x025E	0xF003C005  	MOVFF       R5, R3
0x0262	0x4A04      	INFSNZ      R4, 1 
0x0264	0x2A05      	INCF        R5, 1 
0x0266	0xF000C077  	MOVFF       FARG_strncpy_from, R0
0x026A	0xF001C078  	MOVFF       FARG_strncpy_from+1, R1
0x026E	0x4A77      	INFSNZ      FARG_strncpy_from, 1 
0x0270	0x2A78      	INCF        FARG_strncpy_from+1, 1 
0x0272	0xFFE9C000  	MOVFF       R0, FSR0L
0x0276	0xFFEAC001  	MOVFF       R1, FSR0H
0x027A	0xFFE1C002  	MOVFF       R2, FSR1L
0x027E	0xFFE2C003  	MOVFF       R3, FSR1H
0x0282	0xFFE6CFEE  	MOVFF       POSTINC0, POSTINC1
0x0286	0xFFE9C002  	MOVFF       R2, FSR0L
0x028A	0xFFEAC003  	MOVFF       R3, FSR0H
0x028E	0xF000CFEE  	MOVFF       POSTINC0, R0
0x0292	0x5200      	MOVF        R0, 1 
0x0294	0xE101      	BNZ         L_strncpy47
;__Lib_CString.c,174 :: 		
0x0296	0xD001      	BRA         L_strncpy46
L_strncpy47:
;__Lib_CString.c,175 :: 		
0x0298	0xD7D9      	BRA         L_strncpy45
L_strncpy46:
;__Lib_CString.c,176 :: 		
L_strncpy48:
0x029A	0xF000C079  	MOVFF       FARG_strncpy_size, R0
0x029E	0xF001C07A  	MOVFF       FARG_strncpy_size+1, R1
0x02A2	0x0E01      	MOVLW       1
0x02A4	0x5E79      	SUBWF       FARG_strncpy_size, 1 
0x02A6	0x0E00      	MOVLW       0
0x02A8	0x5A7A      	SUBWFB      FARG_strncpy_size+1, 1 
0x02AA	0x5000      	MOVF        R0, 0 
0x02AC	0x1001      	IORWF       R1, 0 
0x02AE	0xE008      	BZ          L_strncpy49
;__Lib_CString.c,177 :: 		
0x02B0	0xFFE1C004  	MOVFF       R4, FSR1L
0x02B4	0xFFE2C005  	MOVFF       R5, FSR1H
0x02B8	0x6AE6      	CLRF        POSTINC1 
0x02BA	0x4A04      	INFSNZ      R4, 1 
0x02BC	0x2A05      	INCF        R5, 1 
0x02BE	0xD7ED      	BRA         L_strncpy48
L_strncpy49:
;__Lib_CString.c,179 :: 		
0x02C0	0xF000C075  	MOVFF       FARG_strncpy_to, R0
0x02C4	0xF001C076  	MOVFF       FARG_strncpy_to+1, R1
;__Lib_CString.c,180 :: 		
L_end_strncpy:
0x02C8	0x0012      	RETURN      0
; end of _strncpy
_UART1_Init:
;__Lib_UART_c67.c,15 :: 		
;__Lib_UART_c67.c,18 :: 		
0x02CA	0x0EFF      	MOVLW       _UART1_Write
0x02CC	0x6E47      	MOVWF       _UART_Wr_Ptr 
0x02CE	0x0EFF      	MOVLW       hi_addr(_UART1_Write)
0x02D0	0x6E48      	MOVWF       _UART_Wr_Ptr+1 
0x02D2	0x0EFF      	MOVLW       FARG_UART1_Write_data_
0x02D4	0x6E49      	MOVWF       _UART_Wr_Ptr+2 
0x02D6	0x0EFF      	MOVLW       hi_addr(FARG_UART1_Write_data_)
0x02D8	0x6E4A      	MOVWF       _UART_Wr_Ptr+3 
;__Lib_UART_c67.c,19 :: 		
0x02DA	0x0E32      	MOVLW       _UART1_Read
0x02DC	0x6E43      	MOVWF       _UART_Rd_Ptr 
0x02DE	0x0E02      	MOVLW       hi_addr(_UART1_Read)
0x02E0	0x6E44      	MOVWF       _UART_Rd_Ptr+1 
0x02E2	0x0E00      	MOVLW       0
0x02E4	0x6E45      	MOVWF       _UART_Rd_Ptr+2 
0x02E6	0x0E00      	MOVLW       0
0x02E8	0x6E46      	MOVWF       _UART_Rd_Ptr+3 
;__Lib_UART_c67.c,20 :: 		
0x02EA	0x0EBE      	MOVLW       _UART1_Data_Ready
0x02EC	0x6E3F      	MOVWF       _UART_Rdy_Ptr 
0x02EE	0x0E03      	MOVLW       hi_addr(_UART1_Data_Ready)
0x02F0	0x6E40      	MOVWF       _UART_Rdy_Ptr+1 
0x02F2	0x0E00      	MOVLW       0
0x02F4	0x6E41      	MOVWF       _UART_Rdy_Ptr+2 
0x02F6	0x0E00      	MOVLW       0
0x02F8	0x6E42      	MOVWF       _UART_Rdy_Ptr+3 
;__Lib_UART_c67.c,21 :: 		
0x02FA	0x0EFF      	MOVLW       _UART1_Tx_Idle
0x02FC	0x6E4B      	MOVWF       _UART_Tx_Idle_Ptr 
0x02FE	0x0EFF      	MOVLW       hi_addr(_UART1_Tx_Idle)
0x0300	0x6E4C      	MOVWF       _UART_Tx_Idle_Ptr+1 
0x0302	0x0E00      	MOVLW       0
0x0304	0x6E4D      	MOVWF       _UART_Tx_Idle_Ptr+2 
0x0306	0x0E00      	MOVLW       0
0x0308	0x6E4E      	MOVWF       _UART_Tx_Idle_Ptr+3 
;__Lib_UART_c67.c,23 :: 		
0x030A	0x8AAC      	BSF         TXSTA, 5 
;__Lib_UART_c67.c,24 :: 		
0x030C	0x0E90      	MOVLW       144
0x030E	0x6EAB      	MOVWF       RCSTA 
;__Lib_UART_c67.c,25 :: 		
0x0310	0x8E94      	BSF         TRISC7_bit, BitPos(TRISC7_bit+0) 
;__Lib_UART_c67.c,26 :: 		
0x0312	0x9C94      	BCF         TRISC6_bit, BitPos(TRISC6_bit+0) 
;__Lib_UART_c67.c,28 :: 		
L_UART1_Init0:
0x0314	0xAA9E      	BTFSS       PIR1, 5 
0x0316	0xD003      	BRA         L_UART1_Init1
;__Lib_UART_c67.c,29 :: 		
0x0318	0xF000CFAE  	MOVFF       RCREG, R0
0x031C	0xD7FB      	BRA         L_UART1_Init0
L_UART1_Init1:
;__Lib_UART_c67.c,30 :: 		
L_end_UART1_Init:
0x031E	0x0012      	RETURN      0
; end of _UART1_Init
_ADC_Init:
;__Lib_ADC_A_D.c,13 :: 		
;__Lib_ADC_A_D.c,14 :: 		
0x0320	0x0EFF      	MOVLW       _ADC_Get_Sample
0x0322	0x6E5A      	MOVWF       _ADC_Get_Sample_Ptr 
0x0324	0x0EFF      	MOVLW       hi_addr(_ADC_Get_Sample)
0x0326	0x6E5B      	MOVWF       _ADC_Get_Sample_Ptr+1 
0x0328	0x0EFF      	MOVLW       FARG_ADC_Get_Sample_channel
0x032A	0x6E5C      	MOVWF       _ADC_Get_Sample_Ptr+2 
0x032C	0x0EFF      	MOVLW       hi_addr(FARG_ADC_Get_Sample_channel)
0x032E	0x6E5D      	MOVWF       _ADC_Get_Sample_Ptr+3 
;__Lib_ADC_A_D.c,16 :: 		
0x0330	0x6AC2      	CLRF        ADCON0 
;__Lib_ADC_A_D.c,17 :: 		
0x0332	0x1C21      	COMF        _vref_mask, 0 
0x0334	0x6E00      	MOVWF       R0 
0x0336	0x5000      	MOVF        R0, 0 
0x0338	0x16C1      	ANDWF       ADCON1, 1 
;__Lib_ADC_A_D.c,18 :: 		
0x033A	0x0E07      	MOVLW       7
0x033C	0x12C0      	IORWF       ADCON2, 1 
;__Lib_ADC_A_D.c,19 :: 		
0x033E	0x8EC0      	BSF         ADCON2, 7 
;__Lib_ADC_A_D.c,20 :: 		
0x0340	0x80C2      	BSF         ADCON0, 0 
;__Lib_ADC_A_D.c,21 :: 		
L_end_ADC_Init:
0x0342	0x0012      	RETURN      0
; end of _ADC_Init
_Lcd_Out:
;__Lib_Lcd.c,184 :: 		
;__Lib_Lcd.c,187 :: 		
0x0344	0xD00F      	BRA         L_Lcd_Out11
;__Lib_Lcd.c,188 :: 		
L_Lcd_Out13:
0x0346	0x0E80      	MOVLW       128
0x0348	0x6E75      	MOVWF       FARG_Lcd_Out_row 
0x034A	0xD019      	BRA         L_Lcd_Out12
;__Lib_Lcd.c,189 :: 		
L_Lcd_Out14:
0x034C	0x0EC0      	MOVLW       192
0x034E	0x6E75      	MOVWF       FARG_Lcd_Out_row 
0x0350	0xD016      	BRA         L_Lcd_Out12
;__Lib_Lcd.c,190 :: 		
L_Lcd_Out15:
0x0352	0x0E94      	MOVLW       148
0x0354	0x6E75      	MOVWF       FARG_Lcd_Out_row 
0x0356	0xD013      	BRA         L_Lcd_Out12
;__Lib_Lcd.c,191 :: 		
L_Lcd_Out16:
0x0358	0x0ED4      	MOVLW       212
0x035A	0x6E75      	MOVWF       FARG_Lcd_Out_row 
0x035C	0xD010      	BRA         L_Lcd_Out12
;__Lib_Lcd.c,192 :: 		
L_Lcd_Out17:
0x035E	0x0E80      	MOVLW       128
0x0360	0x6E75      	MOVWF       FARG_Lcd_Out_row 
;__Lib_Lcd.c,193 :: 		
0x0362	0xD00D      	BRA         L_Lcd_Out12
L_Lcd_Out11:
0x0364	0x5075      	MOVF        FARG_Lcd_Out_row, 0 
0x0366	0x0A01      	XORLW       1
0x0368	0xE0EE      	BZ          L_Lcd_Out13
0x036A	0x5075      	MOVF        FARG_Lcd_Out_row, 0 
0x036C	0x0A02      	XORLW       2
0x036E	0xE0EE      	BZ          L_Lcd_Out14
0x0370	0x5075      	MOVF        FARG_Lcd_Out_row, 0 
0x0372	0x0A03      	XORLW       3
0x0374	0xE0EE      	BZ          L_Lcd_Out15
0x0376	0x5075      	MOVF        FARG_Lcd_Out_row, 0 
0x0378	0x0A04      	XORLW       4
0x037A	0xE0EE      	BZ          L_Lcd_Out16
0x037C	0xD7F0      	BRA         L_Lcd_Out17
L_Lcd_Out12:
;__Lib_Lcd.c,194 :: 		
0x037E	0x0476      	DECF        FARG_Lcd_Out_column, 0 
0x0380	0x6E00      	MOVWF       R0 
0x0382	0x5075      	MOVF        FARG_Lcd_Out_row, 0 
0x0384	0x2600      	ADDWF       R0, 1 
0x0386	0xF075C000  	MOVFF       R0, FARG_Lcd_Out_row
;__Lib_Lcd.c,196 :: 		
0x038A	0xF080C000  	MOVFF       R0, FARG_Lcd_Cmd_out_char
0x038E	0xDE59      	RCALL       _Lcd_Cmd
;__Lib_Lcd.c,197 :: 		
0x0390	0x9059      	BCF         __Lib_Lcd_cmd_status, BitPos(__Lib_Lcd_cmd_status+0) 
;__Lib_Lcd.c,198 :: 		
0x0392	0x6A79      	CLRF        Lcd_Out_i_L0 
;__Lib_Lcd.c,199 :: 		
L_Lcd_Out18:
0x0394	0x5079      	MOVF        Lcd_Out_i_L0, 0 
0x0396	0x2477      	ADDWF       FARG_Lcd_Out_text, 0 
0x0398	0x6EE9      	MOVWF       FSR0L 
0x039A	0x0E00      	MOVLW       0
0x039C	0x2078      	ADDWFC      FARG_Lcd_Out_text+1, 0 
0x039E	0x6EEA      	MOVWF       FSR0H 
0x03A0	0x52EE      	MOVF        POSTINC0, 1 
0x03A2	0xE00B      	BZ          L_Lcd_Out19
;__Lib_Lcd.c,200 :: 		
0x03A4	0x5079      	MOVF        Lcd_Out_i_L0, 0 
0x03A6	0x2477      	ADDWF       FARG_Lcd_Out_text, 0 
0x03A8	0x6EE9      	MOVWF       FSR0L 
0x03AA	0x0E00      	MOVLW       0
0x03AC	0x2078      	ADDWFC      FARG_Lcd_Out_text+1, 0 
0x03AE	0x6EEA      	MOVWF       FSR0H 
0x03B0	0xF07BCFEE  	MOVFF       POSTINC0, FARG_Lcd_Chr_CP_out_char
0x03B4	0xDED1      	RCALL       _Lcd_Chr_CP
0x03B6	0x2A79      	INCF        Lcd_Out_i_L0, 1 
0x03B8	0xD7ED      	BRA         L_Lcd_Out18
L_Lcd_Out19:
;__Lib_Lcd.c,201 :: 		
0x03BA	0x8059      	BSF         __Lib_Lcd_cmd_status, BitPos(__Lib_Lcd_cmd_status+0) 
;__Lib_Lcd.c,202 :: 		
L_end_Lcd_Out:
0x03BC	0x0012      	RETURN      0
; end of _Lcd_Out
_UART1_Data_Ready:
;__Lib_UART_c67.c,34 :: 		
;__Lib_UART_c67.c,35 :: 		
0x03BE	0x0E00      	MOVLW       0
0x03C0	0xBA9E      	BTFSC       PIR1, 5 
0x03C2	0x0E01      	MOVLW       1
0x03C4	0x6E00      	MOVWF       R0 
;__Lib_UART_c67.c,36 :: 		
L_end_UART1_Data_Ready:
0x03C6	0x0012      	RETURN      0
; end of _UART1_Data_Ready
_strstr:
;__Lib_CString.c,273 :: 		
;__Lib_CString.c,274 :: 		
L_strstr70:
0x03C8	0x0E00      	MOVLW       0
0x03CA	0x1876      	XORWF       FARG_strstr_s1+1, 0 
0x03CC	0xE102      	BNZ         L__strstr113
0x03CE	0x0E00      	MOVLW       0
0x03D0	0x1875      	XORWF       FARG_strstr_s1, 0 
L__strstr113:
0x03D2	0xE033      	BZ          L_strstr71
0x03D4	0xFFE9C075  	MOVFF       FARG_strstr_s1, FSR0L
0x03D8	0xFFEAC076  	MOVFF       FARG_strstr_s1+1, FSR0H
0x03DC	0x52EE      	MOVF        POSTINC0, 1 
0x03DE	0xE02D      	BZ          L_strstr71
L__strstr87:
;__Lib_CString.c,275 :: 		
0x03E0	0xF07BC077  	MOVFF       FARG_strstr_s2, FARG_strlen_s
0x03E4	0xF07CC078  	MOVFF       FARG_strstr_s2+1, FARG_strlen_s+1
0x03E8	0xDEBD      	RCALL       _strlen
0x03EA	0xF07FC000  	MOVFF       R0, FARG_strncmp_len
0x03EE	0xF07BC075  	MOVFF       FARG_strstr_s1, FARG_strncmp_s1
0x03F2	0xF07CC076  	MOVFF       FARG_strstr_s1+1, FARG_strncmp_s1+1
0x03F6	0xF07DC077  	MOVFF       FARG_strstr_s2, FARG_strncmp_s2
0x03FA	0xF07EC078  	MOVFF       FARG_strstr_s2+1, FARG_strncmp_s2+1
0x03FE	0xDE7D      	RCALL       _strncmp
0x0400	0x0E00      	MOVLW       0
0x0402	0x1801      	XORWF       R1, 0 
0x0404	0xE102      	BNZ         L__strstr114
0x0406	0x0E00      	MOVLW       0
0x0408	0x1800      	XORWF       R0, 0 
L__strstr114:
0x040A	0xE105      	BNZ         L_strstr74
;__Lib_CString.c,276 :: 		
0x040C	0xF000C075  	MOVFF       FARG_strstr_s1, R0
0x0410	0xF001C076  	MOVFF       FARG_strstr_s1+1, R1
0x0414	0xD014      	BRA         L_end_strstr
L_strstr74:
;__Lib_CString.c,277 :: 		
0x0416	0x0E01      	MOVLW       1
0x0418	0x2475      	ADDWF       FARG_strstr_s1, 0 
0x041A	0x6E7B      	MOVWF       FARG_strchr_ptr 
0x041C	0x0E00      	MOVLW       0
0x041E	0x2076      	ADDWFC      FARG_strstr_s1+1, 0 
0x0420	0x6E7C      	MOVWF       FARG_strchr_ptr+1 
0x0422	0xFFE9C077  	MOVFF       FARG_strstr_s2, FSR0L
0x0426	0xFFEAC078  	MOVFF       FARG_strstr_s2+1, FSR0H
0x042A	0xF07DCFEE  	MOVFF       POSTINC0, FARG_strchr_chr
0x042E	0xDE48      	RCALL       _strchr
0x0430	0xF075C000  	MOVFF       R0, FARG_strstr_s1
0x0434	0xF076C001  	MOVFF       R1, FARG_strstr_s1+1
;__Lib_CString.c,278 :: 		
0x0438	0xD7C7      	BRA         L_strstr70
L_strstr71:
;__Lib_CString.c,279 :: 		
0x043A	0x6A00      	CLRF        R0 
0x043C	0x6A01      	CLRF        R1 
;__Lib_CString.c,280 :: 		
L_end_strstr:
0x043E	0x0012      	RETURN      0
; end of _strstr
_config:
;MyProject.c,34 :: 		void config(){
;MyProject.c,35 :: 		UART1_Init(9600);
0x0440	0x86B8      	BSF         BAUDCON, 3, 0
0x0442	0x6AB0      	CLRF        SPBRGH 
0x0444	0x0ECF      	MOVLW       207
0x0446	0x6EAF      	MOVWF       SPBRG 
0x0448	0x84AC      	BSF         TXSTA, 2, 0
0x044A	0xDF3F      	RCALL       _UART1_Init
;MyProject.c,36 :: 		Lcd_Init();
0x044C	0xDEA7      	RCALL       _Lcd_Init
;MyProject.c,37 :: 		ADC_Init();
0x044E	0xDF68      	RCALL       _ADC_Init
;MyProject.c,38 :: 		lcd_cmd(_LCD_CURSOR_OFF);
0x0450	0x0E0C      	MOVLW       12
0x0452	0x0100      	MOVLB       0
0x0454	0x6F80      	MOVWF       FARG_Lcd_Cmd_out_char, 1
0x0456	0xDDF5      	RCALL       _Lcd_Cmd
;MyProject.c,39 :: 		lcd_out(1,1,"wifi");
0x0458	0x0E01      	MOVLW       1
0x045A	0x6E75      	MOVWF       FARG_Lcd_Out_row 
0x045C	0x0E01      	MOVLW       1
0x045E	0x6E76      	MOVWF       FARG_Lcd_Out_column 
0x0460	0x0E15      	MOVLW       ?lstr6_MyProject
0x0462	0x6E77      	MOVWF       FARG_Lcd_Out_text 
0x0464	0x0E00      	MOVLW       hi_addr(?lstr6_MyProject)
0x0466	0x6E78      	MOVWF       FARG_Lcd_Out_text+1 
0x0468	0xDF6D      	RCALL       _Lcd_Out
;MyProject.c,40 :: 		delay_ms(1000);
0x046A	0x0E0B      	MOVLW       11
0x046C	0x6E0B      	MOVWF       R11, 0
0x046E	0x0E26      	MOVLW       38
0x0470	0x6E0C      	MOVWF       R12, 0
0x0472	0x0E5D      	MOVLW       93
0x0474	0x6E0D      	MOVWF       R13, 0
L_config3:
0x0476	0x2E0D      	DECFSZ      R13, 1, 0
0x0478	0xD7FE      	BRA         L_config3
0x047A	0x2E0C      	DECFSZ      R12, 1, 0
0x047C	0xD7FC      	BRA         L_config3
0x047E	0x2E0B      	DECFSZ      R11, 1, 0
0x0480	0xD7FA      	BRA         L_config3
0x0482	0x0000      	NOP
0x0484	0x0000      	NOP
;MyProject.c,41 :: 		lcd_cmd(_LCD_CURSOR_OFF);
0x0486	0x0E0C      	MOVLW       12
0x0488	0x6F80      	MOVWF       FARG_Lcd_Cmd_out_char, 1
0x048A	0xDDDB      	RCALL       _Lcd_Cmd
;MyProject.c,42 :: 		lcd_cmd(_LCD_CLEAR);
0x048C	0x0E01      	MOVLW       1
0x048E	0x6F80      	MOVWF       FARG_Lcd_Cmd_out_char, 1
0x0490	0xDDD8      	RCALL       _Lcd_Cmd
;MyProject.c,43 :: 		}
L_end_config:
0x0492	0x0012      	RETURN      0
; end of _config
___CC2DW:
;__Lib_System.c,21 :: 		
;__Lib_System.c,23 :: 		
_CC2DL_Loop1:
;__Lib_System.c,24 :: 		
0x0494	0x0009      	TBLRD*+
;__Lib_System.c,25 :: 		
0x0496	0xFFE6CFF5  	MOVFF       TABLAT, POSTINC1
;__Lib_System.c,26 :: 		
0x049A	0x0600      	DECF        R0, 1, 0
;__Lib_System.c,27 :: 		
0x049C	0xE1FB      	BNZ         _CC2DL_Loop1
;__Lib_System.c,28 :: 		
0x049E	0x0601      	DECF        R1, 1, 0
;__Lib_System.c,29 :: 		
0x04A0	0xE1F9      	BNZ         _CC2DL_Loop1
;__Lib_System.c,31 :: 		
L_end___CC2DW:
0x04A2	0x0012      	RETURN      0
; end of ___CC2DW
_get_string:
;MyProject.c,44 :: 		char get_string(char *string,char *from, char _from,char *to,char _to,char *get){
;MyProject.c,47 :: 		char lenght=0;
0x04A4	0x6A74      	CLRF        get_string_lenght_L0 
;MyProject.c,48 :: 		p1 = strstr(string,from)+ _from ;
0x04A6	0xF075C068  	MOVFF       FARG_get_string_string, FARG_strstr_s1
0x04AA	0xF076C069  	MOVFF       FARG_get_string_string+1, FARG_strstr_s1+1
0x04AE	0xF077C06A  	MOVFF       FARG_get_string_from, FARG_strstr_s2
0x04B2	0xF078C06B  	MOVFF       FARG_get_string_from+1, FARG_strstr_s2+1
0x04B6	0xDF88      	RCALL       _strstr
0x04B8	0x506C      	MOVF        FARG_get_string__from, 0 
0x04BA	0x2600      	ADDWF       R0, 1 
0x04BC	0x0E00      	MOVLW       0
0x04BE	0x2201      	ADDWFC      R1, 1 
0x04C0	0xF072C000  	MOVFF       R0, get_string_p1_L0
0x04C4	0xF073C001  	MOVFF       R1, get_string_p1_L0+1
;MyProject.c,50 :: 		p2= strstr(p1,to ) + _to;
0x04C8	0xF075C000  	MOVFF       R0, FARG_strstr_s1
0x04CC	0xF076C001  	MOVFF       R1, FARG_strstr_s1+1
0x04D0	0xF077C06D  	MOVFF       FARG_get_string_to, FARG_strstr_s2
0x04D4	0xF078C06E  	MOVFF       FARG_get_string_to+1, FARG_strstr_s2+1
0x04D8	0xDF77      	RCALL       _strstr
0x04DA	0x506F      	MOVF        FARG_get_string__to, 0 
0x04DC	0x2600      	ADDWF       R0, 1 
0x04DE	0x0E00      	MOVLW       0
0x04E0	0x2201      	ADDWFC      R1, 1 
;MyProject.c,51 :: 		lenght=p2-p1;
0x04E2	0x5072      	MOVF        get_string_p1_L0, 0 
0x04E4	0x5E00      	SUBWF       R0, 1 
0x04E6	0x5073      	MOVF        get_string_p1_L0+1, 0 
0x04E8	0x5A01      	SUBWFB      R1, 1 
0x04EA	0xF074C000  	MOVFF       R0, get_string_lenght_L0
;MyProject.c,52 :: 		strncpy(get,p1,lenght);
0x04EE	0xF075C070  	MOVFF       FARG_get_string_get, FARG_strncpy_to
0x04F2	0xF076C071  	MOVFF       FARG_get_string_get+1, FARG_strncpy_to+1
0x04F6	0xF077C072  	MOVFF       get_string_p1_L0, FARG_strncpy_from
0x04FA	0xF078C073  	MOVFF       get_string_p1_L0+1, FARG_strncpy_from+1
0x04FE	0xF079C000  	MOVFF       R0, FARG_strncpy_size
0x0502	0x0E00      	MOVLW       0
0x0504	0x6E7A      	MOVWF       FARG_strncpy_size+1 
0x0506	0xDE9E      	RCALL       _strncpy
;MyProject.c,53 :: 		get[lenght]='\0';
0x0508	0x5074      	MOVF        get_string_lenght_L0, 0 
0x050A	0x2470      	ADDWF       FARG_get_string_get, 0 
0x050C	0x6EE1      	MOVWF       FSR1L 
0x050E	0x0E00      	MOVLW       0
0x0510	0x2071      	ADDWFC      FARG_get_string_get+1, 0 
0x0512	0x6EE2      	MOVWF       FSR1H 
0x0514	0x6AE6      	CLRF        POSTINC1 
;MyProject.c,54 :: 		}
L_end_get_string:
0x0516	0x0012      	RETURN      0
; end of _get_string
_UART1_Read_Text:
;__Lib_UART_c67.c,78 :: 		
;__Lib_UART_c67.c,79 :: 		
0x0518	0x6A6E      	CLRF        UART1_Read_Text_out_idx_L0 
0x051A	0x6A6F      	CLRF        UART1_Read_Text_delim_idx_L0 
;__Lib_UART_c67.c,81 :: 		
L_UART1_Read_Text7:
0x051C	0x526C      	MOVF        FARG_UART1_Read_Text_Attempts, 1 
0x051E	0xE041      	BZ          L_UART1_Read_Text8
;__Lib_UART_c67.c,83 :: 		
0x0520	0x506C      	MOVF        FARG_UART1_Read_Text_Attempts, 0 
0x0522	0x0AFF      	XORLW       255
0x0524	0xA4D8      	BTFSS       STATUS, 2 
;__Lib_UART_c67.c,84 :: 		
0x0526	0x066C      	DECF        FARG_UART1_Read_Text_Attempts, 1 
L_UART1_Read_Text9:
;__Lib_UART_c67.c,86 :: 		
L_UART1_Read_Text10:
0x0528	0xDF4A      	RCALL       _UART1_Data_Ready
0x052A	0x5000      	MOVF        R0, 0 
0x052C	0x0A00      	XORLW       0
0x052E	0xE101      	BNZ         L_UART1_Read_Text11
;__Lib_UART_c67.c,87 :: 		
0x0530	0xD7FB      	BRA         L_UART1_Read_Text10
L_UART1_Read_Text11:
;__Lib_UART_c67.c,89 :: 		
0x0532	0xDE7F      	RCALL       _UART1_Read
0x0534	0xF06DC000  	MOVFF       R0, UART1_Read_Text_r_data_L0
;__Lib_UART_c67.c,90 :: 		
0x0538	0x506E      	MOVF        UART1_Read_Text_out_idx_L0, 0 
0x053A	0x2468      	ADDWF       FARG_UART1_Read_Text_Output, 0 
0x053C	0x6EE1      	MOVWF       FSR1L 
0x053E	0x0E00      	MOVLW       0
0x0540	0x2069      	ADDWFC      FARG_UART1_Read_Text_Output+1, 0 
0x0542	0x6EE2      	MOVWF       FSR1H 
0x0544	0xFFE6C000  	MOVFF       R0, POSTINC1
0x0548	0x2A6E      	INCF        UART1_Read_Text_out_idx_L0, 1 
;__Lib_UART_c67.c,91 :: 		
0x054A	0x506F      	MOVF        UART1_Read_Text_delim_idx_L0, 0 
0x054C	0x246A      	ADDWF       FARG_UART1_Read_Text_Delimiter, 0 
0x054E	0x6EE9      	MOVWF       FSR0L 
0x0550	0x0E00      	MOVLW       0
0x0552	0x206B      	ADDWFC      FARG_UART1_Read_Text_Delimiter+1, 0 
0x0554	0x6EEA      	MOVWF       FSR0H 
0x0556	0x50EE      	MOVF        POSTINC0, 0 
0x0558	0x186D      	XORWF       UART1_Read_Text_r_data_L0, 0 
0x055A	0xE102      	BNZ         L_UART1_Read_Text12
;__Lib_UART_c67.c,92 :: 		
0x055C	0x2A6F      	INCF        UART1_Read_Text_delim_idx_L0, 1 
;__Lib_UART_c67.c,93 :: 		
0x055E	0xD009      	BRA         L_UART1_Read_Text13
L_UART1_Read_Text12:
;__Lib_UART_c67.c,95 :: 		
0x0560	0x6A6F      	CLRF        UART1_Read_Text_delim_idx_L0 
;__Lib_UART_c67.c,96 :: 		
0x0562	0xFFE9C06A  	MOVFF       FARG_UART1_Read_Text_Delimiter, FSR0L
0x0566	0xFFEAC06B  	MOVFF       FARG_UART1_Read_Text_Delimiter+1, FSR0H
0x056A	0x50EE      	MOVF        POSTINC0, 0 
0x056C	0x186D      	XORWF       UART1_Read_Text_r_data_L0, 0 
0x056E	0xB4D8      	BTFSC       STATUS, 2 
;__Lib_UART_c67.c,97 :: 		
0x0570	0x2A6F      	INCF        UART1_Read_Text_delim_idx_L0, 1 
;__Lib_UART_c67.c,98 :: 		
L_UART1_Read_Text14:
;__Lib_UART_c67.c,99 :: 		
L_UART1_Read_Text13:
;__Lib_UART_c67.c,101 :: 		
0x0572	0x506F      	MOVF        UART1_Read_Text_delim_idx_L0, 0 
0x0574	0x246A      	ADDWF       FARG_UART1_Read_Text_Delimiter, 0 
0x0576	0x6EE9      	MOVWF       FSR0L 
0x0578	0x0E00      	MOVLW       0
0x057A	0x206B      	ADDWFC      FARG_UART1_Read_Text_Delimiter+1, 0 
0x057C	0x6EEA      	MOVWF       FSR0H 
0x057E	0x50EE      	MOVF        POSTINC0, 0 
0x0580	0x0A00      	XORLW       0
0x0582	0xE10E      	BNZ         L_UART1_Read_Text15
;__Lib_UART_c67.c,102 :: 		
0x0584	0x506F      	MOVF        UART1_Read_Text_delim_idx_L0, 0 
0x0586	0x5C6E      	SUBWF       UART1_Read_Text_out_idx_L0, 0 
0x0588	0x6E00      	MOVWF       R0 
0x058A	0x6A01      	CLRF        R1 
0x058C	0x0E00      	MOVLW       0
0x058E	0x5A01      	SUBWFB      R1, 1 
0x0590	0x5000      	MOVF        R0, 0 
0x0592	0x2468      	ADDWF       FARG_UART1_Read_Text_Output, 0 
0x0594	0x6EE1      	MOVWF       FSR1L 
0x0596	0x5001      	MOVF        R1, 0 
0x0598	0x2069      	ADDWFC      FARG_UART1_Read_Text_Output+1, 0 
0x059A	0x6EE2      	MOVWF       FSR1H 
0x059C	0x6AE6      	CLRF        POSTINC1 
;__Lib_UART_c67.c,103 :: 		
0x059E	0xD006      	BRA         L_end_UART1_Read_Text
;__Lib_UART_c67.c,104 :: 		
L_UART1_Read_Text15:
;__Lib_UART_c67.c,106 :: 		
0x05A0	0xD7BD      	BRA         L_UART1_Read_Text7
L_UART1_Read_Text8:
;__Lib_UART_c67.c,107 :: 		
0x05A2	0xFFE1C068  	MOVFF       FARG_UART1_Read_Text_Output, FSR1L
0x05A6	0xFFE2C069  	MOVFF       FARG_UART1_Read_Text_Output+1, FSR1H
0x05AA	0x6AE6      	CLRF        POSTINC1 
;__Lib_UART_c67.c,108 :: 		
L_end_UART1_Read_Text:
0x05AC	0x0012      	RETURN      0
; end of _UART1_Read_Text
_main:
0x05AE	0xF003EC2E  	CALL        1628, 0
;MyProject.c,20 :: 		void main() {
;MyProject.c,21 :: 		config();
0x05B2	0xDF46      	RCALL       _config
;MyProject.c,22 :: 		while(1){
L_main0:
;MyProject.c,23 :: 		if (UART1_Data_Ready() == 1) {          // if data is received
0x05B4	0xDF04      	RCALL       _UART1_Data_Ready
0x05B6	0x5000      	MOVF        R0, 0 
0x05B8	0x0A01      	XORLW       1
0x05BA	0xE145      	BNZ         L_main2
;MyProject.c,24 :: 		UART1_Read_Text(val, "OK", 14);    // reads text until 'OK' is found
0x05BC	0x0E26      	MOVLW       _val
0x05BE	0x6E68      	MOVWF       FARG_UART1_Read_Text_Output 
0x05C0	0x0E00      	MOVLW       hi_addr(_val)
0x05C2	0x6E69      	MOVWF       FARG_UART1_Read_Text_Output+1 
0x05C4	0x0E1C      	MOVLW       ?lstr1_MyProject
0x05C6	0x6E6A      	MOVWF       FARG_UART1_Read_Text_Delimiter 
0x05C8	0x0E00      	MOVLW       hi_addr(?lstr1_MyProject)
0x05CA	0x6E6B      	MOVWF       FARG_UART1_Read_Text_Delimiter+1 
0x05CC	0x0E0E      	MOVLW       14
0x05CE	0x6E6C      	MOVWF       FARG_UART1_Read_Text_Attempts 
0x05D0	0xDFA3      	RCALL       _UART1_Read_Text
;MyProject.c,25 :: 		get_string(val,"A",1,"B",0,adc1);
0x05D2	0x0E26      	MOVLW       _val
0x05D4	0x6E68      	MOVWF       FARG_get_string_string 
0x05D6	0x0E00      	MOVLW       hi_addr(_val)
0x05D8	0x6E69      	MOVWF       FARG_get_string_string+1 
0x05DA	0x0E1A      	MOVLW       ?lstr2_MyProject
0x05DC	0x6E6A      	MOVWF       FARG_get_string_from 
0x05DE	0x0E00      	MOVLW       hi_addr(?lstr2_MyProject)
0x05E0	0x6E6B      	MOVWF       FARG_get_string_from+1 
0x05E2	0x0E01      	MOVLW       1
0x05E4	0x6E6C      	MOVWF       FARG_get_string__from 
0x05E6	0x0E24      	MOVLW       ?lstr3_MyProject
0x05E8	0x6E6D      	MOVWF       FARG_get_string_to 
0x05EA	0x0E00      	MOVLW       hi_addr(?lstr3_MyProject)
0x05EC	0x6E6E      	MOVWF       FARG_get_string_to+1 
0x05EE	0x6A6F      	CLRF        FARG_get_string__to 
0x05F0	0x0E5E      	MOVLW       _adc1
0x05F2	0x6E70      	MOVWF       FARG_get_string_get 
0x05F4	0x0E00      	MOVLW       hi_addr(_adc1)
0x05F6	0x6E71      	MOVWF       FARG_get_string_get+1 
0x05F8	0xDF55      	RCALL       _get_string
;MyProject.c,26 :: 		lcd_out(1,1,adc1);
0x05FA	0x0E01      	MOVLW       1
0x05FC	0x6E75      	MOVWF       FARG_Lcd_Out_row 
0x05FE	0x0E01      	MOVLW       1
0x0600	0x6E76      	MOVWF       FARG_Lcd_Out_column 
0x0602	0x0E5E      	MOVLW       _adc1
0x0604	0x6E77      	MOVWF       FARG_Lcd_Out_text 
0x0606	0x0E00      	MOVLW       hi_addr(_adc1)
0x0608	0x6E78      	MOVWF       FARG_Lcd_Out_text+1 
0x060A	0xDE9C      	RCALL       _Lcd_Out
;MyProject.c,27 :: 		get_string(val,"C",1,"D",0,adc2);
0x060C	0x0E26      	MOVLW       _val
0x060E	0x6E68      	MOVWF       FARG_get_string_string 
0x0610	0x0E00      	MOVLW       hi_addr(_val)
0x0612	0x6E69      	MOVWF       FARG_get_string_string+1 
0x0614	0x0E22      	MOVLW       ?lstr4_MyProject
0x0616	0x6E6A      	MOVWF       FARG_get_string_from 
0x0618	0x0E00      	MOVLW       hi_addr(?lstr4_MyProject)
0x061A	0x6E6B      	MOVWF       FARG_get_string_from+1 
0x061C	0x0E01      	MOVLW       1
0x061E	0x6E6C      	MOVWF       FARG_get_string__from 
0x0620	0x0E1F      	MOVLW       ?lstr5_MyProject
0x0622	0x6E6D      	MOVWF       FARG_get_string_to 
0x0624	0x0E00      	MOVLW       hi_addr(?lstr5_MyProject)
0x0626	0x6E6E      	MOVWF       FARG_get_string_to+1 
0x0628	0x6A6F      	CLRF        FARG_get_string__to 
0x062A	0x0E4F      	MOVLW       _adc2
0x062C	0x6E70      	MOVWF       FARG_get_string_get 
0x062E	0x0E00      	MOVLW       hi_addr(_adc2)
0x0630	0x6E71      	MOVWF       FARG_get_string_get+1 
0x0632	0xDF38      	RCALL       _get_string
;MyProject.c,28 :: 		lcd_out(1,7,adc2);
0x0634	0x0E01      	MOVLW       1
0x0636	0x6E75      	MOVWF       FARG_Lcd_Out_row 
0x0638	0x0E07      	MOVLW       7
0x063A	0x6E76      	MOVWF       FARG_Lcd_Out_column 
0x063C	0x0E4F      	MOVLW       _adc2
0x063E	0x6E77      	MOVWF       FARG_Lcd_Out_text 
0x0640	0x0E00      	MOVLW       hi_addr(_adc2)
0x0642	0x6E78      	MOVWF       FARG_Lcd_Out_text+1 
0x0644	0xDE7F      	RCALL       _Lcd_Out
;MyProject.c,30 :: 		}
L_main2:
;MyProject.c,32 :: 		}
0x0646	0xD7B6      	BRA         L_main0
;MyProject.c,33 :: 		}
L_end_main:
0x0648	0xD7FF      	BRA         $+0
; end of _main
0x065C	0xF015EE10  	LFSR        1, 21
0x0660	0x0E11      	MOVLW       17
0x0662	0x6E00      	MOVWF       R0 
0x0664	0x0E01      	MOVLW       1
0x0666	0x6E01      	MOVWF       R1 
0x0668	0x0E4A      	MOVLW       74
0x066A	0x6EF6      	MOVWF       4086 
0x066C	0x0E06      	MOVLW       6
0x066E	0x6EF7      	MOVWF       TBLPTRH 
0x0670	0x0E00      	MOVLW       0
0x0672	0x6EF8      	MOVWF       TBLPTRU 
0x0674	0xF002EC4A  	CALL        1172, 0
0x0678	0x0012      	RETURN      0
;MyProject.c,0 :: ?ICS?lstr6_MyProject
0x064A	0x6977 ;?ICS?lstr6_MyProject+0
0x064C	0x6966 ;?ICS?lstr6_MyProject+2
0x064E	0x00 ;?ICS?lstr6_MyProject+4
; end of ?ICS?lstr6_MyProject
;MyProject.c,0 :: ?ICS?lstr2_MyProject
0x064F	0x0041 ;?ICS?lstr2_MyProject+0
; end of ?ICS?lstr2_MyProject
;MyProject.c,0 :: ?ICS?lstr1_MyProject
0x0651	0x4B4F ;?ICS?lstr1_MyProject+0
0x0653	0x00 ;?ICS?lstr1_MyProject+2
; end of ?ICS?lstr1_MyProject
;MyProject.c,0 :: ?ICS?lstr5_MyProject
0x0654	0x0044 ;?ICS?lstr5_MyProject+0
; end of ?ICS?lstr5_MyProject
;__Lib_ADC_A_D.c,0 :: ?ICS_vref_mask
0x0656	0x30 ;?ICS_vref_mask+0
; end of ?ICS_vref_mask
;MyProject.c,0 :: ?ICS?lstr4_MyProject
0x0657	0x0043 ;?ICS?lstr4_MyProject+0
; end of ?ICS?lstr4_MyProject
;MyProject.c,0 :: ?ICS?lstr3_MyProject
0x0659	0x0042 ;?ICS?lstr3_MyProject+0
; end of ?ICS?lstr3_MyProject
Symbol List:
//** Routines locations **
//ADDRESS    SIZE    PROCEDURE
//----------------------------------------------
0x001C      [10]    _Delay_50us
0x0026      [22]    _Delay_5500us
0x003C       [6]    _Delay_1us
0x0042     [126]    _Lcd_Cmd
0x00C0      [58]    _strchr
0x00FA      [94]    _strncmp
0x0158      [12]    _Lcd_Chr_CP
0x0164      [56]    _strlen
0x019C     [150]    _Lcd_Init
0x0232      [18]    _UART1_Read
0x0244     [134]    _strncpy
0x02CA      [86]    _UART1_Init
0x0320      [36]    _ADC_Init
0x0344     [122]    _Lcd_Out
0x03BE      [10]    _UART1_Data_Ready
0x03C8     [120]    _strstr
0x0440      [84]    _config
0x0494      [16]    ___CC2DW
0x04A4     [116]    _get_string
0x0518     [150]    _UART1_Read_Text
0x05AE     [156]    _main
//** Variables locations ** 
//ADDRESS    SIZE    VARIABLE
//----------------------------------------------
0x0000       [1]    R0
0x0000       [1]    UART1_Init_tmp_L0
0x0001       [1]    UART1_Read___tmp_UART1_Read_L0
0x0001       [1]    R1
0x0001       [1]    ispunct_rslt_L0
0x0002       [2]    memset_pp_L0
0x0002       [2]    strlen_cp_L0
0x0002       [2]    memchr_s_L0
0x0002       [2]    memcpy_dd_L0
0x0002       [1]    R2
0x0003       [2]    memmove_tt_L0
0x0003       [1]    R3
0x0003       [2]    Ltrim_original_L0
0x0004       [2]    frexp_pom_L0
0x0004       [1]    R4
0x0004       [2]    strcpy_cp_L0
0x0004       [2]    strncat_cp_L0
0x0004       [2]    strcat_cp_L0
0x0004       [2]    memcpy_ss_L0
0x0004       [2]    strncpy_cp_L0
0x0005       [2]    memmove_ff_L0
0x0005       [2]    LongWordToHex_input_half_L0
0x0005       [2]    LongIntToHex_input_half_L0
0x0005       [2]    Ltrim_p_L0
0x0005       [1]    R5
0x0006       [1]    R6
0x0007       [1]    R7
0x0008       [1]    R8
0x0009       [1]    R9
0x000A       [1]    R10
0x000B       [1]    R11
0x000C       [1]    R12
0x000D       [1]    R13
0x000E       [1]    R14
0x000F       [1]    R15
0x0010       [1]    R16
0x0011       [1]    R17
0x0012       [1]    R18
0x0013       [1]    R19
0x0014       [1]    R20
0x0015       [5]    ?lstr6_MyProject
0x001A       [2]    ?lstr2_MyProject
0x001C       [3]    ?lstr1_MyProject
0x001F       [2]    ?lstr5_MyProject
0x0021       [1]    _vref_mask
0x0022       [2]    ?lstr4_MyProject
0x0024       [2]    ?lstr3_MyProject
0x0026      [25]    _val
0x003F       [4]    _UART_Rdy_Ptr
0x0043       [4]    _UART_Rd_Ptr
0x0047       [4]    _UART_Wr_Ptr
0x004B       [4]    _UART_Tx_Idle_Ptr
0x004F      [10]    _adc2
0x0059       [0]    __Lib_Lcd_cmd_status
0x005A       [4]    _ADC_Get_Sample_Ptr
0x005E      [10]    _adc1
0x0068       [2]    FARG_get_string_string
0x0068       [2]    FARG_UART1_Read_Text_Output
0x006A       [2]    FARG_get_string_from
0x006A       [2]    FARG_UART1_Read_Text_Delimiter
0x006C       [1]    FARG_get_string__from
0x006C       [1]    FARG_UART1_Read_Text_Attempts
0x006D       [2]    FARG_get_string_to
0x006D       [1]    UART1_Read_Text_r_data_L0
0x006E       [1]    UART1_Read_Text_out_idx_L0
0x006F       [1]    FARG_get_string__to
0x006F       [1]    UART1_Read_Text_delim_idx_L0
0x0070       [2]    FARG_get_string_get
0x0072       [2]    get_string_p1_L0
0x0074       [1]    get_string_lenght_L0
0x0075       [2]    FARG_strncpy_to
0x0075       [1]    FARG_Lcd_Out_row
0x0075       [2]    FARG_strstr_s1
0x0076       [1]    FARG_Lcd_Out_column
0x0077       [2]    FARG_Lcd_Out_text
0x0077       [2]    FARG_strstr_s2
0x0077       [2]    FARG_strncpy_from
0x0079       [1]    Lcd_Out_i_L0
0x0079       [2]    FARG_strncpy_size
0x007B       [1]    FARG_Lcd_Chr_CP_out_char
0x007B       [2]    FARG_strlen_s
0x007B       [2]    FARG_strchr_ptr
0x007B       [2]    FARG_strncmp_s1
0x007D       [1]    FARG_strchr_chr
0x007D       [2]    FARG_strncmp_s2
0x007F       [1]    FARG_strncmp_len
0x0080       [1]    FARG_Lcd_Cmd_out_char
0x0F82       [0]    RC3_bit
0x0F82       [0]    RC4_bit
0x0F82       [0]    RC2_bit
0x0F82       [0]    RC0_bit
0x0F82       [0]    RC1_bit
0x0F82       [0]    LCD_RS
0x0F82       [0]    RC5_bit
0x0F82       [0]    LCD_EN
0x0F82       [0]    LCD_D6
0x0F82       [0]    LCD_D4
0x0F82       [0]    LCD_D7
0x0F82       [0]    LCD_D5
0x0F94       [0]    TRISC0_bit
0x0F94       [0]    TRISC2_bit
0x0F94       [0]    TRISC7_bit
0x0F94       [0]    TRISC1_bit
0x0F94       [0]    TRISC4_bit
0x0F94       [0]    TRISC5_bit
0x0F94       [0]    LCD_EN_Direction
0x0F94       [0]    LCD_RS_Direction
0x0F94       [0]    TRISC6_bit
0x0F94       [0]    LCD_D6_Direction
0x0F94       [0]    LCD_D4_Direction
0x0F94       [0]    LCD_D7_Direction
0x0F94       [0]    LCD_D5_Direction
0x0F94       [0]    TRISC3_bit
0x0F9E       [1]    PIR1
0x0FAB       [1]    RCSTA
0x0FAC       [1]    TXSTA
0x0FAE       [1]    RCREG
0x0FAF       [1]    SPBRG
0x0FB0       [1]    SPBRGH
0x0FB8       [1]    BAUDCON
0x0FC0       [1]    ADCON2
0x0FC1       [1]    ADCON1
0x0FC2       [1]    ADCON0
0x0FD8       [1]    STATUS
0x0FD9       [1]    FSR2L
0x0FDA       [1]    FSR2H
0x0FDE       [1]    POSTINC2
0x0FE0       [1]    BSR
0x0FE1       [1]    FSR1L
0x0FE2       [1]    FSR1H
0x0FE4       [1]    PREINC1
0x0FE6       [1]    POSTINC1
0x0FE7       [1]    INDF1
0x0FE8       [1]    WREG
0x0FE9       [1]    FSR0L
0x0FEA       [1]    FSR0H
0x0FEE       [1]    POSTINC0
0x0FF3       [1]    PRODL
0x0FF4       [1]    PRODH
0x0FF5       [1]    TABLAT
0x0FF6       [1]    TBLPTRL
0x0FF7       [1]    TBLPTRH
0x0FF8       [1]    TBLPTRU
//** Constants locations ** 
//ADDRESS    SIZE    CONSTANT
//----------------------------------------------
0x064A       [5]    ?ICS?lstr6_MyProject
0x064F       [2]    ?ICS?lstr2_MyProject
0x0651       [3]    ?ICS?lstr1_MyProject
0x0654       [2]    ?ICS?lstr5_MyProject
0x0656       [1]    ?ICS_vref_mask
0x0657       [2]    ?ICS?lstr4_MyProject
0x0659       [2]    ?ICS?lstr3_MyProject
