;  LST file generated by mikroListExporter - v.2.0 
; Date/Time: 9/29/2020 7:41:10 PM
;----------------------------------------------

;Address Opcode 	ASM
0x0000	0xF002EF38  	GOTO        1136
0x0004	0x0000      	NOP
0x0006	0x0000      	NOP
0x0008	0xF000EF00  	GOTO        0
0x000C	0x0000      	NOP
0x000E	0x0000      	NOP
0x0010	0x0000      	NOP
0x0012	0x0000      	NOP
0x0014	0x0000      	NOP
0x0016	0x0000      	NOP
0x0018	0xD7F3      	BRA         0
_Delay_50us:
;__Lib_Delays.c,19 :: 		void Delay_50us() {
;__Lib_Delays.c,20 :: 		Delay_us(50);
0x001C	0x0E21      	MOVLW       33
0x001E	0x6E0D      	MOVWF       R13, 0
L_Delay_50us2:
0x0020	0x2E0D      	DECFSZ      R13, 1, 0
0x0022	0xD7FE      	BRA         L_Delay_50us2
;__Lib_Delays.c,21 :: 		}
L_end_Delay_50us:
0x0024	0x0012      	RETURN      0
; end of _Delay_50us
_Delay_5500us:
;__Lib_Delays.c,31 :: 		void Delay_5500us() {
;__Lib_Delays.c,32 :: 		Delay_us(5500);
0x0026	0x0E0F      	MOVLW       15
0x0028	0x6E0C      	MOVWF       R12, 0
0x002A	0x0E47      	MOVLW       71
0x002C	0x6E0D      	MOVWF       R13, 0
L_Delay_5500us5:
0x002E	0x2E0D      	DECFSZ      R13, 1, 0
0x0030	0xD7FE      	BRA         L_Delay_5500us5
0x0032	0x2E0C      	DECFSZ      R12, 1, 0
0x0034	0xD7FC      	BRA         L_Delay_5500us5
0x0036	0x0000      	NOP
0x0038	0x0000      	NOP
;__Lib_Delays.c,33 :: 		}
L_end_Delay_5500us:
0x003A	0x0012      	RETURN      0
; end of _Delay_5500us
_Delay_1us:
;__Lib_Delays.c,7 :: 		void Delay_1us() {
;__Lib_Delays.c,8 :: 		Delay_us(1);
0x003C	0x0000      	NOP
0x003E	0x0000      	NOP
;__Lib_Delays.c,9 :: 		}
L_end_Delay_1us:
0x0040	0x0012      	RETURN      0
; end of _Delay_1us
_Lcd_Cmd:
;__Lib_Lcd.c,18 :: 		
;__Lib_Lcd.c,20 :: 		
0x0042	0x0100      	MOVLB       0
0x0044	0xBF96      	BTFSC       FARG_Lcd_Cmd_out_char, 7, 1
0x0046	0xD002      	BRA         L__Lcd_Cmd21
0x0048	0x9682      	BCF         LCD_D7, BitPos(LCD_D7+0) 
0x004A	0xD001      	BRA         L__Lcd_Cmd22
L__Lcd_Cmd21:
0x004C	0x8682      	BSF         LCD_D7, BitPos(LCD_D7+0) 
L__Lcd_Cmd22:
;__Lib_Lcd.c,21 :: 		
0x004E	0xBD96      	BTFSC       FARG_Lcd_Cmd_out_char, 6, 1
0x0050	0xD002      	BRA         L__Lcd_Cmd23
0x0052	0x9482      	BCF         LCD_D6, BitPos(LCD_D6+0) 
0x0054	0xD001      	BRA         L__Lcd_Cmd24
L__Lcd_Cmd23:
0x0056	0x8482      	BSF         LCD_D6, BitPos(LCD_D6+0) 
L__Lcd_Cmd24:
;__Lib_Lcd.c,22 :: 		
0x0058	0xBB96      	BTFSC       FARG_Lcd_Cmd_out_char, 5, 1
0x005A	0xD002      	BRA         L__Lcd_Cmd25
0x005C	0x9282      	BCF         LCD_D5, BitPos(LCD_D5+0) 
0x005E	0xD001      	BRA         L__Lcd_Cmd26
L__Lcd_Cmd25:
0x0060	0x8282      	BSF         LCD_D5, BitPos(LCD_D5+0) 
L__Lcd_Cmd26:
;__Lib_Lcd.c,23 :: 		
0x0062	0xB996      	BTFSC       FARG_Lcd_Cmd_out_char, 4, 1
0x0064	0xD002      	BRA         L__Lcd_Cmd27
0x0066	0x9082      	BCF         LCD_D4, BitPos(LCD_D4+0) 
0x0068	0xD001      	BRA         L__Lcd_Cmd28
L__Lcd_Cmd27:
0x006A	0x8082      	BSF         LCD_D4, BitPos(LCD_D4+0) 
L__Lcd_Cmd28:
;__Lib_Lcd.c,25 :: 		
0x006C	0xB07C      	BTFSC       __Lib_Lcd_cmd_status, BitPos(__Lib_Lcd_cmd_status+0) 
0x006E	0xD002      	BRA         L__Lcd_Cmd29
0x0070	0x8882      	BSF         LCD_RS, BitPos(LCD_RS+0) 
0x0072	0xD001      	BRA         L__Lcd_Cmd30
L__Lcd_Cmd29:
0x0074	0x9882      	BCF         LCD_RS, BitPos(LCD_RS+0) 
L__Lcd_Cmd30:
;__Lib_Lcd.c,28 :: 		
0x0076	0x8A82      	BSF         LCD_EN, BitPos(LCD_EN+0) 
;__Lib_Lcd.c,29 :: 		
0x0078	0xDFE1      	RCALL       _Delay_1us
;__Lib_Lcd.c,30 :: 		
0x007A	0x9A82      	BCF         LCD_EN, BitPos(LCD_EN+0) 
;__Lib_Lcd.c,33 :: 		
0x007C	0xB796      	BTFSC       FARG_Lcd_Cmd_out_char, 3, 1
0x007E	0xD002      	BRA         L__Lcd_Cmd31
0x0080	0x9682      	BCF         LCD_D7, BitPos(LCD_D7+0) 
0x0082	0xD001      	BRA         L__Lcd_Cmd32
L__Lcd_Cmd31:
0x0084	0x8682      	BSF         LCD_D7, BitPos(LCD_D7+0) 
L__Lcd_Cmd32:
;__Lib_Lcd.c,34 :: 		
0x0086	0xB596      	BTFSC       FARG_Lcd_Cmd_out_char, 2, 1
0x0088	0xD002      	BRA         L__Lcd_Cmd33
0x008A	0x9482      	BCF         LCD_D6, BitPos(LCD_D6+0) 
0x008C	0xD001      	BRA         L__Lcd_Cmd34
L__Lcd_Cmd33:
0x008E	0x8482      	BSF         LCD_D6, BitPos(LCD_D6+0) 
L__Lcd_Cmd34:
;__Lib_Lcd.c,35 :: 		
0x0090	0xB396      	BTFSC       FARG_Lcd_Cmd_out_char, 1, 1
0x0092	0xD002      	BRA         L__Lcd_Cmd35
0x0094	0x9282      	BCF         LCD_D5, BitPos(LCD_D5+0) 
0x0096	0xD001      	BRA         L__Lcd_Cmd36
L__Lcd_Cmd35:
0x0098	0x8282      	BSF         LCD_D5, BitPos(LCD_D5+0) 
L__Lcd_Cmd36:
;__Lib_Lcd.c,36 :: 		
0x009A	0xB196      	BTFSC       FARG_Lcd_Cmd_out_char, 0, 1
0x009C	0xD002      	BRA         L__Lcd_Cmd37
0x009E	0x9082      	BCF         LCD_D4, BitPos(LCD_D4+0) 
0x00A0	0xD001      	BRA         L__Lcd_Cmd38
L__Lcd_Cmd37:
0x00A2	0x8082      	BSF         LCD_D4, BitPos(LCD_D4+0) 
L__Lcd_Cmd38:
;__Lib_Lcd.c,38 :: 		
0x00A4	0xB07C      	BTFSC       __Lib_Lcd_cmd_status, BitPos(__Lib_Lcd_cmd_status+0) 
0x00A6	0xD002      	BRA         L__Lcd_Cmd39
0x00A8	0x8882      	BSF         LCD_RS, BitPos(LCD_RS+0) 
0x00AA	0xD001      	BRA         L__Lcd_Cmd40
L__Lcd_Cmd39:
0x00AC	0x9882      	BCF         LCD_RS, BitPos(LCD_RS+0) 
L__Lcd_Cmd40:
;__Lib_Lcd.c,40 :: 		
0x00AE	0x8A82      	BSF         LCD_EN, BitPos(LCD_EN+0) 
;__Lib_Lcd.c,41 :: 		
0x00B0	0xDFC5      	RCALL       _Delay_1us
;__Lib_Lcd.c,42 :: 		
0x00B2	0x9A82      	BCF         LCD_EN, BitPos(LCD_EN+0) 
;__Lib_Lcd.c,44 :: 		
0x00B4	0xA07C      	BTFSS       __Lib_Lcd_cmd_status, BitPos(__Lib_Lcd_cmd_status+0) 
0x00B6	0xD002      	BRA         L_Lcd_Cmd0
;__Lib_Lcd.c,45 :: 		
0x00B8	0xDFB6      	RCALL       _Delay_5500us
0x00BA	0xD001      	BRA         L_Lcd_Cmd1
L_Lcd_Cmd0:
;__Lib_Lcd.c,47 :: 		
0x00BC	0xDFAF      	RCALL       _Delay_50us
L_Lcd_Cmd1:
;__Lib_Lcd.c,48 :: 		
L_end_Lcd_Cmd:
0x00BE	0x0012      	RETURN      0
; end of _Lcd_Cmd
_strchr:
;__Lib_CString.c,102 :: 		
;__Lib_CString.c,103 :: 		
L_strchr26:
;__Lib_CString.c,104 :: 		
0x00C0	0xFFE9C091  	MOVFF       FARG_strchr_ptr, FSR0L
0x00C4	0xFFEAC092  	MOVFF       FARG_strchr_ptr+1, FSR0H
0x00C8	0x50EE      	MOVF        POSTINC0, 0 
0x00CA	0x0100      	MOVLB       0
0x00CC	0x1993      	XORWF       FARG_strchr_chr, 0, 1
0x00CE	0xE105      	BNZ         L_strchr29
;__Lib_CString.c,105 :: 		
0x00D0	0xF000C091  	MOVFF       FARG_strchr_ptr, R0
0x00D4	0xF001C092  	MOVFF       FARG_strchr_ptr+1, R1
0x00D8	0xD010      	BRA         L_end_strchr
L_strchr29:
;__Lib_CString.c,106 :: 		
0x00DA	0xF000C091  	MOVFF       FARG_strchr_ptr, R0
0x00DE	0xF001C092  	MOVFF       FARG_strchr_ptr+1, R1
0x00E2	0x4B91      	INFSNZ      FARG_strchr_ptr, 1, 1
0x00E4	0x2B92      	INCF        FARG_strchr_ptr+1, 1, 1
0x00E6	0xFFE9C000  	MOVFF       R0, FSR0L
0x00EA	0xFFEAC001  	MOVFF       R1, FSR0H
0x00EE	0xF000CFEE  	MOVFF       POSTINC0, R0
0x00F2	0x5200      	MOVF        R0, 1 
0x00F4	0xE1E5      	BNZ         L_strchr26
;__Lib_CString.c,108 :: 		
0x00F6	0x6A00      	CLRF        R0 
0x00F8	0x6A01      	CLRF        R1 
;__Lib_CString.c,109 :: 		
L_end_strchr:
0x00FA	0x0012      	RETURN      0
; end of _strchr
_strlen:
;__Lib_CString.c,136 :: 		
;__Lib_CString.c,139 :: 		
0x00FC	0xF002C091  	MOVFF       FARG_strlen_s, R2
0x0100	0xF003C092  	MOVFF       FARG_strlen_s+1, R3
;__Lib_CString.c,140 :: 		
L_strlen36:
0x0104	0xF000C002  	MOVFF       R2, R0
0x0108	0xF001C003  	MOVFF       R3, R1
0x010C	0x4A02      	INFSNZ      R2, 1 
0x010E	0x2A03      	INCF        R3, 1 
0x0110	0xFFE9C000  	MOVFF       R0, FSR0L
0x0114	0xFFEAC001  	MOVFF       R1, FSR0H
0x0118	0x52EE      	MOVF        POSTINC0, 1 
0x011A	0xE001      	BZ          L_strlen37
;__Lib_CString.c,141 :: 		
0x011C	0xD7F3      	BRA         L_strlen36
L_strlen37:
;__Lib_CString.c,142 :: 		
0x011E	0x0100      	MOVLB       0
0x0120	0x5191      	MOVF        FARG_strlen_s, 0, 1
0x0122	0x5C02      	SUBWF       R2, 0 
0x0124	0x6E00      	MOVWF       R0 
0x0126	0x5192      	MOVF        FARG_strlen_s+1, 0, 1
0x0128	0x5803      	SUBWFB      R3, 0 
0x012A	0x6E01      	MOVWF       R1 
0x012C	0x0E01      	MOVLW       1
0x012E	0x5E00      	SUBWF       R0, 1 
0x0130	0x0E00      	MOVLW       0
0x0132	0x5A01      	SUBWFB      R1, 1 
;__Lib_CString.c,143 :: 		
L_end_strlen:
0x0134	0x0012      	RETURN      0
; end of _strlen
_Lcd_Chr_CP:
;__Lib_Lcd.c,50 :: 		
;__Lib_Lcd.c,52 :: 		
0x0136	0x907C      	BCF         __Lib_Lcd_cmd_status, BitPos(__Lib_Lcd_cmd_status+0) 
;__Lib_Lcd.c,53 :: 		
0x0138	0xF096C080  	MOVFF       FARG_Lcd_Chr_CP_out_char, FARG_Lcd_Cmd_out_char
0x013C	0xDF82      	RCALL       _Lcd_Cmd
;__Lib_Lcd.c,54 :: 		
0x013E	0x807C      	BSF         __Lib_Lcd_cmd_status, BitPos(__Lib_Lcd_cmd_status+0) 
;__Lib_Lcd.c,55 :: 		
L_end_Lcd_Chr_CP:
0x0140	0x0012      	RETURN      0
; end of _Lcd_Chr_CP
_strncmp:
;__Lib_CString.c,219 :: 		
;__Lib_CString.c,221 :: 		
L_strncmp58:
0x0142	0xF000C095  	MOVFF       FARG_strncmp_len, R0
0x0146	0x0100      	MOVLB       0
0x0148	0x0795      	DECF        FARG_strncmp_len, 1, 1
0x014A	0x5200      	MOVF        R0, 1 
0x014C	0xE028      	BZ          L_strncmp59
;__Lib_CString.c,222 :: 		
0x014E	0xFFE9C091  	MOVFF       FARG_strncmp_s1, FSR0L
0x0152	0xFFEAC092  	MOVFF       FARG_strncmp_s1+1, FSR0H
0x0156	0x50EE      	MOVF        POSTINC0, 0 
0x0158	0x0A00      	XORLW       0
0x015A	0xE00C      	BZ          L__strncmp86
0x015C	0xFFE9C091  	MOVFF       FARG_strncmp_s1, FSR0L
0x0160	0xFFEAC092  	MOVFF       FARG_strncmp_s1+1, FSR0H
0x0164	0xFFD9C093  	MOVFF       FARG_strncmp_s2, FSR2L
0x0168	0xFFDAC094  	MOVFF       FARG_strncmp_s2+1, FSR2H
0x016C	0x50EE      	MOVF        POSTINC0, 0 
0x016E	0x18DE      	XORWF       POSTINC2, 0 
0x0170	0xE101      	BNZ         L__strncmp86
0x0172	0xD00F      	BRA         L_strncmp62
L__strncmp86:
;__Lib_CString.c,223 :: 		
0x0174	0xFFE9C091  	MOVFF       FARG_strncmp_s1, FSR0L
0x0178	0xFFEAC092  	MOVFF       FARG_strncmp_s1+1, FSR0H
0x017C	0xFFD9C093  	MOVFF       FARG_strncmp_s2, FSR2L
0x0180	0xFFDAC094  	MOVFF       FARG_strncmp_s2+1, FSR2H
0x0184	0x50DE      	MOVF        POSTINC2, 0 
0x0186	0x5CEE      	SUBWF       POSTINC0, 0 
0x0188	0x6E00      	MOVWF       R0 
0x018A	0x6A01      	CLRF        R1 
0x018C	0x0E00      	MOVLW       0
0x018E	0x5A01      	SUBWFB      R1, 1 
0x0190	0xD008      	BRA         L_end_strncmp
L_strncmp62:
0x0192	0x0100      	MOVLB       0
;__Lib_CString.c,224 :: 		
0x0194	0x4B91      	INFSNZ      FARG_strncmp_s1, 1, 1
0x0196	0x2B92      	INCF        FARG_strncmp_s1+1, 1, 1
;__Lib_CString.c,225 :: 		
0x0198	0x4B93      	INFSNZ      FARG_strncmp_s2, 1, 1
0x019A	0x2B94      	INCF        FARG_strncmp_s2+1, 1, 1
;__Lib_CString.c,226 :: 		
0x019C	0xD7D2      	BRA         L_strncmp58
L_strncmp59:
;__Lib_CString.c,227 :: 		
0x019E	0x6A00      	CLRF        R0 
0x01A0	0x6A01      	CLRF        R1 
;__Lib_CString.c,228 :: 		
L_end_strncmp:
0x01A2	0x0012      	RETURN      0
; end of _strncmp
_Lcd_Out:
;__Lib_Lcd.c,184 :: 		
;__Lib_Lcd.c,187 :: 		
0x01A4	0xD010      	BRA         L_Lcd_Out11
;__Lib_Lcd.c,188 :: 		
L_Lcd_Out13:
0x01A6	0x0E80      	MOVLW       128
0x01A8	0x0100      	MOVLB       0
0x01AA	0x6F8B      	MOVWF       FARG_Lcd_Out_row, 1
0x01AC	0xD01A      	BRA         L_Lcd_Out12
;__Lib_Lcd.c,189 :: 		
L_Lcd_Out14:
0x01AE	0x0EC0      	MOVLW       192
0x01B0	0x6F8B      	MOVWF       FARG_Lcd_Out_row, 1
0x01B2	0xD017      	BRA         L_Lcd_Out12
;__Lib_Lcd.c,190 :: 		
L_Lcd_Out15:
0x01B4	0x0E94      	MOVLW       148
0x01B6	0x6F8B      	MOVWF       FARG_Lcd_Out_row, 1
0x01B8	0xD014      	BRA         L_Lcd_Out12
;__Lib_Lcd.c,191 :: 		
L_Lcd_Out16:
0x01BA	0x0ED4      	MOVLW       212
0x01BC	0x6F8B      	MOVWF       FARG_Lcd_Out_row, 1
0x01BE	0xD011      	BRA         L_Lcd_Out12
;__Lib_Lcd.c,192 :: 		
L_Lcd_Out17:
0x01C0	0x0E80      	MOVLW       128
0x01C2	0x6F8B      	MOVWF       FARG_Lcd_Out_row, 1
;__Lib_Lcd.c,193 :: 		
0x01C4	0xD00E      	BRA         L_Lcd_Out12
L_Lcd_Out11:
0x01C6	0x0100      	MOVLB       0
0x01C8	0x518B      	MOVF        FARG_Lcd_Out_row, 0, 1
0x01CA	0x0A01      	XORLW       1
0x01CC	0xE0EC      	BZ          L_Lcd_Out13
0x01CE	0x518B      	MOVF        FARG_Lcd_Out_row, 0, 1
0x01D0	0x0A02      	XORLW       2
0x01D2	0xE0ED      	BZ          L_Lcd_Out14
0x01D4	0x518B      	MOVF        FARG_Lcd_Out_row, 0, 1
0x01D6	0x0A03      	XORLW       3
0x01D8	0xE0ED      	BZ          L_Lcd_Out15
0x01DA	0x518B      	MOVF        FARG_Lcd_Out_row, 0, 1
0x01DC	0x0A04      	XORLW       4
0x01DE	0xE0ED      	BZ          L_Lcd_Out16
0x01E0	0xD7EF      	BRA         L_Lcd_Out17
L_Lcd_Out12:
;__Lib_Lcd.c,194 :: 		
0x01E2	0x058C      	DECF        FARG_Lcd_Out_column, 0, 1
0x01E4	0x6E00      	MOVWF       R0 
0x01E6	0x518B      	MOVF        FARG_Lcd_Out_row, 0, 1
0x01E8	0x2600      	ADDWF       R0, 1 
0x01EA	0xF08BC000  	MOVFF       R0, FARG_Lcd_Out_row
;__Lib_Lcd.c,196 :: 		
0x01EE	0xF096C000  	MOVFF       R0, FARG_Lcd_Cmd_out_char
0x01F2	0xDF27      	RCALL       _Lcd_Cmd
;__Lib_Lcd.c,197 :: 		
0x01F4	0x907C      	BCF         __Lib_Lcd_cmd_status, BitPos(__Lib_Lcd_cmd_status+0) 
;__Lib_Lcd.c,198 :: 		
0x01F6	0x6A7F      	CLRF        Lcd_Out_i_L0 
;__Lib_Lcd.c,199 :: 		
L_Lcd_Out18:
0x01F8	0x507F      	MOVF        Lcd_Out_i_L0, 0 
0x01FA	0x258D      	ADDWF       FARG_Lcd_Out_text, 0, 1
0x01FC	0x6EE9      	MOVWF       FSR0L 
0x01FE	0x0E00      	MOVLW       0
0x0200	0x218E      	ADDWFC      FARG_Lcd_Out_text+1, 0, 1
0x0202	0x6EEA      	MOVWF       FSR0H 
0x0204	0x52EE      	MOVF        POSTINC0, 1 
0x0206	0xE00B      	BZ          L_Lcd_Out19
;__Lib_Lcd.c,200 :: 		
0x0208	0x507F      	MOVF        Lcd_Out_i_L0, 0 
0x020A	0x258D      	ADDWF       FARG_Lcd_Out_text, 0, 1
0x020C	0x6EE9      	MOVWF       FSR0L 
0x020E	0x0E00      	MOVLW       0
0x0210	0x218E      	ADDWFC      FARG_Lcd_Out_text+1, 0, 1
0x0212	0x6EEA      	MOVWF       FSR0H 
0x0214	0xF080CFEE  	MOVFF       POSTINC0, FARG_Lcd_Chr_CP_out_char
0x0218	0xDF8E      	RCALL       _Lcd_Chr_CP
0x021A	0x2A7F      	INCF        Lcd_Out_i_L0, 1 
0x021C	0xD7ED      	BRA         L_Lcd_Out18
L_Lcd_Out19:
;__Lib_Lcd.c,201 :: 		
0x021E	0x807C      	BSF         __Lib_Lcd_cmd_status, BitPos(__Lib_Lcd_cmd_status+0) 
;__Lib_Lcd.c,202 :: 		
L_end_Lcd_Out:
0x0220	0x0012      	RETURN      0
; end of _Lcd_Out
_Lcd_Init:
;__Lib_Lcd.c,84 :: 		
;__Lib_Lcd.c,86 :: 		
0x0222	0x9A94      	BCF         LCD_EN_Direction, BitPos(LCD_EN_Direction+0) 
;__Lib_Lcd.c,87 :: 		
0x0224	0x9894      	BCF         LCD_RS_Direction, BitPos(LCD_RS_Direction+0) 
;__Lib_Lcd.c,88 :: 		
0x0226	0x9094      	BCF         LCD_D4_Direction, BitPos(LCD_D4_Direction+0) 
;__Lib_Lcd.c,89 :: 		
0x0228	0x9294      	BCF         LCD_D5_Direction, BitPos(LCD_D5_Direction+0) 
;__Lib_Lcd.c,90 :: 		
0x022A	0x9494      	BCF         LCD_D6_Direction, BitPos(LCD_D6_Direction+0) 
;__Lib_Lcd.c,91 :: 		
0x022C	0x9694      	BCF         LCD_D7_Direction, BitPos(LCD_D7_Direction+0) 
;__Lib_Lcd.c,93 :: 		
0x022E	0x9A82      	BCF         LCD_EN, BitPos(LCD_EN+0) 
;__Lib_Lcd.c,94 :: 		
0x0230	0x9882      	BCF         LCD_RS, BitPos(LCD_RS+0) 
;__Lib_Lcd.c,95 :: 		
0x0232	0x9682      	BCF         LCD_D7, BitPos(LCD_D7+0) 
;__Lib_Lcd.c,96 :: 		
0x0234	0x9482      	BCF         LCD_D6, BitPos(LCD_D6+0) 
;__Lib_Lcd.c,97 :: 		
0x0236	0x9282      	BCF         LCD_D5, BitPos(LCD_D5+0) 
;__Lib_Lcd.c,98 :: 		
0x0238	0x9082      	BCF         LCD_D4, BitPos(LCD_D4+0) 
;__Lib_Lcd.c,100 :: 		
0x023A	0xDEF5      	RCALL       _Delay_5500us
;__Lib_Lcd.c,101 :: 		
0x023C	0xDEF4      	RCALL       _Delay_5500us
;__Lib_Lcd.c,102 :: 		
0x023E	0xDEF3      	RCALL       _Delay_5500us
;__Lib_Lcd.c,105 :: 		
0x0240	0x8282      	BSF         LCD_D5, BitPos(LCD_D5+0) 
;__Lib_Lcd.c,106 :: 		
0x0242	0x8082      	BSF         LCD_D4, BitPos(LCD_D4+0) 
;__Lib_Lcd.c,107 :: 		
0x0244	0x8A82      	BSF         LCD_EN, BitPos(LCD_EN+0) 
;__Lib_Lcd.c,108 :: 		
0x0246	0xDEFA      	RCALL       _Delay_1us
;__Lib_Lcd.c,109 :: 		
0x0248	0x9A82      	BCF         LCD_EN, BitPos(LCD_EN+0) 
;__Lib_Lcd.c,110 :: 		
0x024A	0xDEED      	RCALL       _Delay_5500us
;__Lib_Lcd.c,112 :: 		
0x024C	0x8A82      	BSF         LCD_EN, BitPos(LCD_EN+0) 
;__Lib_Lcd.c,113 :: 		
0x024E	0xDEF6      	RCALL       _Delay_1us
;__Lib_Lcd.c,114 :: 		
0x0250	0x9A82      	BCF         LCD_EN, BitPos(LCD_EN+0) 
;__Lib_Lcd.c,115 :: 		
0x0252	0xDEE9      	RCALL       _Delay_5500us
;__Lib_Lcd.c,117 :: 		
0x0254	0x8A82      	BSF         LCD_EN, BitPos(LCD_EN+0) 
;__Lib_Lcd.c,118 :: 		
0x0256	0xDEF2      	RCALL       _Delay_1us
;__Lib_Lcd.c,119 :: 		
0x0258	0x9A82      	BCF         LCD_EN, BitPos(LCD_EN+0) 
;__Lib_Lcd.c,120 :: 		
0x025A	0xDEE5      	RCALL       _Delay_5500us
;__Lib_Lcd.c,123 :: 		
0x025C	0x9082      	BCF         LCD_D4, BitPos(LCD_D4+0) 
;__Lib_Lcd.c,124 :: 		
0x025E	0x8A82      	BSF         LCD_EN, BitPos(LCD_EN+0) 
;__Lib_Lcd.c,125 :: 		
0x0260	0xDEED      	RCALL       _Delay_1us
;__Lib_Lcd.c,126 :: 		
0x0262	0x9A82      	BCF         LCD_EN, BitPos(LCD_EN+0) 
;__Lib_Lcd.c,127 :: 		
0x0264	0xDEE0      	RCALL       _Delay_5500us
;__Lib_Lcd.c,130 :: 		
0x0266	0x8A82      	BSF         LCD_EN, BitPos(LCD_EN+0) 
;__Lib_Lcd.c,131 :: 		
0x0268	0xDEE9      	RCALL       _Delay_1us
;__Lib_Lcd.c,132 :: 		
0x026A	0x9A82      	BCF         LCD_EN, BitPos(LCD_EN+0) 
;__Lib_Lcd.c,134 :: 		
0x026C	0x9282      	BCF         LCD_D5, BitPos(LCD_D5+0) 
;__Lib_Lcd.c,135 :: 		
0x026E	0x8682      	BSF         LCD_D7, BitPos(LCD_D7+0) 
;__Lib_Lcd.c,136 :: 		
0x0270	0x8A82      	BSF         LCD_EN, BitPos(LCD_EN+0) 
;__Lib_Lcd.c,137 :: 		
0x0272	0xDEE4      	RCALL       _Delay_1us
;__Lib_Lcd.c,138 :: 		
0x0274	0x9A82      	BCF         LCD_EN, BitPos(LCD_EN+0) 
;__Lib_Lcd.c,139 :: 		
0x0276	0xDED7      	RCALL       _Delay_5500us
;__Lib_Lcd.c,142 :: 		
0x0278	0x9682      	BCF         LCD_D7, BitPos(LCD_D7+0) 
;__Lib_Lcd.c,143 :: 		
0x027A	0x8082      	BSF         LCD_D4, BitPos(LCD_D4+0) 
;__Lib_Lcd.c,144 :: 		
0x027C	0x8A82      	BSF         LCD_EN, BitPos(LCD_EN+0) 
;__Lib_Lcd.c,145 :: 		
0x027E	0xDEDE      	RCALL       _Delay_1us
;__Lib_Lcd.c,146 :: 		
0x0280	0x9A82      	BCF         LCD_EN, BitPos(LCD_EN+0) 
;__Lib_Lcd.c,148 :: 		
0x0282	0x9082      	BCF         LCD_D4, BitPos(LCD_D4+0) 
;__Lib_Lcd.c,149 :: 		
0x0284	0x8A82      	BSF         LCD_EN, BitPos(LCD_EN+0) 
;__Lib_Lcd.c,150 :: 		
0x0286	0xDEDA      	RCALL       _Delay_1us
;__Lib_Lcd.c,151 :: 		
0x0288	0x9A82      	BCF         LCD_EN, BitPos(LCD_EN+0) 
;__Lib_Lcd.c,152 :: 		
0x028A	0xDECD      	RCALL       _Delay_5500us
;__Lib_Lcd.c,155 :: 		
0x028C	0x8A82      	BSF         LCD_EN, BitPos(LCD_EN+0) 
;__Lib_Lcd.c,156 :: 		
0x028E	0xDED6      	RCALL       _Delay_1us
;__Lib_Lcd.c,157 :: 		
0x0290	0x9A82      	BCF         LCD_EN, BitPos(LCD_EN+0) 
;__Lib_Lcd.c,159 :: 		
0x0292	0x8082      	BSF         LCD_D4, BitPos(LCD_D4+0) 
;__Lib_Lcd.c,160 :: 		
0x0294	0x8A82      	BSF         LCD_EN, BitPos(LCD_EN+0) 
;__Lib_Lcd.c,161 :: 		
0x0296	0xDED2      	RCALL       _Delay_1us
;__Lib_Lcd.c,162 :: 		
0x0298	0x9A82      	BCF         LCD_EN, BitPos(LCD_EN+0) 
;__Lib_Lcd.c,163 :: 		
0x029A	0xDEC5      	RCALL       _Delay_5500us
;__Lib_Lcd.c,166 :: 		
0x029C	0x9082      	BCF         LCD_D4, BitPos(LCD_D4+0) 
;__Lib_Lcd.c,167 :: 		
0x029E	0x8A82      	BSF         LCD_EN, BitPos(LCD_EN+0) 
;__Lib_Lcd.c,168 :: 		
0x02A0	0xDECD      	RCALL       _Delay_1us
;__Lib_Lcd.c,169 :: 		
0x02A2	0x9A82      	BCF         LCD_EN, BitPos(LCD_EN+0) 
;__Lib_Lcd.c,171 :: 		
0x02A4	0x8682      	BSF         LCD_D7, BitPos(LCD_D7+0) 
;__Lib_Lcd.c,172 :: 		
0x02A6	0x8482      	BSF         LCD_D6, BitPos(LCD_D6+0) 
;__Lib_Lcd.c,173 :: 		
0x02A8	0x8282      	BSF         LCD_D5, BitPos(LCD_D5+0) 
;__Lib_Lcd.c,174 :: 		
0x02AA	0x8082      	BSF         LCD_D4, BitPos(LCD_D4+0) 
;__Lib_Lcd.c,175 :: 		
0x02AC	0x8A82      	BSF         LCD_EN, BitPos(LCD_EN+0) 
;__Lib_Lcd.c,176 :: 		
0x02AE	0xDEC6      	RCALL       _Delay_1us
;__Lib_Lcd.c,177 :: 		
0x02B0	0x9A82      	BCF         LCD_EN, BitPos(LCD_EN+0) 
;__Lib_Lcd.c,179 :: 		
0x02B2	0xDEB9      	RCALL       _Delay_5500us
;__Lib_Lcd.c,181 :: 		
0x02B4	0x807C      	BSF         __Lib_Lcd_cmd_status, BitPos(__Lib_Lcd_cmd_status+0) 
;__Lib_Lcd.c,182 :: 		
L_end_Lcd_Init:
0x02B6	0x0012      	RETURN      0
; end of _Lcd_Init
_strstr:
;__Lib_CString.c,273 :: 		
;__Lib_CString.c,274 :: 		
L_strstr70:
0x02B8	0x0E00      	MOVLW       0
0x02BA	0x0100      	MOVLB       0
0x02BC	0x198C      	XORWF       FARG_strstr_s1+1, 0, 1
0x02BE	0xE102      	BNZ         L__strstr113
0x02C0	0x0E00      	MOVLW       0
0x02C2	0x198B      	XORWF       FARG_strstr_s1, 0, 1
L__strstr113:
0x02C4	0xE034      	BZ          L_strstr71
0x02C6	0xFFE9C08B  	MOVFF       FARG_strstr_s1, FSR0L
0x02CA	0xFFEAC08C  	MOVFF       FARG_strstr_s1+1, FSR0H
0x02CE	0x52EE      	MOVF        POSTINC0, 1 
0x02D0	0xE02E      	BZ          L_strstr71
L__strstr87:
;__Lib_CString.c,275 :: 		
0x02D2	0xF091C08D  	MOVFF       FARG_strstr_s2, FARG_strlen_s
0x02D6	0xF092C08E  	MOVFF       FARG_strstr_s2+1, FARG_strlen_s+1
0x02DA	0xDF10      	RCALL       _strlen
0x02DC	0xF095C000  	MOVFF       R0, FARG_strncmp_len
0x02E0	0xF091C08B  	MOVFF       FARG_strstr_s1, FARG_strncmp_s1
0x02E4	0xF092C08C  	MOVFF       FARG_strstr_s1+1, FARG_strncmp_s1+1
0x02E8	0xF093C08D  	MOVFF       FARG_strstr_s2, FARG_strncmp_s2
0x02EC	0xF094C08E  	MOVFF       FARG_strstr_s2+1, FARG_strncmp_s2+1
0x02F0	0xDF28      	RCALL       _strncmp
0x02F2	0x0E00      	MOVLW       0
0x02F4	0x1801      	XORWF       R1, 0 
0x02F6	0xE102      	BNZ         L__strstr114
0x02F8	0x0E00      	MOVLW       0
0x02FA	0x1800      	XORWF       R0, 0 
L__strstr114:
0x02FC	0xE105      	BNZ         L_strstr74
;__Lib_CString.c,276 :: 		
0x02FE	0xF000C08B  	MOVFF       FARG_strstr_s1, R0
0x0302	0xF001C08C  	MOVFF       FARG_strstr_s1+1, R1
0x0306	0xD015      	BRA         L_end_strstr
L_strstr74:
;__Lib_CString.c,277 :: 		
0x0308	0x0E01      	MOVLW       1
0x030A	0x0100      	MOVLB       0
0x030C	0x258B      	ADDWF       FARG_strstr_s1, 0, 1
0x030E	0x6F91      	MOVWF       FARG_strchr_ptr, 1
0x0310	0x0E00      	MOVLW       0
0x0312	0x218C      	ADDWFC      FARG_strstr_s1+1, 0, 1
0x0314	0x6F92      	MOVWF       FARG_strchr_ptr+1, 1
0x0316	0xFFE9C08D  	MOVFF       FARG_strstr_s2, FSR0L
0x031A	0xFFEAC08E  	MOVFF       FARG_strstr_s2+1, FSR0H
0x031E	0xF093CFEE  	MOVFF       POSTINC0, FARG_strchr_chr
0x0322	0xDECE      	RCALL       _strchr
0x0324	0xF08BC000  	MOVFF       R0, FARG_strstr_s1
0x0328	0xF08CC001  	MOVFF       R1, FARG_strstr_s1+1
;__Lib_CString.c,278 :: 		
0x032C	0xD7C5      	BRA         L_strstr70
L_strstr71:
;__Lib_CString.c,279 :: 		
0x032E	0x6A00      	CLRF        R0 
0x0330	0x6A01      	CLRF        R1 
;__Lib_CString.c,280 :: 		
L_end_strstr:
0x0332	0x0012      	RETURN      0
; end of _strstr
_strncpy:
;__Lib_CString.c,166 :: 		
;__Lib_CString.c,169 :: 		
0x0334	0xF004C08B  	MOVFF       FARG_strncpy_to, R4
0x0338	0xF005C08C  	MOVFF       FARG_strncpy_to+1, R5
;__Lib_CString.c,170 :: 		
L_strncpy45:
0x033C	0x0100      	MOVLB       0
0x033E	0x518F      	MOVF        FARG_strncpy_size, 0, 1
0x0340	0x1190      	IORWF       FARG_strncpy_size+1, 0, 1
0x0342	0xE024      	BZ          L_strncpy46
;__Lib_CString.c,171 :: 		
0x0344	0x0E01      	MOVLW       1
0x0346	0x5F8F      	SUBWF       FARG_strncpy_size, 1, 1
0x0348	0x0E00      	MOVLW       0
0x034A	0x5B90      	SUBWFB      FARG_strncpy_size+1, 1, 1
;__Lib_CString.c,173 :: 		
0x034C	0xF002C004  	MOVFF       R4, R2
0x0350	0xF003C005  	MOVFF       R5, R3
0x0354	0x4A04      	INFSNZ      R4, 1 
0x0356	0x2A05      	INCF        R5, 1 
0x0358	0xF000C08D  	MOVFF       FARG_strncpy_from, R0
0x035C	0xF001C08E  	MOVFF       FARG_strncpy_from+1, R1
0x0360	0x4B8D      	INFSNZ      FARG_strncpy_from, 1, 1
0x0362	0x2B8E      	INCF        FARG_strncpy_from+1, 1, 1
0x0364	0xFFE9C000  	MOVFF       R0, FSR0L
0x0368	0xFFEAC001  	MOVFF       R1, FSR0H
0x036C	0xFFE1C002  	MOVFF       R2, FSR1L
0x0370	0xFFE2C003  	MOVFF       R3, FSR1H
0x0374	0xFFE6CFEE  	MOVFF       POSTINC0, POSTINC1
0x0378	0xFFE9C002  	MOVFF       R2, FSR0L
0x037C	0xFFEAC003  	MOVFF       R3, FSR0H
0x0380	0xF000CFEE  	MOVFF       POSTINC0, R0
0x0384	0x5200      	MOVF        R0, 1 
0x0386	0xE101      	BNZ         L_strncpy47
;__Lib_CString.c,174 :: 		
0x0388	0xD001      	BRA         L_strncpy46
L_strncpy47:
;__Lib_CString.c,175 :: 		
0x038A	0xD7D8      	BRA         L_strncpy45
L_strncpy46:
;__Lib_CString.c,176 :: 		
L_strncpy48:
0x038C	0xF000C08F  	MOVFF       FARG_strncpy_size, R0
0x0390	0xF001C090  	MOVFF       FARG_strncpy_size+1, R1
0x0394	0x0E01      	MOVLW       1
0x0396	0x5F8F      	SUBWF       FARG_strncpy_size, 1, 1
0x0398	0x0E00      	MOVLW       0
0x039A	0x5B90      	SUBWFB      FARG_strncpy_size+1, 1, 1
0x039C	0x5000      	MOVF        R0, 0 
0x039E	0x1001      	IORWF       R1, 0 
0x03A0	0xE008      	BZ          L_strncpy49
;__Lib_CString.c,177 :: 		
0x03A2	0xFFE1C004  	MOVFF       R4, FSR1L
0x03A6	0xFFE2C005  	MOVFF       R5, FSR1H
0x03AA	0x6AE6      	CLRF        POSTINC1 
0x03AC	0x4A04      	INFSNZ      R4, 1 
0x03AE	0x2A05      	INCF        R5, 1 
0x03B0	0xD7ED      	BRA         L_strncpy48
L_strncpy49:
;__Lib_CString.c,179 :: 		
0x03B2	0xF000C08B  	MOVFF       FARG_strncpy_to, R0
0x03B6	0xF001C08C  	MOVFF       FARG_strncpy_to+1, R1
;__Lib_CString.c,180 :: 		
L_end_strncpy:
0x03BA	0x0012      	RETURN      0
; end of _strncpy
___CC2DW:
;__Lib_System.c,21 :: 		
;__Lib_System.c,23 :: 		
_CC2DL_Loop1:
;__Lib_System.c,24 :: 		
0x03BC	0x0009      	TBLRD*+
;__Lib_System.c,25 :: 		
0x03BE	0xFFE6CFF5  	MOVFF       TABLAT, POSTINC1
;__Lib_System.c,26 :: 		
0x03C2	0x0600      	DECF        R0, 1, 0
;__Lib_System.c,27 :: 		
0x03C4	0xE1FB      	BNZ         _CC2DL_Loop1
;__Lib_System.c,28 :: 		
0x03C6	0x0601      	DECF        R1, 1, 0
;__Lib_System.c,29 :: 		
0x03C8	0xE1F9      	BNZ         _CC2DL_Loop1
;__Lib_System.c,31 :: 		
L_end___CC2DW:
0x03CA	0x0012      	RETURN      0
; end of ___CC2DW
_config:
;MyProject.c,30 :: 		void config(){
;MyProject.c,31 :: 		Lcd_Init();
0x03CC	0xDF2A      	RCALL       _Lcd_Init
;MyProject.c,32 :: 		LCD_CMD(_LCD_CURSOR_OFF);
0x03CE	0x0E0C      	MOVLW       12
0x03D0	0x0100      	MOVLB       0
0x03D2	0x6F96      	MOVWF       FARG_Lcd_Cmd_out_char, 1
0x03D4	0xDE36      	RCALL       _Lcd_Cmd
;MyProject.c,33 :: 		LCD_OUT(1,1,"WIFI GET TEXT ");
0x03D6	0x0E01      	MOVLW       1
0x03D8	0x6F8B      	MOVWF       FARG_Lcd_Out_row, 1
0x03DA	0x0E01      	MOVLW       1
0x03DC	0x6F8C      	MOVWF       FARG_Lcd_Out_column, 1
0x03DE	0x0E1D      	MOVLW       ?lstr3_MyProject
0x03E0	0x6F8D      	MOVWF       FARG_Lcd_Out_text, 1
0x03E2	0x0E00      	MOVLW       hi_addr(?lstr3_MyProject)
0x03E4	0x6F8E      	MOVWF       FARG_Lcd_Out_text+1, 1
0x03E6	0xDEDE      	RCALL       _Lcd_Out
;MyProject.c,34 :: 		delay_ms(1000);
0x03E8	0x0E0B      	MOVLW       11
0x03EA	0x6E0B      	MOVWF       R11, 0
0x03EC	0x0E26      	MOVLW       38
0x03EE	0x6E0C      	MOVWF       R12, 0
0x03F0	0x0E5D      	MOVLW       93
0x03F2	0x6E0D      	MOVWF       R13, 0
L_config2:
0x03F4	0x2E0D      	DECFSZ      R13, 1, 0
0x03F6	0xD7FE      	BRA         L_config2
0x03F8	0x2E0C      	DECFSZ      R12, 1, 0
0x03FA	0xD7FC      	BRA         L_config2
0x03FC	0x2E0B      	DECFSZ      R11, 1, 0
0x03FE	0xD7FA      	BRA         L_config2
0x0400	0x0000      	NOP
0x0402	0x0000      	NOP
;MyProject.c,35 :: 		lcd_cmd(_LCD_CLEAR);
0x0404	0x0E01      	MOVLW       1
0x0406	0x6F96      	MOVWF       FARG_Lcd_Cmd_out_char, 1
0x0408	0xDE1C      	RCALL       _Lcd_Cmd
;MyProject.c,36 :: 		}
L_end_config:
0x040A	0x0012      	RETURN      0
; end of _config
_get_string:
;MyProject.c,37 :: 		char get_string(char *string,char *from, char _from,char *to,char _to,char *get){
;MyProject.c,40 :: 		char lenght=0;
;MyProject.c,41 :: 		p1 = strstr(string,from)+ _from ;
0x040C	0xF08BC081  	MOVFF       FARG_get_string_string, FARG_strstr_s1
0x0410	0xF08CC082  	MOVFF       FARG_get_string_string+1, FARG_strstr_s1+1
0x0414	0xF08DC083  	MOVFF       FARG_get_string_from, FARG_strstr_s2
0x0418	0xF08EC084  	MOVFF       FARG_get_string_from+1, FARG_strstr_s2+1
0x041C	0xDF4D      	RCALL       _strstr
0x041E	0x0100      	MOVLB       0
0x0420	0x5185      	MOVF        FARG_get_string__from, 0, 1
0x0422	0x2600      	ADDWF       R0, 1 
0x0424	0x0E00      	MOVLW       0
0x0426	0x2201      	ADDWFC      R1, 1 
0x0428	0xF07DC000  	MOVFF       R0, get_string_p1_L0
0x042C	0xF07EC001  	MOVFF       R1, get_string_p1_L0+1
;MyProject.c,43 :: 		p2= strstr(p1,to ) + _to;
0x0430	0xF08BC000  	MOVFF       R0, FARG_strstr_s1
0x0434	0xF08CC001  	MOVFF       R1, FARG_strstr_s1+1
0x0438	0xF08DC086  	MOVFF       FARG_get_string_to, FARG_strstr_s2
0x043C	0xF08EC087  	MOVFF       FARG_get_string_to+1, FARG_strstr_s2+1
0x0440	0xDF3B      	RCALL       _strstr
0x0442	0x0100      	MOVLB       0
0x0444	0x5188      	MOVF        FARG_get_string__to, 0, 1
0x0446	0x2400      	ADDWF       R0, 0 
0x0448	0x6F8F      	MOVWF       FARG_strncpy_size, 1
0x044A	0x0E00      	MOVLW       0
0x044C	0x2001      	ADDWFC      R1, 0 
0x044E	0x6F90      	MOVWF       FARG_strncpy_size+1, 1
;MyProject.c,44 :: 		lenght=p2-p1;
0x0450	0x507D      	MOVF        get_string_p1_L0, 0 
0x0452	0x5F8F      	SUBWF       FARG_strncpy_size, 1, 1
0x0454	0x507E      	MOVF        get_string_p1_L0+1, 0 
0x0456	0x5B90      	SUBWFB      FARG_strncpy_size+1, 1, 1
;MyProject.c,45 :: 		strncpy(get,p1,lenght);
0x0458	0xF08BC089  	MOVFF       FARG_get_string_get, FARG_strncpy_to
0x045C	0xF08CC08A  	MOVFF       FARG_get_string_get+1, FARG_strncpy_to+1
0x0460	0xF08DC07D  	MOVFF       get_string_p1_L0, FARG_strncpy_from
0x0464	0xF08EC07E  	MOVFF       get_string_p1_L0+1, FARG_strncpy_from+1
0x0468	0x0E00      	MOVLW       0
0x046A	0x6F90      	MOVWF       FARG_strncpy_size+1, 1
0x046C	0xDF63      	RCALL       _strncpy
;MyProject.c,47 :: 		}
L_end_get_string:
0x046E	0x0012      	RETURN      0
; end of _get_string
_main:
0x0470	0xF002EC85  	CALL        1290, 0
;MyProject.c,22 :: 		void main() {
;MyProject.c,23 :: 		config();
0x0474	0xDFAB      	RCALL       _config
;MyProject.c,24 :: 		while(1){
L_main0:
;MyProject.c,25 :: 		get_string( string,"good",5,"he",-1,get);
0x0476	0x0E2C      	MOVLW       _string
0x0478	0x6F81      	MOVWF       FARG_get_string_string, 1
0x047A	0x0E00      	MOVLW       hi_addr(_string)
0x047C	0x6F82      	MOVWF       FARG_get_string_string+1, 1
0x047E	0x0E18      	MOVLW       ?lstr1_MyProject
0x0480	0x6F83      	MOVWF       FARG_get_string_from, 1
0x0482	0x0E00      	MOVLW       hi_addr(?lstr1_MyProject)
0x0484	0x6F84      	MOVWF       FARG_get_string_from+1, 1
0x0486	0x0E05      	MOVLW       5
0x0488	0x6F85      	MOVWF       FARG_get_string__from, 1
0x048A	0x0E15      	MOVLW       ?lstr2_MyProject
0x048C	0x6F86      	MOVWF       FARG_get_string_to, 1
0x048E	0x0E00      	MOVLW       hi_addr(?lstr2_MyProject)
0x0490	0x6F87      	MOVWF       FARG_get_string_to+1, 1
0x0492	0x0EFF      	MOVLW       255
0x0494	0x6F88      	MOVWF       FARG_get_string__to, 1
0x0496	0x0E68      	MOVLW       _get
0x0498	0x6F89      	MOVWF       FARG_get_string_get, 1
0x049A	0x0E00      	MOVLW       hi_addr(_get)
0x049C	0x6F8A      	MOVWF       FARG_get_string_get+1, 1
0x049E	0xDFB6      	RCALL       _get_string
;MyProject.c,26 :: 		lcd_out(1,1,get);
0x04A0	0x0E01      	MOVLW       1
0x04A2	0x6F8B      	MOVWF       FARG_Lcd_Out_row, 1
0x04A4	0x0E01      	MOVLW       1
0x04A6	0x6F8C      	MOVWF       FARG_Lcd_Out_column, 1
0x04A8	0x0E68      	MOVLW       _get
0x04AA	0x6F8D      	MOVWF       FARG_Lcd_Out_text, 1
0x04AC	0x0E00      	MOVLW       hi_addr(_get)
0x04AE	0x6F8E      	MOVWF       FARG_Lcd_Out_text+1, 1
0x04B0	0xDE79      	RCALL       _Lcd_Out
;MyProject.c,28 :: 		}
0x04B2	0xD7E1      	BRA         L_main0
;MyProject.c,29 :: 		}
L_end_main:
0x04B4	0xD7FF      	BRA         $+0
; end of _main
0x050A	0xF015EE10  	LFSR        1, 21
0x050E	0x0E53      	MOVLW       83
0x0510	0x6E00      	MOVWF       R0 
0x0512	0x0E01      	MOVLW       1
0x0514	0x6E01      	MOVWF       R1 
0x0516	0x0EB6      	MOVLW       182
0x0518	0x6EF6      	MOVWF       4086 
0x051A	0x0E04      	MOVLW       4
0x051C	0x6EF7      	MOVWF       TBLPTRH 
0x051E	0x0E00      	MOVLW       0
0x0520	0x6EF8      	MOVWF       TBLPTRU 
0x0522	0xF001ECDE  	CALL        956, 0
0x0526	0x0012      	RETURN      0
;MyProject.c,0 :: ?ICS?lstr2_MyProject
0x04B6	0x6568 ;?ICS?lstr2_MyProject+0
0x04B8	0x00 ;?ICS?lstr2_MyProject+2
; end of ?ICS?lstr2_MyProject
;MyProject.c,0 :: ?ICS?lstr1_MyProject
0x04B9	0x6F67 ;?ICS?lstr1_MyProject+0
0x04BB	0x646F ;?ICS?lstr1_MyProject+2
0x04BD	0x00 ;?ICS?lstr1_MyProject+4
; end of ?ICS?lstr1_MyProject
;MyProject.c,0 :: ?ICS?lstr3_MyProject
0x04BE	0x4957 ;?ICS?lstr3_MyProject+0
0x04C0	0x4946 ;?ICS?lstr3_MyProject+2
0x04C2	0x4720 ;?ICS?lstr3_MyProject+4
0x04C4	0x5445 ;?ICS?lstr3_MyProject+6
0x04C6	0x5420 ;?ICS?lstr3_MyProject+8
0x04C8	0x5845 ;?ICS?lstr3_MyProject+10
0x04CA	0x2054 ;?ICS?lstr3_MyProject+12
0x04CC	0x00 ;?ICS?lstr3_MyProject+14
; end of ?ICS?lstr3_MyProject
;MyProject.c,0 :: ?ICS_string
0x04CD	0x6D20 ;?ICS_string+0
0x04CF	0x686F ;?ICS_string+2
0x04D1	0x6D61 ;?ICS_string+4
0x04D3	0x6465 ;?ICS_string+6
0x04D5	0x7320 ;?ICS_string+8
0x04D7	0x6D61 ;?ICS_string+10
0x04D9	0x2079 ;?ICS_string+12
0x04DB	0x7369 ;?ICS_string+14
0x04DD	0x6120 ;?ICS_string+16
0x04DF	0x6720 ;?ICS_string+18
0x04E1	0x6F6F ;?ICS_string+20
0x04E3	0x2064 ;?ICS_string+22
0x04E5	0x6E65 ;?ICS_string+24
0x04E7	0x6967 ;?ICS_string+26
0x04E9	0x656E ;?ICS_string+28
0x04EB	0x7265 ;?ICS_string+30
0x04ED	0x6820 ;?ICS_string+32
0x04EF	0x2065 ;?ICS_string+34
0x04F1	0x6977 ;?ICS_string+36
0x04F3	0x6C6C ;?ICS_string+38
0x04F5	0x6220 ;?ICS_string+40
0x04F7	0x2065 ;?ICS_string+42
0x04F9	0x2061 ;?ICS_string+44
0x04FB	0x6F67 ;?ICS_string+46
0x04FD	0x646F ;?ICS_string+48
0x04FF	0x6D20 ;?ICS_string+50
0x0501	0x6E61 ;?ICS_string+52
0x0503	0x6761 ;?ICS_string+54
0x0505	0x7265 ;?ICS_string+56
0x0507	0x0020 ;?ICS_string+58
; end of ?ICS_string
Symbol List:
//** Routines locations **
//ADDRESS    SIZE    PROCEDURE
//----------------------------------------------
0x001C      [10]    _Delay_50us
0x0026      [22]    _Delay_5500us
0x003C       [6]    _Delay_1us
0x0042     [126]    _Lcd_Cmd
0x00C0      [60]    _strchr
0x00FC      [58]    _strlen
0x0136      [12]    _Lcd_Chr_CP
0x0142      [98]    _strncmp
0x01A4     [126]    _Lcd_Out
0x0222     [150]    _Lcd_Init
0x02B8     [124]    _strstr
0x0334     [136]    _strncpy
0x03BC      [16]    ___CC2DW
0x03CC      [64]    _config
0x040C     [100]    _get_string
0x0470      [70]    _main
//** Variables locations ** 
//ADDRESS    SIZE    VARIABLE
//----------------------------------------------
0x0000       [1]    EEPROM_Write_SaveINTCON_L0
0x0000       [1]    SPI1_Write_tmp_L0
0x0000       [1]    R0
0x0001       [1]    R1
0x0001       [1]    ispunct_rslt_L0
0x0002       [2]    strlen_cp_L0
0x0002       [2]    memchr_s_L0
0x0002       [1]    R2
0x0002       [2]    memset_pp_L0
0x0002       [2]    memcpy_dd_L0
0x0003       [2]    Ltrim_original_L0
0x0003       [2]    memmove_tt_L0
0x0003       [1]    R3
0x0004       [2]    strncpy_cp_L0
0x0004       [1]    R4
0x0004       [2]    strcpy_cp_L0
0x0004       [2]    memcpy_ss_L0
0x0004       [2]    strncat_cp_L0
0x0004       [2]    strcat_cp_L0
0x0004       [2]    frexp_pom_L0
0x0005       [2]    memmove_ff_L0
0x0005       [1]    R5
0x0005       [2]    LongWordToHex_input_half_L0
0x0005       [2]    LongIntToHex_input_half_L0
0x0005       [2]    Ltrim_p_L0
0x0006       [1]    R6
0x0007       [1]    R7
0x0008       [1]    R8
0x0009       [1]    R9
0x000A       [1]    R10
0x000B       [1]    R11
0x000C       [1]    R12
0x000D       [1]    R13
0x000E       [1]    R14
0x000F       [1]    R15
0x0010       [1]    R16
0x0011       [1]    R17
0x0012       [1]    R18
0x0013       [1]    R19
0x0014       [1]    R20
0x0015       [3]    ?lstr2_MyProject
0x0018       [5]    ?lstr1_MyProject
0x001D      [15]    ?lstr3_MyProject
0x002C      [60]    _string
0x0068      [20]    _get
0x007C       [0]    __Lib_Lcd_cmd_status
0x007D       [2]    get_string_p1_L0
0x007F       [1]    Lcd_Out_i_L0
0x0080       [1]    FARG_Lcd_Chr_CP_out_char
0x0081       [2]    FARG_get_string_string
0x0083       [2]    FARG_get_string_from
0x0085       [1]    FARG_get_string__from
0x0086       [2]    FARG_get_string_to
0x0088       [1]    FARG_get_string__to
0x0089       [2]    FARG_get_string_get
0x008B       [2]    FARG_strncpy_to
0x008B       [2]    FARG_strstr_s1
0x008B       [1]    FARG_Lcd_Out_row
0x008C       [1]    FARG_Lcd_Out_column
0x008D       [2]    FARG_strstr_s2
0x008D       [2]    FARG_Lcd_Out_text
0x008D       [2]    FARG_strncpy_from
0x008F       [2]    FARG_strncpy_size
0x0091       [2]    FARG_strchr_ptr
0x0091       [2]    FARG_strncmp_s1
0x0091       [2]    FARG_strlen_s
0x0093       [1]    FARG_strchr_chr
0x0093       [2]    FARG_strncmp_s2
0x0095       [1]    FARG_strncmp_len
0x0096       [1]    FARG_Lcd_Cmd_out_char
0x0F82       [0]    LCD_RS
0x0F82       [0]    LCD_EN
0x0F82       [0]    RC3_bit
0x0F82       [0]    RC4_bit
0x0F82       [0]    RC2_bit
0x0F82       [0]    RC0_bit
0x0F82       [0]    RC1_bit
0x0F82       [0]    RC5_bit
0x0F82       [0]    LCD_D6
0x0F82       [0]    LCD_D7
0x0F82       [0]    LCD_D5
0x0F82       [0]    LCD_D4
0x0F94       [0]    LCD_EN_Direction
0x0F94       [0]    LCD_RS_Direction
0x0F94       [0]    LCD_D6_Direction
0x0F94       [0]    LCD_D7_Direction
0x0F94       [0]    TRISC5_bit
0x0F94       [0]    TRISC4_bit
0x0F94       [0]    TRISC3_bit
0x0F94       [0]    LCD_D4_Direction
0x0F94       [0]    LCD_D5_Direction
0x0F94       [0]    TRISC0_bit
0x0F94       [0]    TRISC2_bit
0x0F94       [0]    TRISC1_bit
0x0FD8       [1]    STATUS
0x0FD9       [1]    FSR2L
0x0FDA       [1]    FSR2H
0x0FDE       [1]    POSTINC2
0x0FE0       [1]    BSR
0x0FE1       [1]    FSR1L
0x0FE2       [1]    FSR1H
0x0FE4       [1]    PREINC1
0x0FE6       [1]    POSTINC1
0x0FE7       [1]    INDF1
0x0FE8       [1]    WREG
0x0FE9       [1]    FSR0L
0x0FEA       [1]    FSR0H
0x0FEE       [1]    POSTINC0
0x0FF3       [1]    PRODL
0x0FF4       [1]    PRODH
0x0FF5       [1]    TABLAT
0x0FF6       [1]    TBLPTRL
0x0FF7       [1]    TBLPTRH
0x0FF8       [1]    TBLPTRU
//** Constants locations ** 
//ADDRESS    SIZE    CONSTANT
//----------------------------------------------
0x04B6       [3]    ?ICS?lstr2_MyProject
0x04B9       [5]    ?ICS?lstr1_MyProject
0x04BE      [15]    ?ICS?lstr3_MyProject
0x04CD      [60]    ?ICS_string
