;  LST file generated by mikroListExporter - v.2.0 
; Date/Time: 2/5/2021 12:56:01 AM
;----------------------------------------------

;Address Opcode 	ASM
0x0000	0xF000EF83  	GOTO        262
0x0004	0x0000      	NOP
0x0006	0x0000      	NOP
0x0008	0xF000EF00  	GOTO        0
0x000C	0x0000      	NOP
0x000E	0x0000      	NOP
0x0010	0x0000      	NOP
0x0012	0x0000      	NOP
0x0014	0x0000      	NOP
0x0016	0x0000      	NOP
0x0018	0xD7F3      	BRA         0
_strlen:
;__Lib_CString.c,136 :: 		
;__Lib_CString.c,139 :: 		
0x001C	0xF002C050  	MOVFF       FARG_strlen_s, R2
0x0020	0xF003C051  	MOVFF       FARG_strlen_s+1, R3
;__Lib_CString.c,140 :: 		
L_strlen36:
0x0024	0xF000C002  	MOVFF       R2, R0
0x0028	0xF001C003  	MOVFF       R3, R1
0x002C	0x4A02      	INFSNZ      R2, 1 
0x002E	0x2A03      	INCF        R3, 1 
0x0030	0xFFE9C000  	MOVFF       R0, FSR0L
0x0034	0xFFEAC001  	MOVFF       R1, FSR0H
0x0038	0x52EE      	MOVF        POSTINC0, 1 
0x003A	0xE001      	BZ          L_strlen37
;__Lib_CString.c,141 :: 		
0x003C	0xD7F3      	BRA         L_strlen36
L_strlen37:
;__Lib_CString.c,142 :: 		
0x003E	0x5050      	MOVF        FARG_strlen_s, 0 
0x0040	0x5C02      	SUBWF       R2, 0 
0x0042	0x6E00      	MOVWF       R0 
0x0044	0x5051      	MOVF        FARG_strlen_s+1, 0 
0x0046	0x5803      	SUBWFB      R3, 0 
0x0048	0x6E01      	MOVWF       R1 
0x004A	0x0E01      	MOVLW       1
0x004C	0x5E00      	SUBWF       R0, 1 
0x004E	0x0E00      	MOVLW       0
0x0050	0x5A01      	SUBWFB      R1, 1 
;__Lib_CString.c,143 :: 		
L_end_strlen:
0x0052	0x0012      	RETURN      0
; end of _strlen
_find_text:
;MyProject.c,25 :: 		int find_text ( char *string ,char *string_find ){
;MyProject.c,26 :: 		unsigned int matched =0;
0x0054	0x6A48      	CLRF        find_text_matched_L0 
0x0056	0x6A49      	CLRF        find_text_matched_L0+1 
0x0058	0x6A4A      	CLRF        find_text_index_string_L0 
0x005A	0x6A4B      	CLRF        find_text_index_string_L0+1 
0x005C	0x6A4C      	CLRF        find_text_length_string_find_L0 
0x005E	0x6A4D      	CLRF        find_text_length_string_find_L0+1 
0x0060	0x6A4E      	CLRF        find_text_length_string_L0 
0x0062	0x6A4F      	CLRF        find_text_length_string_L0+1 
;MyProject.c,32 :: 		length_string_find = strlen(string_find );
0x0064	0xF050C046  	MOVFF       FARG_find_text_string_find, FARG_strlen_s
0x0068	0xF051C047  	MOVFF       FARG_find_text_string_find+1, FARG_strlen_s+1
0x006C	0xDFD7      	RCALL       _strlen
0x006E	0xF04CC000  	MOVFF       R0, find_text_length_string_find_L0
0x0072	0xF04DC001  	MOVFF       R1, find_text_length_string_find_L0+1
;MyProject.c,33 :: 		length_string = strlen( string);
0x0076	0xF050C044  	MOVFF       FARG_find_text_string, FARG_strlen_s
0x007A	0xF051C045  	MOVFF       FARG_find_text_string+1, FARG_strlen_s+1
0x007E	0xDFCE      	RCALL       _strlen
0x0080	0xF04EC000  	MOVFF       R0, find_text_length_string_L0
0x0084	0xF04FC001  	MOVFF       R1, find_text_length_string_L0+1
;MyProject.c,34 :: 		if(   length_string_find> length_string){
0x0088	0x504D      	MOVF        find_text_length_string_find_L0+1, 0 
0x008A	0x5C01      	SUBWF       R1, 0 
0x008C	0xE102      	BNZ         L__find_text15
0x008E	0x504C      	MOVF        find_text_length_string_find_L0, 0 
0x0090	0x5C00      	SUBWF       R0, 0 
L__find_text15:
0x0092	0xE203      	BC          L_find_text4
;MyProject.c,35 :: 		return 0;
0x0094	0x6A00      	CLRF        R0 
0x0096	0x6A01      	CLRF        R1 
0x0098	0xD02A      	BRA         L_end_find_text
;MyProject.c,36 :: 		}
L_find_text4:
;MyProject.c,37 :: 		for (index_string;index_string <length_string; index_string++){
L_find_text5:
0x009A	0x504F      	MOVF        find_text_length_string_L0+1, 0 
0x009C	0x5C4B      	SUBWF       find_text_index_string_L0+1, 0 
0x009E	0xE102      	BNZ         L__find_text16
0x00A0	0x504E      	MOVF        find_text_length_string_L0, 0 
0x00A2	0x5C4A      	SUBWF       find_text_index_string_L0, 0 
L__find_text16:
0x00A4	0xE222      	BC          L_find_text6
;MyProject.c,38 :: 		if(string[index_string]==string_find[matched]){
0x00A6	0x504A      	MOVF        find_text_index_string_L0, 0 
0x00A8	0x2444      	ADDWF       FARG_find_text_string, 0 
0x00AA	0x6EE9      	MOVWF       FSR0L 
0x00AC	0x504B      	MOVF        find_text_index_string_L0+1, 0 
0x00AE	0x2045      	ADDWFC      FARG_find_text_string+1, 0 
0x00B0	0x6EEA      	MOVWF       FSR0H 
0x00B2	0x5048      	MOVF        find_text_matched_L0, 0 
0x00B4	0x2446      	ADDWF       FARG_find_text_string_find, 0 
0x00B6	0x6ED9      	MOVWF       FSR2L 
0x00B8	0x5049      	MOVF        find_text_matched_L0+1, 0 
0x00BA	0x2047      	ADDWFC      FARG_find_text_string_find+1, 0 
0x00BC	0x6EDA      	MOVWF       FSR2H 
0x00BE	0x50EE      	MOVF        POSTINC0, 0 
0x00C0	0x18DE      	XORWF       POSTINC2, 0 
0x00C2	0xE10E      	BNZ         L_find_text8
;MyProject.c,39 :: 		matched++ ;
0x00C4	0x4A48      	INFSNZ      find_text_matched_L0, 1 
0x00C6	0x2A49      	INCF        find_text_matched_L0+1, 1 
;MyProject.c,40 :: 		if(length_string_find==matched ){
0x00C8	0x504D      	MOVF        find_text_length_string_find_L0+1, 0 
0x00CA	0x1849      	XORWF       find_text_matched_L0+1, 0 
0x00CC	0xE102      	BNZ         L__find_text17
0x00CE	0x5048      	MOVF        find_text_matched_L0, 0 
0x00D0	0x184C      	XORWF       find_text_length_string_find_L0, 0 
L__find_text17:
0x00D2	0xE105      	BNZ         L_find_text9
;MyProject.c,41 :: 		return 1;
0x00D4	0x0E01      	MOVLW       1
0x00D6	0x6E00      	MOVWF       R0 
0x00D8	0x0E00      	MOVLW       0
0x00DA	0x6E01      	MOVWF       R1 
0x00DC	0xD008      	BRA         L_end_find_text
;MyProject.c,42 :: 		}
L_find_text9:
;MyProject.c,43 :: 		}
0x00DE	0xD002      	BRA         L_find_text10
L_find_text8:
;MyProject.c,45 :: 		matched=0;
0x00E0	0x6A48      	CLRF        find_text_matched_L0 
0x00E2	0x6A49      	CLRF        find_text_matched_L0+1 
;MyProject.c,46 :: 		}
L_find_text10:
;MyProject.c,37 :: 		for (index_string;index_string <length_string; index_string++){
0x00E4	0x4A4A      	INFSNZ      find_text_index_string_L0, 1 
0x00E6	0x2A4B      	INCF        find_text_index_string_L0+1, 1 
;MyProject.c,47 :: 		}
0x00E8	0xD7D8      	BRA         L_find_text5
L_find_text6:
;MyProject.c,48 :: 		return 0;
0x00EA	0x6A00      	CLRF        R0 
0x00EC	0x6A01      	CLRF        R1 
;MyProject.c,52 :: 		}
L_end_find_text:
0x00EE	0x0012      	RETURN      0
; end of _find_text
_config:
;MyProject.c,19 :: 		void config (){
;MyProject.c,21 :: 		trisc.b0=0;
0x00F0	0x9094      	BCF         TRISC, 0 
;MyProject.c,22 :: 		portc.b0=0;
0x00F2	0x9082      	BCF         PORTC, 0 
;MyProject.c,24 :: 		}
L_end_config:
0x00F4	0x0012      	RETURN      0
; end of _config
___CC2DW:
;__Lib_System.c,21 :: 		
;__Lib_System.c,23 :: 		
_CC2DL_Loop1:
;__Lib_System.c,24 :: 		
0x00F6	0x0009      	TBLRD*+
;__Lib_System.c,25 :: 		
0x00F8	0xFFE6CFF5  	MOVFF       TABLAT, POSTINC1
;__Lib_System.c,26 :: 		
0x00FC	0x0600      	DECF        R0, 1, 0
;__Lib_System.c,27 :: 		
0x00FE	0xE1FB      	BNZ         _CC2DL_Loop1
;__Lib_System.c,28 :: 		
0x0100	0x0601      	DECF        R1, 1, 0
;__Lib_System.c,29 :: 		
0x0102	0xE1F9      	BNZ         _CC2DL_Loop1
;__Lib_System.c,31 :: 		
L_end___CC2DW:
0x0104	0x0012      	RETURN      0
; end of ___CC2DW
_main:
0x0106	0xF000ECB2  	CALL        356, 0
;MyProject.c,6 :: 		void main() {
;MyProject.c,7 :: 		config();
0x010A	0xDFF2      	RCALL       _config
;MyProject.c,8 :: 		while(1){
L_main0:
;MyProject.c,9 :: 		if (find_text ( response_mse ,"sam" )==1){
0x010C	0x0E19      	MOVLW       _response_mse
0x010E	0x6E44      	MOVWF       FARG_find_text_string 
0x0110	0x0E00      	MOVLW       hi_addr(_response_mse)
0x0112	0x6E45      	MOVWF       FARG_find_text_string+1 
0x0114	0x0E15      	MOVLW       ?lstr1_MyProject
0x0116	0x6E46      	MOVWF       FARG_find_text_string_find 
0x0118	0x0E00      	MOVLW       hi_addr(?lstr1_MyProject)
0x011A	0x6E47      	MOVWF       FARG_find_text_string_find+1 
0x011C	0xDF9B      	RCALL       _find_text
0x011E	0x0E00      	MOVLW       0
0x0120	0x1801      	XORWF       R1, 0 
0x0122	0xE102      	BNZ         L__main12
0x0124	0x0E01      	MOVLW       1
0x0126	0x1800      	XORWF       R0, 0 
L__main12:
0x0128	0xE102      	BNZ         L_main2
;MyProject.c,10 :: 		portc.b0=1 ;
0x012A	0x8082      	BSF         PORTC, 0 
;MyProject.c,11 :: 		}
0x012C	0xD001      	BRA         L_main3
L_main2:
;MyProject.c,13 :: 		portc.b0=0;
0x012E	0x9082      	BCF         PORTC, 0 
;MyProject.c,14 :: 		}
L_main3:
;MyProject.c,16 :: 		}
0x0130	0xD7ED      	BRA         L_main0
;MyProject.c,18 :: 		}
L_end_main:
0x0132	0xD7FF      	BRA         $+0
; end of _main
0x0164	0xF015EE10  	LFSR        1, 21
0x0168	0x0E2F      	MOVLW       47
0x016A	0x6E00      	MOVWF       R0 
0x016C	0x0E01      	MOVLW       1
0x016E	0x6E01      	MOVWF       R1 
0x0170	0x0E34      	MOVLW       52
0x0172	0x6EF6      	MOVWF       4086 
0x0174	0x0E01      	MOVLW       1
0x0176	0x6EF7      	MOVWF       TBLPTRH 
0x0178	0x0E00      	MOVLW       0
0x017A	0x6EF8      	MOVWF       TBLPTRU 
0x017C	0xF000EC7B  	CALL        246, 0
0x0180	0x0012      	RETURN      0
;MyProject.c,0 :: ?ICS?lstr1_MyProject
0x0134	0x6173 ;?ICS?lstr1_MyProject+0
0x0136	0x006D ;?ICS?lstr1_MyProject+2
; end of ?ICS?lstr1_MyProject
;MyProject.c,0 :: ?ICS_response_mse
0x0138	0x6820 ;?ICS_response_mse+0
0x013A	0x6C65 ;?ICS_response_mse+2
0x013C	0x6F6C ;?ICS_response_mse+4
0x013E	0x6F6D ;?ICS_response_mse+6
0x0140	0x6168 ;?ICS_response_mse+8
0x0142	0x656D ;?ICS_response_mse+10
0x0144	0x2064 ;?ICS_response_mse+12
0x0146	0x6173 ;?ICS_response_mse+14
0x0148	0x796D ;?ICS_response_mse+16
0x014A	0x6B20 ;?ICS_response_mse+18
0x014C	0x7361 ;?ICS_response_mse+20
0x014E	0x6573 ;?ICS_response_mse+22
0x0150	0x206D ;?ICS_response_mse+24
0x0152	0x6320 ;?ICS_response_mse+26
0x0154	0x756F ;?ICS_response_mse+28
0x0156	0x746C ;?ICS_response_mse+30
0x0158	0x6E61 ;?ICS_response_mse+32
0x015A	0x6D20 ;?ICS_response_mse+34
0x015C	0x6B65 ;?ICS_response_mse+36
0x015E	0x7761 ;?ICS_response_mse+38
0x0160	0x2079 ;?ICS_response_mse+40
0x0162	0x00 ;?ICS_response_mse+42
; end of ?ICS_response_mse
Symbol List:
//** Routines locations **
//ADDRESS    SIZE    PROCEDURE
//----------------------------------------------
0x001C      [56]    _strlen
0x0054     [156]    _find_text
0x00F0       [6]    _config
0x00F6      [16]    ___CC2DW
0x0106      [46]    _main
//** Variables locations ** 
//ADDRESS    SIZE    VARIABLE
//----------------------------------------------
0x0000       [1]    R0
0x0001       [1]    R1
0x0001       [1]    ispunct_rslt_L0
0x0002       [2]    memset_pp_L0
0x0002       [2]    memcpy_dd_L0
0x0002       [2]    memchr_s_L0
0x0002       [1]    R2
0x0002       [2]    strlen_cp_L0
0x0003       [2]    memmove_tt_L0
0x0003       [2]    Ltrim_original_L0
0x0003       [1]    R3
0x0004       [2]    frexp_pom_L0
0x0004       [2]    strcpy_cp_L0
0x0004       [2]    memcpy_ss_L0
0x0004       [2]    strcat_cp_L0
0x0004       [1]    R4
0x0004       [2]    strncat_cp_L0
0x0004       [2]    strncpy_cp_L0
0x0005       [2]    LongIntToHex_input_half_L0
0x0005       [1]    R5
0x0005       [2]    LongWordToHex_input_half_L0
0x0005       [2]    memmove_ff_L0
0x0005       [2]    Ltrim_p_L0
0x0006       [1]    R6
0x0007       [1]    R7
0x0008       [1]    R8
0x0009       [1]    R9
0x000A       [1]    R10
0x000B       [1]    R11
0x000C       [1]    R12
0x000D       [1]    R13
0x000E       [1]    R14
0x000F       [1]    R15
0x0010       [1]    R16
0x0011       [1]    R17
0x0012       [1]    R18
0x0013       [1]    R19
0x0014       [1]    R20
0x0015       [4]    ?lstr1_MyProject
0x0019      [43]    _response_mse
0x0044       [2]    FARG_find_text_string
0x0046       [2]    FARG_find_text_string_find
0x0048       [2]    find_text_matched_L0
0x004A       [2]    find_text_index_string_L0
0x004C       [2]    find_text_length_string_find_L0
0x004E       [2]    find_text_length_string_L0
0x0050       [2]    FARG_strlen_s
0x0F82       [1]    PORTC
0x0F94       [1]    TRISC
0x0FD8       [1]    STATUS
0x0FD9       [1]    FSR2L
0x0FDA       [1]    FSR2H
0x0FDE       [1]    POSTINC2
0x0FE0       [1]    BSR
0x0FE1       [1]    FSR1L
0x0FE2       [1]    FSR1H
0x0FE4       [1]    PREINC1
0x0FE6       [1]    POSTINC1
0x0FE7       [1]    INDF1
0x0FE8       [1]    WREG
0x0FE9       [1]    FSR0L
0x0FEA       [1]    FSR0H
0x0FEE       [1]    POSTINC0
0x0FF3       [1]    PRODL
0x0FF4       [1]    PRODH
0x0FF5       [1]    TABLAT
0x0FF6       [1]    TBLPTRL
0x0FF7       [1]    TBLPTRH
0x0FF8       [1]    TBLPTRU
//** Constants locations ** 
//ADDRESS    SIZE    CONSTANT
//----------------------------------------------
0x0134       [4]    ?ICS?lstr1_MyProject
0x0138      [43]    ?ICS_response_mse
