;  LST file generated by mikroListExporter - v.2.0 
; Date/Time: 1/28/2021 7:50:50 PM
;----------------------------------------------

;Address Opcode 	ASM
0x0000	0xF002EF39  	GOTO        1138
0x0004	0x0000      	NOP
0x0006	0x0000      	NOP
0x0008	0xF000EF00  	GOTO        0
0x000C	0x0000      	NOP
0x000E	0x0000      	NOP
0x0010	0x0000      	NOP
0x0012	0x0000      	NOP
0x0014	0x0000      	NOP
0x0016	0x0000      	NOP
0x0018	0xD7F3      	BRA         0
_Delay_50us:
;__Lib_Delays.c,19 :: 		void Delay_50us() {
;__Lib_Delays.c,20 :: 		Delay_us(50);
0x001C	0x0E21      	MOVLW       33
0x001E	0x6E0D      	MOVWF       R13, 0
L_Delay_50us2:
0x0020	0x2E0D      	DECFSZ      R13, 1, 0
0x0022	0xD7FE      	BRA         L_Delay_50us2
;__Lib_Delays.c,21 :: 		}
L_end_Delay_50us:
0x0024	0x0012      	RETURN      0
; end of _Delay_50us
_Delay_5500us:
;__Lib_Delays.c,31 :: 		void Delay_5500us() {
;__Lib_Delays.c,32 :: 		Delay_us(5500);
0x0026	0x0E0F      	MOVLW       15
0x0028	0x6E0C      	MOVWF       R12, 0
0x002A	0x0E47      	MOVLW       71
0x002C	0x6E0D      	MOVWF       R13, 0
L_Delay_5500us5:
0x002E	0x2E0D      	DECFSZ      R13, 1, 0
0x0030	0xD7FE      	BRA         L_Delay_5500us5
0x0032	0x2E0C      	DECFSZ      R12, 1, 0
0x0034	0xD7FC      	BRA         L_Delay_5500us5
0x0036	0x0000      	NOP
0x0038	0x0000      	NOP
;__Lib_Delays.c,33 :: 		}
L_end_Delay_5500us:
0x003A	0x0012      	RETURN      0
; end of _Delay_5500us
_Delay_1us:
;__Lib_Delays.c,7 :: 		void Delay_1us() {
;__Lib_Delays.c,8 :: 		Delay_us(1);
0x003C	0x0000      	NOP
0x003E	0x0000      	NOP
;__Lib_Delays.c,9 :: 		}
L_end_Delay_1us:
0x0040	0x0012      	RETURN      0
; end of _Delay_1us
_Lcd_Cmd:
;__Lib_Lcd.c,18 :: 		
;__Lib_Lcd.c,20 :: 		
0x0042	0x0100      	MOVLB       0
0x0044	0xBFAD      	BTFSC       FARG_Lcd_Cmd_out_char, 7, 1
0x0046	0xD002      	BRA         L__Lcd_Cmd21
0x0048	0x9682      	BCF         LCD_D7, BitPos(LCD_D7+0) 
0x004A	0xD001      	BRA         L__Lcd_Cmd22
L__Lcd_Cmd21:
0x004C	0x8682      	BSF         LCD_D7, BitPos(LCD_D7+0) 
L__Lcd_Cmd22:
;__Lib_Lcd.c,21 :: 		
0x004E	0xBDAD      	BTFSC       FARG_Lcd_Cmd_out_char, 6, 1
0x0050	0xD002      	BRA         L__Lcd_Cmd23
0x0052	0x9482      	BCF         LCD_D6, BitPos(LCD_D6+0) 
0x0054	0xD001      	BRA         L__Lcd_Cmd24
L__Lcd_Cmd23:
0x0056	0x8482      	BSF         LCD_D6, BitPos(LCD_D6+0) 
L__Lcd_Cmd24:
;__Lib_Lcd.c,22 :: 		
0x0058	0xBBAD      	BTFSC       FARG_Lcd_Cmd_out_char, 5, 1
0x005A	0xD002      	BRA         L__Lcd_Cmd25
0x005C	0x9282      	BCF         LCD_D5, BitPos(LCD_D5+0) 
0x005E	0xD001      	BRA         L__Lcd_Cmd26
L__Lcd_Cmd25:
0x0060	0x8282      	BSF         LCD_D5, BitPos(LCD_D5+0) 
L__Lcd_Cmd26:
;__Lib_Lcd.c,23 :: 		
0x0062	0xB9AD      	BTFSC       FARG_Lcd_Cmd_out_char, 4, 1
0x0064	0xD002      	BRA         L__Lcd_Cmd27
0x0066	0x9082      	BCF         LCD_D4, BitPos(LCD_D4+0) 
0x0068	0xD001      	BRA         L__Lcd_Cmd28
L__Lcd_Cmd27:
0x006A	0x8082      	BSF         LCD_D4, BitPos(LCD_D4+0) 
L__Lcd_Cmd28:
;__Lib_Lcd.c,25 :: 		
0x006C	0xB195      	BTFSC       __Lib_Lcd_cmd_status, BitPos(__Lib_Lcd_cmd_status+0), 1
0x006E	0xD002      	BRA         L__Lcd_Cmd29
0x0070	0x8882      	BSF         LCD_RS, BitPos(LCD_RS+0) 
0x0072	0xD001      	BRA         L__Lcd_Cmd30
L__Lcd_Cmd29:
0x0074	0x9882      	BCF         LCD_RS, BitPos(LCD_RS+0) 
L__Lcd_Cmd30:
;__Lib_Lcd.c,28 :: 		
0x0076	0x8A82      	BSF         LCD_EN, BitPos(LCD_EN+0) 
;__Lib_Lcd.c,29 :: 		
0x0078	0xDFE1      	RCALL       _Delay_1us
;__Lib_Lcd.c,30 :: 		
0x007A	0x9A82      	BCF         LCD_EN, BitPos(LCD_EN+0) 
;__Lib_Lcd.c,33 :: 		
0x007C	0xB7AD      	BTFSC       FARG_Lcd_Cmd_out_char, 3, 1
0x007E	0xD002      	BRA         L__Lcd_Cmd31
0x0080	0x9682      	BCF         LCD_D7, BitPos(LCD_D7+0) 
0x0082	0xD001      	BRA         L__Lcd_Cmd32
L__Lcd_Cmd31:
0x0084	0x8682      	BSF         LCD_D7, BitPos(LCD_D7+0) 
L__Lcd_Cmd32:
;__Lib_Lcd.c,34 :: 		
0x0086	0xB5AD      	BTFSC       FARG_Lcd_Cmd_out_char, 2, 1
0x0088	0xD002      	BRA         L__Lcd_Cmd33
0x008A	0x9482      	BCF         LCD_D6, BitPos(LCD_D6+0) 
0x008C	0xD001      	BRA         L__Lcd_Cmd34
L__Lcd_Cmd33:
0x008E	0x8482      	BSF         LCD_D6, BitPos(LCD_D6+0) 
L__Lcd_Cmd34:
;__Lib_Lcd.c,35 :: 		
0x0090	0xB3AD      	BTFSC       FARG_Lcd_Cmd_out_char, 1, 1
0x0092	0xD002      	BRA         L__Lcd_Cmd35
0x0094	0x9282      	BCF         LCD_D5, BitPos(LCD_D5+0) 
0x0096	0xD001      	BRA         L__Lcd_Cmd36
L__Lcd_Cmd35:
0x0098	0x8282      	BSF         LCD_D5, BitPos(LCD_D5+0) 
L__Lcd_Cmd36:
;__Lib_Lcd.c,36 :: 		
0x009A	0xB1AD      	BTFSC       FARG_Lcd_Cmd_out_char, 0, 1
0x009C	0xD002      	BRA         L__Lcd_Cmd37
0x009E	0x9082      	BCF         LCD_D4, BitPos(LCD_D4+0) 
0x00A0	0xD001      	BRA         L__Lcd_Cmd38
L__Lcd_Cmd37:
0x00A2	0x8082      	BSF         LCD_D4, BitPos(LCD_D4+0) 
L__Lcd_Cmd38:
;__Lib_Lcd.c,38 :: 		
0x00A4	0xB195      	BTFSC       __Lib_Lcd_cmd_status, BitPos(__Lib_Lcd_cmd_status+0), 1
0x00A6	0xD002      	BRA         L__Lcd_Cmd39
0x00A8	0x8882      	BSF         LCD_RS, BitPos(LCD_RS+0) 
0x00AA	0xD001      	BRA         L__Lcd_Cmd40
L__Lcd_Cmd39:
0x00AC	0x9882      	BCF         LCD_RS, BitPos(LCD_RS+0) 
L__Lcd_Cmd40:
;__Lib_Lcd.c,40 :: 		
0x00AE	0x8A82      	BSF         LCD_EN, BitPos(LCD_EN+0) 
;__Lib_Lcd.c,41 :: 		
0x00B0	0xDFC5      	RCALL       _Delay_1us
;__Lib_Lcd.c,42 :: 		
0x00B2	0x9A82      	BCF         LCD_EN, BitPos(LCD_EN+0) 
;__Lib_Lcd.c,44 :: 		
0x00B4	0xA195      	BTFSS       __Lib_Lcd_cmd_status, BitPos(__Lib_Lcd_cmd_status+0), 1
0x00B6	0xD002      	BRA         L_Lcd_Cmd0
;__Lib_Lcd.c,45 :: 		
0x00B8	0xDFB6      	RCALL       _Delay_5500us
0x00BA	0xD001      	BRA         L_Lcd_Cmd1
L_Lcd_Cmd0:
;__Lib_Lcd.c,47 :: 		
0x00BC	0xDFAF      	RCALL       _Delay_50us
L_Lcd_Cmd1:
;__Lib_Lcd.c,48 :: 		
L_end_Lcd_Cmd:
0x00BE	0x0012      	RETURN      0
; end of _Lcd_Cmd
_strchr:
;__Lib_CString.c,102 :: 		
;__Lib_CString.c,103 :: 		
L_strchr26:
;__Lib_CString.c,104 :: 		
0x00C0	0xFFE9C0A8  	MOVFF       FARG_strchr_ptr, FSR0L
0x00C4	0xFFEAC0A9  	MOVFF       FARG_strchr_ptr+1, FSR0H
0x00C8	0x50EE      	MOVF        POSTINC0, 0 
0x00CA	0x0100      	MOVLB       0
0x00CC	0x19AA      	XORWF       FARG_strchr_chr, 0, 1
0x00CE	0xE105      	BNZ         L_strchr29
;__Lib_CString.c,105 :: 		
0x00D0	0xF000C0A8  	MOVFF       FARG_strchr_ptr, R0
0x00D4	0xF001C0A9  	MOVFF       FARG_strchr_ptr+1, R1
0x00D8	0xD010      	BRA         L_end_strchr
L_strchr29:
;__Lib_CString.c,106 :: 		
0x00DA	0xF000C0A8  	MOVFF       FARG_strchr_ptr, R0
0x00DE	0xF001C0A9  	MOVFF       FARG_strchr_ptr+1, R1
0x00E2	0x4BA8      	INFSNZ      FARG_strchr_ptr, 1, 1
0x00E4	0x2BA9      	INCF        FARG_strchr_ptr+1, 1, 1
0x00E6	0xFFE9C000  	MOVFF       R0, FSR0L
0x00EA	0xFFEAC001  	MOVFF       R1, FSR0H
0x00EE	0xF000CFEE  	MOVFF       POSTINC0, R0
0x00F2	0x5200      	MOVF        R0, 1 
0x00F4	0xE1E5      	BNZ         L_strchr26
;__Lib_CString.c,108 :: 		
0x00F6	0x6A00      	CLRF        R0 
0x00F8	0x6A01      	CLRF        R1 
;__Lib_CString.c,109 :: 		
L_end_strchr:
0x00FA	0x0012      	RETURN      0
; end of _strchr
_strlen:
;__Lib_CString.c,136 :: 		
;__Lib_CString.c,139 :: 		
0x00FC	0xF002C0A8  	MOVFF       FARG_strlen_s, R2
0x0100	0xF003C0A9  	MOVFF       FARG_strlen_s+1, R3
;__Lib_CString.c,140 :: 		
L_strlen36:
0x0104	0xF000C002  	MOVFF       R2, R0
0x0108	0xF001C003  	MOVFF       R3, R1
0x010C	0x4A02      	INFSNZ      R2, 1 
0x010E	0x2A03      	INCF        R3, 1 
0x0110	0xFFE9C000  	MOVFF       R0, FSR0L
0x0114	0xFFEAC001  	MOVFF       R1, FSR0H
0x0118	0x52EE      	MOVF        POSTINC0, 1 
0x011A	0xE001      	BZ          L_strlen37
;__Lib_CString.c,141 :: 		
0x011C	0xD7F3      	BRA         L_strlen36
L_strlen37:
;__Lib_CString.c,142 :: 		
0x011E	0x0100      	MOVLB       0
0x0120	0x51A8      	MOVF        FARG_strlen_s, 0, 1
0x0122	0x5C02      	SUBWF       R2, 0 
0x0124	0x6E00      	MOVWF       R0 
0x0126	0x51A9      	MOVF        FARG_strlen_s+1, 0, 1
0x0128	0x5803      	SUBWFB      R3, 0 
0x012A	0x6E01      	MOVWF       R1 
0x012C	0x0E01      	MOVLW       1
0x012E	0x5E00      	SUBWF       R0, 1 
0x0130	0x0E00      	MOVLW       0
0x0132	0x5A01      	SUBWFB      R1, 1 
;__Lib_CString.c,143 :: 		
L_end_strlen:
0x0134	0x0012      	RETURN      0
; end of _strlen
_Lcd_Chr_CP:
;__Lib_Lcd.c,50 :: 		
;__Lib_Lcd.c,52 :: 		
0x0136	0x0100      	MOVLB       0
0x0138	0x9195      	BCF         __Lib_Lcd_cmd_status, BitPos(__Lib_Lcd_cmd_status+0), 1
;__Lib_Lcd.c,53 :: 		
0x013A	0xF0ADC0A8  	MOVFF       FARG_Lcd_Chr_CP_out_char, FARG_Lcd_Cmd_out_char
0x013E	0xDF81      	RCALL       _Lcd_Cmd
;__Lib_Lcd.c,54 :: 		
0x0140	0x8195      	BSF         __Lib_Lcd_cmd_status, BitPos(__Lib_Lcd_cmd_status+0), 1
;__Lib_Lcd.c,55 :: 		
L_end_Lcd_Chr_CP:
0x0142	0x0012      	RETURN      0
; end of _Lcd_Chr_CP
_strncmp:
;__Lib_CString.c,219 :: 		
;__Lib_CString.c,221 :: 		
L_strncmp58:
0x0144	0xF000C0AC  	MOVFF       FARG_strncmp_len, R0
0x0148	0x0100      	MOVLB       0
0x014A	0x07AC      	DECF        FARG_strncmp_len, 1, 1
0x014C	0x5200      	MOVF        R0, 1 
0x014E	0xE028      	BZ          L_strncmp59
;__Lib_CString.c,222 :: 		
0x0150	0xFFE9C0A8  	MOVFF       FARG_strncmp_s1, FSR0L
0x0154	0xFFEAC0A9  	MOVFF       FARG_strncmp_s1+1, FSR0H
0x0158	0x50EE      	MOVF        POSTINC0, 0 
0x015A	0x0A00      	XORLW       0
0x015C	0xE00C      	BZ          L__strncmp86
0x015E	0xFFE9C0A8  	MOVFF       FARG_strncmp_s1, FSR0L
0x0162	0xFFEAC0A9  	MOVFF       FARG_strncmp_s1+1, FSR0H
0x0166	0xFFD9C0AA  	MOVFF       FARG_strncmp_s2, FSR2L
0x016A	0xFFDAC0AB  	MOVFF       FARG_strncmp_s2+1, FSR2H
0x016E	0x50EE      	MOVF        POSTINC0, 0 
0x0170	0x18DE      	XORWF       POSTINC2, 0 
0x0172	0xE101      	BNZ         L__strncmp86
0x0174	0xD00F      	BRA         L_strncmp62
L__strncmp86:
;__Lib_CString.c,223 :: 		
0x0176	0xFFE9C0A8  	MOVFF       FARG_strncmp_s1, FSR0L
0x017A	0xFFEAC0A9  	MOVFF       FARG_strncmp_s1+1, FSR0H
0x017E	0xFFD9C0AA  	MOVFF       FARG_strncmp_s2, FSR2L
0x0182	0xFFDAC0AB  	MOVFF       FARG_strncmp_s2+1, FSR2H
0x0186	0x50DE      	MOVF        POSTINC2, 0 
0x0188	0x5CEE      	SUBWF       POSTINC0, 0 
0x018A	0x6E00      	MOVWF       R0 
0x018C	0x6A01      	CLRF        R1 
0x018E	0x0E00      	MOVLW       0
0x0190	0x5A01      	SUBWFB      R1, 1 
0x0192	0xD008      	BRA         L_end_strncmp
L_strncmp62:
0x0194	0x0100      	MOVLB       0
;__Lib_CString.c,224 :: 		
0x0196	0x4BA8      	INFSNZ      FARG_strncmp_s1, 1, 1
0x0198	0x2BA9      	INCF        FARG_strncmp_s1+1, 1, 1
;__Lib_CString.c,225 :: 		
0x019A	0x4BAA      	INFSNZ      FARG_strncmp_s2, 1, 1
0x019C	0x2BAB      	INCF        FARG_strncmp_s2+1, 1, 1
;__Lib_CString.c,226 :: 		
0x019E	0xD7D2      	BRA         L_strncmp58
L_strncmp59:
;__Lib_CString.c,227 :: 		
0x01A0	0x6A00      	CLRF        R0 
0x01A2	0x6A01      	CLRF        R1 
;__Lib_CString.c,228 :: 		
L_end_strncmp:
0x01A4	0x0012      	RETURN      0
; end of _strncmp
_Lcd_Out:
;__Lib_Lcd.c,184 :: 		
;__Lib_Lcd.c,187 :: 		
0x01A6	0xD010      	BRA         L_Lcd_Out11
;__Lib_Lcd.c,188 :: 		
L_Lcd_Out13:
0x01A8	0x0E80      	MOVLW       128
0x01AA	0x0100      	MOVLB       0
0x01AC	0x6FA2      	MOVWF       FARG_Lcd_Out_row, 1
0x01AE	0xD01A      	BRA         L_Lcd_Out12
;__Lib_Lcd.c,189 :: 		
L_Lcd_Out14:
0x01B0	0x0EC0      	MOVLW       192
0x01B2	0x6FA2      	MOVWF       FARG_Lcd_Out_row, 1
0x01B4	0xD017      	BRA         L_Lcd_Out12
;__Lib_Lcd.c,190 :: 		
L_Lcd_Out15:
0x01B6	0x0E94      	MOVLW       148
0x01B8	0x6FA2      	MOVWF       FARG_Lcd_Out_row, 1
0x01BA	0xD014      	BRA         L_Lcd_Out12
;__Lib_Lcd.c,191 :: 		
L_Lcd_Out16:
0x01BC	0x0ED4      	MOVLW       212
0x01BE	0x6FA2      	MOVWF       FARG_Lcd_Out_row, 1
0x01C0	0xD011      	BRA         L_Lcd_Out12
;__Lib_Lcd.c,192 :: 		
L_Lcd_Out17:
0x01C2	0x0E80      	MOVLW       128
0x01C4	0x6FA2      	MOVWF       FARG_Lcd_Out_row, 1
;__Lib_Lcd.c,193 :: 		
0x01C6	0xD00E      	BRA         L_Lcd_Out12
L_Lcd_Out11:
0x01C8	0x0100      	MOVLB       0
0x01CA	0x51A2      	MOVF        FARG_Lcd_Out_row, 0, 1
0x01CC	0x0A01      	XORLW       1
0x01CE	0xE0EC      	BZ          L_Lcd_Out13
0x01D0	0x51A2      	MOVF        FARG_Lcd_Out_row, 0, 1
0x01D2	0x0A02      	XORLW       2
0x01D4	0xE0ED      	BZ          L_Lcd_Out14
0x01D6	0x51A2      	MOVF        FARG_Lcd_Out_row, 0, 1
0x01D8	0x0A03      	XORLW       3
0x01DA	0xE0ED      	BZ          L_Lcd_Out15
0x01DC	0x51A2      	MOVF        FARG_Lcd_Out_row, 0, 1
0x01DE	0x0A04      	XORLW       4
0x01E0	0xE0ED      	BZ          L_Lcd_Out16
0x01E2	0xD7EF      	BRA         L_Lcd_Out17
L_Lcd_Out12:
;__Lib_Lcd.c,194 :: 		
0x01E4	0x05A3      	DECF        FARG_Lcd_Out_column, 0, 1
0x01E6	0x6E00      	MOVWF       R0 
0x01E8	0x51A2      	MOVF        FARG_Lcd_Out_row, 0, 1
0x01EA	0x2600      	ADDWF       R0, 1 
0x01EC	0xF0A2C000  	MOVFF       R0, FARG_Lcd_Out_row
;__Lib_Lcd.c,196 :: 		
0x01F0	0xF0ADC000  	MOVFF       R0, FARG_Lcd_Cmd_out_char
0x01F4	0xDF26      	RCALL       _Lcd_Cmd
;__Lib_Lcd.c,197 :: 		
0x01F6	0x9195      	BCF         __Lib_Lcd_cmd_status, BitPos(__Lib_Lcd_cmd_status+0), 1
;__Lib_Lcd.c,198 :: 		
0x01F8	0x6BA6      	CLRF        Lcd_Out_i_L0, 1
;__Lib_Lcd.c,199 :: 		
L_Lcd_Out18:
0x01FA	0x51A6      	MOVF        Lcd_Out_i_L0, 0, 1
0x01FC	0x25A4      	ADDWF       FARG_Lcd_Out_text, 0, 1
0x01FE	0x6EE9      	MOVWF       FSR0L 
0x0200	0x0E00      	MOVLW       0
0x0202	0x21A5      	ADDWFC      FARG_Lcd_Out_text+1, 0, 1
0x0204	0x6EEA      	MOVWF       FSR0H 
0x0206	0x52EE      	MOVF        POSTINC0, 1 
0x0208	0xE00B      	BZ          L_Lcd_Out19
;__Lib_Lcd.c,200 :: 		
0x020A	0x51A6      	MOVF        Lcd_Out_i_L0, 0, 1
0x020C	0x25A4      	ADDWF       FARG_Lcd_Out_text, 0, 1
0x020E	0x6EE9      	MOVWF       FSR0L 
0x0210	0x0E00      	MOVLW       0
0x0212	0x21A5      	ADDWFC      FARG_Lcd_Out_text+1, 0, 1
0x0214	0x6EEA      	MOVWF       FSR0H 
0x0216	0xF0A8CFEE  	MOVFF       POSTINC0, FARG_Lcd_Chr_CP_out_char
0x021A	0xDF8D      	RCALL       _Lcd_Chr_CP
0x021C	0x2BA6      	INCF        Lcd_Out_i_L0, 1, 1
0x021E	0xD7ED      	BRA         L_Lcd_Out18
L_Lcd_Out19:
;__Lib_Lcd.c,201 :: 		
0x0220	0x8195      	BSF         __Lib_Lcd_cmd_status, BitPos(__Lib_Lcd_cmd_status+0), 1
;__Lib_Lcd.c,202 :: 		
L_end_Lcd_Out:
0x0222	0x0012      	RETURN      0
; end of _Lcd_Out
_Lcd_Init:
;__Lib_Lcd.c,84 :: 		
;__Lib_Lcd.c,86 :: 		
0x0224	0x9A94      	BCF         LCD_EN_Direction, BitPos(LCD_EN_Direction+0) 
;__Lib_Lcd.c,87 :: 		
0x0226	0x9894      	BCF         LCD_RS_Direction, BitPos(LCD_RS_Direction+0) 
;__Lib_Lcd.c,88 :: 		
0x0228	0x9094      	BCF         LCD_D4_Direction, BitPos(LCD_D4_Direction+0) 
;__Lib_Lcd.c,89 :: 		
0x022A	0x9294      	BCF         LCD_D5_Direction, BitPos(LCD_D5_Direction+0) 
;__Lib_Lcd.c,90 :: 		
0x022C	0x9494      	BCF         LCD_D6_Direction, BitPos(LCD_D6_Direction+0) 
;__Lib_Lcd.c,91 :: 		
0x022E	0x9694      	BCF         LCD_D7_Direction, BitPos(LCD_D7_Direction+0) 
;__Lib_Lcd.c,93 :: 		
0x0230	0x9A82      	BCF         LCD_EN, BitPos(LCD_EN+0) 
;__Lib_Lcd.c,94 :: 		
0x0232	0x9882      	BCF         LCD_RS, BitPos(LCD_RS+0) 
;__Lib_Lcd.c,95 :: 		
0x0234	0x9682      	BCF         LCD_D7, BitPos(LCD_D7+0) 
;__Lib_Lcd.c,96 :: 		
0x0236	0x9482      	BCF         LCD_D6, BitPos(LCD_D6+0) 
;__Lib_Lcd.c,97 :: 		
0x0238	0x9282      	BCF         LCD_D5, BitPos(LCD_D5+0) 
;__Lib_Lcd.c,98 :: 		
0x023A	0x9082      	BCF         LCD_D4, BitPos(LCD_D4+0) 
;__Lib_Lcd.c,100 :: 		
0x023C	0xDEF4      	RCALL       _Delay_5500us
;__Lib_Lcd.c,101 :: 		
0x023E	0xDEF3      	RCALL       _Delay_5500us
;__Lib_Lcd.c,102 :: 		
0x0240	0xDEF2      	RCALL       _Delay_5500us
;__Lib_Lcd.c,105 :: 		
0x0242	0x8282      	BSF         LCD_D5, BitPos(LCD_D5+0) 
;__Lib_Lcd.c,106 :: 		
0x0244	0x8082      	BSF         LCD_D4, BitPos(LCD_D4+0) 
;__Lib_Lcd.c,107 :: 		
0x0246	0x8A82      	BSF         LCD_EN, BitPos(LCD_EN+0) 
;__Lib_Lcd.c,108 :: 		
0x0248	0xDEF9      	RCALL       _Delay_1us
;__Lib_Lcd.c,109 :: 		
0x024A	0x9A82      	BCF         LCD_EN, BitPos(LCD_EN+0) 
;__Lib_Lcd.c,110 :: 		
0x024C	0xDEEC      	RCALL       _Delay_5500us
;__Lib_Lcd.c,112 :: 		
0x024E	0x8A82      	BSF         LCD_EN, BitPos(LCD_EN+0) 
;__Lib_Lcd.c,113 :: 		
0x0250	0xDEF5      	RCALL       _Delay_1us
;__Lib_Lcd.c,114 :: 		
0x0252	0x9A82      	BCF         LCD_EN, BitPos(LCD_EN+0) 
;__Lib_Lcd.c,115 :: 		
0x0254	0xDEE8      	RCALL       _Delay_5500us
;__Lib_Lcd.c,117 :: 		
0x0256	0x8A82      	BSF         LCD_EN, BitPos(LCD_EN+0) 
;__Lib_Lcd.c,118 :: 		
0x0258	0xDEF1      	RCALL       _Delay_1us
;__Lib_Lcd.c,119 :: 		
0x025A	0x9A82      	BCF         LCD_EN, BitPos(LCD_EN+0) 
;__Lib_Lcd.c,120 :: 		
0x025C	0xDEE4      	RCALL       _Delay_5500us
;__Lib_Lcd.c,123 :: 		
0x025E	0x9082      	BCF         LCD_D4, BitPos(LCD_D4+0) 
;__Lib_Lcd.c,124 :: 		
0x0260	0x8A82      	BSF         LCD_EN, BitPos(LCD_EN+0) 
;__Lib_Lcd.c,125 :: 		
0x0262	0xDEEC      	RCALL       _Delay_1us
;__Lib_Lcd.c,126 :: 		
0x0264	0x9A82      	BCF         LCD_EN, BitPos(LCD_EN+0) 
;__Lib_Lcd.c,127 :: 		
0x0266	0xDEDF      	RCALL       _Delay_5500us
;__Lib_Lcd.c,130 :: 		
0x0268	0x8A82      	BSF         LCD_EN, BitPos(LCD_EN+0) 
;__Lib_Lcd.c,131 :: 		
0x026A	0xDEE8      	RCALL       _Delay_1us
;__Lib_Lcd.c,132 :: 		
0x026C	0x9A82      	BCF         LCD_EN, BitPos(LCD_EN+0) 
;__Lib_Lcd.c,134 :: 		
0x026E	0x9282      	BCF         LCD_D5, BitPos(LCD_D5+0) 
;__Lib_Lcd.c,135 :: 		
0x0270	0x8682      	BSF         LCD_D7, BitPos(LCD_D7+0) 
;__Lib_Lcd.c,136 :: 		
0x0272	0x8A82      	BSF         LCD_EN, BitPos(LCD_EN+0) 
;__Lib_Lcd.c,137 :: 		
0x0274	0xDEE3      	RCALL       _Delay_1us
;__Lib_Lcd.c,138 :: 		
0x0276	0x9A82      	BCF         LCD_EN, BitPos(LCD_EN+0) 
;__Lib_Lcd.c,139 :: 		
0x0278	0xDED6      	RCALL       _Delay_5500us
;__Lib_Lcd.c,142 :: 		
0x027A	0x9682      	BCF         LCD_D7, BitPos(LCD_D7+0) 
;__Lib_Lcd.c,143 :: 		
0x027C	0x8082      	BSF         LCD_D4, BitPos(LCD_D4+0) 
;__Lib_Lcd.c,144 :: 		
0x027E	0x8A82      	BSF         LCD_EN, BitPos(LCD_EN+0) 
;__Lib_Lcd.c,145 :: 		
0x0280	0xDEDD      	RCALL       _Delay_1us
;__Lib_Lcd.c,146 :: 		
0x0282	0x9A82      	BCF         LCD_EN, BitPos(LCD_EN+0) 
;__Lib_Lcd.c,148 :: 		
0x0284	0x9082      	BCF         LCD_D4, BitPos(LCD_D4+0) 
;__Lib_Lcd.c,149 :: 		
0x0286	0x8A82      	BSF         LCD_EN, BitPos(LCD_EN+0) 
;__Lib_Lcd.c,150 :: 		
0x0288	0xDED9      	RCALL       _Delay_1us
;__Lib_Lcd.c,151 :: 		
0x028A	0x9A82      	BCF         LCD_EN, BitPos(LCD_EN+0) 
;__Lib_Lcd.c,152 :: 		
0x028C	0xDECC      	RCALL       _Delay_5500us
;__Lib_Lcd.c,155 :: 		
0x028E	0x8A82      	BSF         LCD_EN, BitPos(LCD_EN+0) 
;__Lib_Lcd.c,156 :: 		
0x0290	0xDED5      	RCALL       _Delay_1us
;__Lib_Lcd.c,157 :: 		
0x0292	0x9A82      	BCF         LCD_EN, BitPos(LCD_EN+0) 
;__Lib_Lcd.c,159 :: 		
0x0294	0x8082      	BSF         LCD_D4, BitPos(LCD_D4+0) 
;__Lib_Lcd.c,160 :: 		
0x0296	0x8A82      	BSF         LCD_EN, BitPos(LCD_EN+0) 
;__Lib_Lcd.c,161 :: 		
0x0298	0xDED1      	RCALL       _Delay_1us
;__Lib_Lcd.c,162 :: 		
0x029A	0x9A82      	BCF         LCD_EN, BitPos(LCD_EN+0) 
;__Lib_Lcd.c,163 :: 		
0x029C	0xDEC4      	RCALL       _Delay_5500us
;__Lib_Lcd.c,166 :: 		
0x029E	0x9082      	BCF         LCD_D4, BitPos(LCD_D4+0) 
;__Lib_Lcd.c,167 :: 		
0x02A0	0x8A82      	BSF         LCD_EN, BitPos(LCD_EN+0) 
;__Lib_Lcd.c,168 :: 		
0x02A2	0xDECC      	RCALL       _Delay_1us
;__Lib_Lcd.c,169 :: 		
0x02A4	0x9A82      	BCF         LCD_EN, BitPos(LCD_EN+0) 
;__Lib_Lcd.c,171 :: 		
0x02A6	0x8682      	BSF         LCD_D7, BitPos(LCD_D7+0) 
;__Lib_Lcd.c,172 :: 		
0x02A8	0x8482      	BSF         LCD_D6, BitPos(LCD_D6+0) 
;__Lib_Lcd.c,173 :: 		
0x02AA	0x8282      	BSF         LCD_D5, BitPos(LCD_D5+0) 
;__Lib_Lcd.c,174 :: 		
0x02AC	0x8082      	BSF         LCD_D4, BitPos(LCD_D4+0) 
;__Lib_Lcd.c,175 :: 		
0x02AE	0x8A82      	BSF         LCD_EN, BitPos(LCD_EN+0) 
;__Lib_Lcd.c,176 :: 		
0x02B0	0xDEC5      	RCALL       _Delay_1us
;__Lib_Lcd.c,177 :: 		
0x02B2	0x9A82      	BCF         LCD_EN, BitPos(LCD_EN+0) 
;__Lib_Lcd.c,179 :: 		
0x02B4	0xDEB8      	RCALL       _Delay_5500us
;__Lib_Lcd.c,181 :: 		
0x02B6	0x0100      	MOVLB       0
0x02B8	0x8195      	BSF         __Lib_Lcd_cmd_status, BitPos(__Lib_Lcd_cmd_status+0), 1
;__Lib_Lcd.c,182 :: 		
L_end_Lcd_Init:
0x02BA	0x0012      	RETURN      0
; end of _Lcd_Init
_strstr:
;__Lib_CString.c,273 :: 		
;__Lib_CString.c,274 :: 		
L_strstr70:
0x02BC	0x0E00      	MOVLW       0
0x02BE	0x0100      	MOVLB       0
0x02C0	0x19A3      	XORWF       FARG_strstr_s1+1, 0, 1
0x02C2	0xE102      	BNZ         L__strstr113
0x02C4	0x0E00      	MOVLW       0
0x02C6	0x19A2      	XORWF       FARG_strstr_s1, 0, 1
L__strstr113:
0x02C8	0xE034      	BZ          L_strstr71
0x02CA	0xFFE9C0A2  	MOVFF       FARG_strstr_s1, FSR0L
0x02CE	0xFFEAC0A3  	MOVFF       FARG_strstr_s1+1, FSR0H
0x02D2	0x52EE      	MOVF        POSTINC0, 1 
0x02D4	0xE02E      	BZ          L_strstr71
L__strstr87:
;__Lib_CString.c,275 :: 		
0x02D6	0xF0A8C0A4  	MOVFF       FARG_strstr_s2, FARG_strlen_s
0x02DA	0xF0A9C0A5  	MOVFF       FARG_strstr_s2+1, FARG_strlen_s+1
0x02DE	0xDF0E      	RCALL       _strlen
0x02E0	0xF0ACC000  	MOVFF       R0, FARG_strncmp_len
0x02E4	0xF0A8C0A2  	MOVFF       FARG_strstr_s1, FARG_strncmp_s1
0x02E8	0xF0A9C0A3  	MOVFF       FARG_strstr_s1+1, FARG_strncmp_s1+1
0x02EC	0xF0AAC0A4  	MOVFF       FARG_strstr_s2, FARG_strncmp_s2
0x02F0	0xF0ABC0A5  	MOVFF       FARG_strstr_s2+1, FARG_strncmp_s2+1
0x02F4	0xDF27      	RCALL       _strncmp
0x02F6	0x0E00      	MOVLW       0
0x02F8	0x1801      	XORWF       R1, 0 
0x02FA	0xE102      	BNZ         L__strstr114
0x02FC	0x0E00      	MOVLW       0
0x02FE	0x1800      	XORWF       R0, 0 
L__strstr114:
0x0300	0xE105      	BNZ         L_strstr74
;__Lib_CString.c,276 :: 		
0x0302	0xF000C0A2  	MOVFF       FARG_strstr_s1, R0
0x0306	0xF001C0A3  	MOVFF       FARG_strstr_s1+1, R1
0x030A	0xD015      	BRA         L_end_strstr
L_strstr74:
;__Lib_CString.c,277 :: 		
0x030C	0x0E01      	MOVLW       1
0x030E	0x0100      	MOVLB       0
0x0310	0x25A2      	ADDWF       FARG_strstr_s1, 0, 1
0x0312	0x6FA8      	MOVWF       FARG_strchr_ptr, 1
0x0314	0x0E00      	MOVLW       0
0x0316	0x21A3      	ADDWFC      FARG_strstr_s1+1, 0, 1
0x0318	0x6FA9      	MOVWF       FARG_strchr_ptr+1, 1
0x031A	0xFFE9C0A4  	MOVFF       FARG_strstr_s2, FSR0L
0x031E	0xFFEAC0A5  	MOVFF       FARG_strstr_s2+1, FSR0H
0x0322	0xF0AACFEE  	MOVFF       POSTINC0, FARG_strchr_chr
0x0326	0xDECC      	RCALL       _strchr
0x0328	0xF0A2C000  	MOVFF       R0, FARG_strstr_s1
0x032C	0xF0A3C001  	MOVFF       R1, FARG_strstr_s1+1
;__Lib_CString.c,278 :: 		
0x0330	0xD7C5      	BRA         L_strstr70
L_strstr71:
;__Lib_CString.c,279 :: 		
0x0332	0x6A00      	CLRF        R0 
0x0334	0x6A01      	CLRF        R1 
;__Lib_CString.c,280 :: 		
L_end_strstr:
0x0336	0x0012      	RETURN      0
; end of _strstr
_strncpy:
;__Lib_CString.c,166 :: 		
;__Lib_CString.c,169 :: 		
0x0338	0xF004C0A2  	MOVFF       FARG_strncpy_to, R4
0x033C	0xF005C0A3  	MOVFF       FARG_strncpy_to+1, R5
;__Lib_CString.c,170 :: 		
L_strncpy45:
0x0340	0x0100      	MOVLB       0
0x0342	0x51A6      	MOVF        FARG_strncpy_size, 0, 1
0x0344	0x11A7      	IORWF       FARG_strncpy_size+1, 0, 1
0x0346	0xE024      	BZ          L_strncpy46
;__Lib_CString.c,171 :: 		
0x0348	0x0E01      	MOVLW       1
0x034A	0x5FA6      	SUBWF       FARG_strncpy_size, 1, 1
0x034C	0x0E00      	MOVLW       0
0x034E	0x5BA7      	SUBWFB      FARG_strncpy_size+1, 1, 1
;__Lib_CString.c,173 :: 		
0x0350	0xF002C004  	MOVFF       R4, R2
0x0354	0xF003C005  	MOVFF       R5, R3
0x0358	0x4A04      	INFSNZ      R4, 1 
0x035A	0x2A05      	INCF        R5, 1 
0x035C	0xF000C0A4  	MOVFF       FARG_strncpy_from, R0
0x0360	0xF001C0A5  	MOVFF       FARG_strncpy_from+1, R1
0x0364	0x4BA4      	INFSNZ      FARG_strncpy_from, 1, 1
0x0366	0x2BA5      	INCF        FARG_strncpy_from+1, 1, 1
0x0368	0xFFE9C000  	MOVFF       R0, FSR0L
0x036C	0xFFEAC001  	MOVFF       R1, FSR0H
0x0370	0xFFE1C002  	MOVFF       R2, FSR1L
0x0374	0xFFE2C003  	MOVFF       R3, FSR1H
0x0378	0xFFE6CFEE  	MOVFF       POSTINC0, POSTINC1
0x037C	0xFFE9C002  	MOVFF       R2, FSR0L
0x0380	0xFFEAC003  	MOVFF       R3, FSR0H
0x0384	0xF000CFEE  	MOVFF       POSTINC0, R0
0x0388	0x5200      	MOVF        R0, 1 
0x038A	0xE101      	BNZ         L_strncpy47
;__Lib_CString.c,174 :: 		
0x038C	0xD001      	BRA         L_strncpy46
L_strncpy47:
;__Lib_CString.c,175 :: 		
0x038E	0xD7D8      	BRA         L_strncpy45
L_strncpy46:
;__Lib_CString.c,176 :: 		
L_strncpy48:
0x0390	0xF000C0A6  	MOVFF       FARG_strncpy_size, R0
0x0394	0xF001C0A7  	MOVFF       FARG_strncpy_size+1, R1
0x0398	0x0E01      	MOVLW       1
0x039A	0x5FA6      	SUBWF       FARG_strncpy_size, 1, 1
0x039C	0x0E00      	MOVLW       0
0x039E	0x5BA7      	SUBWFB      FARG_strncpy_size+1, 1, 1
0x03A0	0x5000      	MOVF        R0, 0 
0x03A2	0x1001      	IORWF       R1, 0 
0x03A4	0xE008      	BZ          L_strncpy49
;__Lib_CString.c,177 :: 		
0x03A6	0xFFE1C004  	MOVFF       R4, FSR1L
0x03AA	0xFFE2C005  	MOVFF       R5, FSR1H
0x03AE	0x6AE6      	CLRF        POSTINC1 
0x03B0	0x4A04      	INFSNZ      R4, 1 
0x03B2	0x2A05      	INCF        R5, 1 
0x03B4	0xD7ED      	BRA         L_strncpy48
L_strncpy49:
;__Lib_CString.c,179 :: 		
0x03B6	0xF000C0A2  	MOVFF       FARG_strncpy_to, R0
0x03BA	0xF001C0A3  	MOVFF       FARG_strncpy_to+1, R1
;__Lib_CString.c,180 :: 		
L_end_strncpy:
0x03BE	0x0012      	RETURN      0
; end of _strncpy
___CC2DW:
;__Lib_System.c,21 :: 		
;__Lib_System.c,23 :: 		
_CC2DL_Loop1:
;__Lib_System.c,24 :: 		
0x03C0	0x0009      	TBLRD*+
;__Lib_System.c,25 :: 		
0x03C2	0xFFE6CFF5  	MOVFF       TABLAT, POSTINC1
;__Lib_System.c,26 :: 		
0x03C6	0x0600      	DECF        R0, 1, 0
;__Lib_System.c,27 :: 		
0x03C8	0xE1FB      	BNZ         _CC2DL_Loop1
;__Lib_System.c,28 :: 		
0x03CA	0x0601      	DECF        R1, 1, 0
;__Lib_System.c,29 :: 		
0x03CC	0xE1F9      	BNZ         _CC2DL_Loop1
;__Lib_System.c,31 :: 		
L_end___CC2DW:
0x03CE	0x0012      	RETURN      0
; end of ___CC2DW
_config:
;MyProject.c,32 :: 		void config(){
;MyProject.c,33 :: 		Lcd_Init();
0x03D0	0xDF29      	RCALL       _Lcd_Init
;MyProject.c,34 :: 		LCD_CMD(_LCD_CURSOR_OFF);
0x03D2	0x0E0C      	MOVLW       12
0x03D4	0x6FAD      	MOVWF       FARG_Lcd_Cmd_out_char, 1
0x03D6	0xDE35      	RCALL       _Lcd_Cmd
;MyProject.c,35 :: 		LCD_OUT(1,1,"WIFI GET TEXT ");
0x03D8	0x0E01      	MOVLW       1
0x03DA	0x6FA2      	MOVWF       FARG_Lcd_Out_row, 1
0x03DC	0x0E01      	MOVLW       1
0x03DE	0x6FA3      	MOVWF       FARG_Lcd_Out_column, 1
0x03E0	0x0E1E      	MOVLW       ?lstr5_MyProject
0x03E2	0x6FA4      	MOVWF       FARG_Lcd_Out_text, 1
0x03E4	0x0E00      	MOVLW       hi_addr(?lstr5_MyProject)
0x03E6	0x6FA5      	MOVWF       FARG_Lcd_Out_text+1, 1
0x03E8	0xDEDE      	RCALL       _Lcd_Out
;MyProject.c,36 :: 		delay_ms(1000);
0x03EA	0x0E0B      	MOVLW       11
0x03EC	0x6E0B      	MOVWF       R11, 0
0x03EE	0x0E26      	MOVLW       38
0x03F0	0x6E0C      	MOVWF       R12, 0
0x03F2	0x0E5D      	MOVLW       93
0x03F4	0x6E0D      	MOVWF       R13, 0
L_config2:
0x03F6	0x2E0D      	DECFSZ      R13, 1, 0
0x03F8	0xD7FE      	BRA         L_config2
0x03FA	0x2E0C      	DECFSZ      R12, 1, 0
0x03FC	0xD7FC      	BRA         L_config2
0x03FE	0x2E0B      	DECFSZ      R11, 1, 0
0x0400	0xD7FA      	BRA         L_config2
0x0402	0x0000      	NOP
0x0404	0x0000      	NOP
;MyProject.c,37 :: 		lcd_cmd(_LCD_CLEAR);
0x0406	0x0E01      	MOVLW       1
0x0408	0x6FAD      	MOVWF       FARG_Lcd_Cmd_out_char, 1
0x040A	0xDE1B      	RCALL       _Lcd_Cmd
;MyProject.c,38 :: 		}
L_end_config:
0x040C	0x0012      	RETURN      0
; end of _config
_get_string:
;MyProject.c,39 :: 		char get_string(char *string,char *from, char _from,char *to,char _to,char *get){
;MyProject.c,42 :: 		char lenght=0;
;MyProject.c,43 :: 		p1 = strstr(string,from)+ _from ;
0x040E	0xF0A2C096  	MOVFF       FARG_get_string_string, FARG_strstr_s1
0x0412	0xF0A3C097  	MOVFF       FARG_get_string_string+1, FARG_strstr_s1+1
0x0416	0xF0A4C098  	MOVFF       FARG_get_string_from, FARG_strstr_s2
0x041A	0xF0A5C099  	MOVFF       FARG_get_string_from+1, FARG_strstr_s2+1
0x041E	0xDF4E      	RCALL       _strstr
0x0420	0x0100      	MOVLB       0
0x0422	0x519A      	MOVF        FARG_get_string__from, 0, 1
0x0424	0x2600      	ADDWF       R0, 1 
0x0426	0x0E00      	MOVLW       0
0x0428	0x2201      	ADDWFC      R1, 1 
0x042A	0xF0A0C000  	MOVFF       R0, get_string_p1_L0
0x042E	0xF0A1C001  	MOVFF       R1, get_string_p1_L0+1
;MyProject.c,45 :: 		p2= strstr(p1,to ) + _to;
0x0432	0xF0A2C000  	MOVFF       R0, FARG_strstr_s1
0x0436	0xF0A3C001  	MOVFF       R1, FARG_strstr_s1+1
0x043A	0xF0A4C09B  	MOVFF       FARG_get_string_to, FARG_strstr_s2
0x043E	0xF0A5C09C  	MOVFF       FARG_get_string_to+1, FARG_strstr_s2+1
0x0442	0xDF3C      	RCALL       _strstr
0x0444	0x0100      	MOVLB       0
0x0446	0x519D      	MOVF        FARG_get_string__to, 0, 1
0x0448	0x2400      	ADDWF       R0, 0 
0x044A	0x6FA6      	MOVWF       FARG_strncpy_size, 1
0x044C	0x0E00      	MOVLW       0
0x044E	0x2001      	ADDWFC      R1, 0 
0x0450	0x6FA7      	MOVWF       FARG_strncpy_size+1, 1
;MyProject.c,46 :: 		lenght=p2-p1;
0x0452	0x51A0      	MOVF        get_string_p1_L0, 0, 1
0x0454	0x5FA6      	SUBWF       FARG_strncpy_size, 1, 1
0x0456	0x51A1      	MOVF        get_string_p1_L0+1, 0, 1
0x0458	0x5BA7      	SUBWFB      FARG_strncpy_size+1, 1, 1
;MyProject.c,48 :: 		strncpy(get,p1,lenght);
0x045A	0xF0A2C09E  	MOVFF       FARG_get_string_get, FARG_strncpy_to
0x045E	0xF0A3C09F  	MOVFF       FARG_get_string_get+1, FARG_strncpy_to+1
0x0462	0xF0A4C0A0  	MOVFF       get_string_p1_L0, FARG_strncpy_from
0x0466	0xF0A5C0A1  	MOVFF       get_string_p1_L0+1, FARG_strncpy_from+1
0x046A	0x0E00      	MOVLW       0
0x046C	0x6FA7      	MOVWF       FARG_strncpy_size+1, 1
0x046E	0xDF64      	RCALL       _strncpy
;MyProject.c,50 :: 		}
L_end_get_string:
0x0470	0x0012      	RETURN      0
; end of _get_string
_main:
0x0472	0xF002ECAE  	CALL        1372, 0
;MyProject.c,22 :: 		void main() {
;MyProject.c,23 :: 		config();
0x0476	0xDFAC      	RCALL       _config
;MyProject.c,24 :: 		while(1){
L_main0:
;MyProject.c,25 :: 		get_string( string,"FLOOR=",6,"&",0,get);
0x0478	0x0E2D      	MOVLW       _string
0x047A	0x6F96      	MOVWF       FARG_get_string_string, 1
0x047C	0x0E00      	MOVLW       hi_addr(_string)
0x047E	0x6F97      	MOVWF       FARG_get_string_string+1, 1
0x0480	0x0E17      	MOVLW       ?lstr1_MyProject
0x0482	0x6F98      	MOVWF       FARG_get_string_from, 1
0x0484	0x0E00      	MOVLW       hi_addr(?lstr1_MyProject)
0x0486	0x6F99      	MOVWF       FARG_get_string_from+1, 1
0x0488	0x0E06      	MOVLW       6
0x048A	0x6F9A      	MOVWF       FARG_get_string__from, 1
0x048C	0x0E15      	MOVLW       ?lstr2_MyProject
0x048E	0x6F9B      	MOVWF       FARG_get_string_to, 1
0x0490	0x0E00      	MOVLW       hi_addr(?lstr2_MyProject)
0x0492	0x6F9C      	MOVWF       FARG_get_string_to+1, 1
0x0494	0x6B9D      	CLRF        FARG_get_string__to, 1
0x0496	0x0E81      	MOVLW       _get
0x0498	0x6F9E      	MOVWF       FARG_get_string_get, 1
0x049A	0x0E00      	MOVLW       hi_addr(_get)
0x049C	0x6F9F      	MOVWF       FARG_get_string_get+1, 1
0x049E	0xDFB7      	RCALL       _get_string
;MyProject.c,26 :: 		lcd_out(1,1,get);
0x04A0	0x0E01      	MOVLW       1
0x04A2	0x6FA2      	MOVWF       FARG_Lcd_Out_row, 1
0x04A4	0x0E01      	MOVLW       1
0x04A6	0x6FA3      	MOVWF       FARG_Lcd_Out_column, 1
0x04A8	0x0E81      	MOVLW       _get
0x04AA	0x6FA4      	MOVWF       FARG_Lcd_Out_text, 1
0x04AC	0x0E00      	MOVLW       hi_addr(_get)
0x04AE	0x6FA5      	MOVWF       FARG_Lcd_Out_text+1, 1
0x04B0	0xDE7A      	RCALL       _Lcd_Out
;MyProject.c,27 :: 		get_string( string,"ROOM=",5,"en",0,get);
0x04B2	0x0E2D      	MOVLW       _string
0x04B4	0x6F96      	MOVWF       FARG_get_string_string, 1
0x04B6	0x0E00      	MOVLW       hi_addr(_string)
0x04B8	0x6F97      	MOVWF       FARG_get_string_string+1, 1
0x04BA	0x0E7B      	MOVLW       ?lstr3_MyProject
0x04BC	0x6F98      	MOVWF       FARG_get_string_from, 1
0x04BE	0x0E00      	MOVLW       hi_addr(?lstr3_MyProject)
0x04C0	0x6F99      	MOVWF       FARG_get_string_from+1, 1
0x04C2	0x0E05      	MOVLW       5
0x04C4	0x6F9A      	MOVWF       FARG_get_string__from, 1
0x04C6	0x0E78      	MOVLW       ?lstr4_MyProject
0x04C8	0x6F9B      	MOVWF       FARG_get_string_to, 1
0x04CA	0x0E00      	MOVLW       hi_addr(?lstr4_MyProject)
0x04CC	0x6F9C      	MOVWF       FARG_get_string_to+1, 1
0x04CE	0x6B9D      	CLRF        FARG_get_string__to, 1
0x04D0	0x0E81      	MOVLW       _get
0x04D2	0x6F9E      	MOVWF       FARG_get_string_get, 1
0x04D4	0x0E00      	MOVLW       hi_addr(_get)
0x04D6	0x6F9F      	MOVWF       FARG_get_string_get+1, 1
0x04D8	0xDF9A      	RCALL       _get_string
;MyProject.c,28 :: 		lcd_out(2,1,get);
0x04DA	0x0E02      	MOVLW       2
0x04DC	0x6FA2      	MOVWF       FARG_Lcd_Out_row, 1
0x04DE	0x0E01      	MOVLW       1
0x04E0	0x6FA3      	MOVWF       FARG_Lcd_Out_column, 1
0x04E2	0x0E81      	MOVLW       _get
0x04E4	0x6FA4      	MOVWF       FARG_Lcd_Out_text, 1
0x04E6	0x0E00      	MOVLW       hi_addr(_get)
0x04E8	0x6FA5      	MOVWF       FARG_Lcd_Out_text+1, 1
0x04EA	0xDE5D      	RCALL       _Lcd_Out
;MyProject.c,30 :: 		}
0x04EC	0xD7C5      	BRA         L_main0
;MyProject.c,31 :: 		}
L_end_main:
0x04EE	0xD7FF      	BRA         $+0
; end of _main
0x055C	0xF015EE10  	LFSR        1, 21
0x0560	0x0E6C      	MOVLW       108
0x0562	0x6E00      	MOVWF       R0 
0x0564	0x0E01      	MOVLW       1
0x0566	0x6E01      	MOVWF       R1 
0x0568	0x0EF0      	MOVLW       240
0x056A	0x6EF6      	MOVWF       4086 
0x056C	0x0E04      	MOVLW       4
0x056E	0x6EF7      	MOVWF       TBLPTRH 
0x0570	0x0E00      	MOVLW       0
0x0572	0x6EF8      	MOVWF       TBLPTRU 
0x0574	0xF001ECE0  	CALL        960, 0
0x0578	0x0012      	RETURN      0
;MyProject.c,0 :: ?ICS?lstr2_MyProject
0x04F0	0x0026 ;?ICS?lstr2_MyProject+0
; end of ?ICS?lstr2_MyProject
;MyProject.c,0 :: ?ICS?lstr1_MyProject
0x04F2	0x4C46 ;?ICS?lstr1_MyProject+0
0x04F4	0x4F4F ;?ICS?lstr1_MyProject+2
0x04F6	0x3D52 ;?ICS?lstr1_MyProject+4
0x04F8	0x00 ;?ICS?lstr1_MyProject+6
; end of ?ICS?lstr1_MyProject
;MyProject.c,0 :: ?ICS?lstr5_MyProject
0x04F9	0x4957 ;?ICS?lstr5_MyProject+0
0x04FB	0x4946 ;?ICS?lstr5_MyProject+2
0x04FD	0x4720 ;?ICS?lstr5_MyProject+4
0x04FF	0x5445 ;?ICS?lstr5_MyProject+6
0x0501	0x5420 ;?ICS?lstr5_MyProject+8
0x0503	0x5845 ;?ICS?lstr5_MyProject+10
0x0505	0x2054 ;?ICS?lstr5_MyProject+12
0x0507	0x00 ;?ICS?lstr5_MyProject+14
; end of ?ICS?lstr5_MyProject
;MyProject.c,0 :: ?ICS_string
0x0508	0x6D20 ;?ICS_string+0
0x050A	0x686F ;?ICS_string+2
0x050C	0x6D61 ;?ICS_string+4
0x050E	0x6465 ;?ICS_string+6
0x0510	0x7320 ;?ICS_string+8
0x0512	0x6D61 ;?ICS_string+10
0x0514	0x2079 ;?ICS_string+12
0x0516	0x7369 ;?ICS_string+14
0x0518	0x6120 ;?ICS_string+16
0x051A	0x6720 ;?ICS_string+18
0x051C	0x6F6F ;?ICS_string+20
0x051E	0x2064 ;?ICS_string+22
0x0520	0x4C46 ;?ICS_string+24
0x0522	0x4F4F ;?ICS_string+26
0x0524	0x3D52 ;?ICS_string+28
0x0526	0x2633 ;?ICS_string+30
0x0528	0x4F52 ;?ICS_string+32
0x052A	0x4D4F ;?ICS_string+34
0x052C	0x313D ;?ICS_string+36
0x052E	0x6520 ;?ICS_string+38
0x0530	0x676E ;?ICS_string+40
0x0532	0x6E69 ;?ICS_string+42
0x0534	0x6565 ;?ICS_string+44
0x0536	0x2072 ;?ICS_string+46
0x0538	0x6568 ;?ICS_string+48
0x053A	0x7720 ;?ICS_string+50
0x053C	0x6C69 ;?ICS_string+52
0x053E	0x206C ;?ICS_string+54
0x0540	0x6562 ;?ICS_string+56
0x0542	0x6120 ;?ICS_string+58
0x0544	0x6720 ;?ICS_string+60
0x0546	0x6F6F ;?ICS_string+62
0x0548	0x2064 ;?ICS_string+64
0x054A	0x616D ;?ICS_string+66
0x054C	0x616E ;?ICS_string+68
0x054E	0x6567 ;?ICS_string+70
0x0550	0x2072 ;?ICS_string+72
0x0552	0x00 ;?ICS_string+74
; end of ?ICS_string
;MyProject.c,0 :: ?ICS?lstr4_MyProject
0x0553	0x6E65 ;?ICS?lstr4_MyProject+0
0x0555	0x00 ;?ICS?lstr4_MyProject+2
; end of ?ICS?lstr4_MyProject
;MyProject.c,0 :: ?ICS?lstr3_MyProject
0x0556	0x4F52 ;?ICS?lstr3_MyProject+0
0x0558	0x4D4F ;?ICS?lstr3_MyProject+2
0x055A	0x003D ;?ICS?lstr3_MyProject+4
; end of ?ICS?lstr3_MyProject
Symbol List:
//** Routines locations **
//ADDRESS    SIZE    PROCEDURE
//----------------------------------------------
0x001C      [10]    _Delay_50us
0x0026      [22]    _Delay_5500us
0x003C       [6]    _Delay_1us
0x0042     [126]    _Lcd_Cmd
0x00C0      [60]    _strchr
0x00FC      [58]    _strlen
0x0136      [14]    _Lcd_Chr_CP
0x0144      [98]    _strncmp
0x01A6     [126]    _Lcd_Out
0x0224     [152]    _Lcd_Init
0x02BC     [124]    _strstr
0x0338     [136]    _strncpy
0x03C0      [16]    ___CC2DW
0x03D0      [62]    _config
0x040E     [100]    _get_string
0x0472     [126]    _main
//** Variables locations ** 
//ADDRESS    SIZE    VARIABLE
//----------------------------------------------
0x0000       [1]    R0
0x0000       [1]    SPI1_Write_tmp_L0
0x0000       [1]    EEPROM_Write_SaveINTCON_L0
0x0001       [1]    R1
0x0001       [1]    ispunct_rslt_L0
0x0002       [1]    R2
0x0002       [2]    memcpy_dd_L0
0x0002       [2]    memchr_s_L0
0x0002       [2]    strlen_cp_L0
0x0002       [2]    memset_pp_L0
0x0003       [2]    Ltrim_original_L0
0x0003       [1]    R3
0x0003       [2]    memmove_tt_L0
0x0004       [2]    strncpy_cp_L0
0x0004       [2]    frexp_pom_L0
0x0004       [2]    strcat_cp_L0
0x0004       [2]    strcpy_cp_L0
0x0004       [2]    memcpy_ss_L0
0x0004       [1]    R4
0x0004       [2]    strncat_cp_L0
0x0005       [2]    memmove_ff_L0
0x0005       [2]    Ltrim_p_L0
0x0005       [2]    LongIntToHex_input_half_L0
0x0005       [1]    R5
0x0005       [2]    LongWordToHex_input_half_L0
0x0006       [1]    R6
0x0007       [1]    R7
0x0008       [1]    R8
0x0009       [1]    R9
0x000A       [1]    R10
0x000B       [1]    R11
0x000C       [1]    R12
0x000D       [1]    R13
0x000E       [1]    R14
0x000F       [1]    R15
0x0010       [1]    R16
0x0011       [1]    R17
0x0012       [1]    R18
0x0013       [1]    R19
0x0014       [1]    R20
0x0015       [2]    ?lstr2_MyProject
0x0017       [7]    ?lstr1_MyProject
0x001E      [15]    ?lstr5_MyProject
0x002D      [75]    _string
0x0078       [3]    ?lstr4_MyProject
0x007B       [6]    ?lstr3_MyProject
0x0081      [20]    _get
0x0095       [0]    __Lib_Lcd_cmd_status
0x0096       [2]    FARG_get_string_string
0x0098       [2]    FARG_get_string_from
0x009A       [1]    FARG_get_string__from
0x009B       [2]    FARG_get_string_to
0x009D       [1]    FARG_get_string__to
0x009E       [2]    FARG_get_string_get
0x00A0       [2]    get_string_p1_L0
0x00A2       [2]    FARG_strstr_s1
0x00A2       [2]    FARG_strncpy_to
0x00A2       [1]    FARG_Lcd_Out_row
0x00A3       [1]    FARG_Lcd_Out_column
0x00A4       [2]    FARG_Lcd_Out_text
0x00A4       [2]    FARG_strncpy_from
0x00A4       [2]    FARG_strstr_s2
0x00A6       [2]    FARG_strncpy_size
0x00A6       [1]    Lcd_Out_i_L0
0x00A8       [1]    FARG_Lcd_Chr_CP_out_char
0x00A8       [2]    FARG_strlen_s
0x00A8       [2]    FARG_strchr_ptr
0x00A8       [2]    FARG_strncmp_s1
0x00AA       [1]    FARG_strchr_chr
0x00AA       [2]    FARG_strncmp_s2
0x00AC       [1]    FARG_strncmp_len
0x00AD       [1]    FARG_Lcd_Cmd_out_char
0x0F82       [0]    LCD_RS
0x0F82       [0]    LCD_EN
0x0F82       [0]    RC3_bit
0x0F82       [0]    RC4_bit
0x0F82       [0]    RC2_bit
0x0F82       [0]    RC0_bit
0x0F82       [0]    RC1_bit
0x0F82       [0]    RC5_bit
0x0F82       [0]    LCD_D6
0x0F82       [0]    LCD_D7
0x0F82       [0]    LCD_D5
0x0F82       [0]    LCD_D4
0x0F94       [0]    LCD_EN_Direction
0x0F94       [0]    LCD_RS_Direction
0x0F94       [0]    LCD_D6_Direction
0x0F94       [0]    LCD_D7_Direction
0x0F94       [0]    TRISC5_bit
0x0F94       [0]    TRISC4_bit
0x0F94       [0]    TRISC3_bit
0x0F94       [0]    LCD_D4_Direction
0x0F94       [0]    LCD_D5_Direction
0x0F94       [0]    TRISC0_bit
0x0F94       [0]    TRISC2_bit
0x0F94       [0]    TRISC1_bit
0x0FD8       [1]    STATUS
0x0FD9       [1]    FSR2L
0x0FDA       [1]    FSR2H
0x0FDE       [1]    POSTINC2
0x0FE0       [1]    BSR
0x0FE1       [1]    FSR1L
0x0FE2       [1]    FSR1H
0x0FE4       [1]    PREINC1
0x0FE6       [1]    POSTINC1
0x0FE7       [1]    INDF1
0x0FE8       [1]    WREG
0x0FE9       [1]    FSR0L
0x0FEA       [1]    FSR0H
0x0FEE       [1]    POSTINC0
0x0FF3       [1]    PRODL
0x0FF4       [1]    PRODH
0x0FF5       [1]    TABLAT
0x0FF6       [1]    TBLPTRL
0x0FF7       [1]    TBLPTRH
0x0FF8       [1]    TBLPTRU
//** Constants locations ** 
//ADDRESS    SIZE    CONSTANT
//----------------------------------------------
0x04F0       [2]    ?ICS?lstr2_MyProject
0x04F2       [7]    ?ICS?lstr1_MyProject
0x04F9      [15]    ?ICS?lstr5_MyProject
0x0508      [75]    ?ICS_string
0x0553       [3]    ?ICS?lstr4_MyProject
0x0556       [6]    ?ICS?lstr3_MyProject
