;  LST file generated by mikroListExporter - v.2.0 
; Date/Time: 2/3/2021 3:26:19 PM
;----------------------------------------------

;Address Opcode 	ASM
0x0000	0xF005EFAD  	GOTO        2906
_interrupt:
;MyProject.c,291 :: 		void interrupt(){
0x0008	0xF016C000  	MOVFF       R0, 22
0x000C	0xF015C001  	MOVFF       R1, 21
;MyProject.c,292 :: 		INTCON.GIE=0;
0x0010	0xF017CFE1  	MOVFF       FSR1L, 23
0x0014	0xF018CFE2  	MOVFF       FSR1H, 24
0x0018	0x9EF2      	BCF         INTCON, 7 
;MyProject.c,293 :: 		if( PIE1.RCIE==1){
0x001A	0xAA9D      	BTFSS       PIE1, 5 
0x001C	0xD02C      	BRA         L_interrupt48
;MyProject.c,294 :: 		temp= UART1_Read();
0x001E	0xDBE4      	RCALL       _UART1_Read
0x0020	0xF22DC000  	MOVFF       R0, _temp
;MyProject.c,295 :: 		switch(temp){
0x0024	0xD01F      	BRA         L_interrupt49
;MyProject.c,296 :: 		case LF:
L_interrupt51:
;MyProject.c,297 :: 		if(data_len >1){
0x0026	0x0E00      	MOVLW       0
0x0028	0x6E00      	MOVWF       R0 
0x002A	0x0101      	MOVLB       1
0x002C	0x51FE      	MOVF        _data_len+1, 0, 1
0x002E	0x5C00      	SUBWF       R0, 0 
0x0030	0xE102      	BNZ         L__interrupt77
0x0032	0x51FD      	MOVF        _data_len, 0, 1
0x0034	0x0801      	SUBLW       1
L__interrupt77:
0x0036	0xE200      	BC          L_interrupt52
;MyProject.c,298 :: 		data ready=1;
;MyProject.c,299 :: 		}
L_interrupt52:
;MyProject.c,300 :: 		break;
0x0038	0xD01D      	BRA         L_interrupt50
;MyProject.c,301 :: 		case CR:
L_interrupt53:
0x003A	0x0101      	MOVLB       1
;MyProject.c,302 :: 		buff[data_len]=0;
0x003C	0x0E2F      	MOVLW       _buff
0x003E	0x25FD      	ADDWF       _data_len, 0, 1
0x0040	0x6EE1      	MOVWF       FSR1L 
0x0042	0x0E02      	MOVLW       hi_addr(_buff)
0x0044	0x21FE      	ADDWFC      _data_len+1, 0, 1
0x0046	0x6EE2      	MOVWF       FSR1H 
0x0048	0x6AE6      	CLRF        POSTINC1 
;MyProject.c,303 :: 		break;
0x004A	0xD014      	BRA         L_interrupt50
;MyProject.c,304 :: 		default:
L_interrupt54:
0x004C	0x0101      	MOVLB       1
;MyProject.c,305 :: 		buff[data_len]=temp ;
0x004E	0x0E2F      	MOVLW       _buff
0x0050	0x25FD      	ADDWF       _data_len, 0, 1
0x0052	0x6EE1      	MOVWF       FSR1L 
0x0054	0x0E02      	MOVLW       hi_addr(_buff)
0x0056	0x21FE      	ADDWFC      _data_len+1, 0, 1
0x0058	0x6EE2      	MOVWF       FSR1H 
0x005A	0xFFE6C22D  	MOVFF       _temp, POSTINC1
;MyProject.c,306 :: 		data_len++;
0x005E	0x4BFD      	INFSNZ      _data_len, 1, 1
0x0060	0x2BFE      	INCF        _data_len+1, 1, 1
;MyProject.c,307 :: 		}
0x0062	0xD008      	BRA         L_interrupt50
L_interrupt49:
0x0064	0x0102      	MOVLB       2
0x0066	0x512D      	MOVF        _temp, 0, 1
0x0068	0x0A0A      	XORLW       10
0x006A	0xE0DD      	BZ          L_interrupt51
0x006C	0x512D      	MOVF        _temp, 0, 1
0x006E	0x0A0D      	XORLW       13
0x0070	0xE0E4      	BZ          L_interrupt53
0x0072	0xD7EC      	BRA         L_interrupt54
L_interrupt50:
;MyProject.c,308 :: 		PIE1.RCIE=0;
0x0074	0x9A9D      	BCF         PIE1, 5 
;MyProject.c,309 :: 		}
L_interrupt48:
;MyProject.c,310 :: 		INTCON.GIE=1;
0x0076	0x8EF2      	BSF         INTCON, 7 
;MyProject.c,312 :: 		}
L_end_interrupt:
L__interrupt76:
0x0078	0xF000C016  	MOVFF       22, R0
0x007C	0xF001C015  	MOVFF       21, R1
0x0080	0xFFE1C017  	MOVFF       23, FSR1L
0x0084	0xFFE2C018  	MOVFF       24, FSR1H
0x0088	0x0011      	RETFIE      1
; end of _interrupt
_Delay_1us:
;__Lib_Delays.c,7 :: 		void Delay_1us() {
;__Lib_Delays.c,8 :: 		Delay_us(1);
0x008A	0x0000      	NOP
;__Lib_Delays.c,9 :: 		}
L_end_Delay_1us:
0x008C	0x0012      	RETURN      0
; end of _Delay_1us
_Delay_5500us:
;__Lib_Delays.c,31 :: 		void Delay_5500us() {
;__Lib_Delays.c,32 :: 		Delay_us(5500);
0x008E	0x0E08      	MOVLW       8
0x0090	0x6E0C      	MOVWF       R12, 0
0x0092	0x0E23      	MOVLW       35
0x0094	0x6E0D      	MOVWF       R13, 0
L_Delay_5500us5:
0x0096	0x2E0D      	DECFSZ      R13, 1, 0
0x0098	0xD7FE      	BRA         L_Delay_5500us5
0x009A	0x2E0C      	DECFSZ      R12, 1, 0
0x009C	0xD7FC      	BRA         L_Delay_5500us5
;__Lib_Delays.c,33 :: 		}
L_end_Delay_5500us:
0x009E	0x0012      	RETURN      0
; end of _Delay_5500us
_Delay_50us:
;__Lib_Delays.c,19 :: 		void Delay_50us() {
;__Lib_Delays.c,20 :: 		Delay_us(50);
0x00A0	0x0E10      	MOVLW       16
0x00A2	0x6E0D      	MOVWF       R13, 0
L_Delay_50us2:
0x00A4	0x2E0D      	DECFSZ      R13, 1, 0
0x00A6	0xD7FE      	BRA         L_Delay_50us2
0x00A8	0x0000      	NOP
;__Lib_Delays.c,21 :: 		}
L_end_Delay_50us:
0x00AA	0x0012      	RETURN      0
; end of _Delay_50us
_strncmp:
;__Lib_CString.c,219 :: 		
;__Lib_CString.c,221 :: 		
L_strncmp58:
0x00AC	0xF000C43B  	MOVFF       FARG_strncmp_len, R0
0x00B0	0x0104      	MOVLB       4
0x00B2	0x073B      	DECF        FARG_strncmp_len, 1, 1
0x00B4	0x5200      	MOVF        R0, 1 
0x00B6	0xE028      	BZ          L_strncmp59
;__Lib_CString.c,222 :: 		
0x00B8	0xFFE9C437  	MOVFF       FARG_strncmp_s1, FSR0L
0x00BC	0xFFEAC438  	MOVFF       FARG_strncmp_s1+1, FSR0H
0x00C0	0x50EE      	MOVF        POSTINC0, 0 
0x00C2	0x0A00      	XORLW       0
0x00C4	0xE00C      	BZ          L__strncmp86
0x00C6	0xFFE9C437  	MOVFF       FARG_strncmp_s1, FSR0L
0x00CA	0xFFEAC438  	MOVFF       FARG_strncmp_s1+1, FSR0H
0x00CE	0xFFD9C439  	MOVFF       FARG_strncmp_s2, FSR2L
0x00D2	0xFFDAC43A  	MOVFF       FARG_strncmp_s2+1, FSR2H
0x00D6	0x50EE      	MOVF        POSTINC0, 0 
0x00D8	0x18DE      	XORWF       POSTINC2, 0 
0x00DA	0xE101      	BNZ         L__strncmp86
0x00DC	0xD00F      	BRA         L_strncmp62
L__strncmp86:
;__Lib_CString.c,223 :: 		
0x00DE	0xFFE9C437  	MOVFF       FARG_strncmp_s1, FSR0L
0x00E2	0xFFEAC438  	MOVFF       FARG_strncmp_s1+1, FSR0H
0x00E6	0xFFD9C439  	MOVFF       FARG_strncmp_s2, FSR2L
0x00EA	0xFFDAC43A  	MOVFF       FARG_strncmp_s2+1, FSR2H
0x00EE	0x50DE      	MOVF        POSTINC2, 0 
0x00F0	0x5CEE      	SUBWF       POSTINC0, 0 
0x00F2	0x6E00      	MOVWF       R0 
0x00F4	0x6A01      	CLRF        R1 
0x00F6	0x0E00      	MOVLW       0
0x00F8	0x5A01      	SUBWFB      R1, 1 
0x00FA	0xD008      	BRA         L_end_strncmp
L_strncmp62:
0x00FC	0x0104      	MOVLB       4
;__Lib_CString.c,224 :: 		
0x00FE	0x4B37      	INFSNZ      FARG_strncmp_s1, 1, 1
0x0100	0x2B38      	INCF        FARG_strncmp_s1+1, 1, 1
;__Lib_CString.c,225 :: 		
0x0102	0x4B39      	INFSNZ      FARG_strncmp_s2, 1, 1
0x0104	0x2B3A      	INCF        FARG_strncmp_s2+1, 1, 1
;__Lib_CString.c,226 :: 		
0x0106	0xD7D2      	BRA         L_strncmp58
L_strncmp59:
;__Lib_CString.c,227 :: 		
0x0108	0x6A00      	CLRF        R0 
0x010A	0x6A01      	CLRF        R1 
;__Lib_CString.c,228 :: 		
L_end_strncmp:
0x010C	0x0012      	RETURN      0
; end of _strncmp
_strchr:
;__Lib_CString.c,102 :: 		
;__Lib_CString.c,103 :: 		
L_strchr26:
;__Lib_CString.c,104 :: 		
0x010E	0xFFE9C437  	MOVFF       FARG_strchr_ptr, FSR0L
0x0112	0xFFEAC438  	MOVFF       FARG_strchr_ptr+1, FSR0H
0x0116	0x50EE      	MOVF        POSTINC0, 0 
0x0118	0x0104      	MOVLB       4
0x011A	0x1939      	XORWF       FARG_strchr_chr, 0, 1
0x011C	0xE105      	BNZ         L_strchr29
;__Lib_CString.c,105 :: 		
0x011E	0xF000C437  	MOVFF       FARG_strchr_ptr, R0
0x0122	0xF001C438  	MOVFF       FARG_strchr_ptr+1, R1
0x0126	0xD010      	BRA         L_end_strchr
L_strchr29:
;__Lib_CString.c,106 :: 		
0x0128	0xF000C437  	MOVFF       FARG_strchr_ptr, R0
0x012C	0xF001C438  	MOVFF       FARG_strchr_ptr+1, R1
0x0130	0x4B37      	INFSNZ      FARG_strchr_ptr, 1, 1
0x0132	0x2B38      	INCF        FARG_strchr_ptr+1, 1, 1
0x0134	0xFFE9C000  	MOVFF       R0, FSR0L
0x0138	0xFFEAC001  	MOVFF       R1, FSR0H
0x013C	0xF000CFEE  	MOVFF       POSTINC0, R0
0x0140	0x5200      	MOVF        R0, 1 
0x0142	0xE1E5      	BNZ         L_strchr26
;__Lib_CString.c,108 :: 		
0x0144	0x6A00      	CLRF        R0 
0x0146	0x6A01      	CLRF        R1 
;__Lib_CString.c,109 :: 		
L_end_strchr:
0x0148	0x0012      	RETURN      0
; end of _strchr
_Lcd_Cmd:
;__Lib_Lcd.c,18 :: 		
;__Lib_Lcd.c,20 :: 		
0x014A	0x0104      	MOVLB       4
0x014C	0xBF37      	BTFSC       FARG_Lcd_Cmd_out_char, 7, 1
0x014E	0xD002      	BRA         L__Lcd_Cmd21
0x0150	0x9682      	BCF         LCD_D7, BitPos(LCD_D7+0) 
0x0152	0xD001      	BRA         L__Lcd_Cmd22
L__Lcd_Cmd21:
0x0154	0x8682      	BSF         LCD_D7, BitPos(LCD_D7+0) 
L__Lcd_Cmd22:
;__Lib_Lcd.c,21 :: 		
0x0156	0xBD37      	BTFSC       FARG_Lcd_Cmd_out_char, 6, 1
0x0158	0xD002      	BRA         L__Lcd_Cmd23
0x015A	0x9482      	BCF         LCD_D6, BitPos(LCD_D6+0) 
0x015C	0xD001      	BRA         L__Lcd_Cmd24
L__Lcd_Cmd23:
0x015E	0x8482      	BSF         LCD_D6, BitPos(LCD_D6+0) 
L__Lcd_Cmd24:
;__Lib_Lcd.c,22 :: 		
0x0160	0xBB37      	BTFSC       FARG_Lcd_Cmd_out_char, 5, 1
0x0162	0xD002      	BRA         L__Lcd_Cmd25
0x0164	0x9282      	BCF         LCD_D5, BitPos(LCD_D5+0) 
0x0166	0xD001      	BRA         L__Lcd_Cmd26
L__Lcd_Cmd25:
0x0168	0x8282      	BSF         LCD_D5, BitPos(LCD_D5+0) 
L__Lcd_Cmd26:
;__Lib_Lcd.c,23 :: 		
0x016A	0xB937      	BTFSC       FARG_Lcd_Cmd_out_char, 4, 1
0x016C	0xD002      	BRA         L__Lcd_Cmd27
0x016E	0x9082      	BCF         LCD_D4, BitPos(LCD_D4+0) 
0x0170	0xD001      	BRA         L__Lcd_Cmd28
L__Lcd_Cmd27:
0x0172	0x8082      	BSF         LCD_D4, BitPos(LCD_D4+0) 
L__Lcd_Cmd28:
;__Lib_Lcd.c,25 :: 		
0x0174	0x0101      	MOVLB       1
0x0176	0xB1C0      	BTFSC       __Lib_Lcd_cmd_status, BitPos(__Lib_Lcd_cmd_status+0), 1
0x0178	0xD002      	BRA         L__Lcd_Cmd29
0x017A	0x8882      	BSF         LCD_RS, BitPos(LCD_RS+0) 
0x017C	0xD001      	BRA         L__Lcd_Cmd30
L__Lcd_Cmd29:
0x017E	0x9882      	BCF         LCD_RS, BitPos(LCD_RS+0) 
L__Lcd_Cmd30:
;__Lib_Lcd.c,28 :: 		
0x0180	0x8A82      	BSF         LCD_EN, BitPos(LCD_EN+0) 
;__Lib_Lcd.c,29 :: 		
0x0182	0xDF83      	RCALL       _Delay_1us
;__Lib_Lcd.c,30 :: 		
0x0184	0x9A82      	BCF         LCD_EN, BitPos(LCD_EN+0) 
;__Lib_Lcd.c,33 :: 		
0x0186	0x0104      	MOVLB       4
0x0188	0xB737      	BTFSC       FARG_Lcd_Cmd_out_char, 3, 1
0x018A	0xD002      	BRA         L__Lcd_Cmd31
0x018C	0x9682      	BCF         LCD_D7, BitPos(LCD_D7+0) 
0x018E	0xD001      	BRA         L__Lcd_Cmd32
L__Lcd_Cmd31:
0x0190	0x8682      	BSF         LCD_D7, BitPos(LCD_D7+0) 
L__Lcd_Cmd32:
;__Lib_Lcd.c,34 :: 		
0x0192	0xB537      	BTFSC       FARG_Lcd_Cmd_out_char, 2, 1
0x0194	0xD002      	BRA         L__Lcd_Cmd33
0x0196	0x9482      	BCF         LCD_D6, BitPos(LCD_D6+0) 
0x0198	0xD001      	BRA         L__Lcd_Cmd34
L__Lcd_Cmd33:
0x019A	0x8482      	BSF         LCD_D6, BitPos(LCD_D6+0) 
L__Lcd_Cmd34:
;__Lib_Lcd.c,35 :: 		
0x019C	0xB337      	BTFSC       FARG_Lcd_Cmd_out_char, 1, 1
0x019E	0xD002      	BRA         L__Lcd_Cmd35
0x01A0	0x9282      	BCF         LCD_D5, BitPos(LCD_D5+0) 
0x01A2	0xD001      	BRA         L__Lcd_Cmd36
L__Lcd_Cmd35:
0x01A4	0x8282      	BSF         LCD_D5, BitPos(LCD_D5+0) 
L__Lcd_Cmd36:
;__Lib_Lcd.c,36 :: 		
0x01A6	0xB137      	BTFSC       FARG_Lcd_Cmd_out_char, 0, 1
0x01A8	0xD002      	BRA         L__Lcd_Cmd37
0x01AA	0x9082      	BCF         LCD_D4, BitPos(LCD_D4+0) 
0x01AC	0xD001      	BRA         L__Lcd_Cmd38
L__Lcd_Cmd37:
0x01AE	0x8082      	BSF         LCD_D4, BitPos(LCD_D4+0) 
L__Lcd_Cmd38:
;__Lib_Lcd.c,38 :: 		
0x01B0	0x0101      	MOVLB       1
0x01B2	0xB1C0      	BTFSC       __Lib_Lcd_cmd_status, BitPos(__Lib_Lcd_cmd_status+0), 1
0x01B4	0xD002      	BRA         L__Lcd_Cmd39
0x01B6	0x8882      	BSF         LCD_RS, BitPos(LCD_RS+0) 
0x01B8	0xD001      	BRA         L__Lcd_Cmd40
L__Lcd_Cmd39:
0x01BA	0x9882      	BCF         LCD_RS, BitPos(LCD_RS+0) 
L__Lcd_Cmd40:
;__Lib_Lcd.c,40 :: 		
0x01BC	0x8A82      	BSF         LCD_EN, BitPos(LCD_EN+0) 
;__Lib_Lcd.c,41 :: 		
0x01BE	0xDF65      	RCALL       _Delay_1us
;__Lib_Lcd.c,42 :: 		
0x01C0	0x9A82      	BCF         LCD_EN, BitPos(LCD_EN+0) 
;__Lib_Lcd.c,44 :: 		
0x01C2	0xA1C0      	BTFSS       __Lib_Lcd_cmd_status, BitPos(__Lib_Lcd_cmd_status+0), 1
0x01C4	0xD002      	BRA         L_Lcd_Cmd0
;__Lib_Lcd.c,45 :: 		
0x01C6	0xDF63      	RCALL       _Delay_5500us
0x01C8	0xD001      	BRA         L_Lcd_Cmd1
L_Lcd_Cmd0:
;__Lib_Lcd.c,47 :: 		
0x01CA	0xDF6A      	RCALL       _Delay_50us
L_Lcd_Cmd1:
;__Lib_Lcd.c,48 :: 		
L_end_Lcd_Cmd:
0x01CC	0x0012      	RETURN      0
; end of _Lcd_Cmd
_strlen:
;__Lib_CString.c,136 :: 		
;__Lib_CString.c,139 :: 		
0x01CE	0xF002C437  	MOVFF       FARG_strlen_s, R2
0x01D2	0xF003C438  	MOVFF       FARG_strlen_s+1, R3
;__Lib_CString.c,140 :: 		
L_strlen36:
0x01D6	0xF000C002  	MOVFF       R2, R0
0x01DA	0xF001C003  	MOVFF       R3, R1
0x01DE	0x4A02      	INFSNZ      R2, 1 
0x01E0	0x2A03      	INCF        R3, 1 
0x01E2	0xFFE9C000  	MOVFF       R0, FSR0L
0x01E6	0xFFEAC001  	MOVFF       R1, FSR0H
0x01EA	0x52EE      	MOVF        POSTINC0, 1 
0x01EC	0xE001      	BZ          L_strlen37
;__Lib_CString.c,141 :: 		
0x01EE	0xD7F3      	BRA         L_strlen36
L_strlen37:
;__Lib_CString.c,142 :: 		
0x01F0	0x0104      	MOVLB       4
0x01F2	0x5137      	MOVF        FARG_strlen_s, 0, 1
0x01F4	0x5C02      	SUBWF       R2, 0 
0x01F6	0x6E00      	MOVWF       R0 
0x01F8	0x5138      	MOVF        FARG_strlen_s+1, 0, 1
0x01FA	0x5803      	SUBWFB      R3, 0 
0x01FC	0x6E01      	MOVWF       R1 
0x01FE	0x0E01      	MOVLW       1
0x0200	0x5E00      	SUBWF       R0, 1 
0x0202	0x0E00      	MOVLW       0
0x0204	0x5A01      	SUBWFB      R1, 1 
;__Lib_CString.c,143 :: 		
L_end_strlen:
0x0206	0x0012      	RETURN      0
; end of _strlen
_UART1_Write:
;__Lib_UART_c67.c,58 :: 		
;__Lib_UART_c67.c,59 :: 		
L_UART1_Write3:
0x0208	0xB2AC      	BTFSC       TXSTA, 1 
0x020A	0xD002      	BRA         L_UART1_Write4
;__Lib_UART_c67.c,60 :: 		
0x020C	0x0000      	NOP
0x020E	0xD7FC      	BRA         L_UART1_Write3
L_UART1_Write4:
;__Lib_UART_c67.c,61 :: 		
0x0210	0xFFADC431  	MOVFF       FARG_UART1_Write_data_, TXREG
;__Lib_UART_c67.c,62 :: 		
L_end_UART1_Write:
0x0214	0x0012      	RETURN      0
; end of _UART1_Write
_memset:
;__Lib_CString.c,77 :: 		
;__Lib_CString.c,80 :: 		
0x0216	0xF002C431  	MOVFF       FARG_memset_p1, R2
0x021A	0xF003C432  	MOVFF       FARG_memset_p1+1, R3
;__Lib_CString.c,81 :: 		
L_memset20:
0x021E	0xF000C434  	MOVFF       FARG_memset_n, R0
0x0222	0xF001C435  	MOVFF       FARG_memset_n+1, R1
0x0226	0x0E01      	MOVLW       1
0x0228	0x0104      	MOVLB       4
0x022A	0x5F34      	SUBWF       FARG_memset_n, 1, 1
0x022C	0x0E00      	MOVLW       0
0x022E	0x5B35      	SUBWFB      FARG_memset_n+1, 1, 1
0x0230	0x5000      	MOVF        R0, 0 
0x0232	0x1001      	IORWF       R1, 0 
0x0234	0xE009      	BZ          L_memset21
;__Lib_CString.c,82 :: 		
0x0236	0xFFE1C002  	MOVFF       R2, FSR1L
0x023A	0xFFE2C003  	MOVFF       R3, FSR1H
0x023E	0xFFE6C433  	MOVFF       FARG_memset_character, POSTINC1
0x0242	0x4A02      	INFSNZ      R2, 1 
0x0244	0x2A03      	INCF        R3, 1 
0x0246	0xD7EB      	BRA         L_memset20
L_memset21:
;__Lib_CString.c,83 :: 		
0x0248	0xF000C431  	MOVFF       FARG_memset_p1, R0
0x024C	0xF001C432  	MOVFF       FARG_memset_p1+1, R1
;__Lib_CString.c,84 :: 		
L_end_memset:
0x0250	0x0012      	RETURN      0
; end of _memset
_strstr:
;__Lib_CString.c,273 :: 		
;__Lib_CString.c,274 :: 		
L_strstr70:
0x0252	0x0E00      	MOVLW       0
0x0254	0x0104      	MOVLB       4
0x0256	0x1932      	XORWF       FARG_strstr_s1+1, 0, 1
0x0258	0xE102      	BNZ         L__strstr113
0x025A	0x0E00      	MOVLW       0
0x025C	0x1931      	XORWF       FARG_strstr_s1, 0, 1
L__strstr113:
0x025E	0xE034      	BZ          L_strstr71
0x0260	0xFFE9C431  	MOVFF       FARG_strstr_s1, FSR0L
0x0264	0xFFEAC432  	MOVFF       FARG_strstr_s1+1, FSR0H
0x0268	0x52EE      	MOVF        POSTINC0, 1 
0x026A	0xE02E      	BZ          L_strstr71
L__strstr87:
;__Lib_CString.c,275 :: 		
0x026C	0xF437C433  	MOVFF       FARG_strstr_s2, FARG_strlen_s
0x0270	0xF438C434  	MOVFF       FARG_strstr_s2+1, FARG_strlen_s+1
0x0274	0xDFAC      	RCALL       _strlen
0x0276	0xF43BC000  	MOVFF       R0, FARG_strncmp_len
0x027A	0xF437C431  	MOVFF       FARG_strstr_s1, FARG_strncmp_s1
0x027E	0xF438C432  	MOVFF       FARG_strstr_s1+1, FARG_strncmp_s1+1
0x0282	0xF439C433  	MOVFF       FARG_strstr_s2, FARG_strncmp_s2
0x0286	0xF43AC434  	MOVFF       FARG_strstr_s2+1, FARG_strncmp_s2+1
0x028A	0xDF10      	RCALL       _strncmp
0x028C	0x0E00      	MOVLW       0
0x028E	0x1801      	XORWF       R1, 0 
0x0290	0xE102      	BNZ         L__strstr114
0x0292	0x0E00      	MOVLW       0
0x0294	0x1800      	XORWF       R0, 0 
L__strstr114:
0x0296	0xE105      	BNZ         L_strstr74
;__Lib_CString.c,276 :: 		
0x0298	0xF000C431  	MOVFF       FARG_strstr_s1, R0
0x029C	0xF001C432  	MOVFF       FARG_strstr_s1+1, R1
0x02A0	0xD015      	BRA         L_end_strstr
L_strstr74:
;__Lib_CString.c,277 :: 		
0x02A2	0x0E01      	MOVLW       1
0x02A4	0x0104      	MOVLB       4
0x02A6	0x2531      	ADDWF       FARG_strstr_s1, 0, 1
0x02A8	0x6F37      	MOVWF       FARG_strchr_ptr, 1
0x02AA	0x0E00      	MOVLW       0
0x02AC	0x2132      	ADDWFC      FARG_strstr_s1+1, 0, 1
0x02AE	0x6F38      	MOVWF       FARG_strchr_ptr+1, 1
0x02B0	0xFFE9C433  	MOVFF       FARG_strstr_s2, FSR0L
0x02B4	0xFFEAC434  	MOVFF       FARG_strstr_s2+1, FSR0H
0x02B8	0xF439CFEE  	MOVFF       POSTINC0, FARG_strchr_chr
0x02BC	0xDF28      	RCALL       _strchr
0x02BE	0xF431C000  	MOVFF       R0, FARG_strstr_s1
0x02C2	0xF432C001  	MOVFF       R1, FARG_strstr_s1+1
;__Lib_CString.c,278 :: 		
0x02C6	0xD7C5      	BRA         L_strstr70
L_strstr71:
;__Lib_CString.c,279 :: 		
0x02C8	0x6A00      	CLRF        R0 
0x02CA	0x6A01      	CLRF        R1 
;__Lib_CString.c,280 :: 		
L_end_strstr:
0x02CC	0x0012      	RETURN      0
; end of _strstr
_Lcd_Chr_CP:
;__Lib_Lcd.c,50 :: 		
;__Lib_Lcd.c,52 :: 		
0x02CE	0x0101      	MOVLB       1
0x02D0	0x91C0      	BCF         __Lib_Lcd_cmd_status, BitPos(__Lib_Lcd_cmd_status+0), 1
;__Lib_Lcd.c,53 :: 		
0x02D2	0xF437C431  	MOVFF       FARG_Lcd_Chr_CP_out_char, FARG_Lcd_Cmd_out_char
0x02D6	0xDF39      	RCALL       _Lcd_Cmd
;__Lib_Lcd.c,54 :: 		
0x02D8	0x81C0      	BSF         __Lib_Lcd_cmd_status, BitPos(__Lib_Lcd_cmd_status+0), 1
;__Lib_Lcd.c,55 :: 		
L_end_Lcd_Chr_CP:
0x02DA	0x0012      	RETURN      0
; end of _Lcd_Chr_CP
_strncpy:
;__Lib_CString.c,166 :: 		
;__Lib_CString.c,169 :: 		
0x02DC	0xF004C431  	MOVFF       FARG_strncpy_to, R4
0x02E0	0xF005C432  	MOVFF       FARG_strncpy_to+1, R5
;__Lib_CString.c,170 :: 		
L_strncpy45:
0x02E4	0x0104      	MOVLB       4
0x02E6	0x5135      	MOVF        FARG_strncpy_size, 0, 1
0x02E8	0x1136      	IORWF       FARG_strncpy_size+1, 0, 1
0x02EA	0xE024      	BZ          L_strncpy46
;__Lib_CString.c,171 :: 		
0x02EC	0x0E01      	MOVLW       1
0x02EE	0x5F35      	SUBWF       FARG_strncpy_size, 1, 1
0x02F0	0x0E00      	MOVLW       0
0x02F2	0x5B36      	SUBWFB      FARG_strncpy_size+1, 1, 1
;__Lib_CString.c,173 :: 		
0x02F4	0xF002C004  	MOVFF       R4, R2
0x02F8	0xF003C005  	MOVFF       R5, R3
0x02FC	0x4A04      	INFSNZ      R4, 1 
0x02FE	0x2A05      	INCF        R5, 1 
0x0300	0xF000C433  	MOVFF       FARG_strncpy_from, R0
0x0304	0xF001C434  	MOVFF       FARG_strncpy_from+1, R1
0x0308	0x4B33      	INFSNZ      FARG_strncpy_from, 1, 1
0x030A	0x2B34      	INCF        FARG_strncpy_from+1, 1, 1
0x030C	0xFFE9C000  	MOVFF       R0, FSR0L
0x0310	0xFFEAC001  	MOVFF       R1, FSR0H
0x0314	0xFFE1C002  	MOVFF       R2, FSR1L
0x0318	0xFFE2C003  	MOVFF       R3, FSR1H
0x031C	0xFFE6CFEE  	MOVFF       POSTINC0, POSTINC1
0x0320	0xFFE9C002  	MOVFF       R2, FSR0L
0x0324	0xFFEAC003  	MOVFF       R3, FSR0H
0x0328	0xF000CFEE  	MOVFF       POSTINC0, R0
0x032C	0x5200      	MOVF        R0, 1 
0x032E	0xE101      	BNZ         L_strncpy47
;__Lib_CString.c,174 :: 		
0x0330	0xD001      	BRA         L_strncpy46
L_strncpy47:
;__Lib_CString.c,175 :: 		
0x0332	0xD7D8      	BRA         L_strncpy45
L_strncpy46:
;__Lib_CString.c,176 :: 		
L_strncpy48:
0x0334	0xF000C435  	MOVFF       FARG_strncpy_size, R0
0x0338	0xF001C436  	MOVFF       FARG_strncpy_size+1, R1
0x033C	0x0E01      	MOVLW       1
0x033E	0x5F35      	SUBWF       FARG_strncpy_size, 1, 1
0x0340	0x0E00      	MOVLW       0
0x0342	0x5B36      	SUBWFB      FARG_strncpy_size+1, 1, 1
0x0344	0x5000      	MOVF        R0, 0 
0x0346	0x1001      	IORWF       R1, 0 
0x0348	0xE008      	BZ          L_strncpy49
;__Lib_CString.c,177 :: 		
0x034A	0xFFE1C004  	MOVFF       R4, FSR1L
0x034E	0xFFE2C005  	MOVFF       R5, FSR1H
0x0352	0x6AE6      	CLRF        POSTINC1 
0x0354	0x4A04      	INFSNZ      R4, 1 
0x0356	0x2A05      	INCF        R5, 1 
0x0358	0xD7ED      	BRA         L_strncpy48
L_strncpy49:
;__Lib_CString.c,179 :: 		
0x035A	0xF000C431  	MOVFF       FARG_strncpy_to, R0
0x035E	0xF001C432  	MOVFF       FARG_strncpy_to+1, R1
;__Lib_CString.c,180 :: 		
L_end_strncpy:
0x0362	0x0012      	RETURN      0
; end of _strncpy
_Lcd_Out:
;__Lib_Lcd.c,184 :: 		
;__Lib_Lcd.c,187 :: 		
0x0364	0xD010      	BRA         L_Lcd_Out11
;__Lib_Lcd.c,188 :: 		
L_Lcd_Out13:
0x0366	0x0E80      	MOVLW       128
0x0368	0x0104      	MOVLB       4
0x036A	0x6F25      	MOVWF       FARG_Lcd_Out_row, 1
0x036C	0xD01A      	BRA         L_Lcd_Out12
;__Lib_Lcd.c,189 :: 		
L_Lcd_Out14:
0x036E	0x0EC0      	MOVLW       192
0x0370	0x6F25      	MOVWF       FARG_Lcd_Out_row, 1
0x0372	0xD017      	BRA         L_Lcd_Out12
;__Lib_Lcd.c,190 :: 		
L_Lcd_Out15:
0x0374	0x0E94      	MOVLW       148
0x0376	0x6F25      	MOVWF       FARG_Lcd_Out_row, 1
0x0378	0xD014      	BRA         L_Lcd_Out12
;__Lib_Lcd.c,191 :: 		
L_Lcd_Out16:
0x037A	0x0ED4      	MOVLW       212
0x037C	0x6F25      	MOVWF       FARG_Lcd_Out_row, 1
0x037E	0xD011      	BRA         L_Lcd_Out12
;__Lib_Lcd.c,192 :: 		
L_Lcd_Out17:
0x0380	0x0E80      	MOVLW       128
0x0382	0x6F25      	MOVWF       FARG_Lcd_Out_row, 1
;__Lib_Lcd.c,193 :: 		
0x0384	0xD00E      	BRA         L_Lcd_Out12
L_Lcd_Out11:
0x0386	0x0104      	MOVLB       4
0x0388	0x5125      	MOVF        FARG_Lcd_Out_row, 0, 1
0x038A	0x0A01      	XORLW       1
0x038C	0xE0EC      	BZ          L_Lcd_Out13
0x038E	0x5125      	MOVF        FARG_Lcd_Out_row, 0, 1
0x0390	0x0A02      	XORLW       2
0x0392	0xE0ED      	BZ          L_Lcd_Out14
0x0394	0x5125      	MOVF        FARG_Lcd_Out_row, 0, 1
0x0396	0x0A03      	XORLW       3
0x0398	0xE0ED      	BZ          L_Lcd_Out15
0x039A	0x5125      	MOVF        FARG_Lcd_Out_row, 0, 1
0x039C	0x0A04      	XORLW       4
0x039E	0xE0ED      	BZ          L_Lcd_Out16
0x03A0	0xD7EF      	BRA         L_Lcd_Out17
L_Lcd_Out12:
;__Lib_Lcd.c,194 :: 		
0x03A2	0x0526      	DECF        FARG_Lcd_Out_column, 0, 1
0x03A4	0x6E00      	MOVWF       R0 
0x03A6	0x5125      	MOVF        FARG_Lcd_Out_row, 0, 1
0x03A8	0x2600      	ADDWF       R0, 1 
0x03AA	0xF425C000  	MOVFF       R0, FARG_Lcd_Out_row
;__Lib_Lcd.c,196 :: 		
0x03AE	0xF437C000  	MOVFF       R0, FARG_Lcd_Cmd_out_char
0x03B2	0xDECB      	RCALL       _Lcd_Cmd
;__Lib_Lcd.c,197 :: 		
0x03B4	0x91C0      	BCF         __Lib_Lcd_cmd_status, BitPos(__Lib_Lcd_cmd_status+0), 1
;__Lib_Lcd.c,198 :: 		
0x03B6	0x0104      	MOVLB       4
0x03B8	0x6B29      	CLRF        Lcd_Out_i_L0, 1
;__Lib_Lcd.c,199 :: 		
L_Lcd_Out18:
0x03BA	0x5129      	MOVF        Lcd_Out_i_L0, 0, 1
0x03BC	0x2527      	ADDWF       FARG_Lcd_Out_text, 0, 1
0x03BE	0x6EE9      	MOVWF       FSR0L 
0x03C0	0x0E00      	MOVLW       0
0x03C2	0x2128      	ADDWFC      FARG_Lcd_Out_text+1, 0, 1
0x03C4	0x6EEA      	MOVWF       FSR0H 
0x03C6	0x52EE      	MOVF        POSTINC0, 1 
0x03C8	0xE00C      	BZ          L_Lcd_Out19
;__Lib_Lcd.c,200 :: 		
0x03CA	0x5129      	MOVF        Lcd_Out_i_L0, 0, 1
0x03CC	0x2527      	ADDWF       FARG_Lcd_Out_text, 0, 1
0x03CE	0x6EE9      	MOVWF       FSR0L 
0x03D0	0x0E00      	MOVLW       0
0x03D2	0x2128      	ADDWFC      FARG_Lcd_Out_text+1, 0, 1
0x03D4	0x6EEA      	MOVWF       FSR0H 
0x03D6	0xF431CFEE  	MOVFF       POSTINC0, FARG_Lcd_Chr_CP_out_char
0x03DA	0xDF79      	RCALL       _Lcd_Chr_CP
0x03DC	0x0104      	MOVLB       4
0x03DE	0x2B29      	INCF        Lcd_Out_i_L0, 1, 1
0x03E0	0xD7EC      	BRA         L_Lcd_Out18
L_Lcd_Out19:
;__Lib_Lcd.c,201 :: 		
0x03E2	0x0101      	MOVLB       1
0x03E4	0x81C0      	BSF         __Lib_Lcd_cmd_status, BitPos(__Lib_Lcd_cmd_status+0), 1
;__Lib_Lcd.c,202 :: 		
L_end_Lcd_Out:
0x03E6	0x0012      	RETURN      0
; end of _Lcd_Out
_get_string:
;MyProject.c,139 :: 		char get_string(char *string,char *from, char _from,char *to,char _to,char *get){
;MyProject.c,142 :: 		char lenght=0;
;MyProject.c,143 :: 		p1 = strstr(string,from)+ _from ;
0x03E8	0xF431C425  	MOVFF       FARG_get_string_string, FARG_strstr_s1
0x03EC	0xF432C426  	MOVFF       FARG_get_string_string+1, FARG_strstr_s1+1
0x03F0	0xF433C427  	MOVFF       FARG_get_string_from, FARG_strstr_s2
0x03F4	0xF434C428  	MOVFF       FARG_get_string_from+1, FARG_strstr_s2+1
0x03F8	0xDF2C      	RCALL       _strstr
0x03FA	0x0104      	MOVLB       4
0x03FC	0x5129      	MOVF        FARG_get_string__from, 0, 1
0x03FE	0x2600      	ADDWF       R0, 1 
0x0400	0x0E00      	MOVLW       0
0x0402	0x2201      	ADDWFC      R1, 1 
0x0404	0xF42FC000  	MOVFF       R0, get_string_p1_L0
0x0408	0xF430C001  	MOVFF       R1, get_string_p1_L0+1
;MyProject.c,145 :: 		p2= strstr(p1,to ) + _to;
0x040C	0xF431C000  	MOVFF       R0, FARG_strstr_s1
0x0410	0xF432C001  	MOVFF       R1, FARG_strstr_s1+1
0x0414	0xF433C42A  	MOVFF       FARG_get_string_to, FARG_strstr_s2
0x0418	0xF434C42B  	MOVFF       FARG_get_string_to+1, FARG_strstr_s2+1
0x041C	0xDF1A      	RCALL       _strstr
0x041E	0x0104      	MOVLB       4
0x0420	0x512C      	MOVF        FARG_get_string__to, 0, 1
0x0422	0x2400      	ADDWF       R0, 0 
0x0424	0x6F35      	MOVWF       FARG_strncpy_size, 1
0x0426	0x0E00      	MOVLW       0
0x0428	0x2001      	ADDWFC      R1, 0 
0x042A	0x6F36      	MOVWF       FARG_strncpy_size+1, 1
;MyProject.c,146 :: 		lenght=p2-p1;
0x042C	0x512F      	MOVF        get_string_p1_L0, 0, 1
0x042E	0x5F35      	SUBWF       FARG_strncpy_size, 1, 1
0x0430	0x5130      	MOVF        get_string_p1_L0+1, 0, 1
0x0432	0x5B36      	SUBWFB      FARG_strncpy_size+1, 1, 1
;MyProject.c,147 :: 		strncpy(get,p1,lenght);
0x0434	0xF431C42D  	MOVFF       FARG_get_string_get, FARG_strncpy_to
0x0438	0xF432C42E  	MOVFF       FARG_get_string_get+1, FARG_strncpy_to+1
0x043C	0xF433C42F  	MOVFF       get_string_p1_L0, FARG_strncpy_from
0x0440	0xF434C430  	MOVFF       get_string_p1_L0+1, FARG_strncpy_from+1
0x0444	0x0E00      	MOVLW       0
0x0446	0x6F36      	MOVWF       FARG_strncpy_size+1, 1
0x0448	0xDF49      	RCALL       _strncpy
;MyProject.c,149 :: 		}
L_end_get_string:
0x044A	0x0012      	RETURN      0
; end of _get_string
_find_text:
;MyProject.c,150 :: 		char find_text ( char *string ,char *string_find ){
;MyProject.c,151 :: 		unsigned int matched =0;
0x044C	0x0104      	MOVLB       4
0x044E	0x6B29      	CLRF        find_text_matched_L0, 1
0x0450	0x6B2A      	CLRF        find_text_matched_L0+1, 1
0x0452	0x6B2B      	CLRF        find_text_index_string_L0, 1
0x0454	0x6B2C      	CLRF        find_text_index_string_L0+1, 1
0x0456	0x6B2D      	CLRF        find_text_length_string_find_L0, 1
0x0458	0x6B2E      	CLRF        find_text_length_string_find_L0+1, 1
0x045A	0x6B2F      	CLRF        find_text_length_string_L0, 1
0x045C	0x6B30      	CLRF        find_text_length_string_L0+1, 1
;MyProject.c,157 :: 		length_string_find = strlen(string_find );
0x045E	0xF437C427  	MOVFF       FARG_find_text_string_find, FARG_strlen_s
0x0462	0xF438C428  	MOVFF       FARG_find_text_string_find+1, FARG_strlen_s+1
0x0466	0xDEB3      	RCALL       _strlen
0x0468	0xF42DC000  	MOVFF       R0, find_text_length_string_find_L0
0x046C	0xF42EC001  	MOVFF       R1, find_text_length_string_find_L0+1
;MyProject.c,158 :: 		length_string = strlen( string);
0x0470	0xF437C425  	MOVFF       FARG_find_text_string, FARG_strlen_s
0x0474	0xF438C426  	MOVFF       FARG_find_text_string+1, FARG_strlen_s+1
0x0478	0xDEAA      	RCALL       _strlen
0x047A	0xF42FC000  	MOVFF       R0, find_text_length_string_L0
0x047E	0xF430C001  	MOVFF       R1, find_text_length_string_L0+1
;MyProject.c,159 :: 		if(   length_string_find> length_string){
0x0482	0x512E      	MOVF        find_text_length_string_find_L0+1, 0, 1
0x0484	0x5C01      	SUBWF       R1, 0 
0x0486	0xE102      	BNZ         L__find_text69
0x0488	0x512D      	MOVF        find_text_length_string_find_L0, 0, 1
0x048A	0x5C00      	SUBWF       R0, 0 
L__find_text69:
0x048C	0xE202      	BC          L_find_text7
;MyProject.c,160 :: 		return 0;
0x048E	0x6A00      	CLRF        R0 
0x0490	0xD027      	BRA         L_end_find_text
;MyProject.c,161 :: 		}
L_find_text7:
;MyProject.c,162 :: 		for (index_string;index_string <length_string; index_string++){
L_find_text8:
0x0492	0x5130      	MOVF        find_text_length_string_L0+1, 0, 1
0x0494	0x5D2C      	SUBWF       find_text_index_string_L0+1, 0, 1
0x0496	0xE102      	BNZ         L__find_text70
0x0498	0x512F      	MOVF        find_text_length_string_L0, 0, 1
0x049A	0x5D2B      	SUBWF       find_text_index_string_L0, 0, 1
L__find_text70:
0x049C	0xE220      	BC          L_find_text9
;MyProject.c,163 :: 		if(string[index_string]==string_find[matched]){
0x049E	0x512B      	MOVF        find_text_index_string_L0, 0, 1
0x04A0	0x2525      	ADDWF       FARG_find_text_string, 0, 1
0x04A2	0x6EE9      	MOVWF       FSR0L 
0x04A4	0x512C      	MOVF        find_text_index_string_L0+1, 0, 1
0x04A6	0x2126      	ADDWFC      FARG_find_text_string+1, 0, 1
0x04A8	0x6EEA      	MOVWF       FSR0H 
0x04AA	0x5129      	MOVF        find_text_matched_L0, 0, 1
0x04AC	0x2527      	ADDWF       FARG_find_text_string_find, 0, 1
0x04AE	0x6ED9      	MOVWF       FSR2L 
0x04B0	0x512A      	MOVF        find_text_matched_L0+1, 0, 1
0x04B2	0x2128      	ADDWFC      FARG_find_text_string_find+1, 0, 1
0x04B4	0x6EDA      	MOVWF       FSR2H 
0x04B6	0x50EE      	MOVF        POSTINC0, 0 
0x04B8	0x18DE      	XORWF       POSTINC2, 0 
0x04BA	0xE10C      	BNZ         L_find_text11
;MyProject.c,164 :: 		matched++ ;
0x04BC	0x4B29      	INFSNZ      find_text_matched_L0, 1, 1
0x04BE	0x2B2A      	INCF        find_text_matched_L0+1, 1, 1
;MyProject.c,165 :: 		if(length_string_find==matched ){
0x04C0	0x512E      	MOVF        find_text_length_string_find_L0+1, 0, 1
0x04C2	0x192A      	XORWF       find_text_matched_L0+1, 0, 1
0x04C4	0xE102      	BNZ         L__find_text71
0x04C6	0x5129      	MOVF        find_text_matched_L0, 0, 1
0x04C8	0x192D      	XORWF       find_text_length_string_find_L0, 0, 1
L__find_text71:
0x04CA	0xE103      	BNZ         L_find_text12
;MyProject.c,166 :: 		return 1;
0x04CC	0x0E01      	MOVLW       1
0x04CE	0x6E00      	MOVWF       R0 
0x04D0	0xD007      	BRA         L_end_find_text
;MyProject.c,167 :: 		}
L_find_text12:
;MyProject.c,168 :: 		}
0x04D2	0xD002      	BRA         L_find_text13
L_find_text11:
;MyProject.c,170 :: 		matched=0;
0x04D4	0x6B29      	CLRF        find_text_matched_L0, 1
0x04D6	0x6B2A      	CLRF        find_text_matched_L0+1, 1
;MyProject.c,171 :: 		}
L_find_text13:
;MyProject.c,162 :: 		for (index_string;index_string <length_string; index_string++){
0x04D8	0x4B2B      	INFSNZ      find_text_index_string_L0, 1, 1
0x04DA	0x2B2C      	INCF        find_text_index_string_L0+1, 1, 1
;MyProject.c,173 :: 		}
0x04DC	0xD7DA      	BRA         L_find_text8
L_find_text9:
;MyProject.c,174 :: 		return 0;
0x04DE	0x6A00      	CLRF        R0 
;MyProject.c,176 :: 		}
L_end_find_text:
0x04E0	0x0012      	RETURN      0
; end of _find_text
_reset_buff:
;MyProject.c,128 :: 		void reset_buff(){
;MyProject.c,129 :: 		memset(buff,0,data_len);
0x04E2	0x0E2F      	MOVLW       _buff
0x04E4	0x0104      	MOVLB       4
0x04E6	0x6F31      	MOVWF       FARG_memset_p1, 1
0x04E8	0x0E02      	MOVLW       hi_addr(_buff)
0x04EA	0x6F32      	MOVWF       FARG_memset_p1+1, 1
0x04EC	0x6B33      	CLRF        FARG_memset_character, 1
0x04EE	0xF434C1FD  	MOVFF       _data_len, FARG_memset_n
0x04F2	0xF435C1FE  	MOVFF       _data_len+1, FARG_memset_n+1
0x04F6	0xDE8F      	RCALL       _memset
;MyProject.c,130 :: 		data_ready=0;
0x04F8	0x0102      	MOVLB       2
0x04FA	0x6B2E      	CLRF        _data_ready, 1
;MyProject.c,131 :: 		data_len=0;
0x04FC	0x0101      	MOVLB       1
0x04FE	0x6BFD      	CLRF        _data_len, 1
0x0500	0x6BFE      	CLRF        _data_len+1, 1
;MyProject.c,132 :: 		}
L_end_reset_buff:
0x0502	0x0012      	RETURN      0
; end of _reset_buff
_UART1_Write_Text:
;__Lib_UART_c67.c,66 :: 		
;__Lib_UART_c67.c,67 :: 		
0x0504	0x0104      	MOVLB       4
0x0506	0x6B28      	CLRF        UART1_Write_Text_counter_L0, 1
;__Lib_UART_c67.c,69 :: 		
0x0508	0xFFE9C425  	MOVFF       FARG_UART1_Write_Text_uart_text, FSR0L
0x050C	0xFFEAC426  	MOVFF       FARG_UART1_Write_Text_uart_text+1, FSR0H
0x0510	0xF427CFEE  	MOVFF       POSTINC0, UART1_Write_Text_data__L0
;__Lib_UART_c67.c,70 :: 		
L_UART1_Write_Text5:
0x0514	0x5127      	MOVF        UART1_Write_Text_data__L0, 0, 1
0x0516	0x0A00      	XORLW       0
0x0518	0xE00E      	BZ          L_UART1_Write_Text6
;__Lib_UART_c67.c,71 :: 		
0x051A	0xF431C427  	MOVFF       UART1_Write_Text_data__L0, FARG_UART1_Write_data_
0x051E	0xDE74      	RCALL       _UART1_Write
;__Lib_UART_c67.c,72 :: 		
0x0520	0x0104      	MOVLB       4
0x0522	0x2B28      	INCF        UART1_Write_Text_counter_L0, 1, 1
;__Lib_UART_c67.c,73 :: 		
0x0524	0x5128      	MOVF        UART1_Write_Text_counter_L0, 0, 1
0x0526	0x2525      	ADDWF       FARG_UART1_Write_Text_uart_text, 0, 1
0x0528	0x6EE9      	MOVWF       FSR0L 
0x052A	0x0E00      	MOVLW       0
0x052C	0x2126      	ADDWFC      FARG_UART1_Write_Text_uart_text+1, 0, 1
0x052E	0x6EEA      	MOVWF       FSR0H 
0x0530	0xF427CFEE  	MOVFF       POSTINC0, UART1_Write_Text_data__L0
;__Lib_UART_c67.c,74 :: 		
0x0534	0xD7EF      	BRA         L_UART1_Write_Text5
L_UART1_Write_Text6:
;__Lib_UART_c67.c,75 :: 		
L_end_UART1_Write_Text:
0x0536	0x0012      	RETURN      0
; end of _UART1_Write_Text
_Lcd_Init:
;__Lib_Lcd.c,84 :: 		
;__Lib_Lcd.c,86 :: 		
0x0538	0x9A94      	BCF         LCD_EN_Direction, BitPos(LCD_EN_Direction+0) 
;__Lib_Lcd.c,87 :: 		
0x053A	0x9894      	BCF         LCD_RS_Direction, BitPos(LCD_RS_Direction+0) 
;__Lib_Lcd.c,88 :: 		
0x053C	0x9094      	BCF         LCD_D4_Direction, BitPos(LCD_D4_Direction+0) 
;__Lib_Lcd.c,89 :: 		
0x053E	0x9294      	BCF         LCD_D5_Direction, BitPos(LCD_D5_Direction+0) 
;__Lib_Lcd.c,90 :: 		
0x0540	0x9494      	BCF         LCD_D6_Direction, BitPos(LCD_D6_Direction+0) 
;__Lib_Lcd.c,91 :: 		
0x0542	0x9694      	BCF         LCD_D7_Direction, BitPos(LCD_D7_Direction+0) 
;__Lib_Lcd.c,93 :: 		
0x0544	0x9A82      	BCF         LCD_EN, BitPos(LCD_EN+0) 
;__Lib_Lcd.c,94 :: 		
0x0546	0x9882      	BCF         LCD_RS, BitPos(LCD_RS+0) 
;__Lib_Lcd.c,95 :: 		
0x0548	0x9682      	BCF         LCD_D7, BitPos(LCD_D7+0) 
;__Lib_Lcd.c,96 :: 		
0x054A	0x9482      	BCF         LCD_D6, BitPos(LCD_D6+0) 
;__Lib_Lcd.c,97 :: 		
0x054C	0x9282      	BCF         LCD_D5, BitPos(LCD_D5+0) 
;__Lib_Lcd.c,98 :: 		
0x054E	0x9082      	BCF         LCD_D4, BitPos(LCD_D4+0) 
;__Lib_Lcd.c,100 :: 		
0x0550	0xDD9E      	RCALL       _Delay_5500us
;__Lib_Lcd.c,101 :: 		
0x0552	0xDD9D      	RCALL       _Delay_5500us
;__Lib_Lcd.c,102 :: 		
0x0554	0xDD9C      	RCALL       _Delay_5500us
;__Lib_Lcd.c,105 :: 		
0x0556	0x8282      	BSF         LCD_D5, BitPos(LCD_D5+0) 
;__Lib_Lcd.c,106 :: 		
0x0558	0x8082      	BSF         LCD_D4, BitPos(LCD_D4+0) 
;__Lib_Lcd.c,107 :: 		
0x055A	0x8A82      	BSF         LCD_EN, BitPos(LCD_EN+0) 
;__Lib_Lcd.c,108 :: 		
0x055C	0xDD96      	RCALL       _Delay_1us
;__Lib_Lcd.c,109 :: 		
0x055E	0x9A82      	BCF         LCD_EN, BitPos(LCD_EN+0) 
;__Lib_Lcd.c,110 :: 		
0x0560	0xDD96      	RCALL       _Delay_5500us
;__Lib_Lcd.c,112 :: 		
0x0562	0x8A82      	BSF         LCD_EN, BitPos(LCD_EN+0) 
;__Lib_Lcd.c,113 :: 		
0x0564	0xDD92      	RCALL       _Delay_1us
;__Lib_Lcd.c,114 :: 		
0x0566	0x9A82      	BCF         LCD_EN, BitPos(LCD_EN+0) 
;__Lib_Lcd.c,115 :: 		
0x0568	0xDD92      	RCALL       _Delay_5500us
;__Lib_Lcd.c,117 :: 		
0x056A	0x8A82      	BSF         LCD_EN, BitPos(LCD_EN+0) 
;__Lib_Lcd.c,118 :: 		
0x056C	0xDD8E      	RCALL       _Delay_1us
;__Lib_Lcd.c,119 :: 		
0x056E	0x9A82      	BCF         LCD_EN, BitPos(LCD_EN+0) 
;__Lib_Lcd.c,120 :: 		
0x0570	0xDD8E      	RCALL       _Delay_5500us
;__Lib_Lcd.c,123 :: 		
0x0572	0x9082      	BCF         LCD_D4, BitPos(LCD_D4+0) 
;__Lib_Lcd.c,124 :: 		
0x0574	0x8A82      	BSF         LCD_EN, BitPos(LCD_EN+0) 
;__Lib_Lcd.c,125 :: 		
0x0576	0xDD89      	RCALL       _Delay_1us
;__Lib_Lcd.c,126 :: 		
0x0578	0x9A82      	BCF         LCD_EN, BitPos(LCD_EN+0) 
;__Lib_Lcd.c,127 :: 		
0x057A	0xDD89      	RCALL       _Delay_5500us
;__Lib_Lcd.c,130 :: 		
0x057C	0x8A82      	BSF         LCD_EN, BitPos(LCD_EN+0) 
;__Lib_Lcd.c,131 :: 		
0x057E	0xDD85      	RCALL       _Delay_1us
;__Lib_Lcd.c,132 :: 		
0x0580	0x9A82      	BCF         LCD_EN, BitPos(LCD_EN+0) 
;__Lib_Lcd.c,134 :: 		
0x0582	0x9282      	BCF         LCD_D5, BitPos(LCD_D5+0) 
;__Lib_Lcd.c,135 :: 		
0x0584	0x8682      	BSF         LCD_D7, BitPos(LCD_D7+0) 
;__Lib_Lcd.c,136 :: 		
0x0586	0x8A82      	BSF         LCD_EN, BitPos(LCD_EN+0) 
;__Lib_Lcd.c,137 :: 		
0x0588	0xDD80      	RCALL       _Delay_1us
;__Lib_Lcd.c,138 :: 		
0x058A	0x9A82      	BCF         LCD_EN, BitPos(LCD_EN+0) 
;__Lib_Lcd.c,139 :: 		
0x058C	0xDD80      	RCALL       _Delay_5500us
;__Lib_Lcd.c,142 :: 		
0x058E	0x9682      	BCF         LCD_D7, BitPos(LCD_D7+0) 
;__Lib_Lcd.c,143 :: 		
0x0590	0x8082      	BSF         LCD_D4, BitPos(LCD_D4+0) 
;__Lib_Lcd.c,144 :: 		
0x0592	0x8A82      	BSF         LCD_EN, BitPos(LCD_EN+0) 
;__Lib_Lcd.c,145 :: 		
0x0594	0xDD7A      	RCALL       _Delay_1us
;__Lib_Lcd.c,146 :: 		
0x0596	0x9A82      	BCF         LCD_EN, BitPos(LCD_EN+0) 
;__Lib_Lcd.c,148 :: 		
0x0598	0x9082      	BCF         LCD_D4, BitPos(LCD_D4+0) 
;__Lib_Lcd.c,149 :: 		
0x059A	0x8A82      	BSF         LCD_EN, BitPos(LCD_EN+0) 
;__Lib_Lcd.c,150 :: 		
0x059C	0xDD76      	RCALL       _Delay_1us
;__Lib_Lcd.c,151 :: 		
0x059E	0x9A82      	BCF         LCD_EN, BitPos(LCD_EN+0) 
;__Lib_Lcd.c,152 :: 		
0x05A0	0xDD76      	RCALL       _Delay_5500us
;__Lib_Lcd.c,155 :: 		
0x05A2	0x8A82      	BSF         LCD_EN, BitPos(LCD_EN+0) 
;__Lib_Lcd.c,156 :: 		
0x05A4	0xDD72      	RCALL       _Delay_1us
;__Lib_Lcd.c,157 :: 		
0x05A6	0x9A82      	BCF         LCD_EN, BitPos(LCD_EN+0) 
;__Lib_Lcd.c,159 :: 		
0x05A8	0x8082      	BSF         LCD_D4, BitPos(LCD_D4+0) 
;__Lib_Lcd.c,160 :: 		
0x05AA	0x8A82      	BSF         LCD_EN, BitPos(LCD_EN+0) 
;__Lib_Lcd.c,161 :: 		
0x05AC	0xDD6E      	RCALL       _Delay_1us
;__Lib_Lcd.c,162 :: 		
0x05AE	0x9A82      	BCF         LCD_EN, BitPos(LCD_EN+0) 
;__Lib_Lcd.c,163 :: 		
0x05B0	0xDD6E      	RCALL       _Delay_5500us
;__Lib_Lcd.c,166 :: 		
0x05B2	0x9082      	BCF         LCD_D4, BitPos(LCD_D4+0) 
;__Lib_Lcd.c,167 :: 		
0x05B4	0x8A82      	BSF         LCD_EN, BitPos(LCD_EN+0) 
;__Lib_Lcd.c,168 :: 		
0x05B6	0xDD69      	RCALL       _Delay_1us
;__Lib_Lcd.c,169 :: 		
0x05B8	0x9A82      	BCF         LCD_EN, BitPos(LCD_EN+0) 
;__Lib_Lcd.c,171 :: 		
0x05BA	0x8682      	BSF         LCD_D7, BitPos(LCD_D7+0) 
;__Lib_Lcd.c,172 :: 		
0x05BC	0x8482      	BSF         LCD_D6, BitPos(LCD_D6+0) 
;__Lib_Lcd.c,173 :: 		
0x05BE	0x8282      	BSF         LCD_D5, BitPos(LCD_D5+0) 
;__Lib_Lcd.c,174 :: 		
0x05C0	0x8082      	BSF         LCD_D4, BitPos(LCD_D4+0) 
;__Lib_Lcd.c,175 :: 		
0x05C2	0x8A82      	BSF         LCD_EN, BitPos(LCD_EN+0) 
;__Lib_Lcd.c,176 :: 		
0x05C4	0xDD62      	RCALL       _Delay_1us
;__Lib_Lcd.c,177 :: 		
0x05C6	0x9A82      	BCF         LCD_EN, BitPos(LCD_EN+0) 
;__Lib_Lcd.c,179 :: 		
0x05C8	0xDD62      	RCALL       _Delay_5500us
;__Lib_Lcd.c,181 :: 		
0x05CA	0x0101      	MOVLB       1
0x05CC	0x81C0      	BSF         __Lib_Lcd_cmd_status, BitPos(__Lib_Lcd_cmd_status+0), 1
;__Lib_Lcd.c,182 :: 		
L_end_Lcd_Init:
0x05CE	0x0012      	RETURN      0
; end of _Lcd_Init
_UART1_Init:
;__Lib_UART_c67.c,15 :: 		
;__Lib_UART_c67.c,18 :: 		
0x05D0	0x0E08      	MOVLW       _UART1_Write
0x05D2	0x0102      	MOVLB       2
0x05D4	0x6F25      	MOVWF       _UART_Wr_Ptr, 1
0x05D6	0x0E02      	MOVLW       hi_addr(_UART1_Write)
0x05D8	0x6F26      	MOVWF       _UART_Wr_Ptr+1, 1
0x05DA	0x0E31      	MOVLW       FARG_UART1_Write_data_
0x05DC	0x6F27      	MOVWF       _UART_Wr_Ptr+2, 1
0x05DE	0x0E04      	MOVLW       hi_addr(FARG_UART1_Write_data_)
0x05E0	0x6F28      	MOVWF       _UART_Wr_Ptr+3, 1
;__Lib_UART_c67.c,19 :: 		
0x05E2	0x0EE8      	MOVLW       _UART1_Read
0x05E4	0x6F29      	MOVWF       _UART_Rd_Ptr, 1
0x05E6	0x0E07      	MOVLW       hi_addr(_UART1_Read)
0x05E8	0x6F2A      	MOVWF       _UART_Rd_Ptr+1, 1
0x05EA	0x0E00      	MOVLW       0
0x05EC	0x6F2B      	MOVWF       _UART_Rd_Ptr+2, 1
0x05EE	0x0E00      	MOVLW       0
0x05F0	0x6F2C      	MOVWF       _UART_Rd_Ptr+3, 1
;__Lib_UART_c67.c,20 :: 		
0x05F2	0x0EFF      	MOVLW       _UART1_Data_Ready
0x05F4	0x6F1D      	MOVWF       _UART_Rdy_Ptr, 1
0x05F6	0x0EFF      	MOVLW       hi_addr(_UART1_Data_Ready)
0x05F8	0x6F1E      	MOVWF       _UART_Rdy_Ptr+1, 1
0x05FA	0x0E00      	MOVLW       0
0x05FC	0x6F1F      	MOVWF       _UART_Rdy_Ptr+2, 1
0x05FE	0x0E00      	MOVLW       0
0x0600	0x6F20      	MOVWF       _UART_Rdy_Ptr+3, 1
;__Lib_UART_c67.c,21 :: 		
0x0602	0x0EFF      	MOVLW       _UART1_Tx_Idle
0x0604	0x6F21      	MOVWF       _UART_Tx_Idle_Ptr, 1
0x0606	0x0EFF      	MOVLW       hi_addr(_UART1_Tx_Idle)
0x0608	0x6F22      	MOVWF       _UART_Tx_Idle_Ptr+1, 1
0x060A	0x0E00      	MOVLW       0
0x060C	0x6F23      	MOVWF       _UART_Tx_Idle_Ptr+2, 1
0x060E	0x0E00      	MOVLW       0
0x0610	0x6F24      	MOVWF       _UART_Tx_Idle_Ptr+3, 1
;__Lib_UART_c67.c,23 :: 		
0x0612	0x8AAC      	BSF         TXSTA, 5 
;__Lib_UART_c67.c,24 :: 		
0x0614	0x0E90      	MOVLW       144
0x0616	0x6EAB      	MOVWF       RCSTA 
;__Lib_UART_c67.c,25 :: 		
0x0618	0x8E94      	BSF         TRISC7_bit, BitPos(TRISC7_bit+0) 
;__Lib_UART_c67.c,26 :: 		
0x061A	0x9C94      	BCF         TRISC6_bit, BitPos(TRISC6_bit+0) 
;__Lib_UART_c67.c,28 :: 		
L_UART1_Init0:
0x061C	0xAA9E      	BTFSS       PIR1, 5 
0x061E	0xD003      	BRA         L_UART1_Init1
;__Lib_UART_c67.c,29 :: 		
0x0620	0xF000CFAE  	MOVFF       RCREG, R0
0x0624	0xD7FB      	BRA         L_UART1_Init0
L_UART1_Init1:
;__Lib_UART_c67.c,30 :: 		
L_end_UART1_Init:
0x0626	0x0012      	RETURN      0
; end of _UART1_Init
_interrupt_config:
;MyProject.c,313 :: 		void interrupt_config(){
;MyProject.c,314 :: 		INTCON.GIE=1;
0x0628	0x8EF2      	BSF         INTCON, 7 
;MyProject.c,315 :: 		INTCON.PEIE=1;
0x062A	0x8CF2      	BSF         INTCON, 6 
;MyProject.c,316 :: 		PIE1.RCIE=1;
0x062C	0x8A9D      	BSF         PIE1, 5 
;MyProject.c,317 :: 		}
L_end_interrupt_config:
0x062E	0x0012      	RETURN      0
; end of _interrupt_config
_uart1_write_at:
;MyProject.c,104 :: 		void uart1_write_at(char *_data){
;MyProject.c,105 :: 		UART1_write_Text(_data);
0x0630	0xF425C423  	MOVFF       FARG_uart1_write_at__data, FARG_UART1_Write_Text_uart_text
0x0634	0xF426C424  	MOVFF       FARG_uart1_write_at__data+1, FARG_UART1_Write_Text_uart_text+1
0x0638	0xDF65      	RCALL       _UART1_Write_Text
;MyProject.c,106 :: 		UART1_write(0x0D);
0x063A	0x0E0D      	MOVLW       13
0x063C	0x6F31      	MOVWF       FARG_UART1_Write_data_, 1
0x063E	0xDDE4      	RCALL       _UART1_Write
;MyProject.c,107 :: 		UART1_write(0x0A);
0x0640	0x0E0A      	MOVLW       10
0x0642	0x0104      	MOVLB       4
0x0644	0x6F31      	MOVWF       FARG_UART1_Write_data_, 1
0x0646	0xDDE0      	RCALL       _UART1_Write
;MyProject.c,108 :: 		}
L_end_uart1_write_at:
0x0648	0x0012      	RETURN      0
; end of _uart1_write_at
_respons_success:
;MyProject.c,177 :: 		char respons_success(){
;MyProject.c,179 :: 		while(!data_ready);
L_respons_success14:
0x064A	0x0102      	MOVLB       2
0x064C	0x532E      	MOVF        _data_ready, 1, 1
0x064E	0xE101      	BNZ         L_respons_success15
0x0650	0xD7FC      	BRA         L_respons_success14
L_respons_success15:
;MyProject.c,180 :: 		if( find_text(buff,"ok")==1){result=ok;}
0x0652	0x0E2F      	MOVLW       _buff
0x0654	0x0104      	MOVLB       4
0x0656	0x6F25      	MOVWF       FARG_find_text_string, 1
0x0658	0x0E02      	MOVLW       hi_addr(_buff)
0x065A	0x6F26      	MOVWF       FARG_find_text_string+1, 1
0x065C	0x0E95      	MOVLW       ?lstr2_MyProject
0x065E	0x6F27      	MOVWF       FARG_find_text_string_find, 1
0x0660	0x0E01      	MOVLW       hi_addr(?lstr2_MyProject)
0x0662	0x6F28      	MOVWF       FARG_find_text_string_find+1, 1
0x0664	0xDEF3      	RCALL       _find_text
0x0666	0x5000      	MOVF        R0, 0 
0x0668	0x0A01      	XORLW       1
0x066A	0xE103      	BNZ         L_respons_success16
0x066C	0x0E01      	MOVLW       1
0x066E	0x6F23      	MOVWF       respons_success_result_L0, 1
0x0670	0xD01F      	BRA         L_respons_success17
L_respons_success16:
;MyProject.c,181 :: 		else if(find_text (buff,"no change")==1){result=no_change;}
0x0672	0x0E2F      	MOVLW       _buff
0x0674	0x6F25      	MOVWF       FARG_find_text_string, 1
0x0676	0x0E02      	MOVLW       hi_addr(_buff)
0x0678	0x6F26      	MOVWF       FARG_find_text_string+1, 1
0x067A	0x0E98      	MOVLW       ?lstr3_MyProject
0x067C	0x6F27      	MOVWF       FARG_find_text_string_find, 1
0x067E	0x0E01      	MOVLW       hi_addr(?lstr3_MyProject)
0x0680	0x6F28      	MOVWF       FARG_find_text_string_find+1, 1
0x0682	0xDEE4      	RCALL       _find_text
0x0684	0x5000      	MOVF        R0, 0 
0x0686	0x0A01      	XORLW       1
0x0688	0xE103      	BNZ         L_respons_success18
0x068A	0x0E01      	MOVLW       1
0x068C	0x6F23      	MOVWF       respons_success_result_L0, 1
0x068E	0xD010      	BRA         L_respons_success19
L_respons_success18:
;MyProject.c,182 :: 		else if(find_text (buff,">")==1){result=send_ready;}
0x0690	0x0E2F      	MOVLW       _buff
0x0692	0x6F25      	MOVWF       FARG_find_text_string, 1
0x0694	0x0E02      	MOVLW       hi_addr(_buff)
0x0696	0x6F26      	MOVWF       FARG_find_text_string+1, 1
0x0698	0x0E93      	MOVLW       ?lstr4_MyProject
0x069A	0x6F27      	MOVWF       FARG_find_text_string_find, 1
0x069C	0x0E01      	MOVLW       hi_addr(?lstr4_MyProject)
0x069E	0x6F28      	MOVWF       FARG_find_text_string_find+1, 1
0x06A0	0xDED5      	RCALL       _find_text
0x06A2	0x5000      	MOVF        R0, 0 
0x06A4	0x0A01      	XORLW       1
0x06A6	0xE103      	BNZ         L_respons_success20
0x06A8	0x0E01      	MOVLW       1
0x06AA	0x6F23      	MOVWF       respons_success_result_L0, 1
0x06AC	0xD001      	BRA         L_respons_success21
L_respons_success20:
;MyProject.c,183 :: 		else result=0;
0x06AE	0x6B23      	CLRF        respons_success_result_L0, 1
L_respons_success21:
L_respons_success19:
L_respons_success17:
;MyProject.c,184 :: 		reset_buff();
0x06B0	0xDF18      	RCALL       _reset_buff
;MyProject.c,185 :: 		return result;
0x06B2	0xF000C423  	MOVFF       respons_success_result_L0, R0
;MyProject.c,186 :: 		}
L_end_respons_success:
0x06B6	0x0012      	RETURN      0
; end of _respons_success
_new_line:
;MyProject.c,123 :: 		void new_line(){
;MyProject.c,124 :: 		UART1_write(0x0D);
0x06B8	0x0E0D      	MOVLW       13
0x06BA	0x0104      	MOVLB       4
0x06BC	0x6F31      	MOVWF       FARG_UART1_Write_data_, 1
0x06BE	0xDDA4      	RCALL       _UART1_Write
;MyProject.c,125 :: 		UART1_write(0x0A);
0x06C0	0x0E0A      	MOVLW       10
0x06C2	0x0104      	MOVLB       4
0x06C4	0x6F31      	MOVWF       FARG_UART1_Write_data_, 1
0x06C6	0xDDA0      	RCALL       _UART1_Write
;MyProject.c,127 :: 		}
L_end_new_line:
0x06C8	0x0012      	RETURN      0
; end of _new_line
_get_ip_mac:
;MyProject.c,187 :: 		void get_ip_mac(){
;MyProject.c,188 :: 		while(!data_ready);
L_get_ip_mac22:
0x06CA	0x0102      	MOVLB       2
0x06CC	0x532E      	MOVF        _data_ready, 1, 1
0x06CE	0xE101      	BNZ         L_get_ip_mac23
0x06D0	0xD7FC      	BRA         L_get_ip_mac22
L_get_ip_mac23:
;MyProject.c,189 :: 		reset_buff();
0x06D2	0xDF07      	RCALL       _reset_buff
;MyProject.c,190 :: 		lcd_cmd(_LCD_CLEAR);
0x06D4	0x0E01      	MOVLW       1
0x06D6	0x0104      	MOVLB       4
0x06D8	0x6F37      	MOVWF       FARG_Lcd_Cmd_out_char, 1
0x06DA	0xDD37      	RCALL       _Lcd_Cmd
;MyProject.c,191 :: 		while(!data_ready);
L_get_ip_mac24:
0x06DC	0x0102      	MOVLB       2
0x06DE	0x532E      	MOVF        _data_ready, 1, 1
0x06E0	0xE101      	BNZ         L_get_ip_mac25
0x06E2	0xD7FC      	BRA         L_get_ip_mac24
L_get_ip_mac25:
;MyProject.c,192 :: 		get_string(buff, "APIP,\"",6,"\"",0,APIP);
0x06E4	0x0E2F      	MOVLW       _buff
0x06E6	0x0104      	MOVLB       4
0x06E8	0x6F25      	MOVWF       FARG_get_string_string, 1
0x06EA	0x0E02      	MOVLW       hi_addr(_buff)
0x06EC	0x6F26      	MOVWF       FARG_get_string_string+1, 1
0x06EE	0x0E6A      	MOVLW       ?lstr5_MyProject
0x06F0	0x6F27      	MOVWF       FARG_get_string_from, 1
0x06F2	0x0E00      	MOVLW       hi_addr(?lstr5_MyProject)
0x06F4	0x6F28      	MOVWF       FARG_get_string_from+1, 1
0x06F6	0x0E06      	MOVLW       6
0x06F8	0x6F29      	MOVWF       FARG_get_string__from, 1
0x06FA	0x0E68      	MOVLW       ?lstr6_MyProject
0x06FC	0x6F2A      	MOVWF       FARG_get_string_to, 1
0x06FE	0x0E00      	MOVLW       hi_addr(?lstr6_MyProject)
0x0700	0x6F2B      	MOVWF       FARG_get_string_to+1, 1
0x0702	0x6B2C      	CLRF        FARG_get_string__to, 1
0x0704	0x0EDF      	MOVLW       _APIP
0x0706	0x6F2D      	MOVWF       FARG_get_string_get, 1
0x0708	0x0E01      	MOVLW       hi_addr(_APIP)
0x070A	0x6F2E      	MOVWF       FARG_get_string_get+1, 1
0x070C	0xDE6D      	RCALL       _get_string
;MyProject.c,193 :: 		LCD_OUT(1,1,APIP);
0x070E	0x0E01      	MOVLW       1
0x0710	0x6F25      	MOVWF       FARG_Lcd_Out_row, 1
0x0712	0x0E01      	MOVLW       1
0x0714	0x6F26      	MOVWF       FARG_Lcd_Out_column, 1
0x0716	0x0EDF      	MOVLW       _APIP
0x0718	0x6F27      	MOVWF       FARG_Lcd_Out_text, 1
0x071A	0x0E01      	MOVLW       hi_addr(_APIP)
0x071C	0x6F28      	MOVWF       FARG_Lcd_Out_text+1, 1
0x071E	0xDE22      	RCALL       _Lcd_Out
;MyProject.c,195 :: 		get_string(buff, "APMAC,\"",7,"\"",0,APMAC);
0x0720	0x0E2F      	MOVLW       _buff
0x0722	0x0104      	MOVLB       4
0x0724	0x6F25      	MOVWF       FARG_get_string_string, 1
0x0726	0x0E02      	MOVLW       hi_addr(_buff)
0x0728	0x6F26      	MOVWF       FARG_get_string_string+1, 1
0x072A	0x0E71      	MOVLW       ?lstr7_MyProject
0x072C	0x6F27      	MOVWF       FARG_get_string_from, 1
0x072E	0x0E00      	MOVLW       hi_addr(?lstr7_MyProject)
0x0730	0x6F28      	MOVWF       FARG_get_string_from+1, 1
0x0732	0x0E07      	MOVLW       7
0x0734	0x6F29      	MOVWF       FARG_get_string__from, 1
0x0736	0x0E83      	MOVLW       ?lstr8_MyProject
0x0738	0x6F2A      	MOVWF       FARG_get_string_to, 1
0x073A	0x0E00      	MOVLW       hi_addr(?lstr8_MyProject)
0x073C	0x6F2B      	MOVWF       FARG_get_string_to+1, 1
0x073E	0x6B2C      	CLRF        FARG_get_string__to, 1
0x0740	0x0EFF      	MOVLW       _APMAC
0x0742	0x6F2D      	MOVWF       FARG_get_string_get, 1
0x0744	0x0E01      	MOVLW       hi_addr(_APMAC)
0x0746	0x6F2E      	MOVWF       FARG_get_string_get+1, 1
0x0748	0xDE4F      	RCALL       _get_string
;MyProject.c,196 :: 		LCD_OUT(1,2,APIP);
0x074A	0x0E01      	MOVLW       1
0x074C	0x6F25      	MOVWF       FARG_Lcd_Out_row, 1
0x074E	0x0E02      	MOVLW       2
0x0750	0x6F26      	MOVWF       FARG_Lcd_Out_column, 1
0x0752	0x0EDF      	MOVLW       _APIP
0x0754	0x6F27      	MOVWF       FARG_Lcd_Out_text, 1
0x0756	0x0E01      	MOVLW       hi_addr(_APIP)
0x0758	0x6F28      	MOVWF       FARG_Lcd_Out_text+1, 1
0x075A	0xDE04      	RCALL       _Lcd_Out
;MyProject.c,198 :: 		get_string(buff, "STAIP,\"",7,"\"",0,STAIP);
0x075C	0x0E2F      	MOVLW       _buff
0x075E	0x0104      	MOVLB       4
0x0760	0x6F25      	MOVWF       FARG_get_string_string, 1
0x0762	0x0E02      	MOVLW       hi_addr(_buff)
0x0764	0x6F26      	MOVWF       FARG_get_string_string+1, 1
0x0766	0x0E79      	MOVLW       ?lstr9_MyProject
0x0768	0x6F27      	MOVWF       FARG_get_string_from, 1
0x076A	0x0E00      	MOVLW       hi_addr(?lstr9_MyProject)
0x076C	0x6F28      	MOVWF       FARG_get_string_from+1, 1
0x076E	0x0E07      	MOVLW       7
0x0770	0x6F29      	MOVWF       FARG_get_string__from, 1
0x0772	0x0E81      	MOVLW       ?lstr10_MyProject
0x0774	0x6F2A      	MOVWF       FARG_get_string_to, 1
0x0776	0x0E00      	MOVLW       hi_addr(?lstr10_MyProject)
0x0778	0x6F2B      	MOVWF       FARG_get_string_to+1, 1
0x077A	0x6B2C      	CLRF        FARG_get_string__to, 1
0x077C	0x0EC1      	MOVLW       _STAIP
0x077E	0x6F2D      	MOVWF       FARG_get_string_get, 1
0x0780	0x0E01      	MOVLW       hi_addr(_STAIP)
0x0782	0x6F2E      	MOVWF       FARG_get_string_get+1, 1
0x0784	0xDE31      	RCALL       _get_string
;MyProject.c,199 :: 		LCD_OUT(1,3,APIP);
0x0786	0x0E01      	MOVLW       1
0x0788	0x6F25      	MOVWF       FARG_Lcd_Out_row, 1
0x078A	0x0E03      	MOVLW       3
0x078C	0x6F26      	MOVWF       FARG_Lcd_Out_column, 1
0x078E	0x0EDF      	MOVLW       _APIP
0x0790	0x6F27      	MOVWF       FARG_Lcd_Out_text, 1
0x0792	0x0E01      	MOVLW       hi_addr(_APIP)
0x0794	0x6F28      	MOVWF       FARG_Lcd_Out_text+1, 1
0x0796	0xDDE6      	RCALL       _Lcd_Out
;MyProject.c,201 :: 		get_string(buff, "STAMAC,\"",8,"\"",0,STAMAC);
0x0798	0x0E2F      	MOVLW       _buff
0x079A	0x0104      	MOVLB       4
0x079C	0x6F25      	MOVWF       FARG_get_string_string, 1
0x079E	0x0E02      	MOVLW       hi_addr(_buff)
0x07A0	0x6F26      	MOVWF       FARG_get_string_string+1, 1
0x07A2	0x0E19      	MOVLW       ?lstr11_MyProject
0x07A4	0x6F27      	MOVWF       FARG_get_string_from, 1
0x07A6	0x0E00      	MOVLW       hi_addr(?lstr11_MyProject)
0x07A8	0x6F28      	MOVWF       FARG_get_string_from+1, 1
0x07AA	0x0E08      	MOVLW       8
0x07AC	0x6F29      	MOVWF       FARG_get_string__from, 1
0x07AE	0x0E22      	MOVLW       ?lstr12_MyProject
0x07B0	0x6F2A      	MOVWF       FARG_get_string_to, 1
0x07B2	0x0E00      	MOVLW       hi_addr(?lstr12_MyProject)
0x07B4	0x6F2B      	MOVWF       FARG_get_string_to+1, 1
0x07B6	0x6B2C      	CLRF        FARG_get_string__to, 1
0x07B8	0x0EA2      	MOVLW       _STAMAC
0x07BA	0x6F2D      	MOVWF       FARG_get_string_get, 1
0x07BC	0x0E01      	MOVLW       hi_addr(_STAMAC)
0x07BE	0x6F2E      	MOVWF       FARG_get_string_get+1, 1
0x07C0	0xDE13      	RCALL       _get_string
;MyProject.c,202 :: 		LCD_OUT(1,4,APIP);
0x07C2	0x0E01      	MOVLW       1
0x07C4	0x6F25      	MOVWF       FARG_Lcd_Out_row, 1
0x07C6	0x0E04      	MOVLW       4
0x07C8	0x6F26      	MOVWF       FARG_Lcd_Out_column, 1
0x07CA	0x0EDF      	MOVLW       _APIP
0x07CC	0x6F27      	MOVWF       FARG_Lcd_Out_text, 1
0x07CE	0x0E01      	MOVLW       hi_addr(_APIP)
0x07D0	0x6F28      	MOVWF       FARG_Lcd_Out_text+1, 1
0x07D2	0xDDC8      	RCALL       _Lcd_Out
;MyProject.c,204 :: 		reset_buff();
0x07D4	0xDE86      	RCALL       _reset_buff
;MyProject.c,206 :: 		}
L_end_get_ip_mac:
0x07D6	0x0012      	RETURN      0
; end of _get_ip_mac
___CC2DW:
;__Lib_System.c,21 :: 		
;__Lib_System.c,23 :: 		
_CC2DL_Loop1:
;__Lib_System.c,24 :: 		
0x07D8	0x0009      	TBLRD*+
;__Lib_System.c,25 :: 		
0x07DA	0xFFE6CFF5  	MOVFF       TABLAT, POSTINC1
;__Lib_System.c,26 :: 		
0x07DE	0x0600      	DECF        R0, 1, 0
;__Lib_System.c,27 :: 		
0x07E0	0xE1FB      	BNZ         _CC2DL_Loop1
;__Lib_System.c,28 :: 		
0x07E2	0x0601      	DECF        R1, 1, 0
;__Lib_System.c,29 :: 		
0x07E4	0xE1F9      	BNZ         _CC2DL_Loop1
;__Lib_System.c,31 :: 		
L_end___CC2DW:
0x07E6	0x0012      	RETURN      0
; end of ___CC2DW
_UART1_Read:
;__Lib_UART_c67.c,39 :: 		
;__Lib_UART_c67.c,42 :: 		
0x07E8	0xF001CFAE  	MOVFF       RCREG, R1
;__Lib_UART_c67.c,43 :: 		
0x07EC	0xA2AB      	BTFSS       RCSTA, 1 
0x07EE	0xD002      	BRA         L_UART1_Read2
;__Lib_UART_c67.c,44 :: 		
0x07F0	0x98AB      	BCF         RCSTA, 4 
;__Lib_UART_c67.c,45 :: 		
0x07F2	0x88AB      	BSF         RCSTA, 4 
;__Lib_UART_c67.c,46 :: 		
L_UART1_Read2:
;__Lib_UART_c67.c,47 :: 		
0x07F4	0xF000C001  	MOVFF       R1, R0
;__Lib_UART_c67.c,48 :: 		
L_end_UART1_Read:
0x07F8	0x0012      	RETURN      0
; end of _UART1_Read
_wifi_config:
;MyProject.c,207 :: 		void wifi_config (){
;MyProject.c,208 :: 		data_ready=0;
0x07FA	0x0102      	MOVLB       2
0x07FC	0x6B2E      	CLRF        _data_ready, 1
;MyProject.c,209 :: 		data_len=0;
0x07FE	0x0101      	MOVLB       1
0x0800	0x6BFD      	CLRF        _data_len, 1
0x0802	0x6BFE      	CLRF        _data_len+1, 1
;MyProject.c,210 :: 		memset(buff,0,500);
0x0804	0x0E2F      	MOVLW       _buff
0x0806	0x0104      	MOVLB       4
0x0808	0x6F31      	MOVWF       FARG_memset_p1, 1
0x080A	0x0E02      	MOVLW       hi_addr(_buff)
0x080C	0x6F32      	MOVWF       FARG_memset_p1+1, 1
0x080E	0x6B33      	CLRF        FARG_memset_character, 1
0x0810	0x0EF4      	MOVLW       244
0x0812	0x6F34      	MOVWF       FARG_memset_n, 1
0x0814	0x0E01      	MOVLW       1
0x0816	0x6F35      	MOVWF       FARG_memset_n+1, 1
0x0818	0xDCFE      	RCALL       _memset
;MyProject.c,211 :: 		lcd_out(1,1,"restarting wifi");
0x081A	0x0E01      	MOVLW       1
0x081C	0x6F25      	MOVWF       FARG_Lcd_Out_row, 1
0x081E	0x0E01      	MOVLW       1
0x0820	0x6F26      	MOVWF       FARG_Lcd_Out_column, 1
0x0822	0x0E47      	MOVLW       ?lstr13_MyProject
0x0824	0x6F27      	MOVWF       FARG_Lcd_Out_text, 1
0x0826	0x0E00      	MOVLW       hi_addr(?lstr13_MyProject)
0x0828	0x6F28      	MOVWF       FARG_Lcd_Out_text+1, 1
0x082A	0xDD9C      	RCALL       _Lcd_Out
;MyProject.c,212 :: 		lcd_out(1,2,"please wait.....");
0x082C	0x0E01      	MOVLW       1
0x082E	0x0104      	MOVLB       4
0x0830	0x6F25      	MOVWF       FARG_Lcd_Out_row, 1
0x0832	0x0E02      	MOVLW       2
0x0834	0x6F26      	MOVWF       FARG_Lcd_Out_column, 1
0x0836	0x0E57      	MOVLW       ?lstr14_MyProject
0x0838	0x6F27      	MOVWF       FARG_Lcd_Out_text, 1
0x083A	0x0E00      	MOVLW       hi_addr(?lstr14_MyProject)
0x083C	0x6F28      	MOVWF       FARG_Lcd_Out_text+1, 1
0x083E	0xDD92      	RCALL       _Lcd_Out
;MyProject.c,219 :: 		uart1_write_at("AT");
0x0840	0x0E31      	MOVLW       ?lstr15_MyProject
0x0842	0x0104      	MOVLB       4
0x0844	0x6F23      	MOVWF       FARG_uart1_write_at__data, 1
0x0846	0x0E00      	MOVLW       hi_addr(?lstr15_MyProject)
0x0848	0x6F24      	MOVWF       FARG_uart1_write_at__data+1, 1
0x084A	0xDEF2      	RCALL       _uart1_write_at
;MyProject.c,220 :: 		while( respons_success()!=OK);
L_wifi_config26:
0x084C	0xDEFE      	RCALL       _respons_success
0x084E	0x5000      	MOVF        R0, 0 
0x0850	0x0A01      	XORLW       1
0x0852	0xE001      	BZ          L_wifi_config27
0x0854	0xD7FB      	BRA         L_wifi_config26
L_wifi_config27:
;MyProject.c,221 :: 		delay_ms(1000);
0x0856	0x0E06      	MOVLW       6
0x0858	0x6E0B      	MOVWF       R11, 0
0x085A	0x0E13      	MOVLW       19
0x085C	0x6E0C      	MOVWF       R12, 0
0x085E	0x0EAD      	MOVLW       173
0x0860	0x6E0D      	MOVWF       R13, 0
L_wifi_config28:
0x0862	0x2E0D      	DECFSZ      R13, 1, 0
0x0864	0xD7FE      	BRA         L_wifi_config28
0x0866	0x2E0C      	DECFSZ      R12, 1, 0
0x0868	0xD7FC      	BRA         L_wifi_config28
0x086A	0x2E0B      	DECFSZ      R11, 1, 0
0x086C	0xD7FA      	BRA         L_wifi_config28
0x086E	0x0000      	NOP
0x0870	0x0000      	NOP
;MyProject.c,223 :: 		lcd_cmd(_LCD_CLEAR);
0x0872	0x0E01      	MOVLW       1
0x0874	0x0104      	MOVLB       4
0x0876	0x6F37      	MOVWF       FARG_Lcd_Cmd_out_char, 1
0x0878	0xDC68      	RCALL       _Lcd_Cmd
;MyProject.c,226 :: 		lcd_out(1,1,"DISCONNECTING WIFI");
0x087A	0x0E01      	MOVLW       1
0x087C	0x0104      	MOVLB       4
0x087E	0x6F25      	MOVWF       FARG_Lcd_Out_row, 1
0x0880	0x0E01      	MOVLW       1
0x0882	0x6F26      	MOVWF       FARG_Lcd_Out_column, 1
0x0884	0x0E34      	MOVLW       ?lstr16_MyProject
0x0886	0x6F27      	MOVWF       FARG_Lcd_Out_text, 1
0x0888	0x0E00      	MOVLW       hi_addr(?lstr16_MyProject)
0x088A	0x6F28      	MOVWF       FARG_Lcd_Out_text+1, 1
0x088C	0xDD6B      	RCALL       _Lcd_Out
;MyProject.c,227 :: 		lcd_out(1,2,"please wait .....");
0x088E	0x0E01      	MOVLW       1
0x0890	0x0104      	MOVLB       4
0x0892	0x6F25      	MOVWF       FARG_Lcd_Out_row, 1
0x0894	0x0E02      	MOVLW       2
0x0896	0x6F26      	MOVWF       FARG_Lcd_Out_column, 1
0x0898	0x0E85      	MOVLW       ?lstr17_MyProject
0x089A	0x6F27      	MOVWF       FARG_Lcd_Out_text, 1
0x089C	0x0E00      	MOVLW       hi_addr(?lstr17_MyProject)
0x089E	0x6F28      	MOVWF       FARG_Lcd_Out_text+1, 1
0x08A0	0xDD61      	RCALL       _Lcd_Out
;MyProject.c,228 :: 		uart1_write_at("AT+CWQAP");
0x08A2	0x0E31      	MOVLW       ?lstr18_MyProject
0x08A4	0x0104      	MOVLB       4
0x08A6	0x6F23      	MOVWF       FARG_uart1_write_at__data, 1
0x08A8	0x0E01      	MOVLW       hi_addr(?lstr18_MyProject)
0x08AA	0x6F24      	MOVWF       FARG_uart1_write_at__data+1, 1
0x08AC	0xDEC1      	RCALL       _uart1_write_at
;MyProject.c,229 :: 		while( respons_success()!=OK);
L_wifi_config29:
0x08AE	0xDECD      	RCALL       _respons_success
0x08B0	0x5000      	MOVF        R0, 0 
0x08B2	0x0A01      	XORLW       1
0x08B4	0xE001      	BZ          L_wifi_config30
0x08B6	0xD7FB      	BRA         L_wifi_config29
L_wifi_config30:
;MyProject.c,230 :: 		delay_ms(1000);
0x08B8	0x0E06      	MOVLW       6
0x08BA	0x6E0B      	MOVWF       R11, 0
0x08BC	0x0E13      	MOVLW       19
0x08BE	0x6E0C      	MOVWF       R12, 0
0x08C0	0x0EAD      	MOVLW       173
0x08C2	0x6E0D      	MOVWF       R13, 0
L_wifi_config31:
0x08C4	0x2E0D      	DECFSZ      R13, 1, 0
0x08C6	0xD7FE      	BRA         L_wifi_config31
0x08C8	0x2E0C      	DECFSZ      R12, 1, 0
0x08CA	0xD7FC      	BRA         L_wifi_config31
0x08CC	0x2E0B      	DECFSZ      R11, 1, 0
0x08CE	0xD7FA      	BRA         L_wifi_config31
0x08D0	0x0000      	NOP
0x08D2	0x0000      	NOP
;MyProject.c,232 :: 		lcd_cmd(_LCD_CLEAR);
0x08D4	0x0E01      	MOVLW       1
0x08D6	0x0104      	MOVLB       4
0x08D8	0x6F37      	MOVWF       FARG_Lcd_Cmd_out_char, 1
0x08DA	0xDC37      	RCALL       _Lcd_Cmd
;MyProject.c,234 :: 		lcd_out(1,1,"SETTING MODE");
0x08DC	0x0E01      	MOVLW       1
0x08DE	0x0104      	MOVLB       4
0x08E0	0x6F25      	MOVWF       FARG_Lcd_Out_row, 1
0x08E2	0x0E01      	MOVLW       1
0x08E4	0x6F26      	MOVWF       FARG_Lcd_Out_column, 1
0x08E6	0x0E3A      	MOVLW       ?lstr19_MyProject
0x08E8	0x6F27      	MOVWF       FARG_Lcd_Out_text, 1
0x08EA	0x0E01      	MOVLW       hi_addr(?lstr19_MyProject)
0x08EC	0x6F28      	MOVWF       FARG_Lcd_Out_text+1, 1
0x08EE	0xDD3A      	RCALL       _Lcd_Out
;MyProject.c,235 :: 		lcd_out(1,2,"please wait .....");
0x08F0	0x0E01      	MOVLW       1
0x08F2	0x0104      	MOVLB       4
0x08F4	0x6F25      	MOVWF       FARG_Lcd_Out_row, 1
0x08F6	0x0E02      	MOVLW       2
0x08F8	0x6F26      	MOVWF       FARG_Lcd_Out_column, 1
0x08FA	0x0E13      	MOVLW       ?lstr20_MyProject
0x08FC	0x6F27      	MOVWF       FARG_Lcd_Out_text, 1
0x08FE	0x0E01      	MOVLW       hi_addr(?lstr20_MyProject)
0x0900	0x6F28      	MOVWF       FARG_Lcd_Out_text+1, 1
0x0902	0xDD30      	RCALL       _Lcd_Out
;MyProject.c,236 :: 		uart1_write_at("AT+CWMODE=3");
0x0904	0x0E25      	MOVLW       ?lstr21_MyProject
0x0906	0x0104      	MOVLB       4
0x0908	0x6F23      	MOVWF       FARG_uart1_write_at__data, 1
0x090A	0x0E01      	MOVLW       hi_addr(?lstr21_MyProject)
0x090C	0x6F24      	MOVWF       FARG_uart1_write_at__data+1, 1
0x090E	0xDE90      	RCALL       _uart1_write_at
;MyProject.c,237 :: 		while( respons_success()!=OK);
L_wifi_config32:
0x0910	0xDE9C      	RCALL       _respons_success
0x0912	0x5000      	MOVF        R0, 0 
0x0914	0x0A01      	XORLW       1
0x0916	0xE001      	BZ          L_wifi_config33
0x0918	0xD7FB      	BRA         L_wifi_config32
L_wifi_config33:
;MyProject.c,238 :: 		delay_ms(1000);
0x091A	0x0E06      	MOVLW       6
0x091C	0x6E0B      	MOVWF       R11, 0
0x091E	0x0E13      	MOVLW       19
0x0920	0x6E0C      	MOVWF       R12, 0
0x0922	0x0EAD      	MOVLW       173
0x0924	0x6E0D      	MOVWF       R13, 0
L_wifi_config34:
0x0926	0x2E0D      	DECFSZ      R13, 1, 0
0x0928	0xD7FE      	BRA         L_wifi_config34
0x092A	0x2E0C      	DECFSZ      R12, 1, 0
0x092C	0xD7FC      	BRA         L_wifi_config34
0x092E	0x2E0B      	DECFSZ      R11, 1, 0
0x0930	0xD7FA      	BRA         L_wifi_config34
0x0932	0x0000      	NOP
0x0934	0x0000      	NOP
;MyProject.c,240 :: 		lcd_cmd(_LCD_CLEAR);
0x0936	0x0E01      	MOVLW       1
0x0938	0x0104      	MOVLB       4
0x093A	0x6F37      	MOVWF       FARG_Lcd_Cmd_out_char, 1
0x093C	0xDC06      	RCALL       _Lcd_Cmd
;MyProject.c,241 :: 		lcd_out(1,1,"SETTING CONNECTION ");
0x093E	0x0E01      	MOVLW       1
0x0940	0x0104      	MOVLB       4
0x0942	0x6F25      	MOVWF       FARG_Lcd_Out_row, 1
0x0944	0x0E01      	MOVLW       1
0x0946	0x6F26      	MOVWF       FARG_Lcd_Out_column, 1
0x0948	0x0E47      	MOVLW       ?lstr22_MyProject
0x094A	0x6F27      	MOVWF       FARG_Lcd_Out_text, 1
0x094C	0x0E01      	MOVLW       hi_addr(?lstr22_MyProject)
0x094E	0x6F28      	MOVWF       FARG_Lcd_Out_text+1, 1
0x0950	0xDD09      	RCALL       _Lcd_Out
;MyProject.c,242 :: 		lcd_out(1,2,"please wait .....");
0x0952	0x0E01      	MOVLW       1
0x0954	0x0104      	MOVLB       4
0x0956	0x6F25      	MOVWF       FARG_Lcd_Out_row, 1
0x0958	0x0E02      	MOVLW       2
0x095A	0x6F26      	MOVWF       FARG_Lcd_Out_column, 1
0x095C	0x0E75      	MOVLW       ?lstr23_MyProject
0x095E	0x6F27      	MOVWF       FARG_Lcd_Out_text, 1
0x0960	0x0E01      	MOVLW       hi_addr(?lstr23_MyProject)
0x0962	0x6F28      	MOVWF       FARG_Lcd_Out_text+1, 1
0x0964	0xDCFF      	RCALL       _Lcd_Out
;MyProject.c,243 :: 		uart1_write_at("AT+CIPMUX=1");
0x0966	0x0E87      	MOVLW       ?lstr24_MyProject
0x0968	0x0104      	MOVLB       4
0x096A	0x6F23      	MOVWF       FARG_uart1_write_at__data, 1
0x096C	0x0E01      	MOVLW       hi_addr(?lstr24_MyProject)
0x096E	0x6F24      	MOVWF       FARG_uart1_write_at__data+1, 1
0x0970	0xDE5F      	RCALL       _uart1_write_at
;MyProject.c,244 :: 		while( respons_success()!=OK);
L_wifi_config35:
0x0972	0xDE6B      	RCALL       _respons_success
0x0974	0x5000      	MOVF        R0, 0 
0x0976	0x0A01      	XORLW       1
0x0978	0xE001      	BZ          L_wifi_config36
0x097A	0xD7FB      	BRA         L_wifi_config35
L_wifi_config36:
;MyProject.c,245 :: 		delay_ms(1000);
0x097C	0x0E06      	MOVLW       6
0x097E	0x6E0B      	MOVWF       R11, 0
0x0980	0x0E13      	MOVLW       19
0x0982	0x6E0C      	MOVWF       R12, 0
0x0984	0x0EAD      	MOVLW       173
0x0986	0x6E0D      	MOVWF       R13, 0
L_wifi_config37:
0x0988	0x2E0D      	DECFSZ      R13, 1, 0
0x098A	0xD7FE      	BRA         L_wifi_config37
0x098C	0x2E0C      	DECFSZ      R12, 1, 0
0x098E	0xD7FC      	BRA         L_wifi_config37
0x0990	0x2E0B      	DECFSZ      R11, 1, 0
0x0992	0xD7FA      	BRA         L_wifi_config37
0x0994	0x0000      	NOP
0x0996	0x0000      	NOP
;MyProject.c,247 :: 		lcd_cmd(_LCD_CLEAR);
0x0998	0x0E01      	MOVLW       1
0x099A	0x0104      	MOVLB       4
0x099C	0x6F37      	MOVWF       FARG_Lcd_Cmd_out_char, 1
0x099E	0xF000ECA5  	CALL        _Lcd_Cmd, 0
;MyProject.c,249 :: 		while(1){
L_wifi_config38:
;MyProject.c,250 :: 		lcd_out(1,1,"connecting to AP");
0x09A2	0x0E01      	MOVLW       1
0x09A4	0x0104      	MOVLB       4
0x09A6	0x6F25      	MOVWF       FARG_Lcd_Out_row, 1
0x09A8	0x0E01      	MOVLW       1
0x09AA	0x6F26      	MOVWF       FARG_Lcd_Out_column, 1
0x09AC	0x0E5B      	MOVLW       ?lstr25_MyProject
0x09AE	0x6F27      	MOVWF       FARG_Lcd_Out_text, 1
0x09B0	0x0E01      	MOVLW       hi_addr(?lstr25_MyProject)
0x09B2	0x6F28      	MOVWF       FARG_Lcd_Out_text+1, 1
0x09B4	0xDCD7      	RCALL       _Lcd_Out
;MyProject.c,251 :: 		UART1_Write_Text("AT+CWJAP");
0x09B6	0x0E6C      	MOVLW       ?lstr26_MyProject
0x09B8	0x0104      	MOVLB       4
0x09BA	0x6F25      	MOVWF       FARG_UART1_Write_Text_uart_text, 1
0x09BC	0x0E01      	MOVLW       hi_addr(?lstr26_MyProject)
0x09BE	0x6F26      	MOVWF       FARG_UART1_Write_Text_uart_text+1, 1
0x09C0	0xDDA1      	RCALL       _UART1_Write_Text
;MyProject.c,252 :: 		UART1_Write('"');
0x09C2	0x0E22      	MOVLW       34
0x09C4	0x6F31      	MOVWF       FARG_UART1_Write_data_, 1
0x09C6	0xDC20      	RCALL       _UART1_Write
;MyProject.c,253 :: 		UART1_Write_Text(SSID);
0x09C8	0x0E11      	MOVLW       _SSID
0x09CA	0x0104      	MOVLB       4
0x09CC	0x6F25      	MOVWF       FARG_UART1_Write_Text_uart_text, 1
0x09CE	0x0E01      	MOVLW       hi_addr(_SSID)
0x09D0	0x6F26      	MOVWF       FARG_UART1_Write_Text_uart_text+1, 1
0x09D2	0xDD98      	RCALL       _UART1_Write_Text
;MyProject.c,254 :: 		UART1_Write('"');
0x09D4	0x0E22      	MOVLW       34
0x09D6	0x6F31      	MOVWF       FARG_UART1_Write_data_, 1
0x09D8	0xDC17      	RCALL       _UART1_Write
;MyProject.c,255 :: 		UART1_Write(',');
0x09DA	0x0E2C      	MOVLW       44
0x09DC	0x0104      	MOVLB       4
0x09DE	0x6F31      	MOVWF       FARG_UART1_Write_data_, 1
0x09E0	0xDC13      	RCALL       _UART1_Write
;MyProject.c,256 :: 		UART1_Write_Text(password);
0x09E2	0x0EB3      	MOVLW       _password
0x09E4	0x0104      	MOVLB       4
0x09E6	0x6F25      	MOVWF       FARG_UART1_Write_Text_uart_text, 1
0x09E8	0x0E00      	MOVLW       hi_addr(_password)
0x09EA	0x6F26      	MOVWF       FARG_UART1_Write_Text_uart_text+1, 1
0x09EC	0xDD8B      	RCALL       _UART1_Write_Text
;MyProject.c,257 :: 		UART1_Write('"');
0x09EE	0x0E22      	MOVLW       34
0x09F0	0x6F31      	MOVWF       FARG_UART1_Write_data_, 1
0x09F2	0xDC0A      	RCALL       _UART1_Write
;MyProject.c,258 :: 		new_line();
0x09F4	0xDE61      	RCALL       _new_line
;MyProject.c,259 :: 		if( respons_success()!=OK){
0x09F6	0xDE29      	RCALL       _respons_success
0x09F8	0x5000      	MOVF        R0, 0 
0x09FA	0x0A01      	XORLW       1
0x09FC	0xE00B      	BZ          L_wifi_config40
;MyProject.c,260 :: 		lcd_out(1,2,"success");
0x09FE	0x0E01      	MOVLW       1
0x0A00	0x0104      	MOVLB       4
0x0A02	0x6F25      	MOVWF       FARG_Lcd_Out_row, 1
0x0A04	0x0E02      	MOVLW       2
0x0A06	0x6F26      	MOVWF       FARG_Lcd_Out_column, 1
0x0A08	0x0EC9      	MOVLW       ?lstr27_MyProject
0x0A0A	0x6F27      	MOVWF       FARG_Lcd_Out_text, 1
0x0A0C	0x0E00      	MOVLW       hi_addr(?lstr27_MyProject)
0x0A0E	0x6F28      	MOVWF       FARG_Lcd_Out_text+1, 1
0x0A10	0xDCA9      	RCALL       _Lcd_Out
;MyProject.c,261 :: 		break;
0x0A12	0xD01E      	BRA         L_wifi_config39
;MyProject.c,263 :: 		}
L_wifi_config40:
;MyProject.c,265 :: 		lcd_cmd(_LCD_CLEAR);
0x0A14	0x0E01      	MOVLW       1
0x0A16	0x0104      	MOVLB       4
0x0A18	0x6F37      	MOVWF       FARG_Lcd_Cmd_out_char, 1
0x0A1A	0xF000ECA5  	CALL        _Lcd_Cmd, 0
;MyProject.c,266 :: 		lcd_out(1,1,"try agine");
0x0A1E	0x0E01      	MOVLW       1
0x0A20	0x0104      	MOVLB       4
0x0A22	0x6F25      	MOVWF       FARG_Lcd_Out_row, 1
0x0A24	0x0E01      	MOVLW       1
0x0A26	0x6F26      	MOVWF       FARG_Lcd_Out_column, 1
0x0A28	0x0E97      	MOVLW       ?lstr28_MyProject
0x0A2A	0x6F27      	MOVWF       FARG_Lcd_Out_text, 1
0x0A2C	0x0E00      	MOVLW       hi_addr(?lstr28_MyProject)
0x0A2E	0x6F28      	MOVWF       FARG_Lcd_Out_text+1, 1
0x0A30	0xDC99      	RCALL       _Lcd_Out
;MyProject.c,267 :: 		delay_ms(1000);
0x0A32	0x0E06      	MOVLW       6
0x0A34	0x6E0B      	MOVWF       R11, 0
0x0A36	0x0E13      	MOVLW       19
0x0A38	0x6E0C      	MOVWF       R12, 0
0x0A3A	0x0EAD      	MOVLW       173
0x0A3C	0x6E0D      	MOVWF       R13, 0
L_wifi_config42:
0x0A3E	0x2E0D      	DECFSZ      R13, 1, 0
0x0A40	0xD7FE      	BRA         L_wifi_config42
0x0A42	0x2E0C      	DECFSZ      R12, 1, 0
0x0A44	0xD7FC      	BRA         L_wifi_config42
0x0A46	0x2E0B      	DECFSZ      R11, 1, 0
0x0A48	0xD7FA      	BRA         L_wifi_config42
0x0A4A	0x0000      	NOP
0x0A4C	0x0000      	NOP
;MyProject.c,271 :: 		}
0x0A4E	0xD7A9      	BRA         L_wifi_config38
L_wifi_config39:
;MyProject.c,272 :: 		lcd_cmd(_LCD_CLEAR);
0x0A50	0x0E01      	MOVLW       1
0x0A52	0x0104      	MOVLB       4
0x0A54	0x6F37      	MOVWF       FARG_Lcd_Cmd_out_char, 1
0x0A56	0xF000ECA5  	CALL        _Lcd_Cmd, 0
;MyProject.c,273 :: 		lcd_out(1,1,"check connection ");
0x0A5A	0x0E01      	MOVLW       1
0x0A5C	0x0104      	MOVLB       4
0x0A5E	0x6F25      	MOVWF       FARG_Lcd_Out_row, 1
0x0A60	0x0E01      	MOVLW       1
0x0A62	0x6F26      	MOVWF       FARG_Lcd_Out_column, 1
0x0A64	0x0EA1      	MOVLW       ?lstr29_MyProject
0x0A66	0x6F27      	MOVWF       FARG_Lcd_Out_text, 1
0x0A68	0x0E00      	MOVLW       hi_addr(?lstr29_MyProject)
0x0A6A	0x6F28      	MOVWF       FARG_Lcd_Out_text+1, 1
0x0A6C	0xDC7B      	RCALL       _Lcd_Out
;MyProject.c,274 :: 		UART1_Write_Text("AT+CWJAP=?");
0x0A6E	0x0ED1      	MOVLW       ?lstr30_MyProject
0x0A70	0x0104      	MOVLB       4
0x0A72	0x6F25      	MOVWF       FARG_UART1_Write_Text_uart_text, 1
0x0A74	0x0E00      	MOVLW       hi_addr(?lstr30_MyProject)
0x0A76	0x6F26      	MOVWF       FARG_UART1_Write_Text_uart_text+1, 1
0x0A78	0xDD45      	RCALL       _UART1_Write_Text
;MyProject.c,275 :: 		while( respons_success()!=OK);
L_wifi_config43:
0x0A7A	0xDDE7      	RCALL       _respons_success
0x0A7C	0x5000      	MOVF        R0, 0 
0x0A7E	0x0A01      	XORLW       1
0x0A80	0xE001      	BZ          L_wifi_config44
0x0A82	0xD7FB      	BRA         L_wifi_config43
L_wifi_config44:
;MyProject.c,276 :: 		LCD_OUT(1,2,"WIFI CONNECTED");
0x0A84	0x0E01      	MOVLW       1
0x0A86	0x0104      	MOVLB       4
0x0A88	0x6F25      	MOVWF       FARG_Lcd_Out_row, 1
0x0A8A	0x0E02      	MOVLW       2
0x0A8C	0x6F26      	MOVWF       FARG_Lcd_Out_column, 1
0x0A8E	0x0EED      	MOVLW       ?lstr31_MyProject
0x0A90	0x6F27      	MOVWF       FARG_Lcd_Out_text, 1
0x0A92	0x0E00      	MOVLW       hi_addr(?lstr31_MyProject)
0x0A94	0x6F28      	MOVWF       FARG_Lcd_Out_text+1, 1
0x0A96	0xDC66      	RCALL       _Lcd_Out
;MyProject.c,277 :: 		delay_ms(1000);
0x0A98	0x0E06      	MOVLW       6
0x0A9A	0x6E0B      	MOVWF       R11, 0
0x0A9C	0x0E13      	MOVLW       19
0x0A9E	0x6E0C      	MOVWF       R12, 0
0x0AA0	0x0EAD      	MOVLW       173
0x0AA2	0x6E0D      	MOVWF       R13, 0
L_wifi_config45:
0x0AA4	0x2E0D      	DECFSZ      R13, 1, 0
0x0AA6	0xD7FE      	BRA         L_wifi_config45
0x0AA8	0x2E0C      	DECFSZ      R12, 1, 0
0x0AAA	0xD7FC      	BRA         L_wifi_config45
0x0AAC	0x2E0B      	DECFSZ      R11, 1, 0
0x0AAE	0xD7FA      	BRA         L_wifi_config45
0x0AB0	0x0000      	NOP
0x0AB2	0x0000      	NOP
;MyProject.c,280 :: 		lcd_cmd(_LCD_CLEAR);
0x0AB4	0x0E01      	MOVLW       1
0x0AB6	0x0104      	MOVLB       4
0x0AB8	0x6F37      	MOVWF       FARG_Lcd_Cmd_out_char, 1
0x0ABA	0xF000ECA5  	CALL        _Lcd_Cmd, 0
;MyProject.c,281 :: 		lcd_out(1,1,"configure tcp server");
0x0ABE	0x0E01      	MOVLW       1
0x0AC0	0x0104      	MOVLB       4
0x0AC2	0x6F25      	MOVWF       FARG_Lcd_Out_row, 1
0x0AC4	0x0E01      	MOVLW       1
0x0AC6	0x6F26      	MOVWF       FARG_Lcd_Out_column, 1
0x0AC8	0x0EFC      	MOVLW       ?lstr32_MyProject
0x0ACA	0x6F27      	MOVWF       FARG_Lcd_Out_text, 1
0x0ACC	0x0E00      	MOVLW       hi_addr(?lstr32_MyProject)
0x0ACE	0x6F28      	MOVWF       FARG_Lcd_Out_text+1, 1
0x0AD0	0xDC49      	RCALL       _Lcd_Out
;MyProject.c,282 :: 		UART1_Write_Text("AT+CIPSEVER=1");
0x0AD2	0x0EDC      	MOVLW       ?lstr33_MyProject
0x0AD4	0x0104      	MOVLB       4
0x0AD6	0x6F25      	MOVWF       FARG_UART1_Write_Text_uart_text, 1
0x0AD8	0x0E00      	MOVLW       hi_addr(?lstr33_MyProject)
0x0ADA	0x6F26      	MOVWF       FARG_UART1_Write_Text_uart_text+1, 1
0x0ADC	0xDD13      	RCALL       _UART1_Write_Text
;MyProject.c,283 :: 		UART1_Write(',');
0x0ADE	0x0E2C      	MOVLW       44
0x0AE0	0x6F31      	MOVWF       FARG_UART1_Write_data_, 1
0x0AE2	0xF001EC04  	CALL        _UART1_Write, 0
;MyProject.c,284 :: 		UART1_Write_Text(port);
0x0AE6	0x0EEA      	MOVLW       _port
0x0AE8	0x0104      	MOVLB       4
0x0AEA	0x6F25      	MOVWF       FARG_UART1_Write_Text_uart_text, 1
0x0AEC	0x0E00      	MOVLW       hi_addr(_port)
0x0AEE	0x6F26      	MOVWF       FARG_UART1_Write_Text_uart_text+1, 1
0x0AF0	0xDD09      	RCALL       _UART1_Write_Text
;MyProject.c,285 :: 		new_line();
0x0AF2	0xDDE2      	RCALL       _new_line
;MyProject.c,286 :: 		while( respons_success()!=OK);
L_wifi_config46:
0x0AF4	0xDDAA      	RCALL       _respons_success
0x0AF6	0x5000      	MOVF        R0, 0 
0x0AF8	0x0A01      	XORLW       1
0x0AFA	0xE001      	BZ          L_wifi_config47
0x0AFC	0xD7FB      	BRA         L_wifi_config46
L_wifi_config47:
;MyProject.c,287 :: 		reset_buff();
0x0AFE	0xDCF1      	RCALL       _reset_buff
;MyProject.c,288 :: 		get_ip_mac();
0x0B00	0xDDE4      	RCALL       _get_ip_mac
;MyProject.c,290 :: 		}
L_end_wifi_config:
0x0B02	0x0012      	RETURN      0
; end of _wifi_config
_config:
;MyProject.c,95 :: 		void config(){
;MyProject.c,96 :: 		UART1_Init(115200);
0x0B04	0x86B8      	BSF         BAUDCON, 3, 0
0x0B06	0x6AB0      	CLRF        SPBRGH 
0x0B08	0x0E08      	MOVLW       8
0x0B0A	0x6EAF      	MOVWF       SPBRG 
0x0B0C	0x84AC      	BSF         TXSTA, 2, 0
0x0B0E	0xDD60      	RCALL       _UART1_Init
;MyProject.c,97 :: 		interrupt_config();
0x0B10	0xDD8B      	RCALL       _interrupt_config
;MyProject.c,98 :: 		Lcd_Init();
0x0B12	0xDD12      	RCALL       _Lcd_Init
;MyProject.c,99 :: 		LCD_CMD(_LCD_CURSOR_OFF);
0x0B14	0x0E0C      	MOVLW       12
0x0B16	0x0104      	MOVLB       4
0x0B18	0x6F37      	MOVWF       FARG_Lcd_Cmd_out_char, 1
0x0B1A	0xF000ECA5  	CALL        _Lcd_Cmd, 0
;MyProject.c,100 :: 		LCD_OUT(1,1,"WIFI config ");
0x0B1E	0x0E01      	MOVLW       1
0x0B20	0x0104      	MOVLB       4
0x0B22	0x6F25      	MOVWF       FARG_Lcd_Out_row, 1
0x0B24	0x0E01      	MOVLW       1
0x0B26	0x6F26      	MOVWF       FARG_Lcd_Out_column, 1
0x0B28	0x0E24      	MOVLW       ?lstr1_MyProject
0x0B2A	0x6F27      	MOVWF       FARG_Lcd_Out_text, 1
0x0B2C	0x0E00      	MOVLW       hi_addr(?lstr1_MyProject)
0x0B2E	0x6F28      	MOVWF       FARG_Lcd_Out_text+1, 1
0x0B30	0xDC19      	RCALL       _Lcd_Out
;MyProject.c,101 :: 		delay_ms(1000);
0x0B32	0x0E06      	MOVLW       6
0x0B34	0x6E0B      	MOVWF       R11, 0
0x0B36	0x0E13      	MOVLW       19
0x0B38	0x6E0C      	MOVWF       R12, 0
0x0B3A	0x0EAD      	MOVLW       173
0x0B3C	0x6E0D      	MOVWF       R13, 0
L_config2:
0x0B3E	0x2E0D      	DECFSZ      R13, 1, 0
0x0B40	0xD7FE      	BRA         L_config2
0x0B42	0x2E0C      	DECFSZ      R12, 1, 0
0x0B44	0xD7FC      	BRA         L_config2
0x0B46	0x2E0B      	DECFSZ      R11, 1, 0
0x0B48	0xD7FA      	BRA         L_config2
0x0B4A	0x0000      	NOP
0x0B4C	0x0000      	NOP
;MyProject.c,102 :: 		lcd_cmd(_LCD_CLEAR);
0x0B4E	0x0E01      	MOVLW       1
0x0B50	0x0104      	MOVLB       4
0x0B52	0x6F37      	MOVWF       FARG_Lcd_Cmd_out_char, 1
0x0B54	0xF000ECA5  	CALL        _Lcd_Cmd, 0
;MyProject.c,103 :: 		}
L_end_config:
0x0B58	0x0012      	RETURN      0
; end of _config
_main:
0x0B5A	0xF006EC78  	CALL        3312, 0
;MyProject.c,80 :: 		void main() {
;MyProject.c,81 :: 		config();
0x0B5E	0xDFD2      	RCALL       _config
;MyProject.c,82 :: 		wifi_config ();
0x0B60	0xDE4C      	RCALL       _wifi_config
;MyProject.c,83 :: 		while(1){
L_main0:
;MyProject.c,93 :: 		}
0x0B62	0xD7FF      	BRA         L_main0
;MyProject.c,94 :: 		}
L_end_main:
0x0B64	0xD7FF      	BRA         $+0
; end of _main
0x0CF0	0xF019EE10  	LFSR        1, 25
0x0CF4	0x0E89      	MOVLW       137
0x0CF6	0x6E00      	MOVWF       R0 
0x0CF8	0x0E02      	MOVLW       2
0x0CFA	0x6E01      	MOVWF       R1 
0x0CFC	0x0E66      	MOVLW       102
0x0CFE	0x6EF6      	MOVWF       4086 
0x0D00	0x0E0B      	MOVLW       11
0x0D02	0x6EF7      	MOVWF       TBLPTRH 
0x0D04	0x0E00      	MOVLW       0
0x0D06	0x6EF8      	MOVWF       TBLPTRU 
0x0D08	0xF003ECEC  	CALL        2008, 0
0x0D0C	0x0012      	RETURN      0
;MyProject.c,0 :: ?ICS?lstr11_MyProject
0x0B66	0x5453 ;?ICS?lstr11_MyProject+0
0x0B68	0x4D41 ;?ICS?lstr11_MyProject+2
0x0B6A	0x4341 ;?ICS?lstr11_MyProject+4
0x0B6C	0x222C ;?ICS?lstr11_MyProject+6
0x0B6E	0x00 ;?ICS?lstr11_MyProject+8
; end of ?ICS?lstr11_MyProject
;MyProject.c,0 :: ?ICS?lstr12_MyProject
0x0B6F	0x0022 ;?ICS?lstr12_MyProject+0
; end of ?ICS?lstr12_MyProject
;MyProject.c,0 :: ?ICS?lstr1_MyProject
0x0B71	0x4957 ;?ICS?lstr1_MyProject+0
0x0B73	0x4946 ;?ICS?lstr1_MyProject+2
0x0B75	0x6320 ;?ICS?lstr1_MyProject+4
0x0B77	0x6E6F ;?ICS?lstr1_MyProject+6
0x0B79	0x6966 ;?ICS?lstr1_MyProject+8
0x0B7B	0x2067 ;?ICS?lstr1_MyProject+10
0x0B7D	0x00 ;?ICS?lstr1_MyProject+12
; end of ?ICS?lstr1_MyProject
;MyProject.c,0 :: ?ICS?lstr15_MyProject
0x0B7E	0x5441 ;?ICS?lstr15_MyProject+0
0x0B80	0x00 ;?ICS?lstr15_MyProject+2
; end of ?ICS?lstr15_MyProject
;MyProject.c,0 :: ?ICS?lstr16_MyProject
0x0B81	0x4944 ;?ICS?lstr16_MyProject+0
0x0B83	0x4353 ;?ICS?lstr16_MyProject+2
0x0B85	0x4E4F ;?ICS?lstr16_MyProject+4
0x0B87	0x454E ;?ICS?lstr16_MyProject+6
0x0B89	0x5443 ;?ICS?lstr16_MyProject+8
0x0B8B	0x4E49 ;?ICS?lstr16_MyProject+10
0x0B8D	0x2047 ;?ICS?lstr16_MyProject+12
0x0B8F	0x4957 ;?ICS?lstr16_MyProject+14
0x0B91	0x4946 ;?ICS?lstr16_MyProject+16
0x0B93	0x00 ;?ICS?lstr16_MyProject+18
; end of ?ICS?lstr16_MyProject
;MyProject.c,0 :: ?ICS?lstr13_MyProject
0x0B94	0x6572 ;?ICS?lstr13_MyProject+0
0x0B96	0x7473 ;?ICS?lstr13_MyProject+2
0x0B98	0x7261 ;?ICS?lstr13_MyProject+4
0x0B9A	0x6974 ;?ICS?lstr13_MyProject+6
0x0B9C	0x676E ;?ICS?lstr13_MyProject+8
0x0B9E	0x7720 ;?ICS?lstr13_MyProject+10
0x0BA0	0x6669 ;?ICS?lstr13_MyProject+12
0x0BA2	0x0069 ;?ICS?lstr13_MyProject+14
; end of ?ICS?lstr13_MyProject
;MyProject.c,0 :: ?ICS?lstr14_MyProject
0x0BA4	0x6C70 ;?ICS?lstr14_MyProject+0
0x0BA6	0x6165 ;?ICS?lstr14_MyProject+2
0x0BA8	0x6573 ;?ICS?lstr14_MyProject+4
0x0BAA	0x7720 ;?ICS?lstr14_MyProject+6
0x0BAC	0x6961 ;?ICS?lstr14_MyProject+8
0x0BAE	0x2E74 ;?ICS?lstr14_MyProject+10
0x0BB0	0x2E2E ;?ICS?lstr14_MyProject+12
0x0BB2	0x2E2E ;?ICS?lstr14_MyProject+14
0x0BB4	0x00 ;?ICS?lstr14_MyProject+16
; end of ?ICS?lstr14_MyProject
;MyProject.c,0 :: ?ICS?lstr6_MyProject
0x0BB5	0x0022 ;?ICS?lstr6_MyProject+0
; end of ?ICS?lstr6_MyProject
;MyProject.c,0 :: ?ICS?lstr5_MyProject
0x0BB7	0x5041 ;?ICS?lstr5_MyProject+0
0x0BB9	0x5049 ;?ICS?lstr5_MyProject+2
0x0BBB	0x222C ;?ICS?lstr5_MyProject+4
0x0BBD	0x00 ;?ICS?lstr5_MyProject+6
; end of ?ICS?lstr5_MyProject
;MyProject.c,0 :: ?ICS?lstr7_MyProject
0x0BBE	0x5041 ;?ICS?lstr7_MyProject+0
0x0BC0	0x414D ;?ICS?lstr7_MyProject+2
0x0BC2	0x2C43 ;?ICS?lstr7_MyProject+4
0x0BC4	0x0022 ;?ICS?lstr7_MyProject+6
; end of ?ICS?lstr7_MyProject
;MyProject.c,0 :: ?ICS?lstr9_MyProject
0x0BC6	0x5453 ;?ICS?lstr9_MyProject+0
0x0BC8	0x4941 ;?ICS?lstr9_MyProject+2
0x0BCA	0x2C50 ;?ICS?lstr9_MyProject+4
0x0BCC	0x0022 ;?ICS?lstr9_MyProject+6
; end of ?ICS?lstr9_MyProject
;MyProject.c,0 :: ?ICS?lstr10_MyProject
0x0BCE	0x0022 ;?ICS?lstr10_MyProject+0
; end of ?ICS?lstr10_MyProject
;MyProject.c,0 :: ?ICS?lstr8_MyProject
0x0BD0	0x0022 ;?ICS?lstr8_MyProject+0
; end of ?ICS?lstr8_MyProject
;MyProject.c,0 :: ?ICS?lstr17_MyProject
0x0BD2	0x6C70 ;?ICS?lstr17_MyProject+0
0x0BD4	0x6165 ;?ICS?lstr17_MyProject+2
0x0BD6	0x6573 ;?ICS?lstr17_MyProject+4
0x0BD8	0x7720 ;?ICS?lstr17_MyProject+6
0x0BDA	0x6961 ;?ICS?lstr17_MyProject+8
0x0BDC	0x2074 ;?ICS?lstr17_MyProject+10
0x0BDE	0x2E2E ;?ICS?lstr17_MyProject+12
0x0BE0	0x2E2E ;?ICS?lstr17_MyProject+14
0x0BE2	0x002E ;?ICS?lstr17_MyProject+16
; end of ?ICS?lstr17_MyProject
;MyProject.c,0 :: ?ICS?lstr28_MyProject
0x0BE4	0x7274 ;?ICS?lstr28_MyProject+0
0x0BE6	0x2079 ;?ICS?lstr28_MyProject+2
0x0BE8	0x6761 ;?ICS?lstr28_MyProject+4
0x0BEA	0x6E69 ;?ICS?lstr28_MyProject+6
0x0BEC	0x0065 ;?ICS?lstr28_MyProject+8
; end of ?ICS?lstr28_MyProject
;MyProject.c,0 :: ?ICS?lstr29_MyProject
0x0BEE	0x6863 ;?ICS?lstr29_MyProject+0
0x0BF0	0x6365 ;?ICS?lstr29_MyProject+2
0x0BF2	0x206B ;?ICS?lstr29_MyProject+4
0x0BF4	0x6F63 ;?ICS?lstr29_MyProject+6
0x0BF6	0x6E6E ;?ICS?lstr29_MyProject+8
0x0BF8	0x6365 ;?ICS?lstr29_MyProject+10
0x0BFA	0x6974 ;?ICS?lstr29_MyProject+12
0x0BFC	0x6E6F ;?ICS?lstr29_MyProject+14
0x0BFE	0x0020 ;?ICS?lstr29_MyProject+16
; end of ?ICS?lstr29_MyProject
;MyProject.c,0 :: ?ICS_password
0x0C00	0x6E65 ;?ICS_password+0
0x0C02	0x6F67 ;?ICS_password+2
0x0C04	0x6D66 ;?ICS_password+4
0x0C06	0x6369 ;?ICS_password+6
0x0C08	0x6F72 ;?ICS_password+8
0x0C0A	0x3130 ;?ICS_password+10
0x0C0C	0x3131 ;?ICS_password+12
0x0C0E	0x3931 ;?ICS_password+14
0x0C10	0x3638 ;?ICS_password+16
0x0C12	0x3032 ;?ICS_password+18
0x0C14	0x0033 ;?ICS_password+20
; end of ?ICS_password
;MyProject.c,0 :: ?ICS?lstr27_MyProject
0x0C16	0x7573 ;?ICS?lstr27_MyProject+0
0x0C18	0x6363 ;?ICS?lstr27_MyProject+2
0x0C1A	0x7365 ;?ICS?lstr27_MyProject+4
0x0C1C	0x0073 ;?ICS?lstr27_MyProject+6
; end of ?ICS?lstr27_MyProject
;MyProject.c,0 :: ?ICS?lstr30_MyProject
0x0C1E	0x5441 ;?ICS?lstr30_MyProject+0
0x0C20	0x432B ;?ICS?lstr30_MyProject+2
0x0C22	0x4A57 ;?ICS?lstr30_MyProject+4
0x0C24	0x5041 ;?ICS?lstr30_MyProject+6
0x0C26	0x3F3D ;?ICS?lstr30_MyProject+8
0x0C28	0x00 ;?ICS?lstr30_MyProject+10
; end of ?ICS?lstr30_MyProject
;MyProject.c,0 :: ?ICS?lstr33_MyProject
0x0C29	0x5441 ;?ICS?lstr33_MyProject+0
0x0C2B	0x432B ;?ICS?lstr33_MyProject+2
0x0C2D	0x5049 ;?ICS?lstr33_MyProject+4
0x0C2F	0x4553 ;?ICS?lstr33_MyProject+6
0x0C31	0x4556 ;?ICS?lstr33_MyProject+8
0x0C33	0x3D52 ;?ICS?lstr33_MyProject+10
0x0C35	0x0031 ;?ICS?lstr33_MyProject+12
; end of ?ICS?lstr33_MyProject
;MyProject.c,0 :: ?ICS_port
0x0C37	0x3038 ;?ICS_port+0
0x0C39	0x00 ;?ICS_port+2
; end of ?ICS_port
;MyProject.c,0 :: ?ICS?lstr31_MyProject
0x0C3A	0x4957 ;?ICS?lstr31_MyProject+0
0x0C3C	0x4946 ;?ICS?lstr31_MyProject+2
0x0C3E	0x4320 ;?ICS?lstr31_MyProject+4
0x0C40	0x4E4F ;?ICS?lstr31_MyProject+6
0x0C42	0x454E ;?ICS?lstr31_MyProject+8
0x0C44	0x5443 ;?ICS?lstr31_MyProject+10
0x0C46	0x4445 ;?ICS?lstr31_MyProject+12
0x0C48	0x00 ;?ICS?lstr31_MyProject+14
; end of ?ICS?lstr31_MyProject
;MyProject.c,0 :: ?ICS?lstr32_MyProject
0x0C49	0x6F63 ;?ICS?lstr32_MyProject+0
0x0C4B	0x666E ;?ICS?lstr32_MyProject+2
0x0C4D	0x6769 ;?ICS?lstr32_MyProject+4
0x0C4F	0x7275 ;?ICS?lstr32_MyProject+6
0x0C51	0x2065 ;?ICS?lstr32_MyProject+8
0x0C53	0x6374 ;?ICS?lstr32_MyProject+10
0x0C55	0x2070 ;?ICS?lstr32_MyProject+12
0x0C57	0x6573 ;?ICS?lstr32_MyProject+14
0x0C59	0x7672 ;?ICS?lstr32_MyProject+16
0x0C5B	0x7265 ;?ICS?lstr32_MyProject+18
0x0C5D	0x00 ;?ICS?lstr32_MyProject+20
; end of ?ICS?lstr32_MyProject
;MyProject.c,0 :: ?ICS_SSID
0x0C5E	0x004D ;?ICS_SSID+0
; end of ?ICS_SSID
;MyProject.c,0 :: ?ICS?lstr20_MyProject
0x0C60	0x6C70 ;?ICS?lstr20_MyProject+0
0x0C62	0x6165 ;?ICS?lstr20_MyProject+2
0x0C64	0x6573 ;?ICS?lstr20_MyProject+4
0x0C66	0x7720 ;?ICS?lstr20_MyProject+6
0x0C68	0x6961 ;?ICS?lstr20_MyProject+8
0x0C6A	0x2074 ;?ICS?lstr20_MyProject+10
0x0C6C	0x2E2E ;?ICS?lstr20_MyProject+12
0x0C6E	0x2E2E ;?ICS?lstr20_MyProject+14
0x0C70	0x002E ;?ICS?lstr20_MyProject+16
; end of ?ICS?lstr20_MyProject
;MyProject.c,0 :: ?ICS?lstr21_MyProject
0x0C72	0x5441 ;?ICS?lstr21_MyProject+0
0x0C74	0x432B ;?ICS?lstr21_MyProject+2
0x0C76	0x4D57 ;?ICS?lstr21_MyProject+4
0x0C78	0x444F ;?ICS?lstr21_MyProject+6
0x0C7A	0x3D45 ;?ICS?lstr21_MyProject+8
0x0C7C	0x0033 ;?ICS?lstr21_MyProject+10
; end of ?ICS?lstr21_MyProject
;MyProject.c,0 :: ?ICS?lstr18_MyProject
0x0C7E	0x5441 ;?ICS?lstr18_MyProject+0
0x0C80	0x432B ;?ICS?lstr18_MyProject+2
0x0C82	0x5157 ;?ICS?lstr18_MyProject+4
0x0C84	0x5041 ;?ICS?lstr18_MyProject+6
0x0C86	0x00 ;?ICS?lstr18_MyProject+8
; end of ?ICS?lstr18_MyProject
;MyProject.c,0 :: ?ICS?lstr19_MyProject
0x0C87	0x4553 ;?ICS?lstr19_MyProject+0
0x0C89	0x5454 ;?ICS?lstr19_MyProject+2
0x0C8B	0x4E49 ;?ICS?lstr19_MyProject+4
0x0C8D	0x2047 ;?ICS?lstr19_MyProject+6
0x0C8F	0x4F4D ;?ICS?lstr19_MyProject+8
0x0C91	0x4544 ;?ICS?lstr19_MyProject+10
0x0C93	0x00 ;?ICS?lstr19_MyProject+12
; end of ?ICS?lstr19_MyProject
;MyProject.c,0 :: ?ICS?lstr22_MyProject
0x0C94	0x4553 ;?ICS?lstr22_MyProject+0
0x0C96	0x5454 ;?ICS?lstr22_MyProject+2
0x0C98	0x4E49 ;?ICS?lstr22_MyProject+4
0x0C9A	0x2047 ;?ICS?lstr22_MyProject+6
0x0C9C	0x4F43 ;?ICS?lstr22_MyProject+8
0x0C9E	0x4E4E ;?ICS?lstr22_MyProject+10
0x0CA0	0x4345 ;?ICS?lstr22_MyProject+12
0x0CA2	0x4954 ;?ICS?lstr22_MyProject+14
0x0CA4	0x4E4F ;?ICS?lstr22_MyProject+16
0x0CA6	0x0020 ;?ICS?lstr22_MyProject+18
; end of ?ICS?lstr22_MyProject
;MyProject.c,0 :: ?ICS?lstr25_MyProject
0x0CA8	0x6F63 ;?ICS?lstr25_MyProject+0
0x0CAA	0x6E6E ;?ICS?lstr25_MyProject+2
0x0CAC	0x6365 ;?ICS?lstr25_MyProject+4
0x0CAE	0x6974 ;?ICS?lstr25_MyProject+6
0x0CB0	0x676E ;?ICS?lstr25_MyProject+8
0x0CB2	0x7420 ;?ICS?lstr25_MyProject+10
0x0CB4	0x206F ;?ICS?lstr25_MyProject+12
0x0CB6	0x5041 ;?ICS?lstr25_MyProject+14
0x0CB8	0x00 ;?ICS?lstr25_MyProject+16
; end of ?ICS?lstr25_MyProject
;MyProject.c,0 :: ?ICS?lstr26_MyProject
0x0CB9	0x5441 ;?ICS?lstr26_MyProject+0
0x0CBB	0x432B ;?ICS?lstr26_MyProject+2
0x0CBD	0x4A57 ;?ICS?lstr26_MyProject+4
0x0CBF	0x5041 ;?ICS?lstr26_MyProject+6
0x0CC1	0x00 ;?ICS?lstr26_MyProject+8
; end of ?ICS?lstr26_MyProject
;MyProject.c,0 :: ?ICS?lstr23_MyProject
0x0CC2	0x6C70 ;?ICS?lstr23_MyProject+0
0x0CC4	0x6165 ;?ICS?lstr23_MyProject+2
0x0CC6	0x6573 ;?ICS?lstr23_MyProject+4
0x0CC8	0x7720 ;?ICS?lstr23_MyProject+6
0x0CCA	0x6961 ;?ICS?lstr23_MyProject+8
0x0CCC	0x2074 ;?ICS?lstr23_MyProject+10
0x0CCE	0x2E2E ;?ICS?lstr23_MyProject+12
0x0CD0	0x2E2E ;?ICS?lstr23_MyProject+14
0x0CD2	0x002E ;?ICS?lstr23_MyProject+16
; end of ?ICS?lstr23_MyProject
;MyProject.c,0 :: ?ICS?lstr24_MyProject
0x0CD4	0x5441 ;?ICS?lstr24_MyProject+0
0x0CD6	0x432B ;?ICS?lstr24_MyProject+2
0x0CD8	0x5049 ;?ICS?lstr24_MyProject+4
0x0CDA	0x554D ;?ICS?lstr24_MyProject+6
0x0CDC	0x3D58 ;?ICS?lstr24_MyProject+8
0x0CDE	0x0031 ;?ICS?lstr24_MyProject+10
; end of ?ICS?lstr24_MyProject
;MyProject.c,0 :: ?ICS?lstr4_MyProject
0x0CE0	0x003E ;?ICS?lstr4_MyProject+0
; end of ?ICS?lstr4_MyProject
;MyProject.c,0 :: ?ICS?lstr2_MyProject
0x0CE2	0x6B6F ;?ICS?lstr2_MyProject+0
0x0CE4	0x00 ;?ICS?lstr2_MyProject+2
; end of ?ICS?lstr2_MyProject
;MyProject.c,0 :: ?ICS?lstr3_MyProject
0x0CE5	0x6F6E ;?ICS?lstr3_MyProject+0
0x0CE7	0x6320 ;?ICS?lstr3_MyProject+2
0x0CE9	0x6168 ;?ICS?lstr3_MyProject+4
0x0CEB	0x676E ;?ICS?lstr3_MyProject+6
0x0CED	0x0065 ;?ICS?lstr3_MyProject+8
; end of ?ICS?lstr3_MyProject
Symbol List:
//** Routines locations **
//ADDRESS    SIZE    PROCEDURE
//----------------------------------------------
0x0008     [130]    _interrupt
0x008A       [4]    _Delay_1us
0x008E      [18]    _Delay_5500us
0x00A0      [12]    _Delay_50us
0x00AC      [98]    _strncmp
0x010E      [60]    _strchr
0x014A     [132]    _Lcd_Cmd
0x01CE      [58]    _strlen
0x0208      [14]    _UART1_Write
0x0216      [60]    _memset
0x0252     [124]    _strstr
0x02CE      [14]    _Lcd_Chr_CP
0x02DC     [136]    _strncpy
0x0364     [132]    _Lcd_Out
0x03E8     [100]    _get_string
0x044C     [150]    _find_text
0x04E2      [34]    _reset_buff
0x0504      [52]    _UART1_Write_Text
0x0538     [152]    _Lcd_Init
0x05D0      [88]    _UART1_Init
0x0628       [8]    _interrupt_config
0x0630      [26]    _uart1_write_at
0x064A     [110]    _respons_success
0x06B8      [18]    _new_line
0x06CA     [270]    _get_ip_mac
0x07D8      [16]    ___CC2DW
0x07E8      [18]    _UART1_Read
0x07FA     [778]    _wifi_config
0x0B04      [86]    _config
0x0B5A      [12]    _main
//** Variables locations ** 
//ADDRESS    SIZE    VARIABLE
//----------------------------------------------
0x0000       [1]    R0
0x0000       [1]    UART1_Init_tmp_L0
0x0001       [1]    R1
0x0001       [1]    ispunct_rslt_L0
0x0001       [1]    UART1_Read___tmp_UART1_Read_L0
0x0002       [2]    memset_pp_L0
0x0002       [2]    memchr_s_L0
0x0002       [2]    memcpy_dd_L0
0x0002       [2]    strlen_cp_L0
0x0002       [1]    R2
0x0003       [1]    R3
0x0003       [2]    Ltrim_original_L0
0x0003       [2]    memmove_tt_L0
0x0004       [2]    strcat_cp_L0
0x0004       [1]    R4
0x0004       [2]    strcpy_cp_L0
0x0004       [2]    frexp_pom_L0
0x0004       [2]    memcpy_ss_L0
0x0004       [2]    strncpy_cp_L0
0x0004       [2]    strncat_cp_L0
0x0005       [1]    R5
0x0005       [2]    LongIntToHex_input_half_L0
0x0005       [2]    LongWordToHex_input_half_L0
0x0005       [2]    memmove_ff_L0
0x0005       [2]    Ltrim_p_L0
0x0006       [1]    R6
0x0007       [1]    R7
0x0008       [1]    R8
0x0009       [1]    R9
0x000A       [1]    R10
0x000B       [1]    R11
0x000C       [1]    R12
0x000D       [1]    R13
0x000E       [1]    R14
0x000F       [1]    R15
0x0010       [1]    R16
0x0011       [1]    R17
0x0012       [1]    R18
0x0013       [1]    R19
0x0014       [1]    R20
0x0019       [9]    ?lstr11_MyProject
0x0022       [2]    ?lstr12_MyProject
0x0024      [13]    ?lstr1_MyProject
0x0031       [3]    ?lstr15_MyProject
0x0034      [19]    ?lstr16_MyProject
0x0047      [16]    ?lstr13_MyProject
0x0057      [17]    ?lstr14_MyProject
0x0068       [2]    ?lstr6_MyProject
0x006A       [7]    ?lstr5_MyProject
0x0071       [8]    ?lstr7_MyProject
0x0079       [8]    ?lstr9_MyProject
0x0081       [2]    ?lstr10_MyProject
0x0083       [2]    ?lstr8_MyProject
0x0085      [18]    ?lstr17_MyProject
0x0097      [10]    ?lstr28_MyProject
0x00A1      [18]    ?lstr29_MyProject
0x00B3      [22]    _password
0x00C9       [8]    ?lstr27_MyProject
0x00D1      [11]    ?lstr30_MyProject
0x00DC      [14]    ?lstr33_MyProject
0x00EA       [3]    _port
0x00ED      [15]    ?lstr31_MyProject
0x00FC      [21]    ?lstr32_MyProject
0x0111       [2]    _SSID
0x0113      [18]    ?lstr20_MyProject
0x0125      [12]    ?lstr21_MyProject
0x0131       [9]    ?lstr18_MyProject
0x013A      [13]    ?lstr19_MyProject
0x0147      [20]    ?lstr22_MyProject
0x015B      [17]    ?lstr25_MyProject
0x016C       [9]    ?lstr26_MyProject
0x0175      [18]    ?lstr23_MyProject
0x0187      [12]    ?lstr24_MyProject
0x0193       [2]    ?lstr4_MyProject
0x0195       [3]    ?lstr2_MyProject
0x0198      [10]    ?lstr3_MyProject
0x01A2      [30]    _STAMAC
0x01C0       [0]    __Lib_Lcd_cmd_status
0x01C1      [30]    _STAIP
0x01DF      [30]    _APIP
0x01FD       [2]    _data_len
0x01FF      [30]    _APMAC
0x021D       [4]    _UART_Rdy_Ptr
0x0221       [4]    _UART_Tx_Idle_Ptr
0x0225       [4]    _UART_Wr_Ptr
0x0229       [4]    _UART_Rd_Ptr
0x022D       [1]    _temp
0x022E       [1]    _data_ready
0x022F     [500]    _buff
0x0423       [2]    FARG_uart1_write_at__data
0x0423       [1]    respons_success_result_L0
0x0425       [1]    FARG_Lcd_Out_row
0x0425       [2]    FARG_UART1_Write_Text_uart_text
0x0425       [2]    FARG_find_text_string
0x0425       [2]    FARG_get_string_string
0x0426       [1]    FARG_Lcd_Out_column
0x0427       [2]    FARG_find_text_string_find
0x0427       [1]    UART1_Write_Text_data__L0
0x0427       [2]    FARG_Lcd_Out_text
0x0427       [2]    FARG_get_string_from
0x0428       [1]    UART1_Write_Text_counter_L0
0x0429       [1]    FARG_get_string__from
0x0429       [1]    Lcd_Out_i_L0
0x0429       [2]    find_text_matched_L0
0x042A       [2]    FARG_get_string_to
0x042B       [2]    find_text_index_string_L0
0x042C       [1]    FARG_get_string__to
0x042D       [2]    find_text_length_string_find_L0
0x042D       [2]    FARG_get_string_get
0x042F       [2]    get_string_p1_L0
0x042F       [2]    find_text_length_string_L0
0x0431       [1]    FARG_Lcd_Chr_CP_out_char
0x0431       [2]    FARG_strncpy_to
0x0431       [1]    FARG_UART1_Write_data_
0x0431       [2]    FARG_memset_p1
0x0431       [2]    FARG_strstr_s1
0x0433       [2]    FARG_strstr_s2
0x0433       [1]    FARG_memset_character
0x0433       [2]    FARG_strncpy_from
0x0434       [2]    FARG_memset_n
0x0435       [2]    FARG_strncpy_size
0x0437       [2]    FARG_strchr_ptr
0x0437       [2]    FARG_strlen_s
0x0437       [2]    FARG_strncmp_s1
0x0437       [1]    FARG_Lcd_Cmd_out_char
0x0439       [2]    FARG_strncmp_s2
0x0439       [1]    FARG_strchr_chr
0x043B       [1]    FARG_strncmp_len
0x0F82       [0]    RC2_bit
0x0F82       [0]    RC1_bit
0x0F82       [0]    RC0_bit
0x0F82       [0]    RC3_bit
0x0F82       [0]    LCD_D5
0x0F82       [0]    LCD_D4
0x0F82       [0]    LCD_D6
0x0F82       [0]    LCD_RS
0x0F82       [0]    LCD_EN
0x0F82       [0]    LCD_D7
0x0F82       [0]    RC4_bit
0x0F82       [0]    RC5_bit
0x0F94       [0]    TRISC2_bit
0x0F94       [0]    TRISC3_bit
0x0F94       [0]    TRISC0_bit
0x0F94       [0]    TRISC1_bit
0x0F94       [0]    TRISC4_bit
0x0F94       [0]    TRISC7_bit
0x0F94       [0]    TRISC5_bit
0x0F94       [0]    TRISC6_bit
0x0F94       [0]    LCD_D6_Direction
0x0F94       [0]    LCD_D5_Direction
0x0F94       [0]    LCD_D7_Direction
0x0F94       [0]    LCD_RS_Direction
0x0F94       [0]    LCD_EN_Direction
0x0F94       [0]    LCD_D4_Direction
0x0F9D       [1]    PIE1
0x0F9E       [1]    PIR1
0x0FAB       [1]    RCSTA
0x0FAC       [1]    TXSTA
0x0FAD       [1]    TXREG
0x0FAE       [1]    RCREG
0x0FAF       [1]    SPBRG
0x0FB0       [1]    SPBRGH
0x0FB8       [1]    BAUDCON
0x0FD8       [1]    STATUS
0x0FD9       [1]    FSR2L
0x0FDA       [1]    FSR2H
0x0FDE       [1]    POSTINC2
0x0FE0       [1]    BSR
0x0FE1       [1]    FSR1L
0x0FE2       [1]    FSR1H
0x0FE4       [1]    PREINC1
0x0FE6       [1]    POSTINC1
0x0FE7       [1]    INDF1
0x0FE8       [1]    WREG
0x0FE9       [1]    FSR0L
0x0FEA       [1]    FSR0H
0x0FEE       [1]    POSTINC0
0x0FF2       [1]    INTCON
0x0FF3       [1]    PRODL
0x0FF4       [1]    PRODH
0x0FF5       [1]    TABLAT
0x0FF6       [1]    TBLPTRL
0x0FF7       [1]    TBLPTRH
0x0FF8       [1]    TBLPTRU
//** Constants locations ** 
//ADDRESS    SIZE    CONSTANT
//----------------------------------------------
0x0B66       [9]    ?ICS?lstr11_MyProject
0x0B6F       [2]    ?ICS?lstr12_MyProject
0x0B71      [13]    ?ICS?lstr1_MyProject
0x0B7E       [3]    ?ICS?lstr15_MyProject
0x0B81      [19]    ?ICS?lstr16_MyProject
0x0B94      [16]    ?ICS?lstr13_MyProject
0x0BA4      [17]    ?ICS?lstr14_MyProject
0x0BB5       [2]    ?ICS?lstr6_MyProject
0x0BB7       [7]    ?ICS?lstr5_MyProject
0x0BBE       [8]    ?ICS?lstr7_MyProject
0x0BC6       [8]    ?ICS?lstr9_MyProject
0x0BCE       [2]    ?ICS?lstr10_MyProject
0x0BD0       [2]    ?ICS?lstr8_MyProject
0x0BD2      [18]    ?ICS?lstr17_MyProject
0x0BE4      [10]    ?ICS?lstr28_MyProject
0x0BEE      [18]    ?ICS?lstr29_MyProject
0x0C00      [22]    ?ICS_password
0x0C16       [8]    ?ICS?lstr27_MyProject
0x0C1E      [11]    ?ICS?lstr30_MyProject
0x0C29      [14]    ?ICS?lstr33_MyProject
0x0C37       [3]    ?ICS_port
0x0C3A      [15]    ?ICS?lstr31_MyProject
0x0C49      [21]    ?ICS?lstr32_MyProject
0x0C5E       [2]    ?ICS_SSID
0x0C60      [18]    ?ICS?lstr20_MyProject
0x0C72      [12]    ?ICS?lstr21_MyProject
0x0C7E       [9]    ?ICS?lstr18_MyProject
0x0C87      [13]    ?ICS?lstr19_MyProject
0x0C94      [20]    ?ICS?lstr22_MyProject
0x0CA8      [17]    ?ICS?lstr25_MyProject
0x0CB9       [9]    ?ICS?lstr26_MyProject
0x0CC2      [18]    ?ICS?lstr23_MyProject
0x0CD4      [12]    ?ICS?lstr24_MyProject
0x0CE0       [2]    ?ICS?lstr4_MyProject
0x0CE2       [3]    ?ICS?lstr2_MyProject
0x0CE5      [10]    ?ICS?lstr3_MyProject
