;  LST file generated by mikroListExporter - v.2.0 
; Date/Time: 4/7/2021 7:51:32 PM
;----------------------------------------------

;Address Opcode 	ASM
0x0000	0xF000EFA5  	GOTO        330
_interrupt:
;MyProject.c,70 :: 		void interrupt(){
0x0008	0xF016C000  	MOVFF       R0, 22
0x000C	0xF015C001  	MOVFF       R1, 21
;MyProject.c,71 :: 		INTCON.GIE=0;
0x0010	0x9EF2      	BCF         INTCON, 7 
;MyProject.c,72 :: 		if( PIR1.RCIF==1){
0x0012	0xAA9E      	BTFSS       PIR1, 5 
0x0014	0xD02A      	BRA         L_interrupt0
;MyProject.c,73 :: 		temp= UART1_Read();
0x0016	0xD83F      	RCALL       _UART1_Read
0x0018	0xF215C000  	MOVFF       R0, _temp
;MyProject.c,74 :: 		switch(temp){
0x001C	0xD01D      	BRA         L_interrupt1
;MyProject.c,75 :: 		case LF:
L_interrupt3:
;MyProject.c,76 :: 		if(data_len >1){
0x001E	0x0E00      	MOVLW       0
0x0020	0x6E00      	MOVWF       R0 
0x0022	0x0102      	MOVLB       2
0x0024	0x5110      	MOVF        _data_len+1, 0, 1
0x0026	0x5C00      	SUBWF       R0, 0 
0x0028	0xE102      	BNZ         L__interrupt66
0x002A	0x510F      	MOVF        _data_len, 0, 1
0x002C	0x0801      	SUBLW       1
L__interrupt66:
0x002E	0xE200      	BC          L_interrupt4
;MyProject.c,77 :: 		data ready=1;
;MyProject.c,78 :: 		}
L_interrupt4:
;MyProject.c,79 :: 		break;
0x0030	0xD01B      	BRA         L_interrupt2
;MyProject.c,80 :: 		case CR:
L_interrupt5:
;MyProject.c,81 :: 		buff[data_len]=0;
0x0032	0x0E1B      	MOVLW       _buff
0x0034	0x250F      	ADDWF       _data_len, 0, 1
0x0036	0x6EE1      	MOVWF       FSR1L 
0x0038	0x0E00      	MOVLW       hi_addr(_buff)
0x003A	0x2110      	ADDWFC      _data_len+1, 0, 1
0x003C	0x6EE2      	MOVWF       FSR1L+1 
0x003E	0x6AE6      	CLRF        POSTINC1 
;MyProject.c,82 :: 		break;
0x0040	0xD013      	BRA         L_interrupt2
;MyProject.c,83 :: 		default:
L_interrupt6:
;MyProject.c,84 :: 		buff[data_len]=temp ;
0x0042	0x0E1B      	MOVLW       _buff
0x0044	0x250F      	ADDWF       _data_len, 0, 1
0x0046	0x6EE1      	MOVWF       FSR1L 
0x0048	0x0E00      	MOVLW       hi_addr(_buff)
0x004A	0x2110      	ADDWFC      _data_len+1, 0, 1
0x004C	0x6EE2      	MOVWF       FSR1L+1 
0x004E	0xFFE6C215  	MOVFF       _temp, POSTINC1
;MyProject.c,85 :: 		data_len++;
0x0052	0x4B0F      	INFSNZ      _data_len, 1, 1
0x0054	0x2B10      	INCF        _data_len+1, 1, 1
;MyProject.c,86 :: 		}
0x0056	0xD008      	BRA         L_interrupt2
L_interrupt1:
0x0058	0x0102      	MOVLB       2
0x005A	0x5115      	MOVF        _temp, 0, 1
0x005C	0x0A0A      	XORLW       10
0x005E	0xE0DF      	BZ          L_interrupt3
0x0060	0x5115      	MOVF        _temp, 0, 1
0x0062	0x0A0D      	XORLW       13
0x0064	0xE0E6      	BZ          L_interrupt5
0x0066	0xD7ED      	BRA         L_interrupt6
L_interrupt2:
;MyProject.c,87 :: 		PIR1.RCIF=0;
0x0068	0x9A9E      	BCF         PIR1, 5 
;MyProject.c,88 :: 		}
L_interrupt0:
;MyProject.c,89 :: 		INTCON.GIE=1;
0x006A	0x8EF2      	BSF         INTCON, 7 
;MyProject.c,91 :: 		}
L_end_interrupt:
L__interrupt65:
0x006C	0xF000C016  	MOVFF       22, R0
0x0070	0xF001C015  	MOVFF       21, R1
0x0074	0x0011      	RETFIE      1
; end of _interrupt
_UART1_Write:
;__Lib_UART_c67.c,58 :: 		
;__Lib_UART_c67.c,59 :: 		
L_UART1_Write3:
0x0076	0xB2AC      	BTFSC       TXSTA, 1 
0x0078	0xD002      	BRA         L_UART1_Write4
;__Lib_UART_c67.c,60 :: 		
0x007A	0x0000      	NOP
0x007C	0xD7FC      	BRA         L_UART1_Write3
L_UART1_Write4:
;__Lib_UART_c67.c,61 :: 		
0x007E	0xFFADC221  	MOVFF       FARG_UART1_Write_data_, TXREG
;__Lib_UART_c67.c,62 :: 		
L_end_UART1_Write:
0x0082	0x0012      	RETURN      0
; end of _UART1_Write
_new_line:
;MyProject.c,157 :: 		void new_line(){
;MyProject.c,158 :: 		UART1_write(0x0D);
0x0084	0x0E0D      	MOVLW       13
0x0086	0x0102      	MOVLB       2
0x0088	0x6F21      	MOVWF       FARG_UART1_Write_data_, 1
0x008A	0xDFF5      	RCALL       _UART1_Write
;MyProject.c,159 :: 		UART1_write(0x0A);
0x008C	0x0E0A      	MOVLW       10
0x008E	0x0102      	MOVLB       2
0x0090	0x6F21      	MOVWF       FARG_UART1_Write_data_, 1
0x0092	0xDFF1      	RCALL       _UART1_Write
;MyProject.c,161 :: 		}
L_end_new_line:
0x0094	0x0012      	RETURN      0
; end of _new_line
_UART1_Read:
;__Lib_UART_c67.c,39 :: 		
;__Lib_UART_c67.c,42 :: 		
0x0096	0xF001CFAE  	MOVFF       RCREG, R1
;__Lib_UART_c67.c,43 :: 		
0x009A	0xA2AB      	BTFSS       RCSTA, 1 
0x009C	0xD002      	BRA         L_UART1_Read2
;__Lib_UART_c67.c,44 :: 		
0x009E	0x98AB      	BCF         RCSTA, 4 
;__Lib_UART_c67.c,45 :: 		
0x00A0	0x88AB      	BSF         RCSTA, 4 
;__Lib_UART_c67.c,46 :: 		
L_UART1_Read2:
;__Lib_UART_c67.c,47 :: 		
0x00A2	0xF000C001  	MOVFF       R1, R0
;__Lib_UART_c67.c,48 :: 		
L_end_UART1_Read:
0x00A6	0x0012      	RETURN      0
; end of _UART1_Read
_UART1_write_text_const:
;MyProject.c,144 :: 		void UART1_write_text_const(const char *_data){
;MyProject.c,145 :: 		while(*_data){
L_UART1_write_text_const10:
0x00A8	0xFFF6C21E  	MOVFF       FARG_UART1_write_text_const__data, TBLPTRL
0x00AC	0xFFF7C21F  	MOVFF       FARG_UART1_write_text_const__data+1, TBLPTRH
0x00B0	0xFFF8C220  	MOVFF       FARG_UART1_write_text_const__data+2, TBLPTRU
0x00B4	0x0009      	TBLRD*+
0x00B6	0xF000CFF5  	MOVFF       TABLAT, R0
0x00BA	0x5200      	MOVF        R0, 1 
0x00BC	0xE011      	BZ          L_UART1_write_text_const11
;MyProject.c,146 :: 		UART1_write(*_data++);
0x00BE	0xFFF6C21E  	MOVFF       FARG_UART1_write_text_const__data, TBLPTRL
0x00C2	0xFFF7C21F  	MOVFF       FARG_UART1_write_text_const__data+1, TBLPTRH
0x00C6	0xFFF8C220  	MOVFF       FARG_UART1_write_text_const__data+2, TBLPTRU
0x00CA	0x0009      	TBLRD*+
0x00CC	0xF221CFF5  	MOVFF       TABLAT, FARG_UART1_Write_data_
0x00D0	0xDFD2      	RCALL       _UART1_Write
0x00D2	0x0E01      	MOVLW       1
0x00D4	0x0102      	MOVLB       2
0x00D6	0x271E      	ADDWF       FARG_UART1_write_text_const__data, 1, 1
0x00D8	0x0E00      	MOVLW       0
0x00DA	0x231F      	ADDWFC      FARG_UART1_write_text_const__data+1, 1, 1
0x00DC	0x2320      	ADDWFC      FARG_UART1_write_text_const__data+2, 1, 1
;MyProject.c,147 :: 		}
0x00DE	0xD7E4      	BRA         L_UART1_write_text_const10
L_UART1_write_text_const11:
;MyProject.c,149 :: 		}
L_end_UART1_write_text_const:
0x00E0	0x0012      	RETURN      0
; end of _UART1_write_text_const
___CC2DW:
;__Lib_System.c,21 :: 		
;__Lib_System.c,23 :: 		
_CC2DL_Loop1:
;__Lib_System.c,24 :: 		
0x00E2	0x0009      	TBLRD*+
;__Lib_System.c,25 :: 		
0x00E4	0xFFE6CFF5  	MOVFF       TABLAT, POSTINC1
;__Lib_System.c,26 :: 		
0x00E8	0x0600      	DECF        R0, 1, 0
;__Lib_System.c,27 :: 		
0x00EA	0xE1FB      	BNZ         _CC2DL_Loop1
;__Lib_System.c,28 :: 		
0x00EC	0x0601      	DECF        R1, 1, 0
;__Lib_System.c,29 :: 		
0x00EE	0xE1F9      	BNZ         _CC2DL_Loop1
;__Lib_System.c,31 :: 		
L_end___CC2DW:
0x00F0	0x0012      	RETURN      0
; end of ___CC2DW
_UART1_Init:
;__Lib_UART_c67.c,15 :: 		
;__Lib_UART_c67.c,18 :: 		
0x00F2	0x0E76      	MOVLW       _UART1_Write
0x00F4	0x6E17      	MOVWF       _UART_Wr_Ptr 
0x00F6	0x0E00      	MOVLW       hi_addr(_UART1_Write)
0x00F8	0x6E18      	MOVWF       _UART_Wr_Ptr+1 
0x00FA	0x0E21      	MOVLW       FARG_UART1_Write_data_
0x00FC	0x6E19      	MOVWF       _UART_Wr_Ptr+2 
0x00FE	0x0E02      	MOVLW       hi_addr(FARG_UART1_Write_data_)
0x0100	0x6E1A      	MOVWF       _UART_Wr_Ptr+3 
;__Lib_UART_c67.c,19 :: 		
0x0102	0x0E96      	MOVLW       _UART1_Read
0x0104	0x0102      	MOVLB       2
0x0106	0x6F11      	MOVWF       _UART_Rd_Ptr, 1
0x0108	0x0E00      	MOVLW       hi_addr(_UART1_Read)
0x010A	0x6F12      	MOVWF       _UART_Rd_Ptr+1, 1
0x010C	0x0E00      	MOVLW       0
0x010E	0x6F13      	MOVWF       _UART_Rd_Ptr+2, 1
0x0110	0x0E00      	MOVLW       0
0x0112	0x6F14      	MOVWF       _UART_Rd_Ptr+3, 1
;__Lib_UART_c67.c,20 :: 		
0x0114	0x0EFF      	MOVLW       _UART1_Data_Ready
0x0116	0x6F1A      	MOVWF       _UART_Rdy_Ptr, 1
0x0118	0x0EFF      	MOVLW       hi_addr(_UART1_Data_Ready)
0x011A	0x6F1B      	MOVWF       _UART_Rdy_Ptr+1, 1
0x011C	0x0E00      	MOVLW       0
0x011E	0x6F1C      	MOVWF       _UART_Rdy_Ptr+2, 1
0x0120	0x0E00      	MOVLW       0
0x0122	0x6F1D      	MOVWF       _UART_Rdy_Ptr+3, 1
;__Lib_UART_c67.c,21 :: 		
0x0124	0x0EFF      	MOVLW       _UART1_Tx_Idle
0x0126	0x6F16      	MOVWF       _UART_Tx_Idle_Ptr, 1
0x0128	0x0EFF      	MOVLW       hi_addr(_UART1_Tx_Idle)
0x012A	0x6F17      	MOVWF       _UART_Tx_Idle_Ptr+1, 1
0x012C	0x0E00      	MOVLW       0
0x012E	0x6F18      	MOVWF       _UART_Tx_Idle_Ptr+2, 1
0x0130	0x0E00      	MOVLW       0
0x0132	0x6F19      	MOVWF       _UART_Tx_Idle_Ptr+3, 1
;__Lib_UART_c67.c,23 :: 		
0x0134	0x8AAC      	BSF         TXSTA, 5 
;__Lib_UART_c67.c,24 :: 		
0x0136	0x0E90      	MOVLW       144
0x0138	0x6EAB      	MOVWF       RCSTA 
;__Lib_UART_c67.c,25 :: 		
0x013A	0x8E94      	BSF         TRISC7_bit, BitPos(TRISC7_bit+0) 
;__Lib_UART_c67.c,26 :: 		
0x013C	0x9C94      	BCF         TRISC6_bit, BitPos(TRISC6_bit+0) 
;__Lib_UART_c67.c,28 :: 		
L_UART1_Init0:
0x013E	0xAA9E      	BTFSS       PIR1, 5 
0x0140	0xD003      	BRA         L_UART1_Init1
;__Lib_UART_c67.c,29 :: 		
0x0142	0xF000CFAE  	MOVFF       RCREG, R0
0x0146	0xD7FB      	BRA         L_UART1_Init0
L_UART1_Init1:
;__Lib_UART_c67.c,30 :: 		
L_end_UART1_Init:
0x0148	0x0012      	RETURN      0
; end of _UART1_Init
_main:
;MyProject.c,92 :: 		void main() {
;MyProject.c,93 :: 		UART1_Init(9600);
0x014A	0x86B8      	BSF         BAUDCON, 3, 0
0x014C	0x6AB0      	CLRF        SPBRGH 
0x014E	0x0E67      	MOVLW       103
0x0150	0x6EAF      	MOVWF       SPBRG 
0x0152	0x84AC      	BSF         TXSTA, 2, 0
0x0154	0xDFCE      	RCALL       _UART1_Init
;MyProject.c,94 :: 		while(1){
L_main7:
0x0156	0x0102      	MOVLB       2
;MyProject.c,97 :: 		UART1_write_text_const(AT_CIPSTART);
0x0158	0x0E88      	MOVLW       _AT_CIPSTART
0x015A	0x6F1E      	MOVWF       FARG_UART1_write_text_const__data, 1
0x015C	0x0E01      	MOVLW       hi_addr(_AT_CIPSTART)
0x015E	0x6F1F      	MOVWF       FARG_UART1_write_text_const__data+1, 1
0x0160	0x0E00      	MOVLW       higher_addr(_AT_CIPSTART)
0x0162	0x6F20      	MOVWF       FARG_UART1_write_text_const__data+2, 1
0x0164	0xDFA1      	RCALL       _UART1_write_text_const
;MyProject.c,98 :: 		new_line();
0x0166	0xDF8E      	RCALL       _new_line
;MyProject.c,122 :: 		delay_ms(2000);
0x0168	0x0E0B      	MOVLW       11
0x016A	0x6E0B      	MOVWF       R11, 0
0x016C	0x0E26      	MOVLW       38
0x016E	0x6E0C      	MOVWF       R12, 0
0x0170	0x0E5D      	MOVLW       93
0x0172	0x6E0D      	MOVWF       R13, 0
L_main9:
0x0174	0x2E0D      	DECFSZ      R13, 1, 0
0x0176	0xD7FE      	BRA         L_main9
0x0178	0x2E0C      	DECFSZ      R12, 1, 0
0x017A	0xD7FC      	BRA         L_main9
0x017C	0x2E0B      	DECFSZ      R11, 1, 0
0x017E	0xD7FA      	BRA         L_main9
0x0180	0x0000      	NOP
0x0182	0x0000      	NOP
;MyProject.c,125 :: 		}
0x0184	0xD7E8      	BRA         L_main7
;MyProject.c,126 :: 		}
L_end_main:
0x0186	0xD7FF      	BRA         $+0
; end of _main
;MyProject.c,32 :: _AT_CIPSTART
0x0188	0x5441 ;_AT_CIPSTART+0
0x018A	0x432B ;_AT_CIPSTART+2
0x018C	0x5049 ;_AT_CIPSTART+4
0x018E	0x5453 ;_AT_CIPSTART+6
0x0190	0x5241 ;_AT_CIPSTART+8
0x0192	0x3D54 ;_AT_CIPSTART+10
0x0194	0x00 ;_AT_CIPSTART+12
; end of _AT_CIPSTART
Symbol List:
//** Routines locations **
//ADDRESS    SIZE    PROCEDURE
//----------------------------------------------
0x0008     [110]    _interrupt
0x0076      [14]    _UART1_Write
0x0084      [18]    _new_line
0x0096      [18]    _UART1_Read
0x00A8      [58]    _UART1_write_text_const
0x00E2      [16]    ___CC2DW
0x00F2      [88]    _UART1_Init
0x014A      [62]    _main
//** Variables locations ** 
//ADDRESS    SIZE    VARIABLE
//----------------------------------------------
0x0000       [1]    UART1_Init_tmp_L0
0x0000       [1]    R0
0x0001       [1]    R1
0x0001       [1]    UART1_Read___tmp_UART1_Read_L0
0x0002       [2]    memcpy_dd_L0
0x0002       [2]    strlen_cp_L0
0x0002       [2]    memset_pp_L0
0x0002       [1]    R2
0x0002       [2]    memchr_s_L0
0x0003       [2]    Ltrim_original_L0
0x0003       [2]    memmove_tt_L0
0x0003       [1]    R3
0x0004       [2]    strncat_cp_L0
0x0004       [1]    R4
0x0004       [2]    strcpy_cp_L0
0x0004       [2]    strcat_cp_L0
0x0004       [2]    strncpy_cp_L0
0x0004       [2]    memcpy_ss_L0
0x0004       [2]    frexp_pom_L0
0x0005       [2]    LongWordToHex_input_half_L0
0x0005       [1]    R5
0x0005       [2]    LongIntToHex_input_half_L0
0x0005       [2]    Ltrim_p_L0
0x0005       [2]    memmove_ff_L0
0x0006       [1]    R6
0x0007       [1]    R7
0x0008       [1]    R8
0x0009       [1]    R9
0x000A       [1]    R10
0x000B       [1]    R11
0x000C       [1]    R12
0x000D       [1]    R13
0x000E       [1]    R14
0x000F       [1]    R15
0x0010       [1]    R16
0x0011       [1]    R17
0x0012       [1]    R18
0x0013       [1]    R19
0x0014       [1]    R20
0x0017       [4]    _UART_Wr_Ptr
0x001B     [500]    _buff
0x020F       [2]    _data_len
0x0211       [4]    _UART_Rd_Ptr
0x0215       [1]    _temp
0x0216       [4]    _UART_Tx_Idle_Ptr
0x021A       [4]    _UART_Rdy_Ptr
0x021E       [3]    FARG_UART1_write_text_const__data
0x0221       [1]    FARG_UART1_Write_data_
0x0F82       [0]    RC4_bit
0x0F82       [0]    RC3_bit
0x0F82       [0]    RC5_bit
0x0F82       [0]    RC2_bit
0x0F82       [0]    RC1_bit
0x0F82       [0]    RC6_bit
0x0F94       [0]    TRISC6_bit
0x0F94       [0]    TRISC5_bit
0x0F94       [0]    TRISC7_bit
0x0F94       [0]    TRISC4_bit
0x0F94       [0]    TRISC1_bit
0x0F94       [0]    TRISC3_bit
0x0F94       [0]    TRISC2_bit
0x0F9E       [1]    PIR1
0x0FAB       [1]    RCSTA
0x0FAC       [1]    TXSTA
0x0FAD       [1]    TXREG
0x0FAE       [1]    RCREG
0x0FAF       [1]    SPBRG
0x0FB0       [1]    SPBRGH
0x0FB8       [1]    BAUDCON
0x0FD8       [1]    STATUS
0x0FD9       [1]    FSR2L
0x0FDA       [1]    FSR2H
0x0FDE       [1]    POSTINC2
0x0FE0       [1]    BSR
0x0FE1       [1]    FSR1L
0x0FE2       [1]    FSR1H
0x0FE4       [1]    PREINC1
0x0FE6       [1]    POSTINC1
0x0FE7       [1]    INDF1
0x0FE8       [1]    WREG
0x0FE9       [1]    FSR0L
0x0FEA       [1]    FSR0H
0x0FEE       [1]    POSTINC0
0x0FF2       [1]    INTCON
0x0FF3       [1]    PRODL
0x0FF4       [1]    PRODH
0x0FF5       [1]    TABLAT
0x0FF6       [1]    TBLPTRL
0x0FF7       [1]    TBLPTRH
0x0FF8       [1]    TBLPTRU
//** Constants locations ** 
//ADDRESS    SIZE    CONSTANT
//----------------------------------------------
0x0188      [13]    _AT_CIPSTART
