;  LST file generated by mikroListExporter - v.2.0 
; Date/Time: 10/1/2020 3:47:56 AM
;----------------------------------------------

;Address Opcode 	ASM
0x0000	0xF003EF63  	GOTO        1734
0x0004	0x0000      	NOP
0x0006	0x0000      	NOP
0x0008	0xF000EF00  	GOTO        0
0x000C	0x0000      	NOP
0x000E	0x0000      	NOP
0x0010	0x0000      	NOP
0x0012	0x0000      	NOP
0x0014	0x0000      	NOP
0x0016	0x0000      	NOP
0x0018	0xD7F3      	BRA         0
_Delay_50us:
;__Lib_Delays.c,19 :: 		void Delay_50us() {
;__Lib_Delays.c,20 :: 		Delay_us(50);
0x001C	0x0E21      	MOVLW       33
0x001E	0x6E0D      	MOVWF       R13, 0
L_Delay_50us2:
0x0020	0x2E0D      	DECFSZ      R13, 1, 0
0x0022	0xD7FE      	BRA         L_Delay_50us2
;__Lib_Delays.c,21 :: 		}
L_end_Delay_50us:
0x0024	0x0012      	RETURN      0
; end of _Delay_50us
_Delay_5500us:
;__Lib_Delays.c,31 :: 		void Delay_5500us() {
;__Lib_Delays.c,32 :: 		Delay_us(5500);
0x0026	0x0E0F      	MOVLW       15
0x0028	0x6E0C      	MOVWF       R12, 0
0x002A	0x0E47      	MOVLW       71
0x002C	0x6E0D      	MOVWF       R13, 0
L_Delay_5500us5:
0x002E	0x2E0D      	DECFSZ      R13, 1, 0
0x0030	0xD7FE      	BRA         L_Delay_5500us5
0x0032	0x2E0C      	DECFSZ      R12, 1, 0
0x0034	0xD7FC      	BRA         L_Delay_5500us5
0x0036	0x0000      	NOP
0x0038	0x0000      	NOP
;__Lib_Delays.c,33 :: 		}
L_end_Delay_5500us:
0x003A	0x0012      	RETURN      0
; end of _Delay_5500us
_Delay_1us:
;__Lib_Delays.c,7 :: 		void Delay_1us() {
;__Lib_Delays.c,8 :: 		Delay_us(1);
0x003C	0x0000      	NOP
0x003E	0x0000      	NOP
;__Lib_Delays.c,9 :: 		}
L_end_Delay_1us:
0x0040	0x0012      	RETURN      0
; end of _Delay_1us
_Lcd_Cmd:
;__Lib_Lcd.c,18 :: 		
;__Lib_Lcd.c,20 :: 		
0x0042	0xBE55      	BTFSC       FARG_Lcd_Cmd_out_char, 7 
0x0044	0xD002      	BRA         L__Lcd_Cmd21
0x0046	0x9682      	BCF         LCD_D7, BitPos(LCD_D7+0) 
0x0048	0xD001      	BRA         L__Lcd_Cmd22
L__Lcd_Cmd21:
0x004A	0x8682      	BSF         LCD_D7, BitPos(LCD_D7+0) 
L__Lcd_Cmd22:
;__Lib_Lcd.c,21 :: 		
0x004C	0xBC55      	BTFSC       FARG_Lcd_Cmd_out_char, 6 
0x004E	0xD002      	BRA         L__Lcd_Cmd23
0x0050	0x9482      	BCF         LCD_D6, BitPos(LCD_D6+0) 
0x0052	0xD001      	BRA         L__Lcd_Cmd24
L__Lcd_Cmd23:
0x0054	0x8482      	BSF         LCD_D6, BitPos(LCD_D6+0) 
L__Lcd_Cmd24:
;__Lib_Lcd.c,22 :: 		
0x0056	0xBA55      	BTFSC       FARG_Lcd_Cmd_out_char, 5 
0x0058	0xD002      	BRA         L__Lcd_Cmd25
0x005A	0x9282      	BCF         LCD_D5, BitPos(LCD_D5+0) 
0x005C	0xD001      	BRA         L__Lcd_Cmd26
L__Lcd_Cmd25:
0x005E	0x8282      	BSF         LCD_D5, BitPos(LCD_D5+0) 
L__Lcd_Cmd26:
;__Lib_Lcd.c,23 :: 		
0x0060	0xB855      	BTFSC       FARG_Lcd_Cmd_out_char, 4 
0x0062	0xD002      	BRA         L__Lcd_Cmd27
0x0064	0x9082      	BCF         LCD_D4, BitPos(LCD_D4+0) 
0x0066	0xD001      	BRA         L__Lcd_Cmd28
L__Lcd_Cmd27:
0x0068	0x8082      	BSF         LCD_D4, BitPos(LCD_D4+0) 
L__Lcd_Cmd28:
;__Lib_Lcd.c,25 :: 		
0x006A	0xB025      	BTFSC       __Lib_Lcd_cmd_status, BitPos(__Lib_Lcd_cmd_status+0) 
0x006C	0xD002      	BRA         L__Lcd_Cmd29
0x006E	0x8882      	BSF         LCD_RS, BitPos(LCD_RS+0) 
0x0070	0xD001      	BRA         L__Lcd_Cmd30
L__Lcd_Cmd29:
0x0072	0x9882      	BCF         LCD_RS, BitPos(LCD_RS+0) 
L__Lcd_Cmd30:
;__Lib_Lcd.c,28 :: 		
0x0074	0x8A82      	BSF         LCD_EN, BitPos(LCD_EN+0) 
;__Lib_Lcd.c,29 :: 		
0x0076	0xDFE2      	RCALL       _Delay_1us
;__Lib_Lcd.c,30 :: 		
0x0078	0x9A82      	BCF         LCD_EN, BitPos(LCD_EN+0) 
;__Lib_Lcd.c,33 :: 		
0x007A	0xB655      	BTFSC       FARG_Lcd_Cmd_out_char, 3 
0x007C	0xD002      	BRA         L__Lcd_Cmd31
0x007E	0x9682      	BCF         LCD_D7, BitPos(LCD_D7+0) 
0x0080	0xD001      	BRA         L__Lcd_Cmd32
L__Lcd_Cmd31:
0x0082	0x8682      	BSF         LCD_D7, BitPos(LCD_D7+0) 
L__Lcd_Cmd32:
;__Lib_Lcd.c,34 :: 		
0x0084	0xB455      	BTFSC       FARG_Lcd_Cmd_out_char, 2 
0x0086	0xD002      	BRA         L__Lcd_Cmd33
0x0088	0x9482      	BCF         LCD_D6, BitPos(LCD_D6+0) 
0x008A	0xD001      	BRA         L__Lcd_Cmd34
L__Lcd_Cmd33:
0x008C	0x8482      	BSF         LCD_D6, BitPos(LCD_D6+0) 
L__Lcd_Cmd34:
;__Lib_Lcd.c,35 :: 		
0x008E	0xB255      	BTFSC       FARG_Lcd_Cmd_out_char, 1 
0x0090	0xD002      	BRA         L__Lcd_Cmd35
0x0092	0x9282      	BCF         LCD_D5, BitPos(LCD_D5+0) 
0x0094	0xD001      	BRA         L__Lcd_Cmd36
L__Lcd_Cmd35:
0x0096	0x8282      	BSF         LCD_D5, BitPos(LCD_D5+0) 
L__Lcd_Cmd36:
;__Lib_Lcd.c,36 :: 		
0x0098	0xB055      	BTFSC       FARG_Lcd_Cmd_out_char, 0 
0x009A	0xD002      	BRA         L__Lcd_Cmd37
0x009C	0x9082      	BCF         LCD_D4, BitPos(LCD_D4+0) 
0x009E	0xD001      	BRA         L__Lcd_Cmd38
L__Lcd_Cmd37:
0x00A0	0x8082      	BSF         LCD_D4, BitPos(LCD_D4+0) 
L__Lcd_Cmd38:
;__Lib_Lcd.c,38 :: 		
0x00A2	0xB025      	BTFSC       __Lib_Lcd_cmd_status, BitPos(__Lib_Lcd_cmd_status+0) 
0x00A4	0xD002      	BRA         L__Lcd_Cmd39
0x00A6	0x8882      	BSF         LCD_RS, BitPos(LCD_RS+0) 
0x00A8	0xD001      	BRA         L__Lcd_Cmd40
L__Lcd_Cmd39:
0x00AA	0x9882      	BCF         LCD_RS, BitPos(LCD_RS+0) 
L__Lcd_Cmd40:
;__Lib_Lcd.c,40 :: 		
0x00AC	0x8A82      	BSF         LCD_EN, BitPos(LCD_EN+0) 
;__Lib_Lcd.c,41 :: 		
0x00AE	0xDFC6      	RCALL       _Delay_1us
;__Lib_Lcd.c,42 :: 		
0x00B0	0x9A82      	BCF         LCD_EN, BitPos(LCD_EN+0) 
;__Lib_Lcd.c,44 :: 		
0x00B2	0xA025      	BTFSS       __Lib_Lcd_cmd_status, BitPos(__Lib_Lcd_cmd_status+0) 
0x00B4	0xD002      	BRA         L_Lcd_Cmd0
;__Lib_Lcd.c,45 :: 		
0x00B6	0xDFB7      	RCALL       _Delay_5500us
0x00B8	0xD001      	BRA         L_Lcd_Cmd1
L_Lcd_Cmd0:
;__Lib_Lcd.c,47 :: 		
0x00BA	0xDFB0      	RCALL       _Delay_50us
L_Lcd_Cmd1:
;__Lib_Lcd.c,48 :: 		
L_end_Lcd_Cmd:
0x00BC	0x0012      	RETURN      0
; end of _Lcd_Cmd
_Div_16x16_S_L:
;__Lib_Math.c,139 :: 		
;__Lib_Math.c,146 :: 		
0x00BE	0x3401      	RLCF        R1, 0, 0
;__Lib_Math.c,147 :: 		
0x00C0	0x3608      	RLCF        R8, 1, 0
;__Lib_Math.c,148 :: 		
0x00C2	0x3609      	RLCF        R9, 1, 0
;__Lib_Math.c,149 :: 		
0x00C4	0x5004      	MOVF        R4, 0, 0
;__Lib_Math.c,150 :: 		
0x00C6	0x5E08      	SUBWF       R8, 1, 0
;__Lib_Math.c,151 :: 		
0x00C8	0x5005      	MOVF        R5, 0, 0
;__Lib_Math.c,152 :: 		
0x00CA	0xA0D8      	BTFSS       STATUS, 0, 0
;__Lib_Math.c,153 :: 		
0x00CC	0x3C05      	INCFSZ      R5, 0, 0
;__Lib_Math.c,154 :: 		
0x00CE	0x5E09      	SUBWF       R9, 1, 0
;__Lib_Math.c,155 :: 		
0x00D0	0x3600      	RLCF        R0, 1, 0
;__Lib_Math.c,156 :: 		
0x00D2	0x3601      	RLCF        R1, 1, 0
;__Lib_Math.c,158 :: 		
0x00D4	0x0E0F      	MOVLW       15
;__Lib_Math.c,159 :: 		
0x00D6	0x6E0C      	MOVWF       R12, 0
;__Lib_Math.c,161 :: 		
0x00D8	0x3401      	RLCF        R1, 0, 0
;__Lib_Math.c,162 :: 		
0x00DA	0x3608      	RLCF        R8, 1, 0
;__Lib_Math.c,163 :: 		
0x00DC	0x3609      	RLCF        R9, 1, 0
;__Lib_Math.c,164 :: 		
0x00DE	0x5004      	MOVF        R4, 0, 0
;__Lib_Math.c,166 :: 		
0x00E0	0xA000      	BTFSS       R0, 0, 0
;__Lib_Math.c,167 :: 		
0x00E2	0xD006      	BRA         $+14
;__Lib_Math.c,168 :: 		
0x00E4	0x5E08      	SUBWF       R8, 1, 0
;__Lib_Math.c,169 :: 		
0x00E6	0x5005      	MOVF        R5, 0, 0
;__Lib_Math.c,170 :: 		
0x00E8	0xA0D8      	BTFSS       STATUS, 0, 0
;__Lib_Math.c,171 :: 		
0x00EA	0x3C05      	INCFSZ      R5, 0, 0
;__Lib_Math.c,172 :: 		
0x00EC	0x5E09      	SUBWF       R9, 1, 0
;__Lib_Math.c,173 :: 		
0x00EE	0xD005      	BRA         $+12
;__Lib_Math.c,175 :: 		
0x00F0	0x2608      	ADDWF       R8, 1, 0
;__Lib_Math.c,176 :: 		
0x00F2	0x5005      	MOVF        R5, 0, 0
;__Lib_Math.c,177 :: 		
0x00F4	0xB0D8      	BTFSC       STATUS, 0, 0
;__Lib_Math.c,178 :: 		
0x00F6	0x3C05      	INCFSZ      R5, 0, 0
;__Lib_Math.c,179 :: 		
0x00F8	0x2609      	ADDWF       R9, 1, 0
;__Lib_Math.c,181 :: 		
0x00FA	0x3600      	RLCF        R0, 1, 0
;__Lib_Math.c,182 :: 		
0x00FC	0x3601      	RLCF        R1, 1, 0
;__Lib_Math.c,184 :: 		
0x00FE	0x2E0C      	DECFSZ      R12, 1, 0
;__Lib_Math.c,185 :: 		
0x0100	0xD7EB      	BRA         $-40
;__Lib_Math.c,187 :: 		
0x0102	0xB000      	BTFSC       R0, 0, 0
;__Lib_Math.c,188 :: 		
0x0104	0xD006      	BRA         $+14
;__Lib_Math.c,189 :: 		
0x0106	0x5004      	MOVF        R4, 0, 0
;__Lib_Math.c,190 :: 		
0x0108	0x2608      	ADDWF       R8, 1, 0
;__Lib_Math.c,191 :: 		
0x010A	0x5005      	MOVF        R5, 0, 0
;__Lib_Math.c,192 :: 		
0x010C	0xB0D8      	BTFSC       STATUS, 0, 0
;__Lib_Math.c,193 :: 		
0x010E	0x3C05      	INCFSZ      R5, 0, 0
;__Lib_Math.c,194 :: 		
0x0110	0x2609      	ADDWF       R9, 1, 0
;__Lib_Math.c,195 :: 		
0x0112	0x0000      	NOP
;__Lib_Math.c,197 :: 		
L_end_Div_16x16_S_L:
0x0114	0x0012      	RETURN      0
; end of _Div_16x16_S_L
_UART1_Write:
;__Lib_UART_c67.c,58 :: 		
;__Lib_UART_c67.c,59 :: 		
L_UART1_Write3:
0x0116	0xB2AC      	BTFSC       TXSTA, 1 
0x0118	0xD002      	BRA         L_UART1_Write4
;__Lib_UART_c67.c,60 :: 		
0x011A	0x0000      	NOP
0x011C	0xD7FC      	BRA         L_UART1_Write3
L_UART1_Write4:
;__Lib_UART_c67.c,61 :: 		
0x011E	0xFFADC054  	MOVFF       FARG_UART1_Write_data_, TXREG
;__Lib_UART_c67.c,62 :: 		
L_end_UART1_Write:
0x0122	0x0012      	RETURN      0
; end of _UART1_Write
_Lcd_Chr_CP:
;__Lib_Lcd.c,50 :: 		
;__Lib_Lcd.c,52 :: 		
0x0124	0x9025      	BCF         __Lib_Lcd_cmd_status, BitPos(__Lib_Lcd_cmd_status+0) 
;__Lib_Lcd.c,53 :: 		
0x0126	0xF055C054  	MOVFF       FARG_Lcd_Chr_CP_out_char, FARG_Lcd_Cmd_out_char
0x012A	0xDF8B      	RCALL       _Lcd_Cmd
;__Lib_Lcd.c,54 :: 		
0x012C	0x8025      	BSF         __Lib_Lcd_cmd_status, BitPos(__Lib_Lcd_cmd_status+0) 
;__Lib_Lcd.c,55 :: 		
L_end_Lcd_Chr_CP:
0x012E	0x0012      	RETURN      0
; end of _Lcd_Chr_CP
_UART1_Write_Text:
;__Lib_UART_c67.c,66 :: 		
;__Lib_UART_c67.c,67 :: 		
0x0130	0x6A52      	CLRF        UART1_Write_Text_counter_L0 
;__Lib_UART_c67.c,69 :: 		
0x0132	0xFFE9C04F  	MOVFF       FARG_UART1_Write_Text_uart_text, FSR0L
0x0136	0xFFEAC050  	MOVFF       FARG_UART1_Write_Text_uart_text+1, FSR0H
0x013A	0xF051CFEE  	MOVFF       POSTINC0, UART1_Write_Text_data__L0
;__Lib_UART_c67.c,70 :: 		
L_UART1_Write_Text5:
0x013E	0x5051      	MOVF        UART1_Write_Text_data__L0, 0 
0x0140	0x0A00      	XORLW       0
0x0142	0xE00D      	BZ          L_UART1_Write_Text6
;__Lib_UART_c67.c,71 :: 		
0x0144	0xF054C051  	MOVFF       UART1_Write_Text_data__L0, FARG_UART1_Write_data_
0x0148	0xDFE6      	RCALL       _UART1_Write
;__Lib_UART_c67.c,72 :: 		
0x014A	0x2A52      	INCF        UART1_Write_Text_counter_L0, 1 
;__Lib_UART_c67.c,73 :: 		
0x014C	0x5052      	MOVF        UART1_Write_Text_counter_L0, 0 
0x014E	0x244F      	ADDWF       FARG_UART1_Write_Text_uart_text, 0 
0x0150	0x6EE9      	MOVWF       FSR0L 
0x0152	0x0E00      	MOVLW       0
0x0154	0x2050      	ADDWFC      FARG_UART1_Write_Text_uart_text+1, 0 
0x0156	0x6EEA      	MOVWF       FSR0H 
0x0158	0xF051CFEE  	MOVFF       POSTINC0, UART1_Write_Text_data__L0
;__Lib_UART_c67.c,74 :: 		
0x015C	0xD7F0      	BRA         L_UART1_Write_Text5
L_UART1_Write_Text6:
;__Lib_UART_c67.c,75 :: 		
L_end_UART1_Write_Text:
0x015E	0x0012      	RETURN      0
; end of _UART1_Write_Text
_Div_16x16_S:
;__Lib_Math.c,200 :: 		
;__Lib_Math.c,208 :: 		
0x0160	0x5004      	MOVF        R4, 0 
0x0162	0x0A00      	XORLW       0
0x0164	0xE108      	BNZ         L_Div_16x16_S0
;__Lib_Math.c,209 :: 		
0x0166	0x5005      	MOVF        R5, 0 
0x0168	0x0A00      	XORLW       0
0x016A	0xE105      	BNZ         L_Div_16x16_S1
;__Lib_Math.c,210 :: 		
0x016C	0x0EFF      	MOVLW       255
0x016E	0x6E00      	MOVWF       R0 
;__Lib_Math.c,211 :: 		
0x0170	0x0E7F      	MOVLW       127
0x0172	0x6E01      	MOVWF       R1 
;__Lib_Math.c,212 :: 		
0x0174	0xD057      	BRA         L_end_Div_16x16_S
;__Lib_Math.c,213 :: 		
L_Div_16x16_S1:
L_Div_16x16_S0:
;__Lib_Math.c,216 :: 		
0x0176	0x6A0D      	CLRF        R13, 0
;__Lib_Math.c,217 :: 		
0x0178	0x6A09      	CLRF        R9, 0
;__Lib_Math.c,218 :: 		
0x017A	0x6A08      	CLRF        R8, 0
;__Lib_Math.c,219 :: 		
0x017C	0x5001      	MOVF        R1, 0, 0
;__Lib_Math.c,220 :: 		
0x017E	0x1000      	IORWF       R0, 0, 0
;__Lib_Math.c,221 :: 		
0x0180	0xB4D8      	BTFSC       STATUS, 2, 0
;__Lib_Math.c,222 :: 		
0x0182	0x0C00      	RETLW       0
;__Lib_Math.c,224 :: 		
0x0184	0x5001      	MOVF        R1, 0, 0
;__Lib_Math.c,225 :: 		
0x0186	0x1805      	XORWF       R5, 0, 0
;__Lib_Math.c,226 :: 		
0x0188	0x6E0A      	MOVWF       R10, 0
;__Lib_Math.c,227 :: 		
0x018A	0xBE0A      	BTFSC       R10, 7, 0
;__Lib_Math.c,228 :: 		
0x018C	0x1E0D      	COMF        R13, 1, 0
;__Lib_Math.c,230 :: 		
0x018E	0x6A0B      	CLRF        R11, 0
;__Lib_Math.c,232 :: 		
0x0190	0xAE05      	BTFSS       R5, 7, 0
;__Lib_Math.c,233 :: 		
0x0192	0xD005      	BRA         $+12
;__Lib_Math.c,235 :: 		
0x0194	0x1E04      	COMF        R4, 1, 0
;__Lib_Math.c,236 :: 		
0x0196	0x1E05      	COMF        R5, 1, 0
;__Lib_Math.c,237 :: 		
0x0198	0x2A04      	INCF        R4, 1, 0
;__Lib_Math.c,238 :: 		
0x019A	0xB4D8      	BTFSC       STATUS, 2, 0
;__Lib_Math.c,239 :: 		
0x019C	0x2A05      	INCF        R5, 1, 0
;__Lib_Math.c,241 :: 		
0x019E	0xAE01      	BTFSS       R1, 7, 0
;__Lib_Math.c,242 :: 		
0x01A0	0xD005      	BRA         $+12
;__Lib_Math.c,244 :: 		
0x01A2	0x1E00      	COMF        R0, 1, 0
;__Lib_Math.c,245 :: 		
0x01A4	0x1E01      	COMF        R1, 1, 0
;__Lib_Math.c,246 :: 		
0x01A6	0x2A00      	INCF        R0, 1, 0
;__Lib_Math.c,247 :: 		
0x01A8	0xB4D8      	BTFSC       STATUS, 2, 0
;__Lib_Math.c,248 :: 		
0x01AA	0x2A01      	INCF        R1, 1, 0
;__Lib_Math.c,250 :: 		
0x01AC	0x5001      	MOVF        R1, 0, 0
;__Lib_Math.c,251 :: 		
0x01AE	0x1005      	IORWF       R5, 0, 0
;__Lib_Math.c,252 :: 		
0x01B0	0x6E0A      	MOVWF       R10, 0
;__Lib_Math.c,253 :: 		
0x01B2	0xBE0A      	BTFSC       R10, 7, 0
;__Lib_Math.c,254 :: 		
0x01B4	0xD010      	BRA         $+34
;__Lib_Math.c,256 :: 		
0x01B6	0xDF83      	RCALL       _Div_16x16_S_L
;__Lib_Math.c,258 :: 		
0x01B8	0xB00B      	BTFSC       R11, 0, 0
;__Lib_Math.c,259 :: 		
0x01BA	0xD020      	BRA         $+66
;__Lib_Math.c,261 :: 		
0x01BC	0xAE0D      	BTFSS       R13, 7, 0
;__Lib_Math.c,262 :: 		
0x01BE	0x0C00      	RETLW       0
;__Lib_Math.c,264 :: 		
0x01C0	0x1E00      	COMF        R0, 1, 0
;__Lib_Math.c,265 :: 		
0x01C2	0x1E01      	COMF        R1, 1, 0
;__Lib_Math.c,266 :: 		
0x01C4	0x2A00      	INCF        R0, 1, 0
;__Lib_Math.c,267 :: 		
0x01C6	0xB4D8      	BTFSC       STATUS, 2, 0
;__Lib_Math.c,268 :: 		
0x01C8	0x2A01      	INCF        R1, 1, 0
;__Lib_Math.c,270 :: 		
0x01CA	0x1E08      	COMF        R8, 1, 0
;__Lib_Math.c,271 :: 		
0x01CC	0x1E09      	COMF        R9, 1, 0
;__Lib_Math.c,272 :: 		
0x01CE	0x2A08      	INCF        R8, 1, 0
;__Lib_Math.c,273 :: 		
0x01D0	0xB4D8      	BTFSC       STATUS, 2, 0
;__Lib_Math.c,274 :: 		
0x01D2	0x2A09      	INCF        R9, 1, 0
;__Lib_Math.c,276 :: 		
0x01D4	0x0C00      	RETLW       0
;__Lib_Math.c,278 :: 		
0x01D6	0xAE05      	BTFSS       R5, 7, 0
;__Lib_Math.c,279 :: 		
0x01D8	0xD00D      	BRA         $+28
;__Lib_Math.c,280 :: 		
0x01DA	0xBE01      	BTFSC       R1, 7, 0
;__Lib_Math.c,281 :: 		
0x01DC	0xD007      	BRA         $+16
;__Lib_Math.c,282 :: 		
0x01DE	0x5001      	MOVF        R1, 0, 0
;__Lib_Math.c,283 :: 		
0x01E0	0x6E09      	MOVWF       R9, 0
;__Lib_Math.c,284 :: 		
0x01E2	0x5000      	MOVF        R0, 0, 0
;__Lib_Math.c,285 :: 		
0x01E4	0x6E08      	MOVWF       R8, 0
;__Lib_Math.c,286 :: 		
0x01E6	0x6A01      	CLRF        R1, 0
;__Lib_Math.c,287 :: 		
0x01E8	0x6A00      	CLRF        R0, 0
;__Lib_Math.c,288 :: 		
0x01EA	0xD7E8      	BRA         $-46
;__Lib_Math.c,289 :: 		
0x01EC	0x6A01      	CLRF        R1, 0
;__Lib_Math.c,290 :: 		
0x01EE	0x6A00      	CLRF        R0, 0
;__Lib_Math.c,291 :: 		
0x01F0	0x2A00      	INCF        R0, 1, 0
;__Lib_Math.c,292 :: 		
0x01F2	0x0C00      	RETLW       0
;__Lib_Math.c,294 :: 		
0x01F4	0x1E01      	COMF        R1, 1, 0
;__Lib_Math.c,295 :: 		
0x01F6	0x1E00      	COMF        R0, 1, 0
;__Lib_Math.c,296 :: 		
0x01F8	0x2A0B      	INCF        R11, 1, 0
;__Lib_Math.c,297 :: 		
0x01FA	0xD7DD      	BRA         $-68
;__Lib_Math.c,299 :: 		
0x01FC	0x2A08      	INCF        R8, 1, 0
;__Lib_Math.c,300 :: 		
0x01FE	0xB4D8      	BTFSC       STATUS, 2, 0
;__Lib_Math.c,301 :: 		
0x0200	0x2A09      	INCF        R9, 1, 0
;__Lib_Math.c,302 :: 		
0x0202	0x5004      	MOVF        R4, 0, 0
;__Lib_Math.c,303 :: 		
0x0204	0x5C08      	SUBWF       R8, 0, 0
;__Lib_Math.c,304 :: 		
0x0206	0xA4D8      	BTFSS       STATUS, 2, 0
;__Lib_Math.c,305 :: 		
0x0208	0xD7D9      	BRA         $-76
;__Lib_Math.c,306 :: 		
0x020A	0x5005      	MOVF        R5, 0, 0
;__Lib_Math.c,307 :: 		
0x020C	0x5C09      	SUBWF       R9, 0, 0
;__Lib_Math.c,308 :: 		
0x020E	0xA4D8      	BTFSS       STATUS, 2, 0
;__Lib_Math.c,309 :: 		
0x0210	0xD7D5      	BRA         $-84
;__Lib_Math.c,310 :: 		
0x0212	0x6A09      	CLRF        R9, 0
;__Lib_Math.c,311 :: 		
0x0214	0x6A08      	CLRF        R8, 0
;__Lib_Math.c,312 :: 		
0x0216	0x2A00      	INCF        R0, 1, 0
;__Lib_Math.c,313 :: 		
0x0218	0xB4D8      	BTFSC       STATUS, 2, 0
;__Lib_Math.c,314 :: 		
0x021A	0x2A01      	INCF        R1, 1, 0
;__Lib_Math.c,315 :: 		
0x021C	0xAE01      	BTFSS       R1, 7, 0
;__Lib_Math.c,316 :: 		
0x021E	0xD7CE      	BRA         $-98
;__Lib_Math.c,317 :: 		
0x0220	0x0000      	NOP
;__Lib_Math.c,318 :: 		
0x0222	0x0CFF      	RETLW       255
;__Lib_Math.c,320 :: 		
L_end_Div_16x16_S:
0x0224	0x0012      	RETURN      0
; end of _Div_16x16_S
_Delay_22us:
;__Lib_Delays.c,15 :: 		void Delay_22us() {
;__Lib_Delays.c,16 :: 		Delay_us(22);
0x0226	0x0E0E      	MOVLW       14
0x0228	0x6E0D      	MOVWF       R13, 0
L_Delay_22us1:
0x022A	0x2E0D      	DECFSZ      R13, 1, 0
0x022C	0xD7FE      	BRA         L_Delay_22us1
0x022E	0x0000      	NOP
;__Lib_Delays.c,17 :: 		}
L_end_Delay_22us:
0x0230	0x0012      	RETURN      0
; end of _Delay_22us
_Lcd_Out:
;__Lib_Lcd.c,184 :: 		
;__Lib_Lcd.c,187 :: 		
0x0232	0xD00F      	BRA         L_Lcd_Out11
;__Lib_Lcd.c,188 :: 		
L_Lcd_Out13:
0x0234	0x0E80      	MOVLW       128
0x0236	0x6E4F      	MOVWF       FARG_Lcd_Out_row 
0x0238	0xD019      	BRA         L_Lcd_Out12
;__Lib_Lcd.c,189 :: 		
L_Lcd_Out14:
0x023A	0x0EC0      	MOVLW       192
0x023C	0x6E4F      	MOVWF       FARG_Lcd_Out_row 
0x023E	0xD016      	BRA         L_Lcd_Out12
;__Lib_Lcd.c,190 :: 		
L_Lcd_Out15:
0x0240	0x0E94      	MOVLW       148
0x0242	0x6E4F      	MOVWF       FARG_Lcd_Out_row 
0x0244	0xD013      	BRA         L_Lcd_Out12
;__Lib_Lcd.c,191 :: 		
L_Lcd_Out16:
0x0246	0x0ED4      	MOVLW       212
0x0248	0x6E4F      	MOVWF       FARG_Lcd_Out_row 
0x024A	0xD010      	BRA         L_Lcd_Out12
;__Lib_Lcd.c,192 :: 		
L_Lcd_Out17:
0x024C	0x0E80      	MOVLW       128
0x024E	0x6E4F      	MOVWF       FARG_Lcd_Out_row 
;__Lib_Lcd.c,193 :: 		
0x0250	0xD00D      	BRA         L_Lcd_Out12
L_Lcd_Out11:
0x0252	0x504F      	MOVF        FARG_Lcd_Out_row, 0 
0x0254	0x0A01      	XORLW       1
0x0256	0xE0EE      	BZ          L_Lcd_Out13
0x0258	0x504F      	MOVF        FARG_Lcd_Out_row, 0 
0x025A	0x0A02      	XORLW       2
0x025C	0xE0EE      	BZ          L_Lcd_Out14
0x025E	0x504F      	MOVF        FARG_Lcd_Out_row, 0 
0x0260	0x0A03      	XORLW       3
0x0262	0xE0EE      	BZ          L_Lcd_Out15
0x0264	0x504F      	MOVF        FARG_Lcd_Out_row, 0 
0x0266	0x0A04      	XORLW       4
0x0268	0xE0EE      	BZ          L_Lcd_Out16
0x026A	0xD7F0      	BRA         L_Lcd_Out17
L_Lcd_Out12:
;__Lib_Lcd.c,194 :: 		
0x026C	0x0450      	DECF        FARG_Lcd_Out_column, 0 
0x026E	0x6E00      	MOVWF       R0 
0x0270	0x504F      	MOVF        FARG_Lcd_Out_row, 0 
0x0272	0x2600      	ADDWF       R0, 1 
0x0274	0xF04FC000  	MOVFF       R0, FARG_Lcd_Out_row
;__Lib_Lcd.c,196 :: 		
0x0278	0xF055C000  	MOVFF       R0, FARG_Lcd_Cmd_out_char
0x027C	0xDEE2      	RCALL       _Lcd_Cmd
;__Lib_Lcd.c,197 :: 		
0x027E	0x9025      	BCF         __Lib_Lcd_cmd_status, BitPos(__Lib_Lcd_cmd_status+0) 
;__Lib_Lcd.c,198 :: 		
0x0280	0x6A53      	CLRF        Lcd_Out_i_L0 
;__Lib_Lcd.c,199 :: 		
L_Lcd_Out18:
0x0282	0x5053      	MOVF        Lcd_Out_i_L0, 0 
0x0284	0x2451      	ADDWF       FARG_Lcd_Out_text, 0 
0x0286	0x6EE9      	MOVWF       FSR0L 
0x0288	0x0E00      	MOVLW       0
0x028A	0x2052      	ADDWFC      FARG_Lcd_Out_text+1, 0 
0x028C	0x6EEA      	MOVWF       FSR0H 
0x028E	0x52EE      	MOVF        POSTINC0, 1 
0x0290	0xE00B      	BZ          L_Lcd_Out19
;__Lib_Lcd.c,200 :: 		
0x0292	0x5053      	MOVF        Lcd_Out_i_L0, 0 
0x0294	0x2451      	ADDWF       FARG_Lcd_Out_text, 0 
0x0296	0x6EE9      	MOVWF       FSR0L 
0x0298	0x0E00      	MOVLW       0
0x029A	0x2052      	ADDWFC      FARG_Lcd_Out_text+1, 0 
0x029C	0x6EEA      	MOVWF       FSR0H 
0x029E	0xF054CFEE  	MOVFF       POSTINC0, FARG_Lcd_Chr_CP_out_char
0x02A2	0xDF40      	RCALL       _Lcd_Chr_CP
0x02A4	0x2A53      	INCF        Lcd_Out_i_L0, 1 
0x02A6	0xD7ED      	BRA         L_Lcd_Out18
L_Lcd_Out19:
;__Lib_Lcd.c,201 :: 		
0x02A8	0x8025      	BSF         __Lib_Lcd_cmd_status, BitPos(__Lib_Lcd_cmd_status+0) 
;__Lib_Lcd.c,202 :: 		
L_end_Lcd_Out:
0x02AA	0x0012      	RETURN      0
; end of _Lcd_Out
_UART1_Init:
;__Lib_UART_c67.c,15 :: 		
;__Lib_UART_c67.c,18 :: 		
0x02AC	0x0E16      	MOVLW       _UART1_Write
0x02AE	0x6E3B      	MOVWF       _UART_Wr_Ptr 
0x02B0	0x0E01      	MOVLW       hi_addr(_UART1_Write)
0x02B2	0x6E3C      	MOVWF       _UART_Wr_Ptr+1 
0x02B4	0x0E54      	MOVLW       FARG_UART1_Write_data_
0x02B6	0x6E3D      	MOVWF       _UART_Wr_Ptr+2 
0x02B8	0x0E00      	MOVLW       hi_addr(FARG_UART1_Write_data_)
0x02BA	0x6E3E      	MOVWF       _UART_Wr_Ptr+3 
;__Lib_UART_c67.c,19 :: 		
0x02BC	0x0EFF      	MOVLW       _UART1_Read
0x02BE	0x6E37      	MOVWF       _UART_Rd_Ptr 
0x02C0	0x0EFF      	MOVLW       hi_addr(_UART1_Read)
0x02C2	0x6E38      	MOVWF       _UART_Rd_Ptr+1 
0x02C4	0x0E00      	MOVLW       0
0x02C6	0x6E39      	MOVWF       _UART_Rd_Ptr+2 
0x02C8	0x0E00      	MOVLW       0
0x02CA	0x6E3A      	MOVWF       _UART_Rd_Ptr+3 
;__Lib_UART_c67.c,20 :: 		
0x02CC	0x0EFF      	MOVLW       _UART1_Data_Ready
0x02CE	0x6E43      	MOVWF       _UART_Rdy_Ptr 
0x02D0	0x0EFF      	MOVLW       hi_addr(_UART1_Data_Ready)
0x02D2	0x6E44      	MOVWF       _UART_Rdy_Ptr+1 
0x02D4	0x0E00      	MOVLW       0
0x02D6	0x6E45      	MOVWF       _UART_Rdy_Ptr+2 
0x02D8	0x0E00      	MOVLW       0
0x02DA	0x6E46      	MOVWF       _UART_Rdy_Ptr+3 
;__Lib_UART_c67.c,21 :: 		
0x02DC	0x0EFF      	MOVLW       _UART1_Tx_Idle
0x02DE	0x6E3F      	MOVWF       _UART_Tx_Idle_Ptr 
0x02E0	0x0EFF      	MOVLW       hi_addr(_UART1_Tx_Idle)
0x02E2	0x6E40      	MOVWF       _UART_Tx_Idle_Ptr+1 
0x02E4	0x0E00      	MOVLW       0
0x02E6	0x6E41      	MOVWF       _UART_Tx_Idle_Ptr+2 
0x02E8	0x0E00      	MOVLW       0
0x02EA	0x6E42      	MOVWF       _UART_Tx_Idle_Ptr+3 
;__Lib_UART_c67.c,23 :: 		
0x02EC	0x8AAC      	BSF         TXSTA, 5 
;__Lib_UART_c67.c,24 :: 		
0x02EE	0x0E90      	MOVLW       144
0x02F0	0x6EAB      	MOVWF       RCSTA 
;__Lib_UART_c67.c,25 :: 		
0x02F2	0x8E94      	BSF         TRISC7_bit, BitPos(TRISC7_bit+0) 
;__Lib_UART_c67.c,26 :: 		
0x02F4	0x9C94      	BCF         TRISC6_bit, BitPos(TRISC6_bit+0) 
;__Lib_UART_c67.c,28 :: 		
L_UART1_Init0:
0x02F6	0xAA9E      	BTFSS       PIR1, 5 
0x02F8	0xD003      	BRA         L_UART1_Init1
;__Lib_UART_c67.c,29 :: 		
0x02FA	0xF000CFAE  	MOVFF       RCREG, R0
0x02FE	0xD7FB      	BRA         L_UART1_Init0
L_UART1_Init1:
;__Lib_UART_c67.c,30 :: 		
L_end_UART1_Init:
0x0300	0x0012      	RETURN      0
; end of _UART1_Init
_Lcd_Init:
;__Lib_Lcd.c,84 :: 		
;__Lib_Lcd.c,86 :: 		
0x0302	0x9A94      	BCF         LCD_EN_Direction, BitPos(LCD_EN_Direction+0) 
;__Lib_Lcd.c,87 :: 		
0x0304	0x9894      	BCF         LCD_RS_Direction, BitPos(LCD_RS_Direction+0) 
;__Lib_Lcd.c,88 :: 		
0x0306	0x9094      	BCF         LCD_D4_Direction, BitPos(LCD_D4_Direction+0) 
;__Lib_Lcd.c,89 :: 		
0x0308	0x9294      	BCF         LCD_D5_Direction, BitPos(LCD_D5_Direction+0) 
;__Lib_Lcd.c,90 :: 		
0x030A	0x9494      	BCF         LCD_D6_Direction, BitPos(LCD_D6_Direction+0) 
;__Lib_Lcd.c,91 :: 		
0x030C	0x9694      	BCF         LCD_D7_Direction, BitPos(LCD_D7_Direction+0) 
;__Lib_Lcd.c,93 :: 		
0x030E	0x9A82      	BCF         LCD_EN, BitPos(LCD_EN+0) 
;__Lib_Lcd.c,94 :: 		
0x0310	0x9882      	BCF         LCD_RS, BitPos(LCD_RS+0) 
;__Lib_Lcd.c,95 :: 		
0x0312	0x9682      	BCF         LCD_D7, BitPos(LCD_D7+0) 
;__Lib_Lcd.c,96 :: 		
0x0314	0x9482      	BCF         LCD_D6, BitPos(LCD_D6+0) 
;__Lib_Lcd.c,97 :: 		
0x0316	0x9282      	BCF         LCD_D5, BitPos(LCD_D5+0) 
;__Lib_Lcd.c,98 :: 		
0x0318	0x9082      	BCF         LCD_D4, BitPos(LCD_D4+0) 
;__Lib_Lcd.c,100 :: 		
0x031A	0xDE85      	RCALL       _Delay_5500us
;__Lib_Lcd.c,101 :: 		
0x031C	0xDE84      	RCALL       _Delay_5500us
;__Lib_Lcd.c,102 :: 		
0x031E	0xDE83      	RCALL       _Delay_5500us
;__Lib_Lcd.c,105 :: 		
0x0320	0x8282      	BSF         LCD_D5, BitPos(LCD_D5+0) 
;__Lib_Lcd.c,106 :: 		
0x0322	0x8082      	BSF         LCD_D4, BitPos(LCD_D4+0) 
;__Lib_Lcd.c,107 :: 		
0x0324	0x8A82      	BSF         LCD_EN, BitPos(LCD_EN+0) 
;__Lib_Lcd.c,108 :: 		
0x0326	0xDE8A      	RCALL       _Delay_1us
;__Lib_Lcd.c,109 :: 		
0x0328	0x9A82      	BCF         LCD_EN, BitPos(LCD_EN+0) 
;__Lib_Lcd.c,110 :: 		
0x032A	0xDE7D      	RCALL       _Delay_5500us
;__Lib_Lcd.c,112 :: 		
0x032C	0x8A82      	BSF         LCD_EN, BitPos(LCD_EN+0) 
;__Lib_Lcd.c,113 :: 		
0x032E	0xDE86      	RCALL       _Delay_1us
;__Lib_Lcd.c,114 :: 		
0x0330	0x9A82      	BCF         LCD_EN, BitPos(LCD_EN+0) 
;__Lib_Lcd.c,115 :: 		
0x0332	0xDE79      	RCALL       _Delay_5500us
;__Lib_Lcd.c,117 :: 		
0x0334	0x8A82      	BSF         LCD_EN, BitPos(LCD_EN+0) 
;__Lib_Lcd.c,118 :: 		
0x0336	0xDE82      	RCALL       _Delay_1us
;__Lib_Lcd.c,119 :: 		
0x0338	0x9A82      	BCF         LCD_EN, BitPos(LCD_EN+0) 
;__Lib_Lcd.c,120 :: 		
0x033A	0xDE75      	RCALL       _Delay_5500us
;__Lib_Lcd.c,123 :: 		
0x033C	0x9082      	BCF         LCD_D4, BitPos(LCD_D4+0) 
;__Lib_Lcd.c,124 :: 		
0x033E	0x8A82      	BSF         LCD_EN, BitPos(LCD_EN+0) 
;__Lib_Lcd.c,125 :: 		
0x0340	0xDE7D      	RCALL       _Delay_1us
;__Lib_Lcd.c,126 :: 		
0x0342	0x9A82      	BCF         LCD_EN, BitPos(LCD_EN+0) 
;__Lib_Lcd.c,127 :: 		
0x0344	0xDE70      	RCALL       _Delay_5500us
;__Lib_Lcd.c,130 :: 		
0x0346	0x8A82      	BSF         LCD_EN, BitPos(LCD_EN+0) 
;__Lib_Lcd.c,131 :: 		
0x0348	0xDE79      	RCALL       _Delay_1us
;__Lib_Lcd.c,132 :: 		
0x034A	0x9A82      	BCF         LCD_EN, BitPos(LCD_EN+0) 
;__Lib_Lcd.c,134 :: 		
0x034C	0x9282      	BCF         LCD_D5, BitPos(LCD_D5+0) 
;__Lib_Lcd.c,135 :: 		
0x034E	0x8682      	BSF         LCD_D7, BitPos(LCD_D7+0) 
;__Lib_Lcd.c,136 :: 		
0x0350	0x8A82      	BSF         LCD_EN, BitPos(LCD_EN+0) 
;__Lib_Lcd.c,137 :: 		
0x0352	0xDE74      	RCALL       _Delay_1us
;__Lib_Lcd.c,138 :: 		
0x0354	0x9A82      	BCF         LCD_EN, BitPos(LCD_EN+0) 
;__Lib_Lcd.c,139 :: 		
0x0356	0xDE67      	RCALL       _Delay_5500us
;__Lib_Lcd.c,142 :: 		
0x0358	0x9682      	BCF         LCD_D7, BitPos(LCD_D7+0) 
;__Lib_Lcd.c,143 :: 		
0x035A	0x8082      	BSF         LCD_D4, BitPos(LCD_D4+0) 
;__Lib_Lcd.c,144 :: 		
0x035C	0x8A82      	BSF         LCD_EN, BitPos(LCD_EN+0) 
;__Lib_Lcd.c,145 :: 		
0x035E	0xDE6E      	RCALL       _Delay_1us
;__Lib_Lcd.c,146 :: 		
0x0360	0x9A82      	BCF         LCD_EN, BitPos(LCD_EN+0) 
;__Lib_Lcd.c,148 :: 		
0x0362	0x9082      	BCF         LCD_D4, BitPos(LCD_D4+0) 
;__Lib_Lcd.c,149 :: 		
0x0364	0x8A82      	BSF         LCD_EN, BitPos(LCD_EN+0) 
;__Lib_Lcd.c,150 :: 		
0x0366	0xDE6A      	RCALL       _Delay_1us
;__Lib_Lcd.c,151 :: 		
0x0368	0x9A82      	BCF         LCD_EN, BitPos(LCD_EN+0) 
;__Lib_Lcd.c,152 :: 		
0x036A	0xDE5D      	RCALL       _Delay_5500us
;__Lib_Lcd.c,155 :: 		
0x036C	0x8A82      	BSF         LCD_EN, BitPos(LCD_EN+0) 
;__Lib_Lcd.c,156 :: 		
0x036E	0xDE66      	RCALL       _Delay_1us
;__Lib_Lcd.c,157 :: 		
0x0370	0x9A82      	BCF         LCD_EN, BitPos(LCD_EN+0) 
;__Lib_Lcd.c,159 :: 		
0x0372	0x8082      	BSF         LCD_D4, BitPos(LCD_D4+0) 
;__Lib_Lcd.c,160 :: 		
0x0374	0x8A82      	BSF         LCD_EN, BitPos(LCD_EN+0) 
;__Lib_Lcd.c,161 :: 		
0x0376	0xDE62      	RCALL       _Delay_1us
;__Lib_Lcd.c,162 :: 		
0x0378	0x9A82      	BCF         LCD_EN, BitPos(LCD_EN+0) 
;__Lib_Lcd.c,163 :: 		
0x037A	0xDE55      	RCALL       _Delay_5500us
;__Lib_Lcd.c,166 :: 		
0x037C	0x9082      	BCF         LCD_D4, BitPos(LCD_D4+0) 
;__Lib_Lcd.c,167 :: 		
0x037E	0x8A82      	BSF         LCD_EN, BitPos(LCD_EN+0) 
;__Lib_Lcd.c,168 :: 		
0x0380	0xDE5D      	RCALL       _Delay_1us
;__Lib_Lcd.c,169 :: 		
0x0382	0x9A82      	BCF         LCD_EN, BitPos(LCD_EN+0) 
;__Lib_Lcd.c,171 :: 		
0x0384	0x8682      	BSF         LCD_D7, BitPos(LCD_D7+0) 
;__Lib_Lcd.c,172 :: 		
0x0386	0x8482      	BSF         LCD_D6, BitPos(LCD_D6+0) 
;__Lib_Lcd.c,173 :: 		
0x0388	0x8282      	BSF         LCD_D5, BitPos(LCD_D5+0) 
;__Lib_Lcd.c,174 :: 		
0x038A	0x8082      	BSF         LCD_D4, BitPos(LCD_D4+0) 
;__Lib_Lcd.c,175 :: 		
0x038C	0x8A82      	BSF         LCD_EN, BitPos(LCD_EN+0) 
;__Lib_Lcd.c,176 :: 		
0x038E	0xDE56      	RCALL       _Delay_1us
;__Lib_Lcd.c,177 :: 		
0x0390	0x9A82      	BCF         LCD_EN, BitPos(LCD_EN+0) 
;__Lib_Lcd.c,179 :: 		
0x0392	0xDE49      	RCALL       _Delay_5500us
;__Lib_Lcd.c,181 :: 		
0x0394	0x8025      	BSF         __Lib_Lcd_cmd_status, BitPos(__Lib_Lcd_cmd_status+0) 
;__Lib_Lcd.c,182 :: 		
L_end_Lcd_Init:
0x0396	0x0012      	RETURN      0
; end of _Lcd_Init
_ADC_Init:
;__Lib_ADC_A_D.c,13 :: 		
;__Lib_ADC_A_D.c,14 :: 		
0x0398	0x0EFF      	MOVLW       _ADC_Get_Sample
0x039A	0x6E21      	MOVWF       _ADC_Get_Sample_Ptr 
0x039C	0x0EFF      	MOVLW       hi_addr(_ADC_Get_Sample)
0x039E	0x6E22      	MOVWF       _ADC_Get_Sample_Ptr+1 
0x03A0	0x0EFF      	MOVLW       FARG_ADC_Get_Sample_channel
0x03A2	0x6E23      	MOVWF       _ADC_Get_Sample_Ptr+2 
0x03A4	0x0EFF      	MOVLW       hi_addr(FARG_ADC_Get_Sample_channel)
0x03A6	0x6E24      	MOVWF       _ADC_Get_Sample_Ptr+3 
;__Lib_ADC_A_D.c,16 :: 		
0x03A8	0x6AC2      	CLRF        ADCON0 
;__Lib_ADC_A_D.c,17 :: 		
0x03AA	0x1C15      	COMF        _vref_mask, 0 
0x03AC	0x6E00      	MOVWF       R0 
0x03AE	0x5000      	MOVF        R0, 0 
0x03B0	0x16C1      	ANDWF       ADCON1, 1 
;__Lib_ADC_A_D.c,18 :: 		
0x03B2	0x0E07      	MOVLW       7
0x03B4	0x12C0      	IORWF       ADCON2, 1 
;__Lib_ADC_A_D.c,19 :: 		
0x03B6	0x8EC0      	BSF         ADCON2, 7 
;__Lib_ADC_A_D.c,20 :: 		
0x03B8	0x80C2      	BSF         ADCON0, 0 
;__Lib_ADC_A_D.c,21 :: 		
L_end_ADC_Init:
0x03BA	0x0012      	RETURN      0
; end of _ADC_Init
_config:
;MyProject.c,32 :: 		void config(){
;MyProject.c,33 :: 		UART1_Init(9600);
0x03BC	0x86B8      	BSF         BAUDCON, 3, 0
0x03BE	0x6AB0      	CLRF        SPBRGH 
0x03C0	0x0ECF      	MOVLW       207
0x03C2	0x6EAF      	MOVWF       SPBRG 
0x03C4	0x84AC      	BSF         TXSTA, 2, 0
0x03C6	0xDF72      	RCALL       _UART1_Init
;MyProject.c,34 :: 		Lcd_Init();
0x03C8	0xDF9C      	RCALL       _Lcd_Init
;MyProject.c,35 :: 		ADC_Init();
0x03CA	0xDFE6      	RCALL       _ADC_Init
;MyProject.c,36 :: 		lcd_cmd(_LCD_CURSOR_OFF);
0x03CC	0x0E0C      	MOVLW       12
0x03CE	0x6E55      	MOVWF       FARG_Lcd_Cmd_out_char 
0x03D0	0xDE38      	RCALL       _Lcd_Cmd
;MyProject.c,37 :: 		lcd_out(1,1,"hi mohamed");
0x03D2	0x0E01      	MOVLW       1
0x03D4	0x6E4F      	MOVWF       FARG_Lcd_Out_row 
0x03D6	0x0E01      	MOVLW       1
0x03D8	0x6E50      	MOVWF       FARG_Lcd_Out_column 
0x03DA	0x0E16      	MOVLW       ?lstr1_MyProject
0x03DC	0x6E51      	MOVWF       FARG_Lcd_Out_text 
0x03DE	0x0E00      	MOVLW       hi_addr(?lstr1_MyProject)
0x03E0	0x6E52      	MOVWF       FARG_Lcd_Out_text+1 
0x03E2	0xDF27      	RCALL       _Lcd_Out
;MyProject.c,38 :: 		delay_ms(1000);
0x03E4	0x0E0B      	MOVLW       11
0x03E6	0x6E0B      	MOVWF       R11, 0
0x03E8	0x0E26      	MOVLW       38
0x03EA	0x6E0C      	MOVWF       R12, 0
0x03EC	0x0E5D      	MOVLW       93
0x03EE	0x6E0D      	MOVWF       R13, 0
L_config2:
0x03F0	0x2E0D      	DECFSZ      R13, 1, 0
0x03F2	0xD7FE      	BRA         L_config2
0x03F4	0x2E0C      	DECFSZ      R12, 1, 0
0x03F6	0xD7FC      	BRA         L_config2
0x03F8	0x2E0B      	DECFSZ      R11, 1, 0
0x03FA	0xD7FA      	BRA         L_config2
0x03FC	0x0000      	NOP
0x03FE	0x0000      	NOP
;MyProject.c,39 :: 		lcd_cmd(_LCD_CURSOR_OFF);
0x0400	0x0E0C      	MOVLW       12
0x0402	0x6E55      	MOVWF       FARG_Lcd_Cmd_out_char 
0x0404	0xDE1E      	RCALL       _Lcd_Cmd
;MyProject.c,40 :: 		lcd_cmd(_LCD_CLEAR);
0x0406	0x0E01      	MOVLW       1
0x0408	0x6E55      	MOVWF       FARG_Lcd_Cmd_out_char 
0x040A	0xDE1B      	RCALL       _Lcd_Cmd
;MyProject.c,43 :: 		}
L_end_config:
0x040C	0x0012      	RETURN      0
; end of _config
___CC2DW:
;__Lib_System.c,21 :: 		
;__Lib_System.c,23 :: 		
_CC2DL_Loop1:
;__Lib_System.c,24 :: 		
0x040E	0x0009      	TBLRD*+
;__Lib_System.c,25 :: 		
0x0410	0xFFE6CFF5  	MOVFF       TABLAT, POSTINC1
;__Lib_System.c,26 :: 		
0x0414	0x0600      	DECF        R0, 1, 0
;__Lib_System.c,27 :: 		
0x0416	0xE1FB      	BNZ         _CC2DL_Loop1
;__Lib_System.c,28 :: 		
0x0418	0x0601      	DECF        R1, 1, 0
;__Lib_System.c,29 :: 		
0x041A	0xE1F9      	BNZ         _CC2DL_Loop1
;__Lib_System.c,31 :: 		
L_end___CC2DW:
0x041C	0x0012      	RETURN      0
; end of ___CC2DW
_send_data:
;MyProject.c,44 :: 		void send_data(int val ,int val2,char *adc){
;MyProject.c,45 :: 		adc[0]  ='A';
0x041E	0xFFE1C04B  	MOVFF       FARG_send_data_adc, FSR1L
0x0422	0xFFE2C04C  	MOVFF       FARG_send_data_adc+1, FSR1H
0x0426	0x0E41      	MOVLW       65
0x0428	0x6EE6      	MOVWF       POSTINC1 
;MyProject.c,46 :: 		adc[1]  =(val/1000)+'0';
0x042A	0x0E01      	MOVLW       1
0x042C	0x244B      	ADDWF       FARG_send_data_adc, 0 
0x042E	0x6E4D      	MOVWF       FLOC__send_data 
0x0430	0x0E00      	MOVLW       0
0x0432	0x204C      	ADDWFC      FARG_send_data_adc+1, 0 
0x0434	0x6E4E      	MOVWF       FLOC__send_data+1 
0x0436	0x0EE8      	MOVLW       232
0x0438	0x6E04      	MOVWF       R4 
0x043A	0x0E03      	MOVLW       3
0x043C	0x6E05      	MOVWF       R5 
0x043E	0xF000C047  	MOVFF       FARG_send_data_val, R0
0x0442	0xF001C048  	MOVFF       FARG_send_data_val+1, R1
0x0446	0xDE8C      	RCALL       _Div_16x16_S
0x0448	0x0E30      	MOVLW       48
0x044A	0x2600      	ADDWF       R0, 1 
0x044C	0xFFE1C04D  	MOVFF       FLOC__send_data, FSR1L
0x0450	0xFFE2C04E  	MOVFF       FLOC__send_data+1, FSR1H
0x0454	0xFFE6C000  	MOVFF       R0, POSTINC1
;MyProject.c,47 :: 		adc[2] =(val/100)%10+'0';
0x0458	0x0E02      	MOVLW       2
0x045A	0x244B      	ADDWF       FARG_send_data_adc, 0 
0x045C	0x6E4D      	MOVWF       FLOC__send_data 
0x045E	0x0E00      	MOVLW       0
0x0460	0x204C      	ADDWFC      FARG_send_data_adc+1, 0 
0x0462	0x6E4E      	MOVWF       FLOC__send_data+1 
0x0464	0x0E64      	MOVLW       100
0x0466	0x6E04      	MOVWF       R4 
0x0468	0x0E00      	MOVLW       0
0x046A	0x6E05      	MOVWF       R5 
0x046C	0xF000C047  	MOVFF       FARG_send_data_val, R0
0x0470	0xF001C048  	MOVFF       FARG_send_data_val+1, R1
0x0474	0xDE75      	RCALL       _Div_16x16_S
0x0476	0x0E0A      	MOVLW       10
0x0478	0x6E04      	MOVWF       R4 
0x047A	0x0E00      	MOVLW       0
0x047C	0x6E05      	MOVWF       R5 
0x047E	0xDE70      	RCALL       _Div_16x16_S
0x0480	0xF000C008  	MOVFF       R8, R0
0x0484	0xF001C009  	MOVFF       R9, R1
0x0488	0x0E30      	MOVLW       48
0x048A	0x2600      	ADDWF       R0, 1 
0x048C	0xFFE1C04D  	MOVFF       FLOC__send_data, FSR1L
0x0490	0xFFE2C04E  	MOVFF       FLOC__send_data+1, FSR1H
0x0494	0xFFE6C000  	MOVFF       R0, POSTINC1
;MyProject.c,48 :: 		adc[3] =(val/10)%10+'0';
0x0498	0x0E03      	MOVLW       3
0x049A	0x244B      	ADDWF       FARG_send_data_adc, 0 
0x049C	0x6E4D      	MOVWF       FLOC__send_data 
0x049E	0x0E00      	MOVLW       0
0x04A0	0x204C      	ADDWFC      FARG_send_data_adc+1, 0 
0x04A2	0x6E4E      	MOVWF       FLOC__send_data+1 
0x04A4	0x0E0A      	MOVLW       10
0x04A6	0x6E04      	MOVWF       R4 
0x04A8	0x0E00      	MOVLW       0
0x04AA	0x6E05      	MOVWF       R5 
0x04AC	0xF000C047  	MOVFF       FARG_send_data_val, R0
0x04B0	0xF001C048  	MOVFF       FARG_send_data_val+1, R1
0x04B4	0xDE55      	RCALL       _Div_16x16_S
0x04B6	0x0E0A      	MOVLW       10
0x04B8	0x6E04      	MOVWF       R4 
0x04BA	0x0E00      	MOVLW       0
0x04BC	0x6E05      	MOVWF       R5 
0x04BE	0xDE50      	RCALL       _Div_16x16_S
0x04C0	0xF000C008  	MOVFF       R8, R0
0x04C4	0xF001C009  	MOVFF       R9, R1
0x04C8	0x0E30      	MOVLW       48
0x04CA	0x2600      	ADDWF       R0, 1 
0x04CC	0xFFE1C04D  	MOVFF       FLOC__send_data, FSR1L
0x04D0	0xFFE2C04E  	MOVFF       FLOC__send_data+1, FSR1H
0x04D4	0xFFE6C000  	MOVFF       R0, POSTINC1
;MyProject.c,49 :: 		adc[4] =(val%10)+'0';
0x04D8	0x0E04      	MOVLW       4
0x04DA	0x244B      	ADDWF       FARG_send_data_adc, 0 
0x04DC	0x6E4D      	MOVWF       FLOC__send_data 
0x04DE	0x0E00      	MOVLW       0
0x04E0	0x204C      	ADDWFC      FARG_send_data_adc+1, 0 
0x04E2	0x6E4E      	MOVWF       FLOC__send_data+1 
0x04E4	0x0E0A      	MOVLW       10
0x04E6	0x6E04      	MOVWF       R4 
0x04E8	0x0E00      	MOVLW       0
0x04EA	0x6E05      	MOVWF       R5 
0x04EC	0xF000C047  	MOVFF       FARG_send_data_val, R0
0x04F0	0xF001C048  	MOVFF       FARG_send_data_val+1, R1
0x04F4	0xDE35      	RCALL       _Div_16x16_S
0x04F6	0xF000C008  	MOVFF       R8, R0
0x04FA	0xF001C009  	MOVFF       R9, R1
0x04FE	0x0E30      	MOVLW       48
0x0500	0x2600      	ADDWF       R0, 1 
0x0502	0xFFE1C04D  	MOVFF       FLOC__send_data, FSR1L
0x0506	0xFFE2C04E  	MOVFF       FLOC__send_data+1, FSR1H
0x050A	0xFFE6C000  	MOVFF       R0, POSTINC1
;MyProject.c,50 :: 		adc[5] ='B';
0x050E	0x0E05      	MOVLW       5
0x0510	0x244B      	ADDWF       FARG_send_data_adc, 0 
0x0512	0x6EE1      	MOVWF       FSR1L 
0x0514	0x0E00      	MOVLW       0
0x0516	0x204C      	ADDWFC      FARG_send_data_adc+1, 0 
0x0518	0x6EE2      	MOVWF       FSR1H 
0x051A	0x0E42      	MOVLW       66
0x051C	0x6EE6      	MOVWF       POSTINC1 
;MyProject.c,51 :: 		adc[6]  ='C';
0x051E	0x0E06      	MOVLW       6
0x0520	0x244B      	ADDWF       FARG_send_data_adc, 0 
0x0522	0x6EE1      	MOVWF       FSR1L 
0x0524	0x0E00      	MOVLW       0
0x0526	0x204C      	ADDWFC      FARG_send_data_adc+1, 0 
0x0528	0x6EE2      	MOVWF       FSR1H 
0x052A	0x0E43      	MOVLW       67
0x052C	0x6EE6      	MOVWF       POSTINC1 
;MyProject.c,52 :: 		adc[7]   = (val2/1000)+'0';
0x052E	0x0E07      	MOVLW       7
0x0530	0x244B      	ADDWF       FARG_send_data_adc, 0 
0x0532	0x6E4D      	MOVWF       FLOC__send_data 
0x0534	0x0E00      	MOVLW       0
0x0536	0x204C      	ADDWFC      FARG_send_data_adc+1, 0 
0x0538	0x6E4E      	MOVWF       FLOC__send_data+1 
0x053A	0x0EE8      	MOVLW       232
0x053C	0x6E04      	MOVWF       R4 
0x053E	0x0E03      	MOVLW       3
0x0540	0x6E05      	MOVWF       R5 
0x0542	0xF000C049  	MOVFF       FARG_send_data_val2, R0
0x0546	0xF001C04A  	MOVFF       FARG_send_data_val2+1, R1
0x054A	0xDE0A      	RCALL       _Div_16x16_S
0x054C	0x0E30      	MOVLW       48
0x054E	0x2600      	ADDWF       R0, 1 
0x0550	0xFFE1C04D  	MOVFF       FLOC__send_data, FSR1L
0x0554	0xFFE2C04E  	MOVFF       FLOC__send_data+1, FSR1H
0x0558	0xFFE6C000  	MOVFF       R0, POSTINC1
;MyProject.c,53 :: 		adc[8]  = (val2/100)%10+'0';
0x055C	0x0E08      	MOVLW       8
0x055E	0x244B      	ADDWF       FARG_send_data_adc, 0 
0x0560	0x6E4D      	MOVWF       FLOC__send_data 
0x0562	0x0E00      	MOVLW       0
0x0564	0x204C      	ADDWFC      FARG_send_data_adc+1, 0 
0x0566	0x6E4E      	MOVWF       FLOC__send_data+1 
0x0568	0x0E64      	MOVLW       100
0x056A	0x6E04      	MOVWF       R4 
0x056C	0x0E00      	MOVLW       0
0x056E	0x6E05      	MOVWF       R5 
0x0570	0xF000C049  	MOVFF       FARG_send_data_val2, R0
0x0574	0xF001C04A  	MOVFF       FARG_send_data_val2+1, R1
0x0578	0xDDF3      	RCALL       _Div_16x16_S
0x057A	0x0E0A      	MOVLW       10
0x057C	0x6E04      	MOVWF       R4 
0x057E	0x0E00      	MOVLW       0
0x0580	0x6E05      	MOVWF       R5 
0x0582	0xDDEE      	RCALL       _Div_16x16_S
0x0584	0xF000C008  	MOVFF       R8, R0
0x0588	0xF001C009  	MOVFF       R9, R1
0x058C	0x0E30      	MOVLW       48
0x058E	0x2600      	ADDWF       R0, 1 
0x0590	0xFFE1C04D  	MOVFF       FLOC__send_data, FSR1L
0x0594	0xFFE2C04E  	MOVFF       FLOC__send_data+1, FSR1H
0x0598	0xFFE6C000  	MOVFF       R0, POSTINC1
;MyProject.c,54 :: 		adc[9]  = (val2/10)%10+'0';
0x059C	0x0E09      	MOVLW       9
0x059E	0x244B      	ADDWF       FARG_send_data_adc, 0 
0x05A0	0x6E4D      	MOVWF       FLOC__send_data 
0x05A2	0x0E00      	MOVLW       0
0x05A4	0x204C      	ADDWFC      FARG_send_data_adc+1, 0 
0x05A6	0x6E4E      	MOVWF       FLOC__send_data+1 
0x05A8	0x0E0A      	MOVLW       10
0x05AA	0x6E04      	MOVWF       R4 
0x05AC	0x0E00      	MOVLW       0
0x05AE	0x6E05      	MOVWF       R5 
0x05B0	0xF000C049  	MOVFF       FARG_send_data_val2, R0
0x05B4	0xF001C04A  	MOVFF       FARG_send_data_val2+1, R1
0x05B8	0xDDD3      	RCALL       _Div_16x16_S
0x05BA	0x0E0A      	MOVLW       10
0x05BC	0x6E04      	MOVWF       R4 
0x05BE	0x0E00      	MOVLW       0
0x05C0	0x6E05      	MOVWF       R5 
0x05C2	0xDDCE      	RCALL       _Div_16x16_S
0x05C4	0xF000C008  	MOVFF       R8, R0
0x05C8	0xF001C009  	MOVFF       R9, R1
0x05CC	0x0E30      	MOVLW       48
0x05CE	0x2600      	ADDWF       R0, 1 
0x05D0	0xFFE1C04D  	MOVFF       FLOC__send_data, FSR1L
0x05D4	0xFFE2C04E  	MOVFF       FLOC__send_data+1, FSR1H
0x05D8	0xFFE6C000  	MOVFF       R0, POSTINC1
;MyProject.c,55 :: 		adc[10] = (val2%10)+'0';
0x05DC	0x0E0A      	MOVLW       10
0x05DE	0x244B      	ADDWF       FARG_send_data_adc, 0 
0x05E0	0x6E4D      	MOVWF       FLOC__send_data 
0x05E2	0x0E00      	MOVLW       0
0x05E4	0x204C      	ADDWFC      FARG_send_data_adc+1, 0 
0x05E6	0x6E4E      	MOVWF       FLOC__send_data+1 
0x05E8	0x0E0A      	MOVLW       10
0x05EA	0x6E04      	MOVWF       R4 
0x05EC	0x0E00      	MOVLW       0
0x05EE	0x6E05      	MOVWF       R5 
0x05F0	0xF000C049  	MOVFF       FARG_send_data_val2, R0
0x05F4	0xF001C04A  	MOVFF       FARG_send_data_val2+1, R1
0x05F8	0xDDB3      	RCALL       _Div_16x16_S
0x05FA	0xF000C008  	MOVFF       R8, R0
0x05FE	0xF001C009  	MOVFF       R9, R1
0x0602	0x0E30      	MOVLW       48
0x0604	0x2600      	ADDWF       R0, 1 
0x0606	0xFFE1C04D  	MOVFF       FLOC__send_data, FSR1L
0x060A	0xFFE2C04E  	MOVFF       FLOC__send_data+1, FSR1H
0x060E	0xFFE6C000  	MOVFF       R0, POSTINC1
;MyProject.c,56 :: 		adc[11]='D';
0x0612	0x0E0B      	MOVLW       11
0x0614	0x244B      	ADDWF       FARG_send_data_adc, 0 
0x0616	0x6EE1      	MOVWF       FSR1L 
0x0618	0x0E00      	MOVLW       0
0x061A	0x204C      	ADDWFC      FARG_send_data_adc+1, 0 
0x061C	0x6EE2      	MOVWF       FSR1H 
0x061E	0x0E44      	MOVLW       68
0x0620	0x6EE6      	MOVWF       POSTINC1 
;MyProject.c,57 :: 		adc[12]='O';
0x0622	0x0E0C      	MOVLW       12
0x0624	0x244B      	ADDWF       FARG_send_data_adc, 0 
0x0626	0x6EE1      	MOVWF       FSR1L 
0x0628	0x0E00      	MOVLW       0
0x062A	0x204C      	ADDWFC      FARG_send_data_adc+1, 0 
0x062C	0x6EE2      	MOVWF       FSR1H 
0x062E	0x0E4F      	MOVLW       79
0x0630	0x6EE6      	MOVWF       POSTINC1 
;MyProject.c,58 :: 		adc[13]='K';
0x0632	0x0E0D      	MOVLW       13
0x0634	0x244B      	ADDWF       FARG_send_data_adc, 0 
0x0636	0x6EE1      	MOVWF       FSR1L 
0x0638	0x0E00      	MOVLW       0
0x063A	0x204C      	ADDWFC      FARG_send_data_adc+1, 0 
0x063C	0x6EE2      	MOVWF       FSR1H 
0x063E	0x0E4B      	MOVLW       75
0x0640	0x6EE6      	MOVWF       POSTINC1 
;MyProject.c,59 :: 		adc[14]='\0';
0x0642	0x0E0E      	MOVLW       14
0x0644	0x244B      	ADDWF       FARG_send_data_adc, 0 
0x0646	0x6EE1      	MOVWF       FSR1L 
0x0648	0x0E00      	MOVLW       0
0x064A	0x204C      	ADDWFC      FARG_send_data_adc+1, 0 
0x064C	0x6EE2      	MOVWF       FSR1H 
0x064E	0x6AE6      	CLRF        POSTINC1 
;MyProject.c,60 :: 		UART1_Write_Text(adc);
0x0650	0xF04FC04B  	MOVFF       FARG_send_data_adc, FARG_UART1_Write_Text_uart_text
0x0654	0xF050C04C  	MOVFF       FARG_send_data_adc+1, FARG_UART1_Write_Text_uart_text+1
0x0658	0xDD6B      	RCALL       _UART1_Write_Text
;MyProject.c,61 :: 		lcd_out(1,1,adc);
0x065A	0x0E01      	MOVLW       1
0x065C	0x6E4F      	MOVWF       FARG_Lcd_Out_row 
0x065E	0x0E01      	MOVLW       1
0x0660	0x6E50      	MOVWF       FARG_Lcd_Out_column 
0x0662	0xF051C04B  	MOVFF       FARG_send_data_adc, FARG_Lcd_Out_text
0x0666	0xF052C04C  	MOVFF       FARG_send_data_adc+1, FARG_Lcd_Out_text+1
0x066A	0xDDE3      	RCALL       _Lcd_Out
;MyProject.c,62 :: 		delay_ms(100);
0x066C	0x0E02      	MOVLW       2
0x066E	0x6E0B      	MOVWF       R11, 0
0x0670	0x0E04      	MOVLW       4
0x0672	0x6E0C      	MOVWF       R12, 0
0x0674	0x0EBA      	MOVLW       186
0x0676	0x6E0D      	MOVWF       R13, 0
L_send_data3:
0x0678	0x2E0D      	DECFSZ      R13, 1, 0
0x067A	0xD7FE      	BRA         L_send_data3
0x067C	0x2E0C      	DECFSZ      R12, 1, 0
0x067E	0xD7FC      	BRA         L_send_data3
0x0680	0x2E0B      	DECFSZ      R11, 1, 0
0x0682	0xD7FA      	BRA         L_send_data3
0x0684	0x0000      	NOP
;MyProject.c,65 :: 		}
L_end_send_data:
0x0686	0x0012      	RETURN      0
; end of _send_data
_ADC_Read:
;__Lib_ADC_A_D.c,51 :: 		
;__Lib_ADC_A_D.c,54 :: 		
0x0688	0x6AC2      	CLRF        ADCON0 
;__Lib_ADC_A_D.c,55 :: 		
0x068A	0x1C15      	COMF        _vref_mask, 0 
0x068C	0x6E00      	MOVWF       R0 
0x068E	0x5000      	MOVF        R0, 0 
0x0690	0x16C1      	ANDWF       ADCON1, 1 
;__Lib_ADC_A_D.c,56 :: 		
0x0692	0x0E07      	MOVLW       7
0x0694	0x12C0      	IORWF       ADCON2, 1 
;__Lib_ADC_A_D.c,57 :: 		
0x0696	0x8EC0      	BSF         ADCON2, 7 
;__Lib_ADC_A_D.c,58 :: 		
0x0698	0xF000C047  	MOVFF       FARG_ADC_Read_channel, R0
0x069C	0x3600      	RLCF        R0, 1 
0x069E	0x9000      	BCF         R0, 0 
0x06A0	0x3600      	RLCF        R0, 1 
0x06A2	0x9000      	BCF         R0, 0 
0x06A4	0x5000      	MOVF        R0, 0 
0x06A6	0x12C2      	IORWF       ADCON0, 1 
;__Lib_ADC_A_D.c,59 :: 		
0x06A8	0x80C2      	BSF         ADCON0, 0 
;__Lib_ADC_A_D.c,60 :: 		
0x06AA	0xDDBD      	RCALL       _Delay_22us
;__Lib_ADC_A_D.c,61 :: 		
0x06AC	0x82C2      	BSF         ADCON0, 1 
;__Lib_ADC_A_D.c,62 :: 		
L_ADC_Read2:
0x06AE	0xA2C2      	BTFSS       ADCON0, 1 
0x06B0	0xD001      	BRA         L_ADC_Read3
;__Lib_ADC_A_D.c,63 :: 		
0x06B2	0xD7FD      	BRA         L_ADC_Read2
L_ADC_Read3:
;__Lib_ADC_A_D.c,64 :: 		
0x06B4	0xF001CFC4  	MOVFF       ADRESH, R1
0x06B8	0x6A00      	CLRF        R0 
;__Lib_ADC_A_D.c,65 :: 		
0x06BA	0x50C3      	MOVF        ADRESL, 0 
0x06BC	0x1200      	IORWF       R0, 1 
0x06BE	0x0E00      	MOVLW       0
0x06C0	0x1201      	IORWF       R1, 1 
;__Lib_ADC_A_D.c,66 :: 		
0x06C2	0x90C2      	BCF         ADCON0, 0 
;__Lib_ADC_A_D.c,68 :: 		
;__Lib_ADC_A_D.c,69 :: 		
L_end_ADC_Read:
0x06C4	0x0012      	RETURN      0
; end of _ADC_Read
_main:
0x06C6	0xF003EC88  	CALL        1808, 0
;MyProject.c,23 :: 		void main() {
;MyProject.c,24 :: 		config();
0x06CA	0xDE78      	RCALL       _config
;MyProject.c,25 :: 		while(1){
L_main0:
;MyProject.c,26 :: 		val=  ADC_Read(0);
0x06CC	0x6A47      	CLRF        FARG_ADC_Read_channel 
0x06CE	0xDFDC      	RCALL       _ADC_Read
0x06D0	0xF033C000  	MOVFF       R0, _val
0x06D4	0xF034C001  	MOVFF       R1, _val+1
;MyProject.c,27 :: 		val2= ADC_Read(1);
0x06D8	0x0E01      	MOVLW       1
0x06DA	0x6E47      	MOVWF       FARG_ADC_Read_channel 
0x06DC	0xDFD5      	RCALL       _ADC_Read
0x06DE	0xF035C000  	MOVFF       R0, _val2
0x06E2	0xF036C001  	MOVFF       R1, _val2+1
;MyProject.c,28 :: 		send_data(val,val2,adc);
0x06E6	0xF047C033  	MOVFF       _val, FARG_send_data_val
0x06EA	0xF048C034  	MOVFF       _val+1, FARG_send_data_val+1
0x06EE	0xF049C000  	MOVFF       R0, FARG_send_data_val2
0x06F2	0xF04AC001  	MOVFF       R1, FARG_send_data_val2+1
0x06F6	0x0E26      	MOVLW       _adc
0x06F8	0x6E4B      	MOVWF       FARG_send_data_adc 
0x06FA	0x0E00      	MOVLW       hi_addr(_adc)
0x06FC	0x6E4C      	MOVWF       FARG_send_data_adc+1 
0x06FE	0xDE8F      	RCALL       _send_data
;MyProject.c,30 :: 		}
0x0700	0xD7E5      	BRA         L_main0
;MyProject.c,31 :: 		}
L_end_main:
0x0702	0xD7FF      	BRA         $+0
; end of _main
0x0710	0xF015EE10  	LFSR        1, 21
0x0714	0x0E0C      	MOVLW       12
0x0716	0x6E00      	MOVWF       R0 
0x0718	0x0E01      	MOVLW       1
0x071A	0x6E01      	MOVWF       R1 
0x071C	0x0E04      	MOVLW       4
0x071E	0x6EF6      	MOVWF       4086 
0x0720	0x0E07      	MOVLW       7
0x0722	0x6EF7      	MOVWF       TBLPTRH 
0x0724	0x0E00      	MOVLW       0
0x0726	0x6EF8      	MOVWF       TBLPTRU 
0x0728	0xF002EC07  	CALL        1038, 0
0x072C	0x0012      	RETURN      0
;__Lib_ADC_A_D.c,0 :: ?ICS_vref_mask
0x0704	0x30 ;?ICS_vref_mask+0
; end of ?ICS_vref_mask
;MyProject.c,0 :: ?ICS?lstr1_MyProject
0x0705	0x6968 ;?ICS?lstr1_MyProject+0
0x0707	0x6D20 ;?ICS?lstr1_MyProject+2
0x0709	0x686F ;?ICS?lstr1_MyProject+4
0x070B	0x6D61 ;?ICS?lstr1_MyProject+6
0x070D	0x6465 ;?ICS?lstr1_MyProject+8
0x070F	0x00 ;?ICS?lstr1_MyProject+10
; end of ?ICS?lstr1_MyProject
Symbol List:
//** Routines locations **
//ADDRESS    SIZE    PROCEDURE
//----------------------------------------------
0x001C      [10]    _Delay_50us
0x0026      [22]    _Delay_5500us
0x003C       [6]    _Delay_1us
0x0042     [124]    _Lcd_Cmd
0x00BE      [88]    _Div_16x16_S_L
0x0116      [14]    _UART1_Write
0x0124      [12]    _Lcd_Chr_CP
0x0130      [48]    _UART1_Write_Text
0x0160     [198]    _Div_16x16_S
0x0226      [12]    _Delay_22us
0x0232     [122]    _Lcd_Out
0x02AC      [86]    _UART1_Init
0x0302     [150]    _Lcd_Init
0x0398      [36]    _ADC_Init
0x03BC      [82]    _config
0x040E      [16]    ___CC2DW
0x041E     [618]    _send_data
0x0688      [62]    _ADC_Read
0x06C6      [62]    _main
//** Variables locations ** 
//ADDRESS    SIZE    VARIABLE
//----------------------------------------------
0x0000       [1]    UART1_Init_tmp_L0
0x0000       [1]    R0
0x0001       [1]    R1
0x0001       [1]    UART1_Read___tmp_UART1_Read_L0
0x0002       [2]    memset_pp_L0
0x0002       [2]    memcpy_dd_L0
0x0002       [2]    memchr_s_L0
0x0002       [1]    R2
0x0002       [2]    strlen_cp_L0
0x0003       [2]    memmove_tt_L0
0x0003       [2]    Ltrim_original_L0
0x0003       [1]    R3
0x0004       [2]    memcpy_ss_L0
0x0004       [2]    strcpy_cp_L0
0x0004       [2]    strcat_cp_L0
0x0004       [2]    strncat_cp_L0
0x0004       [2]    strncpy_cp_L0
0x0004       [1]    R4
0x0005       [2]    memmove_ff_L0
0x0005       [2]    LongWordToHex_input_half_L0
0x0005       [1]    R5
0x0005       [2]    Ltrim_p_L0
0x0005       [2]    LongIntToHex_input_half_L0
0x0006       [1]    R6
0x0007       [1]    R7
0x0008       [1]    R8
0x0009       [1]    R9
0x000A       [1]    R10
0x000B       [1]    R11
0x000C       [1]    R12
0x000D       [1]    R13
0x000E       [1]    R14
0x000F       [1]    R15
0x0010       [1]    R16
0x0011       [1]    R17
0x0012       [1]    R18
0x0013       [1]    R19
0x0014       [1]    R20
0x0015       [1]    _vref_mask
0x0016      [11]    ?lstr1_MyProject
0x0021       [4]    _ADC_Get_Sample_Ptr
0x0025       [0]    __Lib_Lcd_cmd_status
0x0026      [13]    _adc
0x0033       [2]    _val
0x0035       [2]    _val2
0x0037       [4]    _UART_Rd_Ptr
0x003B       [4]    _UART_Wr_Ptr
0x003F       [4]    _UART_Tx_Idle_Ptr
0x0043       [4]    _UART_Rdy_Ptr
0x0047       [1]    FARG_ADC_Read_channel
0x0047       [2]    FARG_send_data_val
0x0049       [2]    FARG_send_data_val2
0x004B       [2]    FARG_send_data_adc
0x004D       [2]    FLOC__send_data
0x004F       [2]    FARG_UART1_Write_Text_uart_text
0x004F       [1]    FARG_Lcd_Out_row
0x0050       [1]    FARG_Lcd_Out_column
0x0051       [2]    FARG_Lcd_Out_text
0x0051       [1]    UART1_Write_Text_data__L0
0x0052       [1]    UART1_Write_Text_counter_L0
0x0053       [1]    Lcd_Out_i_L0
0x0054       [1]    FARG_Lcd_Chr_CP_out_char
0x0054       [1]    FARG_UART1_Write_data_
0x0055       [1]    FARG_Lcd_Cmd_out_char
0x0F82       [0]    RC1_bit
0x0F82       [0]    RC2_bit
0x0F82       [0]    RC0_bit
0x0F82       [0]    RC5_bit
0x0F82       [0]    RC3_bit
0x0F82       [0]    RC4_bit
0x0F82       [0]    LCD_D6
0x0F82       [0]    LCD_D5
0x0F82       [0]    LCD_D7
0x0F82       [0]    LCD_EN
0x0F82       [0]    LCD_RS
0x0F82       [0]    LCD_D4
0x0F94       [0]    LCD_D6_Direction
0x0F94       [0]    LCD_D5_Direction
0x0F94       [0]    LCD_D4_Direction
0x0F94       [0]    LCD_RS_Direction
0x0F94       [0]    LCD_EN_Direction
0x0F94       [0]    LCD_D7_Direction
0x0F94       [0]    TRISC1_bit
0x0F94       [0]    TRISC0_bit
0x0F94       [0]    TRISC3_bit
0x0F94       [0]    TRISC2_bit
0x0F94       [0]    TRISC6_bit
0x0F94       [0]    TRISC7_bit
0x0F94       [0]    TRISC5_bit
0x0F94       [0]    TRISC4_bit
0x0F9E       [1]    PIR1
0x0FAB       [1]    RCSTA
0x0FAC       [1]    TXSTA
0x0FAD       [1]    TXREG
0x0FAE       [1]    RCREG
0x0FAF       [1]    SPBRG
0x0FB0       [1]    SPBRGH
0x0FB8       [1]    BAUDCON
0x0FC0       [1]    ADCON2
0x0FC1       [1]    ADCON1
0x0FC2       [1]    ADCON0
0x0FC3       [1]    ADRESL
0x0FC4       [1]    ADRESH
0x0FD8       [1]    STATUS
0x0FD9       [1]    FSR2L
0x0FDA       [1]    FSR2H
0x0FDE       [1]    POSTINC2
0x0FE0       [1]    BSR
0x0FE1       [1]    FSR1L
0x0FE2       [1]    FSR1H
0x0FE4       [1]    PREINC1
0x0FE6       [1]    POSTINC1
0x0FE7       [1]    INDF1
0x0FE8       [1]    WREG
0x0FE9       [1]    FSR0L
0x0FEA       [1]    FSR0H
0x0FEE       [1]    POSTINC0
0x0FF3       [1]    PRODL
0x0FF4       [1]    PRODH
0x0FF5       [1]    TABLAT
0x0FF6       [1]    TBLPTRL
0x0FF7       [1]    TBLPTRH
0x0FF8       [1]    TBLPTRU
//** Constants locations ** 
//ADDRESS    SIZE    CONSTANT
//----------------------------------------------
0x0704       [1]    ?ICS_vref_mask
0x0705      [11]    ?ICS?lstr1_MyProject
